
--------------------------SPASS-START-----------------------------
Input Problem:
1[0:Inp] ||  -> Action(StandStill)*.
2[0:Inp] ||  -> Time(Ta5)*.
3[0:Inp] ||  -> Time(Tb5)*.
4[0:Inp] ||  -> Object(Ob5)*.
5[0:Inp] ||  -> Object(Ol5)*.
6[0:Inp] ||  -> Region(Rc5)*.
7[0:Inp] ||  -> Object(Os5)*.
8[0:Inp] ||  -> History(Hu)*.
9[0:Inp] ||  -> History(Hc)*.
10[0:Inp] ||  -> Time(Tm)*.
11[0:Inp] ||  -> Object(Oa)*.
12[0:Inp] ||  -> Time(Tx)*.
13[0:Inp] ||  -> Object(Agent)*.
14[0:Inp] ||  -> ObjectSet(Su)*.
15[0:Inp] ||  -> Outside(skc7,skc6)*.
16[0:Inp] ||  -> P(skc4,skc7)*.
17[0:Inp] ||  -> Cavity(skc5,skc6)*.
18[0:Inp] ||  -> P(skc4,skc5)*.
19[0:Inp] || SmallObject(U) -> Object(U)*.
20[0:Inp] || IntConn(U) -> Region(U)*.
21[0:Inp] || AllStable(U) -> Time(U)*.
22[0:Inp] || EmptyHanded(U) -> Time(U)*.
23[0:Inp] || RigidObject(U) -> Object(U)*.
24[0:Inp] || Region(U) -> Region(ConvexHull(U))*.
25[0:Inp] || Object(U) -> ObjectSet(Singleton(U))*.
26[0:Inp] || Region(U) -> Action(TravelTo(U))*.
27[0:Inp] || Object(U) -> History(HPlace(U))*.
28[0:Inp] || SkP0(U,V)* -> Time(V).
29[0:Inp] || SkP0(U,V)* -> Time(U).
30[0:Inp] || Feasible(U,V)* -> Time(U).
31[0:Inp] || Feasible(U,V)* -> Action(V).
32[0:Inp] || Element(U,V)* -> Object(U).
33[0:Inp] || Element(U,V)* -> ObjectSet(V).
34[0:Inp] || FeasiblePlace(U,V)* -> Object(U).
35[0:Inp] || FeasiblePlace(U,V)* -> Region(V).
36[0:Inp] || SkP2(U,V)* -> ObjectSet(V).
37[0:Inp] || SkP2(U,V)* -> Region(U).
38[0:Inp] || OMuchSmaller(U,V)* -> Object(U).
39[0:Inp] || OMuchSmaller(U,V)* -> Region(V).
40[0:Inp] || SafelyMovable(U,V)* -> Time(U).
41[0:Inp] || SafelyMovable(U,V)* -> Object(V).
42[0:Inp] || FullyOutside(U,V)* -> Region(U).
43[0:Inp] || FullyOutside(U,V)* -> Region(V).
44[0:Inp] || Reachable(U,V)* -> Time(U).
45[0:Inp] || Reachable(U,V)* -> Region(V).
46[0:Inp] || SkP4(U,V)* -> Region(V).
47[0:Inp] || SkP4(U,V)* -> Region(U).
48[0:Inp] || SkP5(U,V)* -> Region(V).
49[0:Inp] || SkP5(U,V)* -> Region(U).
50[0:Inp] || SkP6(U,V)* -> Region(V).
51[0:Inp] || SkP6(U,V)* -> Region(U).
52[0:Inp] || MuchSmaller(U,V)* -> Region(U).
53[0:Inp] || MuchSmaller(U,V)* -> Region(V).
54[0:Inp] || Stable(U,V)* -> Time(U).
55[0:Inp] || Stable(U,V)* -> Object(V).
56[0:Inp] || NoPartialContents(U,V)* -> Time(U).
57[0:Inp] || NoPartialContents(U,V)* -> Object(V).
58[0:Inp] || CanGrasp(U,V)* -> Time(U).
59[0:Inp] || CanGrasp(U,V)* -> Object(V).
60[0:Inp] || Grasp(U,V)* -> Time(U).
61[0:Inp] || Grasp(U,V)* -> Object(V).
62[0:Inp] || Graspable(U,V)* -> Time(U).
63[0:Inp] || Graspable(U,V)* -> Object(V).
64[0:Inp] || Lt(U,V) -> SkP0(V,U)*.
65[0:Inp] || Leq(U,V) -> SkP0(V,U)*.
66[0:Inp] || Leq3(U,V,W)* -> Time(U).
67[0:Inp] || Leq3(U,V,W)* -> Time(V).
68[0:Inp] || Leq3(U,V,W)* -> Time(W).
69[0:Inp] || Occurs(U,V,W)* -> Time(U).
70[0:Inp] || Occurs(U,V,W)* -> Time(V).
71[0:Inp] || Occurs(U,V,W)* -> Action(W).
72[0:Inp] || OSPlace(U,V,W)* -> Time(U).
73[0:Inp] || OSPlace(U,V,W)* -> ObjectSet(V).
74[0:Inp] || OSPlace(U,V,W)* -> Region(W).
75[0:Inp] || UprightContainer(U,V,W)* -> Time(U).
76[0:Inp] || UprightContainer(U,V,W)* -> Object(V).
77[0:Inp] || UprightContainer(U,V,W)* -> Region(W).
78[0:Inp] || SkP1(U,V,W)* -> Time(W).
79[0:Inp] || SkP1(U,V,W)* -> Object(V).
80[0:Inp] || SkP1(U,V,W)* -> Object(U).
81[0:Inp] || Fits(U,V) -> SkP2(V,U)*.
82[0:Inp] || SmallSet(U,V) -> SkP2(V,U)*.
83[0:Inp] || Isolates(U,V,W)* -> Time(U).
84[0:Inp] || Isolates(U,V,W)* -> ObjectSet(V).
85[0:Inp] || Isolates(U,V,W)* -> ObjectSet(W).
86[0:Inp] || BoxedIn(U,V,W)* -> Time(U).
87[0:Inp] || BoxedIn(U,V,W)* -> Object(V).
88[0:Inp] || BoxedIn(U,V,W)* -> Object(W).
89[0:Inp] || SkP3(U,V,W)* -> Time(W).
90[0:Inp] || SkP3(U,V,W)* -> Time(V).
91[0:Inp] || SkP3(U,V,W)* -> Object(U).
92[0:Inp] || DR(U,V) -> SkP4(V,U)*.
93[0:Inp] || EC(U,V) -> SkP4(V,U)*.
94[0:Inp] || C(U,V) -> SkP4(V,U)*.
95[0:Inp] || P(U,V) -> SkP4(V,U)*.
96[0:Inp] || O(U,V) -> SkP4(V,U)*.
97[0:Inp] || OV(U,V) -> SkP4(V,U)*.
98[0:Inp] || OpenContained(U,V) -> SkP5(V,U)*.
99[0:Inp] || FullyOutside(U,V) -> SkP5(V,U)*.
100[0:Inp] || OpenContainerShape(U,V) -> SkP5(V,U)*.
101[0:Inp] || UprightContainerShape(U,V) -> SkP5(V,U)*.
102[0:Inp] || Cavity(U,V) -> SkP6(V,U)*.
103[0:Inp] || Outside(U,V) -> SkP6(V,U)*.
104[0:Inp] || PartiallyContained(U,V) -> SkP6(V,U)*.
105[0:Inp] || CombinedContainer(U,V,W)* -> Region(U).
106[0:Inp] || CombinedContainer(U,V,W)* -> Region(V).
107[0:Inp] || CombinedContainer(U,V,W)* -> Region(W).
108[0:Inp] || Moves(U,V,W)* -> Time(U).
109[0:Inp] || Moves(U,V,W)* -> Time(V).
110[0:Inp] || Moves(U,V,W)* -> Object(W).
111[0:Inp] || SkP7(U,V,W)* -> Time(W).
112[0:Inp] || SkP7(U,V,W)* -> Time(V).
113[0:Inp] || SkP7(U,V,W)* -> Object(U).
114[0:Inp] || SkP8(U,V,W)* -> Time(W).
115[0:Inp] || SkP8(U,V,W)* -> Time(V).
116[0:Inp] || SkP8(U,V,W)* -> ObjectSet(U).
117[0:Inp] || Grasps(U,V,W)* -> Time(U).
118[0:Inp] || Grasps(U,V,W)* -> Time(V).
119[0:Inp] || Grasps(U,V,W)* -> Object(W).
120[0:Inp] || Constant(U,V,W)* -> Time(U).
121[0:Inp] || Constant(U,V,W)* -> Time(V).
122[0:Inp] || Constant(U,V,W)* -> History(W).
123[0:Inp] || SkP9(U,V,W)* -> Time(W).
124[0:Inp] || SkP9(U,V,W)* -> Time(V).
125[0:Inp] || SkP9(U,V,W)* -> History(U).
126[0:Inp] || BoxWithLid(U,V,W)* -> Time(U).
127[0:Inp] || BoxWithLid(U,V,W)* -> Object(V).
128[0:Inp] || BoxWithLid(U,V,W)* -> Object(W).
129[0:Inp] || Outside(U,V)* -> DR(U,V).
130[0:Inp] || SafeManipulate(U,V,W,X)* -> Time(U).
131[0:Inp] || SafeManipulate(U,V,W,X)* -> Time(V).
132[0:Inp] || SafeManipulate(U,V,W,X)* -> Object(W).
133[0:Inp] || SafeManipulate(U,V,W,X)* -> Region(X).
134[0:Inp] || SkP10(U,V,W,X)* -> Time(X).
135[0:Inp] || SkP10(U,V,W,X)* -> Time(W).
136[0:Inp] || SkP10(U,V,W,X)* -> History(V).
137[0:Inp] || SkP10(U,V,W,X)* -> History(U).
138[0:Inp] || DynamicUContainer(U,V,W,X)* -> Time(U).
139[0:Inp] || DynamicUContainer(U,V,W,X)* -> Time(V).
140[0:Inp] || DynamicUContainer(U,V,W,X)* -> Object(W).
141[0:Inp] || DynamicUContainer(U,V,W,X)* -> History(X).
142[0:Inp] || BoxWithLidC(U,V,W,X)* -> Time(U).
143[0:Inp] || BoxWithLidC(U,V,W,X)* -> Object(V).
144[0:Inp] || BoxWithLidC(U,V,W,X)* -> Object(W).
145[0:Inp] || BoxWithLidC(U,V,W,X)* -> Region(X).
146[0:Inp] || Leq3(U,V,W)* -> Leq(U,V).
147[0:Inp] || Leq3(U,V,W)* -> Leq(V,W).
148[0:Inp] || P(U,V) DR(U,V)* -> .
149[0:Inp] || CContained(U,V,W) -> SkP1(W,V,U)*.
150[0:Inp] || UContained(U,V,W) -> SkP1(W,V,U)*.
151[0:Inp] || BLContained(U,V,W) -> SkP1(W,V,U)*.
152[0:Inp] || PreserveCContents(U,V,W) -> SkP3(W,V,U)*.
153[0:Inp] || PreserveUContents(U,V,W) -> SkP3(W,V,U)*.
154[0:Inp] || PreserveBoxWithLid(U,V,W) -> SkP3(W,V,U)*.
155[0:Inp] || StableThroughout(U,V,W) -> SkP7(W,V,U)*.
156[0:Inp] || Released(U,V,W) -> SkP7(W,V,U)*.
157[0:Inp] || Motionless(U,V,W) -> SkP7(W,V,U)*.
158[0:Inp] || CausallyIsolated(U,V,W) -> SkP8(W,V,U)*.
159[0:Inp] || StaticCausallyIsolated(U,V,W) -> SkP8(W,V,U)*.
160[0:Inp] || AlwaysIntConn(U,V,W) -> SkP9(W,V,U)*.
161[0:Inp] || Continuous(U,V,W) -> SkP9(W,V,U)*.
162[0:Inp] || Action(U) Action(V) -> Action(Sequence(U,V))*.
163[0:Inp] || Region(U) Region(V) -> Region(RUnion(U,V))*.
164[0:Inp] || Object(U) Object(V) -> ObjectSet(Pair(U,V))*.
165[0:Inp] || ObjectSet(U) ObjectSet(V) -> ObjectSet(Union(U,V))*.
166[0:Inp] || Time(U) Object(V) -> Region(Place(U,V))*.
167[0:Inp] || Time(U) Region(V) -> ObjectSet(Contents(U,V))*.
168[0:Inp] || Time(U) ObjectSet(V) -> ObjectSet(CContents(U,V))*.
169[0:Inp] || Time(U) ObjectSet(V) -> ObjectSet(UContents(U,V))*.
170[0:Inp] || Object(U) Region(V) -> Action(ManipTo(U,V))*.
171[0:Inp] || Time(U) History(V) -> Region(Slice(U,V))*.
172[0:Inp] || History(U) History(V) -> History(HUnion(U,V))*.
173[0:Inp] || Time(U) Object(V) -> ObjectSet(MovingGroup(U,V))*.
174[0:Inp] || Object(U) Object(V) -> Action(PutInUC(U,V))*.
175[0:Inp] || Object(U) Object(V) -> Action(LoadUprightContainer(U,V))*.
176[0:Inp] || PersistentCavity(U,V,W,X) -> SkP10(X,W,V,U)*.
177[0:Inp] || NoExitCavity(U,V,W,X) -> SkP10(X,W,V,U)*.
178[0:Inp] || NoEntranceCavity(U,V,W,X) -> SkP10(X,W,V,U)*.
179[0:Inp] || Lt(U,V)* Lt(V,W)* -> Lt(U,W)*.
180[0:Inp] || Cavity(U,V)* Outside(W,V)* -> DR(W,U)*.
181[0:Inp] || P(U,V)* DR(W,V)* -> DR(U,W)*.
182[0:Inp] || Leq(U,V) Leq(W,U) -> Leq3(W,U,V)*.
183[0:Inp] || DR(U,V) -> Cavity(skf1(U,V),V)* Outside(U,V).
184[0:Inp] || Lt(U,V) Time(U) Time(V) -> Leq(U,V)*.
185[0:Inp] || equal(U,V) Time(U) Time(V) -> Leq(U,V)*.
186[0:Inp] || DR(U,skf1(U,V))* DR(U,W) -> Outside(U,W)*.
187[0:Inp] || Leq(U,V)* Time(U) Time(V) -> Lt(U,V) equal(U,V).
 This is a first-order Non-Horn problem containing equality.
 This is a problem that contains sort information.
 All equations are many sorted.
 The conjecture is ground.
 Axiom clauses: 183 Conjecture clauses: 4
 Inferences: IEmS=1 ISoR=1 IEqR=1 IEqF=1 ISpR=1 ISpL=1 IORe=1 IOFc=1 
 Reductions: RFRew=1 RBRew=1 RFMRR=1 RBMRR=1 RObv=1 RUnC=1 RTaut=1 RSST=1 RSSi=1 RFSub=1 RBSub=1 RAED=1 RCon=1 
 Extras    : Input Saturation, Dynamic Selection, Full Splitting, Full Reduction,  Ratio: 5, FuncWeight: 1, VarWeight: 1
 Precedence: skf1 > skf0 > LoadUprightContainer > PutInUC > MovingGroup > HUnion > Slice > ManipTo > UContents > CContents > Union > Pair > RUnion > Place > Contents > Sequence > HPlace > TravelTo > Singleton > ConvexHull > ObjectSet > Action > Region > SkP0 > Leq3 > Leq > Lt > Time > History > Object > UprightContainer > SkP5 > FullyOutside > SkP2 > SmallSet > AllStable > EmptyHanded > Graspable > Reachable > SafelyMovable > SmallObject > BoxedIn > NoPartialContents > Occurs > CanGrasp > UprightContainerShape > SkP1 > UContained > SkP6 > SkP4 > Outside > DR > Cavity > P > Element > SkP7 > Motionless > Released > Grasp > Moves > Feasible > SafeManipulate > PartiallyContained > OSPlace > SkP3 > PreserveCContents > PreserveUContents > PreserveBoxWithLid > Stable > StableThroughout > Fits > MuchSmaller > OMuchSmaller > OpenContainerShape > OpenContained > CContained > BLContained > DynamicUContainer > O > Constant > Grasps > FeasiblePlace > OV > BoxWithLidC > BoxWithLid > CombinedContainer > EC > SkP10 > PersistentCavity > NoExitCavity > NoEntranceCavity > SkP9 > Continuous > AlwaysIntConn > IntConn > Isolates > ClosedContainer > SkP8 > CausallyIsolated > StaticCausallyIsolated > RigidObject > C > skc9 > skc8 > skc7 > skc6 > skc5 > skc4 > skc3 > skc2 > skc1 > skc0 > Su > Tx > Oa > Tm > Hc > Hu > Tb5 > Os5 > Rc5 > Ol5 > Ob5 > Ta5 > Rc1 > Ra4 > Tm2 > Tb > Ra1 > Tm1 > Agent > Ox4 > Rc4 > Ob4 > Ta4 > StandStill
 Ordering  : KBO
Processed Problem:

Worked Off Clauses:

Usable Clauses:
1[0:Inp] ||  -> Action(StandStill)*.
9[0:Inp] ||  -> History(Hc)*.
8[0:Inp] ||  -> History(Hu)*.
14[0:Inp] ||  -> ObjectSet(Su)*.
6[0:Inp] ||  -> Region(Rc5)*.
13[0:Inp] ||  -> Object(Agent)*.
11[0:Inp] ||  -> Object(Oa)*.
7[0:Inp] ||  -> Object(Os5)*.
5[0:Inp] ||  -> Object(Ol5)*.
4[0:Inp] ||  -> Object(Ob5)*.
12[0:Inp] ||  -> Time(Tx)*.
10[0:Inp] ||  -> Time(Tm)*.
3[0:Inp] ||  -> Time(Tb5)*.
2[0:Inp] ||  -> Time(Ta5)*.
18[0:Inp] ||  -> P(skc4,skc5)*.
17[0:Inp] ||  -> Cavity(skc5,skc6)*.
16[0:Inp] ||  -> P(skc4,skc7)*.
15[0:Inp] ||  -> Outside(skc7,skc6)*.
192[0:Res:17.0,102.0] ||  -> SkP6(skc6,skc5)*.
196[0:Res:15.0,103.0] ||  -> SkP6(skc6,skc7)*.
190[0:Res:18.0,95.0] ||  -> SkP4(skc5,skc4)*.
195[0:Res:16.0,95.0] ||  -> SkP4(skc7,skc4)*.
197[0:Res:15.0,129.0] ||  -> DR(skc7,skc6)*.
199[0:Res:17.0,198.0] ||  -> DR(skc7,skc5)*.
189[0:Res:18.0,148.0] || DR(skc4,skc5)* -> .
194[0:Res:16.0,148.0] || DR(skc4,skc7)* -> .
20[0:Inp] IntConn(U) ||  -> Region(U)*.
23[0:Inp] RigidObject(U) ||  -> Object(U)*.
19[0:Inp] SmallObject(U) ||  -> Object(U)*.
22[0:Inp] EmptyHanded(U) ||  -> Time(U)*.
21[0:Inp] AllStable(U) ||  -> Time(U)*.
26[0:Inp] Region(U) ||  -> Action(TravelTo(U))*.
27[0:Inp] Object(U) ||  -> History(HPlace(U))*.
25[0:Inp] Object(U) ||  -> ObjectSet(Singleton(U))*.
24[0:Inp] Region(U) ||  -> Region(ConvexHull(U))*.
31[0:Inp] || Feasible(U,V)* -> Action(V).
33[0:Inp] || Element(U,V)* -> ObjectSet(V).
36[0:Inp] || SkP2(U,V)* -> ObjectSet(V).
53[0:Inp] || MuchSmaller(U,V)* -> Region(V).
52[0:Inp] || MuchSmaller(U,V)* -> Region(U).
45[0:Inp] || Reachable(U,V)* -> Region(V).
39[0:Inp] || OMuchSmaller(U,V)* -> Region(V).
35[0:Inp] || FeasiblePlace(U,V)* -> Region(V).
43[0:Inp] || FullyOutside(U,V)* -> Region(V).
42[0:Inp] || FullyOutside(U,V)* -> Region(U).
37[0:Inp] || SkP2(U,V)* -> Region(U).
49[0:Inp] || SkP5(U,V)* -> Region(U).
48[0:Inp] || SkP5(U,V)* -> Region(V).
51[0:Inp] || SkP6(U,V)* -> Region(U).
50[0:Inp] || SkP6(U,V)* -> Region(V).
47[0:Inp] || SkP4(U,V)* -> Region(U).
46[0:Inp] || SkP4(U,V)* -> Region(V).
63[0:Inp] || Graspable(U,V)* -> Object(V).
61[0:Inp] || Grasp(U,V)* -> Object(V).
59[0:Inp] || CanGrasp(U,V)* -> Object(V).
57[0:Inp] || NoPartialContents(U,V)* -> Object(V).
55[0:Inp] || Stable(U,V)* -> Object(V).
41[0:Inp] || SafelyMovable(U,V)* -> Object(V).
38[0:Inp] || OMuchSmaller(U,V)* -> Object(U).
34[0:Inp] || FeasiblePlace(U,V)* -> Object(U).
32[0:Inp] || Element(U,V)* -> Object(U).
62[0:Inp] || Graspable(U,V)* -> Time(U).
60[0:Inp] || Grasp(U,V)* -> Time(U).
58[0:Inp] || CanGrasp(U,V)* -> Time(U).
56[0:Inp] || NoPartialContents(U,V)* -> Time(U).
54[0:Inp] || Stable(U,V)* -> Time(U).
44[0:Inp] || Reachable(U,V)* -> Time(U).
40[0:Inp] || SafelyMovable(U,V)* -> Time(U).
30[0:Inp] || Feasible(U,V)* -> Time(U).
29[0:Inp] || SkP0(U,V)* -> Time(U).
28[0:Inp] || SkP0(U,V)* -> Time(V).
82[0:Inp] || SmallSet(U,V) -> SkP2(V,U)*.
81[0:Inp] || Fits(U,V) -> SkP2(V,U)*.
64[0:Inp] || Lt(U,V) -> SkP0(V,U)*.
65[0:Inp] || Leq(U,V) -> SkP0(V,U)*.
101[0:Inp] || UprightContainerShape(U,V) -> SkP5(V,U)*.
100[0:Inp] || OpenContainerShape(U,V) -> SkP5(V,U)*.
98[0:Inp] || OpenContained(U,V) -> SkP5(V,U)*.
99[0:Inp] || FullyOutside(U,V) -> SkP5(V,U)*.
104[0:Inp] || PartiallyContained(U,V) -> SkP6(V,U)*.
102[0:Inp] || Cavity(U,V) -> SkP6(V,U)*.
103[0:Inp] || Outside(U,V) -> SkP6(V,U)*.
97[0:Inp] || OV(U,V) -> SkP4(V,U)*.
96[0:Inp] || O(U,V) -> SkP4(V,U)*.
94[0:Inp] || C(U,V) -> SkP4(V,U)*.
93[0:Inp] || EC(U,V) -> SkP4(V,U)*.
95[0:Inp] || P(U,V) -> SkP4(V,U)*.
92[0:Inp] || DR(U,V) -> SkP4(V,U)*.
129[0:Inp] || Outside(U,V)* -> DR(U,V).
71[0:Inp] || Occurs(U,V,W)* -> Action(W).
122[0:Inp] || Constant(U,V,W)* -> History(W).
125[0:Inp] || SkP9(U,V,W)* -> History(U).
85[0:Inp] || Isolates(U,V,W)* -> ObjectSet(W).
84[0:Inp] || Isolates(U,V,W)* -> ObjectSet(V).
73[0:Inp] || OSPlace(U,V,W)* -> ObjectSet(V).
116[0:Inp] || SkP8(U,V,W)* -> ObjectSet(U).
107[0:Inp] || CombinedContainer(U,V,W)* -> Region(W).
106[0:Inp] || CombinedContainer(U,V,W)* -> Region(V).
105[0:Inp] || CombinedContainer(U,V,W)* -> Region(U).
77[0:Inp] || UprightContainer(U,V,W)* -> Region(W).
74[0:Inp] || OSPlace(U,V,W)* -> Region(W).
128[0:Inp] || BoxWithLid(U,V,W)* -> Object(W).
127[0:Inp] || BoxWithLid(U,V,W)* -> Object(V).
119[0:Inp] || Grasps(U,V,W)* -> Object(W).
110[0:Inp] || Moves(U,V,W)* -> Object(W).
88[0:Inp] || BoxedIn(U,V,W)* -> Object(W).
87[0:Inp] || BoxedIn(U,V,W)* -> Object(V).
76[0:Inp] || UprightContainer(U,V,W)* -> Object(V).
113[0:Inp] || SkP7(U,V,W)* -> Object(U).
91[0:Inp] || SkP3(U,V,W)* -> Object(U).
80[0:Inp] || SkP1(U,V,W)* -> Object(U).
79[0:Inp] || SkP1(U,V,W)* -> Object(V).
126[0:Inp] || BoxWithLid(U,V,W)* -> Time(U).
121[0:Inp] || Constant(U,V,W)* -> Time(V).
120[0:Inp] || Constant(U,V,W)* -> Time(U).
118[0:Inp] || Grasps(U,V,W)* -> Time(V).
117[0:Inp] || Grasps(U,V,W)* -> Time(U).
109[0:Inp] || Moves(U,V,W)* -> Time(V).
108[0:Inp] || Moves(U,V,W)* -> Time(U).
86[0:Inp] || BoxedIn(U,V,W)* -> Time(U).
83[0:Inp] || Isolates(U,V,W)* -> Time(U).
75[0:Inp] || UprightContainer(U,V,W)* -> Time(U).
72[0:Inp] || OSPlace(U,V,W)* -> Time(U).
70[0:Inp] || Occurs(U,V,W)* -> Time(V).
69[0:Inp] || Occurs(U,V,W)* -> Time(U).
124[0:Inp] || SkP9(U,V,W)* -> Time(V).
123[0:Inp] || SkP9(U,V,W)* -> Time(W).
115[0:Inp] || SkP8(U,V,W)* -> Time(V).
114[0:Inp] || SkP8(U,V,W)* -> Time(W).
112[0:Inp] || SkP7(U,V,W)* -> Time(V).
111[0:Inp] || SkP7(U,V,W)* -> Time(W).
90[0:Inp] || SkP3(U,V,W)* -> Time(V).
89[0:Inp] || SkP3(U,V,W)* -> Time(W).
78[0:Inp] || SkP1(U,V,W)* -> Time(W).
68[0:Inp] || Leq3(U,V,W)* -> Time(W).
67[0:Inp] || Leq3(U,V,W)* -> Time(V).
66[0:Inp] || Leq3(U,V,W)* -> Time(U).
198[0:Res:15.0,180.1] || Cavity(U,skc6) -> DR(skc7,U)*.
188[0:Res:18.0,181.0] || DR(U,skc5)* -> DR(skc4,U)*.
193[0:Res:16.0,181.0] || DR(U,skc7)* -> DR(skc4,U)*.
191[0:Res:17.0,180.0] || Outside(U,skc6)* -> DR(U,skc5).
148[0:Inp] || DR(U,V)* P(U,V) -> .
147[0:Inp] || Leq3(U,V,W)* -> Leq(V,W).
146[0:Inp] || Leq3(U,V,W)* -> Leq(U,V).
141[0:Inp] || DynamicUContainer(U,V,W,X)* -> History(X).
137[0:Inp] || SkP10(U,V,W,X)* -> History(U).
136[0:Inp] || SkP10(U,V,W,X)* -> History(V).
145[0:Inp] || BoxWithLidC(U,V,W,X)* -> Region(X).
133[0:Inp] || SafeManipulate(U,V,W,X)* -> Region(X).
144[0:Inp] || BoxWithLidC(U,V,W,X)* -> Object(W).
143[0:Inp] || BoxWithLidC(U,V,W,X)* -> Object(V).
140[0:Inp] || DynamicUContainer(U,V,W,X)* -> Object(W).
132[0:Inp] || SafeManipulate(U,V,W,X)* -> Object(W).
142[0:Inp] || BoxWithLidC(U,V,W,X)* -> Time(U).
139[0:Inp] || DynamicUContainer(U,V,W,X)* -> Time(V).
138[0:Inp] || DynamicUContainer(U,V,W,X)* -> Time(U).
131[0:Inp] || SafeManipulate(U,V,W,X)* -> Time(V).
130[0:Inp] || SafeManipulate(U,V,W,X)* -> Time(U).
135[0:Inp] || SkP10(U,V,W,X)* -> Time(W).
134[0:Inp] || SkP10(U,V,W,X)* -> Time(X).
161[0:Inp] || Continuous(U,V,W) -> SkP9(W,V,U)*.
160[0:Inp] || AlwaysIntConn(U,V,W) -> SkP9(W,V,U)*.
159[0:Inp] || StaticCausallyIsolated(U,V,W) -> SkP8(W,V,U)*.
158[0:Inp] || CausallyIsolated(U,V,W) -> SkP8(W,V,U)*.
157[0:Inp] || Motionless(U,V,W) -> SkP7(W,V,U)*.
156[0:Inp] || Released(U,V,W) -> SkP7(W,V,U)*.
155[0:Inp] || StableThroughout(U,V,W) -> SkP7(W,V,U)*.
154[0:Inp] || PreserveBoxWithLid(U,V,W) -> SkP3(W,V,U)*.
153[0:Inp] || PreserveUContents(U,V,W) -> SkP3(W,V,U)*.
152[0:Inp] || PreserveCContents(U,V,W) -> SkP3(W,V,U)*.
151[0:Inp] || BLContained(U,V,W) -> SkP1(W,V,U)*.
150[0:Inp] || UContained(U,V,W) -> SkP1(W,V,U)*.
149[0:Inp] || CContained(U,V,W) -> SkP1(W,V,U)*.
162[0:Inp] Action(U) Action(V) ||  -> Action(Sequence(V,U))*.
170[0:Inp] Region(U) Object(V) ||  -> Action(ManipTo(V,U))*.
175[0:Inp] Object(U) Object(V) ||  -> Action(LoadUprightContainer(V,U))*.
174[0:Inp] Object(U) Object(V) ||  -> Action(PutInUC(V,U))*.
172[0:Inp] History(U) History(V) ||  -> History(HUnion(V,U))*.
165[0:Inp] ObjectSet(U) ObjectSet(V) ||  -> ObjectSet(Union(V,U))*.
164[0:Inp] Object(U) Object(V) ||  -> ObjectSet(Pair(V,U))*.
169[0:Inp] ObjectSet(U) Time(V) ||  -> ObjectSet(UContents(V,U))*.
168[0:Inp] ObjectSet(U) Time(V) ||  -> ObjectSet(CContents(V,U))*.
167[0:Inp] Region(U) Time(V) ||  -> ObjectSet(Contents(V,U))*.
173[0:Inp] Object(U) Time(V) ||  -> ObjectSet(MovingGroup(V,U))*.
163[0:Inp] Region(U) Region(V) ||  -> Region(RUnion(V,U))*.
171[0:Inp] History(U) Time(V) ||  -> Region(Slice(V,U))*.
166[0:Inp] Object(U) Time(V) ||  -> Region(Place(V,U))*.
179[0:Inp] || Lt(U,V)* Lt(W,U)* -> Lt(W,V)*.
180[0:Inp] || Outside(U,V)* Cavity(W,V)* -> DR(U,W)*.
181[0:Inp] || DR(U,V)* P(W,V)* -> DR(W,U)*.
178[0:Inp] || NoEntranceCavity(U,V,W,X) -> SkP10(X,W,V,U)*.
177[0:Inp] || NoExitCavity(U,V,W,X) -> SkP10(X,W,V,U)*.
176[0:Inp] || PersistentCavity(U,V,W,X) -> SkP10(X,W,V,U)*.
183[0:Inp] || DR(U,V) -> Outside(U,V) Cavity(skf1(U,V),V)*.
182[0:Inp] || Leq(U,V) Leq(V,W) -> Leq3(U,V,W)*.
184[0:Inp] Time(U) Time(V) || Lt(V,U) -> Leq(V,U)*.
185[0:Inp] Time(U) Time(V) || equal(V,U) -> Leq(V,U)*.
186[0:Inp] || DR(U,V) DR(U,skf1(U,W))* -> Outside(U,V)*.
187[0:Inp] Time(U) Time(V) || Leq(V,U)* -> equal(V,U) Lt(V,U).
	Given clause: 1[0:Inp] ||  -> Action(StandStill)*.
	Given clause: 9[0:Inp] ||  -> History(Hc)*.
	Given clause: 8[0:Inp] ||  -> History(Hu)*.
	Given clause: 14[0:Inp] ||  -> ObjectSet(Su)*.
	Given clause: 6[0:Inp] ||  -> Region(Rc5)*.
	Given clause: 13[0:Inp] ||  -> Object(Agent)*.
	Given clause: 11[0:Inp] ||  -> Object(Oa)*.
	Given clause: 7[0:Inp] ||  -> Object(Os5)*.
	Given clause: 5[0:Inp] ||  -> Object(Ol5)*.
	Given clause: 4[0:Inp] ||  -> Object(Ob5)*.
	Given clause: 12[0:Inp] ||  -> Time(Tx)*.
	Given clause: 10[0:Inp] ||  -> Time(Tm)*.
	Given clause: 3[0:Inp] ||  -> Time(Tb5)*.
	Given clause: 2[0:Inp] ||  -> Time(Ta5)*.
	Given clause: 18[0:Inp] ||  -> P(skc4,skc5)*.
	Given clause: 17[0:Inp] ||  -> Cavity(skc5,skc6)*.
	Given clause: 16[0:Inp] ||  -> P(skc4,skc7)*.
	Given clause: 15[0:Inp] ||  -> Outside(skc7,skc6)*.
	Given clause: 192[0:Res:17.0,102.0] ||  -> SkP6(skc6,skc5)*.
	Given clause: 20[0:Inp] IntConn(U) ||  -> Region(U)*.
	Given clause: 196[0:Res:15.0,103.0] ||  -> SkP6(skc6,skc7)*.
	Given clause: 190[0:Res:18.0,95.0] ||  -> SkP4(skc5,skc4)*.
	Given clause: 195[0:Res:16.0,95.0] ||  -> SkP4(skc7,skc4)*.
	Given clause: 197[0:Res:15.0,129.0] ||  -> DR(skc7,skc6)*.
	Given clause: 23[0:Inp] RigidObject(U) ||  -> Object(U)*.
	Given clause: 199[0:Res:17.0,198.0] ||  -> DR(skc7,skc5)*.
	Given clause: 189[0:Res:18.0,148.0] || DR(skc4,skc5)* -> .
	Given clause: 194[0:Res:16.0,148.0] || DR(skc4,skc7)* -> .
	Given clause: 19[0:Inp] SmallObject(U) ||  -> Object(U)*.
	Given clause: 22[0:Inp] EmptyHanded(U) ||  -> Time(U)*.
	Given clause: 21[0:Inp] AllStable(U) ||  -> Time(U)*.
	Given clause: 26[0:Inp] Region(U) ||  -> Action(TravelTo(U))*.
	Given clause: 27[0:Inp] Object(U) ||  -> History(HPlace(U))*.
	Given clause: 25[0:Inp] Object(U) ||  -> ObjectSet(Singleton(U))*.
	Given clause: 24[0:Inp] Region(U) ||  -> Region(ConvexHull(U))*.
	Given clause: 31[0:Inp] || Feasible(U,V)* -> Action(V).
	Given clause: 33[0:Inp] || Element(U,V)* -> ObjectSet(V).
	Given clause: 36[0:Inp] || SkP2(U,V)* -> ObjectSet(V).
	Given clause: 53[0:Inp] || MuchSmaller(U,V)* -> Region(V).
	Given clause: 52[0:Inp] || MuchSmaller(U,V)* -> Region(U).
	Given clause: 45[0:Inp] || Reachable(U,V)* -> Region(V).
	Given clause: 39[0:Inp] || OMuchSmaller(U,V)* -> Region(V).
	Given clause: 35[0:Inp] || FeasiblePlace(U,V)* -> Region(V).
	Given clause: 43[0:Inp] || FullyOutside(U,V)* -> Region(V).
	Given clause: 42[0:Inp] || FullyOutside(U,V)* -> Region(U).
	Given clause: 37[0:Inp] || SkP2(U,V)* -> Region(U).
	Given clause: 49[0:Inp] || SkP5(U,V)* -> Region(U).
	Given clause: 48[0:Inp] || SkP5(U,V)* -> Region(V).
	Given clause: 51[0:Inp] || SkP6(U,V)* -> Region(U).
	Given clause: 50[0:Inp] || SkP6(U,V)* -> Region(V).
	Given clause: 338[0:Res:192.0,51.0] ||  -> Region(skc6)*.
	Given clause: 340[0:Res:192.0,50.0] ||  -> Region(skc5)*.
	Given clause: 341[0:Res:196.0,50.0] ||  -> Region(skc7)*.
	Given clause: 47[0:Inp] || SkP4(U,V)* -> Region(U).
	Given clause: 46[0:Inp] || SkP4(U,V)* -> Region(V).
	Given clause: 344[0:Res:190.0,46.0] ||  -> Region(skc4)*.
	Given clause: 63[0:Inp] || Graspable(U,V)* -> Object(V).
	Given clause: 61[0:Inp] || Grasp(U,V)* -> Object(V).
	Given clause: 59[0:Inp] || CanGrasp(U,V)* -> Object(V).
	Given clause: 57[0:Inp] || NoPartialContents(U,V)* -> Object(V).
	Given clause: 55[0:Inp] || Stable(U,V)* -> Object(V).
	Given clause: 41[0:Inp] || SafelyMovable(U,V)* -> Object(V).
	Given clause: 38[0:Inp] || OMuchSmaller(U,V)* -> Object(U).
	Given clause: 34[0:Inp] || FeasiblePlace(U,V)* -> Object(U).
	Given clause: 32[0:Inp] || Element(U,V)* -> Object(U).
	Given clause: 62[0:Inp] || Graspable(U,V)* -> Time(U).
	Given clause: 60[0:Inp] || Grasp(U,V)* -> Time(U).
	Given clause: 58[0:Inp] || CanGrasp(U,V)* -> Time(U).
	Given clause: 56[0:Inp] || NoPartialContents(U,V)* -> Time(U).
	Given clause: 54[0:Inp] || Stable(U,V)* -> Time(U).
	Given clause: 44[0:Inp] || Reachable(U,V)* -> Time(U).
	Given clause: 40[0:Inp] || SafelyMovable(U,V)* -> Time(U).
	Given clause: 30[0:Inp] || Feasible(U,V)* -> Time(U).
	Given clause: 29[0:Inp] || SkP0(U,V)* -> Time(U).
	Given clause: 28[0:Inp] || SkP0(U,V)* -> Time(V).
	Given clause: 198[0:Res:15.0,180.1] || Cavity(U,skc6) -> DR(skc7,U)*.
	Given clause: 188[0:Res:18.0,181.0] || DR(U,skc5)*+ -> DR(skc4,U)*.
SPASS V 3.5 
SPASS beiseite: Proof found.
Problem: sf.dfg 
SPASS derived 23 clauses, backtracked 0 clauses, performed 0 splits and kept 205 clauses.
SPASS allocated 55754 KBytes.
SPASS spent	0:00:00.07 on the problem.
		0:00:00.01 for the input.
		0:00:00.01 for the FLOTTER CNF translation.
		0:00:00.00 for inferences.
		0:00:00.00 for the backtracking.
		0:00:00.00 for the reduction.


Here is a proof with depth 3, length 13 :
15[0:Inp] ||  -> Outside(skc7,skc6)*.
16[0:Inp] ||  -> P(skc4,skc7)*.
17[0:Inp] ||  -> Cavity(skc5,skc6)*.
18[0:Inp] ||  -> P(skc4,skc5)*.
148[0:Inp] || DR(U,V)* P(U,V) -> .
180[0:Inp] || Outside(U,V)* Cavity(W,V)* -> DR(U,W)*.
181[0:Inp] || DR(U,V)* P(W,V)* -> DR(W,U)*.
188[0:Res:18.0,181.0] || DR(U,skc5)*+ -> DR(skc4,U)*.
194[0:Res:16.0,148.0] || DR(skc4,skc7)* -> .
198[0:Res:15.0,180.1] || Cavity(U,skc6) -> DR(skc7,U)*.
199[0:Res:17.0,198.0] ||  -> DR(skc7,skc5)*.
346[0:Res:199.0,188.0] ||  -> DR(skc4,skc7)*.
348[0:MRR:346.0,194.0] ||  -> .
Formulae used in the proof : LemSF LemSD SCD2 LemSE

--------------------------SPASS-STOP------------------------------
