
--------------------------SPASS-START-----------------------------
Input Problem:
1[0:Inp] ||  -> Action(StandStill)*.
2[0:Inp] ||  -> Region(Ra)*.
3[0:Inp] ||  -> Region(Rb)*.
4[0:Inp] ||  -> Region(Rc)*.
5[0:Inp] ||  -> UContained(skc3,skc4,skc5)*.
6[0:Inp] || OContained(skc3,skc4,skc5)* -> .
7[0:Inp] || SmallObject(U) -> Object(U)*.
8[0:Inp] || IntConn(U) -> Region(U)*.
9[0:Inp] || AllStable(U) -> Time(U)*.
10[0:Inp] || EmptyHanded(U) -> Time(U)*.
11[0:Inp] || RigidObject(U) -> Object(U)*.
12[0:Inp] || Region(U) -> Region(ConvexHull(U))*.
13[0:Inp] || Object(U) -> ObjectSet(Singleton(U))*.
14[0:Inp] || Region(U) -> Action(TravelTo(U))*.
15[0:Inp] || Object(U) -> History(HPlace(U))*.
16[0:Inp] || SkP0(U,V)* -> Time(V).
17[0:Inp] || SkP0(U,V)* -> Time(U).
18[0:Inp] || Feasible(U,V)* -> Time(U).
19[0:Inp] || Feasible(U,V)* -> Action(V).
20[0:Inp] || Element(U,V)* -> Object(U).
21[0:Inp] || Element(U,V)* -> ObjectSet(V).
22[0:Inp] || FeasiblePlace(U,V)* -> Object(U).
23[0:Inp] || FeasiblePlace(U,V)* -> Region(V).
24[0:Inp] || SkP3(U,V)* -> ObjectSet(V).
25[0:Inp] || SkP3(U,V)* -> Region(U).
26[0:Inp] || OMuchSmaller(U,V)* -> Object(U).
27[0:Inp] || OMuchSmaller(U,V)* -> Region(V).
28[0:Inp] || SafelyMovable(U,V)* -> Time(U).
29[0:Inp] || SafelyMovable(U,V)* -> Object(V).
30[0:Inp] || FullyOutside(U,V)* -> Region(U).
31[0:Inp] || FullyOutside(U,V)* -> Region(V).
32[0:Inp] || Reachable(U,V)* -> Time(U).
33[0:Inp] || Reachable(U,V)* -> Region(V).
34[0:Inp] || SkP5(U,V)* -> Region(V).
35[0:Inp] || SkP5(U,V)* -> Region(U).
36[0:Inp] || SkP6(U,V)* -> Region(V).
37[0:Inp] || SkP6(U,V)* -> Region(U).
38[0:Inp] || SkP7(U,V)* -> Region(V).
39[0:Inp] || SkP7(U,V)* -> Region(U).
40[0:Inp] || MuchSmaller(U,V)* -> Region(U).
41[0:Inp] || MuchSmaller(U,V)* -> Region(V).
42[0:Inp] || Stable(U,V)* -> Time(U).
43[0:Inp] || Stable(U,V)* -> Object(V).
44[0:Inp] || NoPartialContents(U,V)* -> Time(U).
45[0:Inp] || NoPartialContents(U,V)* -> Object(V).
46[0:Inp] || CanGrasp(U,V)* -> Time(U).
47[0:Inp] || CanGrasp(U,V)* -> Object(V).
48[0:Inp] || Grasp(U,V)* -> Time(U).
49[0:Inp] || Grasp(U,V)* -> Object(V).
50[0:Inp] || Graspable(U,V)* -> Time(U).
51[0:Inp] || Graspable(U,V)* -> Object(V).
52[0:Inp] || Lt(U,V) -> SkP0(V,U)*.
53[0:Inp] || Leq(U,V) -> SkP0(V,U)*.
54[0:Inp] || Leq3(U,V,W)* -> Time(U).
55[0:Inp] || Leq3(U,V,W)* -> Time(V).
56[0:Inp] || Leq3(U,V,W)* -> Time(W).
57[0:Inp] || Occurs(U,V,W)* -> Time(U).
58[0:Inp] || Occurs(U,V,W)* -> Time(V).
59[0:Inp] || Occurs(U,V,W)* -> Action(W).
60[0:Inp] || OSPlace(U,V,W)* -> Time(U).
61[0:Inp] || OSPlace(U,V,W)* -> ObjectSet(V).
62[0:Inp] || OSPlace(U,V,W)* -> Region(W).
63[0:Inp] || SkP1(U,V,W)* -> Time(W).
64[0:Inp] || SkP1(U,V,W)* -> Object(V).
65[0:Inp] || SkP1(U,V,W)* -> Region(U).
66[0:Inp] || SkP2(U,V,W)* -> Time(W).
67[0:Inp] || SkP2(U,V,W)* -> Object(V).
68[0:Inp] || SkP2(U,V,W)* -> Object(U).
69[0:Inp] || Fits(U,V) -> SkP3(V,U)*.
70[0:Inp] || SmallSet(U,V) -> SkP3(V,U)*.
71[0:Inp] || Isolates(U,V,W)* -> Time(U).
72[0:Inp] || Isolates(U,V,W)* -> ObjectSet(V).
73[0:Inp] || Isolates(U,V,W)* -> ObjectSet(W).
74[0:Inp] || BoxedIn(U,V,W)* -> Time(U).
75[0:Inp] || BoxedIn(U,V,W)* -> Object(V).
76[0:Inp] || BoxedIn(U,V,W)* -> Object(W).
77[0:Inp] || SkP4(U,V,W)* -> Time(W).
78[0:Inp] || SkP4(U,V,W)* -> Time(V).
79[0:Inp] || SkP4(U,V,W)* -> Object(U).
80[0:Inp] || DR(U,V) -> SkP5(V,U)*.
81[0:Inp] || DC(U,V) -> SkP5(V,U)*.
82[0:Inp] || EC(U,V) -> SkP5(V,U)*.
83[0:Inp] || C(U,V) -> SkP5(V,U)*.
84[0:Inp] || P(U,V) -> SkP5(V,U)*.
85[0:Inp] || O(U,V) -> SkP5(V,U)*.
86[0:Inp] || OV(U,V) -> SkP5(V,U)*.
87[0:Inp] || OpenContained(U,V) -> SkP6(V,U)*.
88[0:Inp] || FullyOutside(U,V) -> SkP6(V,U)*.
89[0:Inp] || OpenContainerShape(U,V) -> SkP6(V,U)*.
90[0:Inp] || UprightContainerShape(U,V) -> SkP6(V,U)*.
91[0:Inp] || Cavity(U,V) -> SkP7(V,U)*.
92[0:Inp] || Outside(U,V) -> SkP7(V,U)*.
93[0:Inp] || PartiallyContained(U,V) -> SkP7(V,U)*.
94[0:Inp] || CombinedContainer(U,V,W)* -> Region(U).
95[0:Inp] || CombinedContainer(U,V,W)* -> Region(V).
96[0:Inp] || CombinedContainer(U,V,W)* -> Region(W).
97[0:Inp] || Moves(U,V,W)* -> Time(U).
98[0:Inp] || Moves(U,V,W)* -> Time(V).
99[0:Inp] || Moves(U,V,W)* -> Object(W).
100[0:Inp] || SkP8(U,V,W)* -> Time(W).
101[0:Inp] || SkP8(U,V,W)* -> Time(V).
102[0:Inp] || SkP8(U,V,W)* -> Object(U).
103[0:Inp] || SkP9(U,V,W)* -> Time(W).
104[0:Inp] || SkP9(U,V,W)* -> Time(V).
105[0:Inp] || SkP9(U,V,W)* -> ObjectSet(U).
106[0:Inp] || Grasps(U,V,W)* -> Time(U).
107[0:Inp] || Grasps(U,V,W)* -> Time(V).
108[0:Inp] || Grasps(U,V,W)* -> Object(W).
109[0:Inp] || Constant(U,V,W)* -> Time(U).
110[0:Inp] || Constant(U,V,W)* -> Time(V).
111[0:Inp] || Constant(U,V,W)* -> History(W).
112[0:Inp] || SkP10(U,V,W)* -> Time(W).
113[0:Inp] || SkP10(U,V,W)* -> Time(V).
114[0:Inp] || SkP10(U,V,W)* -> History(U).
115[0:Inp] || BoxWithLid(U,V,W)* -> Time(U).
116[0:Inp] || BoxWithLid(U,V,W)* -> Object(V).
117[0:Inp] || BoxWithLid(U,V,W)* -> Object(W).
118[0:Inp] || UContained(U,V,W)* -> Object(V).
119[0:Inp] || UprightContainer(U,V,W)* -> Time(U).
120[0:Inp] || UprightContainer(U,V,W)* -> Object(V).
121[0:Inp] || UprightContainerShape(U,V) -> OpenContainerShape(U,V)*.
122[0:Inp] || OpenContainer(U,V,W)* -> Time(U).
123[0:Inp] || OpenContainer(U,V,W)* -> Object(V).
124[0:Inp] || OContained(U,V,W)* -> Object(V).
125[0:Inp] || SafeManipulate(U,V,W,X)* -> Time(U).
126[0:Inp] || SafeManipulate(U,V,W,X)* -> Time(V).
127[0:Inp] || SafeManipulate(U,V,W,X)* -> Object(W).
128[0:Inp] || SafeManipulate(U,V,W,X)* -> Region(X).
129[0:Inp] || SkP11(U,V,W,X)* -> Time(X).
130[0:Inp] || SkP11(U,V,W,X)* -> Time(W).
131[0:Inp] || SkP11(U,V,W,X)* -> History(V).
132[0:Inp] || SkP11(U,V,W,X)* -> History(U).
133[0:Inp] || DynamicUContainer(U,V,W,X)* -> Time(U).
134[0:Inp] || DynamicUContainer(U,V,W,X)* -> Time(V).
135[0:Inp] || DynamicUContainer(U,V,W,X)* -> Object(W).
136[0:Inp] || DynamicUContainer(U,V,W,X)* -> History(X).
137[0:Inp] || BoxWithLidC(U,V,W,X)* -> Time(U).
138[0:Inp] || BoxWithLidC(U,V,W,X)* -> Object(V).
139[0:Inp] || BoxWithLidC(U,V,W,X)* -> Object(W).
140[0:Inp] || BoxWithLidC(U,V,W,X)* -> Region(X).
141[0:Inp] || Leq3(U,V,W)* -> Leq(U,V).
142[0:Inp] || Leq3(U,V,W)* -> Leq(V,W).
143[0:Inp] || UprightContainer(U,V,W) -> SkP1(W,V,U)*.
144[0:Inp] || OpenContainer(U,V,W) -> SkP1(W,V,U)*.
145[0:Inp] || CContained(U,V,W) -> SkP2(W,V,U)*.
146[0:Inp] || UContained(U,V,W) -> SkP2(W,V,U)*.
147[0:Inp] || OContained(U,V,W) -> SkP2(W,V,U)*.
148[0:Inp] || BLContained(U,V,W) -> SkP2(W,V,U)*.
149[0:Inp] || PreserveCContents(U,V,W) -> SkP4(W,V,U)*.
150[0:Inp] || PreserveUContents(U,V,W) -> SkP4(W,V,U)*.
151[0:Inp] || PreserveBoxWithLid(U,V,W) -> SkP4(W,V,U)*.
152[0:Inp] || StableThroughout(U,V,W) -> SkP8(W,V,U)*.
153[0:Inp] || Released(U,V,W) -> SkP8(W,V,U)*.
154[0:Inp] || Motionless(U,V,W) -> SkP8(W,V,U)*.
155[0:Inp] || CausallyIsolated(U,V,W) -> SkP9(W,V,U)*.
156[0:Inp] || StaticCausallyIsolated(U,V,W) -> SkP9(W,V,U)*.
157[0:Inp] || AlwaysIntConn(U,V,W) -> SkP10(W,V,U)*.
158[0:Inp] || Continuous(U,V,W) -> SkP10(W,V,U)*.
159[0:Inp] || Action(U) Action(V) -> Action(Sequence(U,V))*.
160[0:Inp] || Region(U) Region(V) -> Region(RUnion(U,V))*.
161[0:Inp] || Object(U) Object(V) -> ObjectSet(Pair(U,V))*.
162[0:Inp] || ObjectSet(U) ObjectSet(V) -> ObjectSet(Union(U,V))*.
163[0:Inp] || Time(U) Object(V) -> Region(Place(U,V))*.
164[0:Inp] || Time(U) Region(V) -> ObjectSet(Contents(U,V))*.
165[0:Inp] || Time(U) ObjectSet(V) -> ObjectSet(CContents(U,V))*.
166[0:Inp] || Time(U) ObjectSet(V) -> ObjectSet(UContents(U,V))*.
167[0:Inp] || Object(U) Region(V) -> Action(ManipTo(U,V))*.
168[0:Inp] || Time(U) History(V) -> Region(Slice(U,V))*.
169[0:Inp] || History(U) History(V) -> History(HUnion(U,V))*.
170[0:Inp] || Time(U) Object(V) -> ObjectSet(MovingGroup(U,V))*.
171[0:Inp] || Object(U) Object(V) -> Action(PutInUC(U,V))*.
172[0:Inp] || Object(U) Object(V) -> Action(LoadUprightContainer(U,V))*.
173[0:Inp] || UprightContainer(U,V,W) -> UprightContainerShape(Place(U,V),W)*.
174[0:Inp] || OpenContainer(U,V,W) -> OpenContainerShape(Place(U,V),W)*.
175[0:Inp] || PersistentCavity(U,V,W,X) -> SkP11(X,W,V,U)*.
176[0:Inp] || NoExitCavity(U,V,W,X) -> SkP11(X,W,V,U)*.
177[0:Inp] || NoEntranceCavity(U,V,W,X) -> SkP11(X,W,V,U)*.
178[0:Inp] || Lt(U,V)* Lt(V,W)* -> Lt(U,W)*.
179[0:Inp] || Leq(U,V) Leq(W,U) -> Leq3(W,U,V)*.
180[0:Inp] || UContained(U,V,W) -> UprightContainer(U,W,skf2(V,U,W))*.
181[0:Inp] || OContained(U,V,W) -> OpenContainer(U,W,skf3(V,U,W))*.
182[0:Inp] || Lt(U,V) Time(U) Time(V) -> Leq(U,V)*.
183[0:Inp] || equal(U,V) Time(U) Time(V) -> Leq(U,V)*.
184[0:Inp] || UContained(U,V,W)* -> P(Place(U,V),skf2(V,U,X))*.
185[0:Inp] || OContained(U,V,W)* -> P(Place(U,V),skf3(V,U,X))*.
186[0:Inp] || Leq(U,V)* Time(U) Time(V) -> Lt(U,V) equal(U,V).
187[0:Inp] || UprightContainerShape(Place(U,V),W)* Object(V) Time(U) -> UprightContainer(U,V,W).
188[0:Inp] || OpenContainerShape(Place(U,V),W)* Object(V) Time(U) -> OpenContainer(U,V,W).
189[0:Inp] || UprightContainer(U,V,W)* P(Place(U,X),W)* Object(X) -> UContained(U,X,V)*.
190[0:Inp] || OpenContainer(U,V,W)* P(Place(U,X),W)* Object(X) -> OContained(U,X,V)*.
 This is a first-order Non-Horn problem containing equality.
 This is a problem that contains sort information.
 All equations are many sorted.
 The conjecture is ground.
 Axiom clauses: 188 Conjecture clauses: 2
 Inferences: IEmS=1 ISoR=1 IEqR=1 IEqF=1 ISpR=1 ISpL=1 IORe=1 IOFc=1 
 Reductions: RFRew=1 RBRew=1 RFMRR=1 RBMRR=1 RObv=1 RUnC=1 RTaut=1 RSST=1 RSSi=1 RFSub=1 RBSub=1 RAED=1 RCon=1 
 Extras    : Input Saturation, Dynamic Selection, Full Splitting, Full Reduction,  Ratio: 5, FuncWeight: 1, VarWeight: 1
 Precedence: skf3 > skf2 > skf1 > skf0 > LoadUprightContainer > PutInUC > MovingGroup > HUnion > Slice > ManipTo > UContents > CContents > Union > Pair > RUnion > Place > Contents > Sequence > HPlace > TravelTo > Singleton > ConvexHull > Action > ObjectSet > Region > SkP6 > History > SkP5 > SkP2 > SkP1 > SkP0 > OContained > OpenContainer > OpenContainerShape > Leq3 > Leq > Lt > P > UContained > UprightContainerShape > UprightContainer > Object > Time > FullyOutside > SkP3 > SmallSet > AllStable > EmptyHanded > Graspable > Reachable > SafelyMovable > SmallObject > BoxedIn > NoPartialContents > Occurs > CanGrasp > Element > SkP8 > Motionless > Released > Grasp > Moves > Feasible > SafeManipulate > SkP7 > PartiallyContained > OSPlace > SkP4 > PreserveCContents > PreserveUContents > PreserveBoxWithLid > Stable > StableThroughout > Fits > MuchSmaller > OMuchSmaller > OpenContained > CContained > BLContained > DynamicUContainer > O > Cavity > Constant > Grasps > FeasiblePlace > OV > BoxWithLidC > BoxWithLid > CombinedContainer > EC > SkP11 > PersistentCavity > NoExitCavity > NoEntranceCavity > DR > SkP10 > Continuous > AlwaysIntConn > IntConn > Isolates > ClosedContainer > SkP9 > CausallyIsolated > StaticCausallyIsolated > RigidObject > C > Outside > DC > skc13 > skc12 > skc11 > skc10 > skc9 > skc8 > skc7 > skc6 > skc5 > skc4 > skc3 > skc2 > skc1 > skc0 > Su > Tx > Oa > Tm > Hc > Hu > Tb5 > Os5 > Rc5 > Ol5 > Ob5 > Ta5 > Rc > Rb > Tm2 > Tb > Ra > Tm1 > Agent > Ox4 > Rc4 > Ob4 > Ta4 > StandStill
 Ordering  : KBO
Processed Problem:

Worked Off Clauses:

Usable Clauses:
1[0:Inp] ||  -> Action(StandStill)*.
4[0:Inp] ||  -> Region(Rc)*.
3[0:Inp] ||  -> Region(Rb)*.
2[0:Inp] ||  -> Region(Ra)*.
194[0:Res:5.0,118.0] ||  -> Object(skc4)*.
5[0:Inp] ||  -> UContained(skc3,skc4,skc5)*.
193[0:Res:5.0,146.0] ||  -> SkP2(skc5,skc4,skc3)*.
6[0:Inp] || OContained(skc3,skc4,skc5)* -> .
8[0:Inp] IntConn(U) ||  -> Region(U)*.
11[0:Inp] RigidObject(U) ||  -> Object(U)*.
7[0:Inp] SmallObject(U) ||  -> Object(U)*.
10[0:Inp] EmptyHanded(U) ||  -> Time(U)*.
9[0:Inp] AllStable(U) ||  -> Time(U)*.
14[0:Inp] Region(U) ||  -> Action(TravelTo(U))*.
15[0:Inp] Object(U) ||  -> History(HPlace(U))*.
13[0:Inp] Object(U) ||  -> ObjectSet(Singleton(U))*.
12[0:Inp] Region(U) ||  -> Region(ConvexHull(U))*.
19[0:Inp] || Feasible(U,V)* -> Action(V).
21[0:Inp] || Element(U,V)* -> ObjectSet(V).
24[0:Inp] || SkP3(U,V)* -> ObjectSet(V).
41[0:Inp] || MuchSmaller(U,V)* -> Region(V).
40[0:Inp] || MuchSmaller(U,V)* -> Region(U).
33[0:Inp] || Reachable(U,V)* -> Region(V).
27[0:Inp] || OMuchSmaller(U,V)* -> Region(V).
23[0:Inp] || FeasiblePlace(U,V)* -> Region(V).
31[0:Inp] || FullyOutside(U,V)* -> Region(V).
30[0:Inp] || FullyOutside(U,V)* -> Region(U).
25[0:Inp] || SkP3(U,V)* -> Region(U).
39[0:Inp] || SkP7(U,V)* -> Region(U).
38[0:Inp] || SkP7(U,V)* -> Region(V).
37[0:Inp] || SkP6(U,V)* -> Region(U).
36[0:Inp] || SkP6(U,V)* -> Region(V).
35[0:Inp] || SkP5(U,V)* -> Region(U).
34[0:Inp] || SkP5(U,V)* -> Region(V).
51[0:Inp] || Graspable(U,V)* -> Object(V).
49[0:Inp] || Grasp(U,V)* -> Object(V).
47[0:Inp] || CanGrasp(U,V)* -> Object(V).
45[0:Inp] || NoPartialContents(U,V)* -> Object(V).
43[0:Inp] || Stable(U,V)* -> Object(V).
29[0:Inp] || SafelyMovable(U,V)* -> Object(V).
26[0:Inp] || OMuchSmaller(U,V)* -> Object(U).
22[0:Inp] || FeasiblePlace(U,V)* -> Object(U).
20[0:Inp] || Element(U,V)* -> Object(U).
50[0:Inp] || Graspable(U,V)* -> Time(U).
48[0:Inp] || Grasp(U,V)* -> Time(U).
46[0:Inp] || CanGrasp(U,V)* -> Time(U).
44[0:Inp] || NoPartialContents(U,V)* -> Time(U).
42[0:Inp] || Stable(U,V)* -> Time(U).
32[0:Inp] || Reachable(U,V)* -> Time(U).
28[0:Inp] || SafelyMovable(U,V)* -> Time(U).
18[0:Inp] || Feasible(U,V)* -> Time(U).
17[0:Inp] || SkP0(U,V)* -> Time(U).
16[0:Inp] || SkP0(U,V)* -> Time(V).
70[0:Inp] || SmallSet(U,V) -> SkP3(V,U)*.
69[0:Inp] || Fits(U,V) -> SkP3(V,U)*.
121[0:Inp] || UprightContainerShape(U,V) -> OpenContainerShape(U,V)*.
52[0:Inp] || Lt(U,V) -> SkP0(V,U)*.
53[0:Inp] || Leq(U,V) -> SkP0(V,U)*.
93[0:Inp] || PartiallyContained(U,V) -> SkP7(V,U)*.
92[0:Inp] || Outside(U,V) -> SkP7(V,U)*.
91[0:Inp] || Cavity(U,V) -> SkP7(V,U)*.
87[0:Inp] || OpenContained(U,V) -> SkP6(V,U)*.
88[0:Inp] || FullyOutside(U,V) -> SkP6(V,U)*.
90[0:Inp] || UprightContainerShape(U,V) -> SkP6(V,U)*.
89[0:Inp] || OpenContainerShape(U,V) -> SkP6(V,U)*.
86[0:Inp] || OV(U,V) -> SkP5(V,U)*.
85[0:Inp] || O(U,V) -> SkP5(V,U)*.
83[0:Inp] || C(U,V) -> SkP5(V,U)*.
82[0:Inp] || EC(U,V) -> SkP5(V,U)*.
81[0:Inp] || DC(U,V) -> SkP5(V,U)*.
80[0:Inp] || DR(U,V) -> SkP5(V,U)*.
84[0:Inp] || P(U,V) -> SkP5(V,U)*.
111[0:Inp] || Constant(U,V,W)* -> History(W).
59[0:Inp] || Occurs(U,V,W)* -> Action(W).
114[0:Inp] || SkP10(U,V,W)* -> History(U).
73[0:Inp] || Isolates(U,V,W)* -> ObjectSet(W).
72[0:Inp] || Isolates(U,V,W)* -> ObjectSet(V).
61[0:Inp] || OSPlace(U,V,W)* -> ObjectSet(V).
105[0:Inp] || SkP9(U,V,W)* -> ObjectSet(U).
96[0:Inp] || CombinedContainer(U,V,W)* -> Region(W).
95[0:Inp] || CombinedContainer(U,V,W)* -> Region(V).
94[0:Inp] || CombinedContainer(U,V,W)* -> Region(U).
62[0:Inp] || OSPlace(U,V,W)* -> Region(W).
65[0:Inp] || SkP1(U,V,W)* -> Region(U).
117[0:Inp] || BoxWithLid(U,V,W)* -> Object(W).
116[0:Inp] || BoxWithLid(U,V,W)* -> Object(V).
108[0:Inp] || Grasps(U,V,W)* -> Object(W).
99[0:Inp] || Moves(U,V,W)* -> Object(W).
76[0:Inp] || BoxedIn(U,V,W)* -> Object(W).
75[0:Inp] || BoxedIn(U,V,W)* -> Object(V).
64[0:Inp] || SkP1(U,V,W)* -> Object(V).
124[0:Inp] || OContained(U,V,W)* -> Object(V).
118[0:Inp] || UContained(U,V,W)* -> Object(V).
102[0:Inp] || SkP8(U,V,W)* -> Object(U).
79[0:Inp] || SkP4(U,V,W)* -> Object(U).
123[0:Inp] || OpenContainer(U,V,W)* -> Object(V).
120[0:Inp] || UprightContainer(U,V,W)* -> Object(V).
68[0:Inp] || SkP2(U,V,W)* -> Object(U).
67[0:Inp] || SkP2(U,V,W)* -> Object(V).
115[0:Inp] || BoxWithLid(U,V,W)* -> Time(U).
110[0:Inp] || Constant(U,V,W)* -> Time(V).
109[0:Inp] || Constant(U,V,W)* -> Time(U).
107[0:Inp] || Grasps(U,V,W)* -> Time(V).
106[0:Inp] || Grasps(U,V,W)* -> Time(U).
98[0:Inp] || Moves(U,V,W)* -> Time(V).
97[0:Inp] || Moves(U,V,W)* -> Time(U).
74[0:Inp] || BoxedIn(U,V,W)* -> Time(U).
71[0:Inp] || Isolates(U,V,W)* -> Time(U).
60[0:Inp] || OSPlace(U,V,W)* -> Time(U).
58[0:Inp] || Occurs(U,V,W)* -> Time(V).
57[0:Inp] || Occurs(U,V,W)* -> Time(U).
113[0:Inp] || SkP10(U,V,W)* -> Time(V).
112[0:Inp] || SkP10(U,V,W)* -> Time(W).
104[0:Inp] || SkP9(U,V,W)* -> Time(V).
103[0:Inp] || SkP9(U,V,W)* -> Time(W).
63[0:Inp] || SkP1(U,V,W)* -> Time(W).
101[0:Inp] || SkP8(U,V,W)* -> Time(V).
100[0:Inp] || SkP8(U,V,W)* -> Time(W).
78[0:Inp] || SkP4(U,V,W)* -> Time(V).
77[0:Inp] || SkP4(U,V,W)* -> Time(W).
56[0:Inp] || Leq3(U,V,W)* -> Time(W).
55[0:Inp] || Leq3(U,V,W)* -> Time(V).
54[0:Inp] || Leq3(U,V,W)* -> Time(U).
122[0:Inp] || OpenContainer(U,V,W)* -> Time(U).
119[0:Inp] || UprightContainer(U,V,W)* -> Time(U).
66[0:Inp] || SkP2(U,V,W)* -> Time(W).
192[0:Res:5.0,180.0] ||  -> UprightContainer(skc3,skc5,skf2(skc4,skc3,skc5))*.
142[0:Inp] || Leq3(U,V,W)* -> Leq(V,W).
141[0:Inp] || Leq3(U,V,W)* -> Leq(U,V).
136[0:Inp] || DynamicUContainer(U,V,W,X)* -> History(X).
132[0:Inp] || SkP11(U,V,W,X)* -> History(U).
131[0:Inp] || SkP11(U,V,W,X)* -> History(V).
140[0:Inp] || BoxWithLidC(U,V,W,X)* -> Region(X).
128[0:Inp] || SafeManipulate(U,V,W,X)* -> Region(X).
139[0:Inp] || BoxWithLidC(U,V,W,X)* -> Object(W).
138[0:Inp] || BoxWithLidC(U,V,W,X)* -> Object(V).
135[0:Inp] || DynamicUContainer(U,V,W,X)* -> Object(W).
127[0:Inp] || SafeManipulate(U,V,W,X)* -> Object(W).
137[0:Inp] || BoxWithLidC(U,V,W,X)* -> Time(U).
134[0:Inp] || DynamicUContainer(U,V,W,X)* -> Time(V).
133[0:Inp] || DynamicUContainer(U,V,W,X)* -> Time(U).
126[0:Inp] || SafeManipulate(U,V,W,X)* -> Time(V).
125[0:Inp] || SafeManipulate(U,V,W,X)* -> Time(U).
130[0:Inp] || SkP11(U,V,W,X)* -> Time(W).
129[0:Inp] || SkP11(U,V,W,X)* -> Time(X).
191[0:Res:5.0,184.0] ||  -> P(Place(skc3,skc4),skf2(skc4,skc3,U))*.
158[0:Inp] || Continuous(U,V,W) -> SkP10(W,V,U)*.
157[0:Inp] || AlwaysIntConn(U,V,W) -> SkP10(W,V,U)*.
156[0:Inp] || StaticCausallyIsolated(U,V,W) -> SkP9(W,V,U)*.
155[0:Inp] || CausallyIsolated(U,V,W) -> SkP9(W,V,U)*.
144[0:Inp] || OpenContainer(U,V,W) -> SkP1(W,V,U)*.
143[0:Inp] || UprightContainer(U,V,W) -> SkP1(W,V,U)*.
154[0:Inp] || Motionless(U,V,W) -> SkP8(W,V,U)*.
153[0:Inp] || Released(U,V,W) -> SkP8(W,V,U)*.
152[0:Inp] || StableThroughout(U,V,W) -> SkP8(W,V,U)*.
151[0:Inp] || PreserveBoxWithLid(U,V,W) -> SkP4(W,V,U)*.
150[0:Inp] || PreserveUContents(U,V,W) -> SkP4(W,V,U)*.
149[0:Inp] || PreserveCContents(U,V,W) -> SkP4(W,V,U)*.
148[0:Inp] || BLContained(U,V,W) -> SkP2(W,V,U)*.
145[0:Inp] || CContained(U,V,W) -> SkP2(W,V,U)*.
147[0:Inp] || OContained(U,V,W) -> SkP2(W,V,U)*.
146[0:Inp] || UContained(U,V,W) -> SkP2(W,V,U)*.
169[0:Inp] History(U) History(V) ||  -> History(HUnion(V,U))*.
159[0:Inp] Action(U) Action(V) ||  -> Action(Sequence(V,U))*.
167[0:Inp] Region(U) Object(V) ||  -> Action(ManipTo(V,U))*.
172[0:Inp] Object(U) Object(V) ||  -> Action(LoadUprightContainer(V,U))*.
171[0:Inp] Object(U) Object(V) ||  -> Action(PutInUC(V,U))*.
162[0:Inp] ObjectSet(U) ObjectSet(V) ||  -> ObjectSet(Union(V,U))*.
161[0:Inp] Object(U) Object(V) ||  -> ObjectSet(Pair(V,U))*.
166[0:Inp] ObjectSet(U) Time(V) ||  -> ObjectSet(UContents(V,U))*.
165[0:Inp] ObjectSet(U) Time(V) ||  -> ObjectSet(CContents(V,U))*.
164[0:Inp] Region(U) Time(V) ||  -> ObjectSet(Contents(V,U))*.
170[0:Inp] Object(U) Time(V) ||  -> ObjectSet(MovingGroup(V,U))*.
160[0:Inp] Region(U) Region(V) ||  -> Region(RUnion(V,U))*.
168[0:Inp] History(U) Time(V) ||  -> Region(Slice(V,U))*.
163[0:Inp] Object(U) Time(V) ||  -> Region(Place(V,U))*.
174[0:Inp] || OpenContainer(U,V,W) -> OpenContainerShape(Place(U,V),W)*.
173[0:Inp] || UprightContainer(U,V,W) -> UprightContainerShape(Place(U,V),W)*.
178[0:Inp] || Lt(U,V)* Lt(W,U)* -> Lt(W,V)*.
177[0:Inp] || NoEntranceCavity(U,V,W,X) -> SkP11(X,W,V,U)*.
176[0:Inp] || NoExitCavity(U,V,W,X) -> SkP11(X,W,V,U)*.
175[0:Inp] || PersistentCavity(U,V,W,X) -> SkP11(X,W,V,U)*.
196[0:MRR:195.0,194.0] || P(Place(skc3,skc4),U)* OpenContainer(skc3,skc5,U) -> .
181[0:Inp] || OContained(U,V,W) -> OpenContainer(U,W,skf3(V,U,W))*.
180[0:Inp] || UContained(U,V,W) -> UprightContainer(U,W,skf2(V,U,W))*.
179[0:Inp] || Leq(U,V) Leq(V,W) -> Leq3(U,V,W)*.
182[0:Inp] Time(U) Time(V) || Lt(V,U) -> Leq(V,U)*.
183[0:Inp] Time(U) Time(V) || equal(V,U) -> Leq(V,U)*.
185[0:Inp] || OContained(U,V,W)* -> P(Place(U,V),skf3(V,U,X))*.
184[0:Inp] || UContained(U,V,W)* -> P(Place(U,V),skf2(V,U,X))*.
186[0:Inp] Time(U) Time(V) || Leq(V,U)* -> equal(V,U) Lt(V,U).
188[0:Inp] Time(U) Object(V) || OpenContainerShape(Place(U,V),W)* -> OpenContainer(U,V,W).
187[0:Inp] Time(U) Object(V) || UprightContainerShape(Place(U,V),W)* -> UprightContainer(U,V,W).
190[0:Inp] Object(U) || P(Place(V,U),W)* OpenContainer(V,X,W)* -> OContained(V,U,X)*.
189[0:Inp] Object(U) || P(Place(V,U),W)* UprightContainer(V,X,W)* -> UContained(V,U,X)*.
	Given clause: 1[0:Inp] ||  -> Action(StandStill)*.
	Given clause: 4[0:Inp] ||  -> Region(Rc)*.
	Given clause: 3[0:Inp] ||  -> Region(Rb)*.
	Given clause: 2[0:Inp] ||  -> Region(Ra)*.
	Given clause: 5[0:Inp] ||  -> UContained(skc3,skc4,skc5)*.
	Given clause: 194[0:Res:5.0,118.0] ||  -> Object(skc4)*.
	Given clause: 193[0:Res:5.0,146.0] ||  -> SkP2(skc5,skc4,skc3)*.
	Given clause: 6[0:Inp] || OContained(skc3,skc4,skc5)* -> .
	Given clause: 8[0:Inp] IntConn(U) ||  -> Region(U)*.
	Given clause: 11[0:Inp] RigidObject(U) ||  -> Object(U)*.
	Given clause: 7[0:Inp] SmallObject(U) ||  -> Object(U)*.
	Given clause: 10[0:Inp] EmptyHanded(U) ||  -> Time(U)*.
	Given clause: 9[0:Inp] AllStable(U) ||  -> Time(U)*.
	Given clause: 14[0:Inp] Region(U) ||  -> Action(TravelTo(U))*.
	Given clause: 15[0:Inp] Object(U) ||  -> History(HPlace(U))*.
	Given clause: 13[0:Inp] Object(U) ||  -> ObjectSet(Singleton(U))*.
	Given clause: 12[0:Inp] Region(U) ||  -> Region(ConvexHull(U))*.
	Given clause: 19[0:Inp] || Feasible(U,V)* -> Action(V).
	Given clause: 21[0:Inp] || Element(U,V)* -> ObjectSet(V).
	Given clause: 24[0:Inp] || SkP3(U,V)* -> ObjectSet(V).
	Given clause: 41[0:Inp] || MuchSmaller(U,V)* -> Region(V).
	Given clause: 40[0:Inp] || MuchSmaller(U,V)* -> Region(U).
	Given clause: 33[0:Inp] || Reachable(U,V)* -> Region(V).
	Given clause: 27[0:Inp] || OMuchSmaller(U,V)* -> Region(V).
	Given clause: 23[0:Inp] || FeasiblePlace(U,V)* -> Region(V).
	Given clause: 31[0:Inp] || FullyOutside(U,V)* -> Region(V).
	Given clause: 30[0:Inp] || FullyOutside(U,V)* -> Region(U).
	Given clause: 25[0:Inp] || SkP3(U,V)* -> Region(U).
	Given clause: 39[0:Inp] || SkP7(U,V)* -> Region(U).
	Given clause: 38[0:Inp] || SkP7(U,V)* -> Region(V).
	Given clause: 37[0:Inp] || SkP6(U,V)* -> Region(U).
	Given clause: 36[0:Inp] || SkP6(U,V)* -> Region(V).
	Given clause: 35[0:Inp] || SkP5(U,V)* -> Region(U).
	Given clause: 34[0:Inp] || SkP5(U,V)* -> Region(V).
	Given clause: 51[0:Inp] || Graspable(U,V)* -> Object(V).
	Given clause: 49[0:Inp] || Grasp(U,V)* -> Object(V).
	Given clause: 47[0:Inp] || CanGrasp(U,V)* -> Object(V).
	Given clause: 45[0:Inp] || NoPartialContents(U,V)* -> Object(V).
	Given clause: 43[0:Inp] || Stable(U,V)* -> Object(V).
	Given clause: 29[0:Inp] || SafelyMovable(U,V)* -> Object(V).
	Given clause: 26[0:Inp] || OMuchSmaller(U,V)* -> Object(U).
	Given clause: 22[0:Inp] || FeasiblePlace(U,V)* -> Object(U).
	Given clause: 20[0:Inp] || Element(U,V)* -> Object(U).
	Given clause: 50[0:Inp] || Graspable(U,V)* -> Time(U).
	Given clause: 48[0:Inp] || Grasp(U,V)* -> Time(U).
	Given clause: 46[0:Inp] || CanGrasp(U,V)* -> Time(U).
	Given clause: 44[0:Inp] || NoPartialContents(U,V)* -> Time(U).
	Given clause: 42[0:Inp] || Stable(U,V)* -> Time(U).
	Given clause: 32[0:Inp] || Reachable(U,V)* -> Time(U).
	Given clause: 28[0:Inp] || SafelyMovable(U,V)* -> Time(U).
	Given clause: 18[0:Inp] || Feasible(U,V)* -> Time(U).
	Given clause: 17[0:Inp] || SkP0(U,V)* -> Time(U).
	Given clause: 16[0:Inp] || SkP0(U,V)* -> Time(V).
	Given clause: 192[0:Res:5.0,180.0] ||  -> UprightContainer(skc3,skc5,skf2(skc4,skc3,skc5))*.
	Given clause: 70[0:Inp] || SmallSet(U,V) -> SkP3(V,U)*.
	Given clause: 331[0:Res:70.1,25.0] || SmallSet(U,V)* -> Region(V).
	Given clause: 332[0:Res:70.1,24.0] || SmallSet(U,V)* -> ObjectSet(U).
	Given clause: 69[0:Inp] || Fits(U,V) -> SkP3(V,U)*.
	Given clause: 333[0:Res:69.1,25.0] || Fits(U,V)* -> Region(V).
	Given clause: 121[0:Inp] || UprightContainerShape(U,V) -> OpenContainerShape(U,V)*.
	Given clause: 334[0:Res:69.1,24.0] || Fits(U,V)* -> ObjectSet(U).
	Given clause: 52[0:Inp] || Lt(U,V) -> SkP0(V,U)*.
	Given clause: 335[0:Res:52.1,16.0] || Lt(U,V)* -> Time(U).
	Given clause: 336[0:Res:52.1,17.0] || Lt(U,V)* -> Time(V).
	Given clause: 53[0:Inp] || Leq(U,V) -> SkP0(V,U)*.
	Given clause: 339[0:Res:53.1,16.0] || Leq(U,V)* -> Time(U).
	Given clause: 340[0:Res:53.1,17.0] || Leq(U,V)* -> Time(V).
	Given clause: 93[0:Inp] || PartiallyContained(U,V) -> SkP7(V,U)*.
	Given clause: 343[0:Res:93.1,38.0] || PartiallyContained(U,V)* -> Region(U).
	Given clause: 92[0:Inp] || Outside(U,V) -> SkP7(V,U)*.
	Given clause: 344[0:Res:93.1,39.0] || PartiallyContained(U,V)* -> Region(V).
	Given clause: 345[0:Res:92.1,38.0] || Outside(U,V)* -> Region(U).
	Given clause: 346[0:Res:92.1,39.0] || Outside(U,V)* -> Region(V).
	Given clause: 91[0:Inp] || Cavity(U,V) -> SkP7(V,U)*.
	Given clause: 87[0:Inp] || OpenContained(U,V) -> SkP6(V,U)*.
	Given clause: 347[0:Res:91.1,38.0] || Cavity(U,V)* -> Region(U).
	Given clause: 348[0:Res:91.1,39.0] || Cavity(U,V)* -> Region(V).
	Given clause: 349[0:Res:87.1,36.0] || OpenContained(U,V)* -> Region(U).
	Given clause: 350[0:Res:87.1,37.0] || OpenContained(U,V)* -> Region(V).
	Given clause: 88[0:Inp] || FullyOutside(U,V) -> SkP6(V,U)*.
	Given clause: 90[0:Inp] || UprightContainerShape(U,V) -> SkP6(V,U)*.
	Given clause: 353[0:Res:90.1,36.0] || UprightContainerShape(U,V)* -> Region(U).
	Given clause: 354[0:Res:90.1,37.0] || UprightContainerShape(U,V)* -> Region(V).
	Given clause: 89[0:Inp] || OpenContainerShape(U,V) -> SkP6(V,U)*.
	Given clause: 86[0:Inp] || OV(U,V) -> SkP5(V,U)*.
	Given clause: 355[0:Res:89.1,36.0] || OpenContainerShape(U,V)* -> Region(U).
	Given clause: 356[0:Res:89.1,37.0] || OpenContainerShape(U,V)* -> Region(V).
	Given clause: 357[0:Res:86.1,34.0] || OV(U,V)* -> Region(U).
	Given clause: 358[0:Res:86.1,35.0] || OV(U,V)* -> Region(V).
	Given clause: 85[0:Inp] || O(U,V) -> SkP5(V,U)*.
	Given clause: 361[0:Res:85.1,34.0] || O(U,V)* -> Region(U).
	Given clause: 362[0:Res:85.1,35.0] || O(U,V)* -> Region(V).
	Given clause: 83[0:Inp] || C(U,V) -> SkP5(V,U)*.
	Given clause: 363[0:Res:83.1,34.0] || C(U,V)* -> Region(U).
	Given clause: 82[0:Inp] || EC(U,V) -> SkP5(V,U)*.
	Given clause: 364[0:Res:83.1,35.0] || C(U,V)* -> Region(V).
	Given clause: 365[0:Res:82.1,34.0] || EC(U,V)* -> Region(U).
	Given clause: 366[0:Res:82.1,35.0] || EC(U,V)* -> Region(V).
	Given clause: 81[0:Inp] || DC(U,V) -> SkP5(V,U)*.
	Given clause: 80[0:Inp] || DR(U,V) -> SkP5(V,U)*.
	Given clause: 367[0:Res:81.1,34.0] || DC(U,V)* -> Region(U).
	Given clause: 368[0:Res:81.1,35.0] || DC(U,V)* -> Region(V).
	Given clause: 369[0:Res:80.1,34.0] || DR(U,V)* -> Region(U).
	Given clause: 370[0:Res:80.1,35.0] || DR(U,V)* -> Region(V).
	Given clause: 84[0:Inp] || P(U,V) -> SkP5(V,U)*.
	Given clause: 371[0:Res:84.1,34.0] || P(U,V)* -> Region(U).
	Given clause: 372[0:Res:84.1,35.0] || P(U,V)* -> Region(V).
	Given clause: 111[0:Inp] || Constant(U,V,W)* -> History(W).
	Given clause: 59[0:Inp] || Occurs(U,V,W)* -> Action(W).
	Given clause: 114[0:Inp] || SkP10(U,V,W)* -> History(U).
	Given clause: 73[0:Inp] || Isolates(U,V,W)* -> ObjectSet(W).
	Given clause: 72[0:Inp] || Isolates(U,V,W)* -> ObjectSet(V).
	Given clause: 61[0:Inp] || OSPlace(U,V,W)* -> ObjectSet(V).
	Given clause: 105[0:Inp] || SkP9(U,V,W)* -> ObjectSet(U).
	Given clause: 96[0:Inp] || CombinedContainer(U,V,W)* -> Region(W).
	Given clause: 95[0:Inp] || CombinedContainer(U,V,W)* -> Region(V).
	Given clause: 94[0:Inp] || CombinedContainer(U,V,W)* -> Region(U).
	Given clause: 62[0:Inp] || OSPlace(U,V,W)* -> Region(W).
	Given clause: 65[0:Inp] || SkP1(U,V,W)* -> Region(U).
	Given clause: 117[0:Inp] || BoxWithLid(U,V,W)* -> Object(W).
	Given clause: 116[0:Inp] || BoxWithLid(U,V,W)* -> Object(V).
	Given clause: 108[0:Inp] || Grasps(U,V,W)* -> Object(W).
	Given clause: 99[0:Inp] || Moves(U,V,W)* -> Object(W).
	Given clause: 76[0:Inp] || BoxedIn(U,V,W)* -> Object(W).
	Given clause: 75[0:Inp] || BoxedIn(U,V,W)* -> Object(V).
	Given clause: 64[0:Inp] || SkP1(U,V,W)* -> Object(V).
	Given clause: 124[0:Inp] || OContained(U,V,W)* -> Object(V).
	Given clause: 118[0:Inp] || UContained(U,V,W)* -> Object(V).
	Given clause: 102[0:Inp] || SkP8(U,V,W)* -> Object(U).
	Given clause: 79[0:Inp] || SkP4(U,V,W)* -> Object(U).
	Given clause: 123[0:Inp] || OpenContainer(U,V,W)* -> Object(V).
	Given clause: 120[0:Inp] || UprightContainer(U,V,W)* -> Object(V).
	Given clause: 374[0:Res:192.0,120.0] ||  -> Object(skc5)*.
	Given clause: 68[0:Inp] || SkP2(U,V,W)* -> Object(U).
	Given clause: 67[0:Inp] || SkP2(U,V,W)* -> Object(V).
	Given clause: 115[0:Inp] || BoxWithLid(U,V,W)* -> Time(U).
	Given clause: 110[0:Inp] || Constant(U,V,W)* -> Time(V).
	Given clause: 109[0:Inp] || Constant(U,V,W)* -> Time(U).
	Given clause: 107[0:Inp] || Grasps(U,V,W)* -> Time(V).
	Given clause: 106[0:Inp] || Grasps(U,V,W)* -> Time(U).
	Given clause: 98[0:Inp] || Moves(U,V,W)* -> Time(V).
	Given clause: 97[0:Inp] || Moves(U,V,W)* -> Time(U).
	Given clause: 74[0:Inp] || BoxedIn(U,V,W)* -> Time(U).
	Given clause: 71[0:Inp] || Isolates(U,V,W)* -> Time(U).
	Given clause: 60[0:Inp] || OSPlace(U,V,W)* -> Time(U).
	Given clause: 58[0:Inp] || Occurs(U,V,W)* -> Time(V).
	Given clause: 57[0:Inp] || Occurs(U,V,W)* -> Time(U).
	Given clause: 113[0:Inp] || SkP10(U,V,W)* -> Time(V).
	Given clause: 112[0:Inp] || SkP10(U,V,W)* -> Time(W).
	Given clause: 104[0:Inp] || SkP9(U,V,W)* -> Time(V).
	Given clause: 103[0:Inp] || SkP9(U,V,W)* -> Time(W).
	Given clause: 63[0:Inp] || SkP1(U,V,W)* -> Time(W).
	Given clause: 101[0:Inp] || SkP8(U,V,W)* -> Time(V).
	Given clause: 100[0:Inp] || SkP8(U,V,W)* -> Time(W).
	Given clause: 78[0:Inp] || SkP4(U,V,W)* -> Time(V).
	Given clause: 77[0:Inp] || SkP4(U,V,W)* -> Time(W).
	Given clause: 56[0:Inp] || Leq3(U,V,W)* -> Time(W).
	Given clause: 55[0:Inp] || Leq3(U,V,W)* -> Time(V).
	Given clause: 54[0:Inp] || Leq3(U,V,W)* -> Time(U).
	Given clause: 122[0:Inp] || OpenContainer(U,V,W)* -> Time(U).
	Given clause: 119[0:Inp] || UprightContainer(U,V,W)* -> Time(U).
	Given clause: 377[0:Res:192.0,119.0] ||  -> Time(skc3)*.
	Given clause: 66[0:Inp] || SkP2(U,V,W)* -> Time(W).
	Given clause: 338[0:MRR:337.0,336.1] || Lt(U,V) -> Leq(U,V)*.
	Given clause: 142[0:Inp] || Leq3(U,V,W)* -> Leq(V,W).
	Given clause: 191[0:Res:5.0,184.0] ||  -> P(Place(skc3,skc4),skf2(skc4,skc3,U))*.
	Given clause: 382[0:Res:191.0,371.0] ||  -> Region(Place(skc3,skc4))*.
	Given clause: 381[0:Res:191.0,372.0] ||  -> Region(skf2(skc4,skc3,U))*.
	Given clause: 141[0:Inp] || Leq3(U,V,W)* -> Leq(U,V).
	Given clause: 136[0:Inp] || DynamicUContainer(U,V,W,X)* -> History(X).
	Given clause: 132[0:Inp] || SkP11(U,V,W,X)* -> History(U).
	Given clause: 131[0:Inp] || SkP11(U,V,W,X)* -> History(V).
	Given clause: 140[0:Inp] || BoxWithLidC(U,V,W,X)* -> Region(X).
	Given clause: 128[0:Inp] || SafeManipulate(U,V,W,X)* -> Region(X).
	Given clause: 139[0:Inp] || BoxWithLidC(U,V,W,X)* -> Object(W).
	Given clause: 138[0:Inp] || BoxWithLidC(U,V,W,X)* -> Object(V).
	Given clause: 135[0:Inp] || DynamicUContainer(U,V,W,X)* -> Object(W).
	Given clause: 127[0:Inp] || SafeManipulate(U,V,W,X)* -> Object(W).
	Given clause: 137[0:Inp] || BoxWithLidC(U,V,W,X)* -> Time(U).
	Given clause: 134[0:Inp] || DynamicUContainer(U,V,W,X)* -> Time(V).
	Given clause: 133[0:Inp] || DynamicUContainer(U,V,W,X)* -> Time(U).
	Given clause: 126[0:Inp] || SafeManipulate(U,V,W,X)* -> Time(V).
	Given clause: 125[0:Inp] || SafeManipulate(U,V,W,X)* -> Time(U).
	Given clause: 130[0:Inp] || SkP11(U,V,W,X)* -> Time(W).
	Given clause: 129[0:Inp] || SkP11(U,V,W,X)* -> Time(X).
	Given clause: 158[0:Inp] || Continuous(U,V,W) -> SkP10(W,V,U)*.
	Given clause: 383[0:Res:158.1,112.0] || Continuous(U,V,W)* -> Time(U).
	Given clause: 384[0:Res:158.1,113.0] || Continuous(U,V,W)* -> Time(V).
	Given clause: 385[0:Res:158.1,114.0] || Continuous(U,V,W)* -> History(W).
	Given clause: 157[0:Inp] || AlwaysIntConn(U,V,W) -> SkP10(W,V,U)*.
	Given clause: 386[0:Res:157.1,112.0] || AlwaysIntConn(U,V,W)* -> Time(U).
	Given clause: 387[0:Res:157.1,113.0] || AlwaysIntConn(U,V,W)* -> Time(V).
	Given clause: 388[0:Res:157.1,114.0] || AlwaysIntConn(U,V,W)* -> History(W).
	Given clause: 156[0:Inp] || StaticCausallyIsolated(U,V,W) -> SkP9(W,V,U)*.
	Given clause: 155[0:Inp] || CausallyIsolated(U,V,W) -> SkP9(W,V,U)*.
	Given clause: 389[0:Res:156.1,103.0] || StaticCausallyIsolated(U,V,W)* -> Time(U).
	Given clause: 390[0:Res:156.1,104.0] || StaticCausallyIsolated(U,V,W)* -> Time(V).
	Given clause: 391[0:Res:156.1,105.0] || StaticCausallyIsolated(U,V,W)* -> ObjectSet(W).
	Given clause: 392[0:Res:155.1,103.0] || CausallyIsolated(U,V,W)* -> Time(U).
	Given clause: 144[0:Inp] || OpenContainer(U,V,W) -> SkP1(W,V,U)*.
	Given clause: 393[0:Res:155.1,104.0] || CausallyIsolated(U,V,W)* -> Time(V).
	Given clause: 394[0:Res:155.1,105.0] || CausallyIsolated(U,V,W)* -> ObjectSet(W).
	Given clause: 397[0:Res:144.1,65.0] || OpenContainer(U,V,W)* -> Region(W).
	Given clause: 143[0:Inp] || UprightContainer(U,V,W) -> SkP1(W,V,U)*.
	Given clause: 154[0:Inp] || Motionless(U,V,W) -> SkP8(W,V,U)*.
	Given clause: 400[0:Res:143.1,65.0] || UprightContainer(U,V,W)* -> Region(W).
	Given clause: 401[0:Res:154.1,100.0] || Motionless(U,V,W)* -> Time(U).
	Given clause: 402[0:Res:154.1,101.0] || Motionless(U,V,W)* -> Time(V).
	Given clause: 403[0:Res:154.1,102.0] || Motionless(U,V,W)* -> Object(W).
	Given clause: 153[0:Inp] || Released(U,V,W) -> SkP8(W,V,U)*.
	Given clause: 405[0:Res:153.1,100.0] || Released(U,V,W)* -> Time(U).
	Given clause: 406[0:Res:153.1,101.0] || Released(U,V,W)* -> Time(V).
	Given clause: 407[0:Res:153.1,102.0] || Released(U,V,W)* -> Object(W).
	Given clause: 152[0:Inp] || StableThroughout(U,V,W) -> SkP8(W,V,U)*.
	Given clause: 151[0:Inp] || PreserveBoxWithLid(U,V,W) -> SkP4(W,V,U)*.
	Given clause: 408[0:Res:152.1,100.0] || StableThroughout(U,V,W)* -> Time(U).
	Given clause: 409[0:Res:152.1,101.0] || StableThroughout(U,V,W)* -> Time(V).
	Given clause: 410[0:Res:152.1,102.0] || StableThroughout(U,V,W)* -> Object(W).
	Given clause: 411[0:Res:151.1,77.0] || PreserveBoxWithLid(U,V,W)* -> Time(U).
	Given clause: 150[0:Inp] || PreserveUContents(U,V,W) -> SkP4(W,V,U)*.
	Given clause: 412[0:Res:151.1,78.0] || PreserveBoxWithLid(U,V,W)* -> Time(V).
	Given clause: 413[0:Res:151.1,79.0] || PreserveBoxWithLid(U,V,W)* -> Object(W).
	Given clause: 414[0:Res:150.1,77.0] || PreserveUContents(U,V,W)* -> Time(U).
	Given clause: 415[0:Res:150.1,78.0] || PreserveUContents(U,V,W)* -> Time(V).
	Given clause: 149[0:Inp] || PreserveCContents(U,V,W) -> SkP4(W,V,U)*.
	Given clause: 416[0:Res:150.1,79.0] || PreserveUContents(U,V,W)* -> Object(W).
	Given clause: 417[0:Res:149.1,77.0] || PreserveCContents(U,V,W)* -> Time(U).
	Given clause: 418[0:Res:149.1,78.0] || PreserveCContents(U,V,W)* -> Time(V).
	Given clause: 419[0:Res:149.1,79.0] || PreserveCContents(U,V,W)* -> Object(W).
	Given clause: 148[0:Inp] || BLContained(U,V,W) -> SkP2(W,V,U)*.
	Given clause: 420[0:Res:148.1,66.0] || BLContained(U,V,W)* -> Time(U).
	Given clause: 421[0:Res:148.1,67.0] || BLContained(U,V,W)* -> Object(V).
	Given clause: 422[0:Res:148.1,68.0] || BLContained(U,V,W)* -> Object(W).
	Given clause: 145[0:Inp] || CContained(U,V,W) -> SkP2(W,V,U)*.
	Given clause: 147[0:Inp] || OContained(U,V,W) -> SkP2(W,V,U)*.
	Given clause: 423[0:Res:145.1,66.0] || CContained(U,V,W)* -> Time(U).
	Given clause: 424[0:Res:145.1,67.0] || CContained(U,V,W)* -> Object(V).
	Given clause: 425[0:Res:145.1,68.0] || CContained(U,V,W)* -> Object(W).
	Given clause: 426[0:Res:147.1,66.0] || OContained(U,V,W)* -> Time(U).
	Given clause: 146[0:Inp] || UContained(U,V,W) -> SkP2(W,V,U)*.
	Given clause: 428[0:Res:147.1,68.0] || OContained(U,V,W)* -> Object(W).
	Given clause: 429[0:Res:146.1,66.0] || UContained(U,V,W)* -> Time(U).
	Given clause: 431[0:Res:146.1,68.0] || UContained(U,V,W)* -> Object(W).
	Given clause: 169[0:Inp] History(U) History(V) ||  -> History(HUnion(V,U))*.
	Given clause: 159[0:Inp] Action(U) Action(V) ||  -> Action(Sequence(V,U))*.
	Given clause: 167[0:Inp] Region(U) Object(V) ||  -> Action(ManipTo(V,U))*.
	Given clause: 172[0:Inp] Object(U) Object(V) ||  -> Action(LoadUprightContainer(V,U))*.
	Given clause: 171[0:Inp] Object(U) Object(V) ||  -> Action(PutInUC(V,U))*.
	Given clause: 162[0:Inp] ObjectSet(U) ObjectSet(V) ||  -> ObjectSet(Union(V,U))*.
	Given clause: 161[0:Inp] Object(U) Object(V) ||  -> ObjectSet(Pair(V,U))*.
	Given clause: 166[0:Inp] ObjectSet(U) Time(V) ||  -> ObjectSet(UContents(V,U))*.
	Given clause: 165[0:Inp] ObjectSet(U) Time(V) ||  -> ObjectSet(CContents(V,U))*.
	Given clause: 164[0:Inp] Region(U) Time(V) ||  -> ObjectSet(Contents(V,U))*.
	Given clause: 170[0:Inp] Object(U) Time(V) ||  -> ObjectSet(MovingGroup(V,U))*.
	Given clause: 160[0:Inp] Region(U) Region(V) ||  -> Region(RUnion(V,U))*.
	Given clause: 168[0:Inp] History(U) Time(V) ||  -> Region(Slice(V,U))*.
	Given clause: 163[0:Inp] Object(U) Time(V) ||  -> Region(Place(V,U))*.
	Given clause: 174[0:Inp] || OpenContainer(U,V,W) -> OpenContainerShape(Place(U,V),W)*.
	Given clause: 435[0:Res:174.1,355.0] || OpenContainer(U,V,W)*+ -> Region(Place(U,V))*.
	Given clause: 173[0:Inp] || UprightContainer(U,V,W) -> UprightContainerShape(Place(U,V),W)*.
	Given clause: 437[0:Res:173.1,353.0] || UprightContainer(U,V,W)*+ -> Region(Place(U,V))*.
	Given clause: 438[0:Res:192.0,437.0] ||  -> Region(Place(skc3,skc5))*.
	Given clause: 342[0:MRR:341.0,340.1] || Leq(U,V)* -> equal(U,V) Lt(U,V).
	Given clause: 196[0:MRR:195.0,194.0] || P(Place(skc3,skc4),U)* OpenContainer(skc3,skc5,U) -> .
	Given clause: 178[0:Inp] || Lt(U,V)*+ Lt(W,U)* -> Lt(W,V)*.
	Given clause: 440[0:Res:191.0,196.0] || OpenContainer(skc3,skc5,skf2(skc4,skc3,U))* -> .
	Given clause: 177[0:Inp] || NoEntranceCavity(U,V,W,X) -> SkP11(X,W,V,U)*.
	Given clause: 441[0:Res:177.1,129.0] || NoEntranceCavity(U,V,W,X)* -> Time(U).
	Given clause: 442[0:Res:177.1,130.0] || NoEntranceCavity(U,V,W,X)* -> Time(V).
	Given clause: 176[0:Inp] || NoExitCavity(U,V,W,X) -> SkP11(X,W,V,U)*.
	Given clause: 443[0:Res:177.1,131.0] || NoEntranceCavity(U,V,W,X)* -> History(W).
	Given clause: 444[0:Res:177.1,132.0] || NoEntranceCavity(U,V,W,X)* -> History(X).
	Given clause: 445[0:Res:176.1,129.0] || NoExitCavity(U,V,W,X)* -> Time(U).
	Given clause: 446[0:Res:176.1,130.0] || NoExitCavity(U,V,W,X)* -> Time(V).
	Given clause: 175[0:Inp] || PersistentCavity(U,V,W,X) -> SkP11(X,W,V,U)*.
	Given clause: 447[0:Res:176.1,131.0] || NoExitCavity(U,V,W,X)* -> History(W).
	Given clause: 448[0:Res:176.1,132.0] || NoExitCavity(U,V,W,X)* -> History(X).
	Given clause: 449[0:Res:175.1,129.0] || PersistentCavity(U,V,W,X)* -> Time(U).
	Given clause: 450[0:Res:175.1,130.0] || PersistentCavity(U,V,W,X)* -> Time(V).
	Given clause: 179[0:Inp] || Leq(U,V) Leq(V,W) -> Leq3(U,V,W)*.
	Given clause: 451[0:Res:175.1,131.0] || PersistentCavity(U,V,W,X)* -> History(W).
	Given clause: 452[0:Res:175.1,132.0] || PersistentCavity(U,V,W,X)* -> History(X).
	Given clause: 181[0:Inp] || OContained(U,V,W) -> OpenContainer(U,W,skf3(V,U,W))*.
	Given clause: 458[0:Res:181.1,435.0] || OContained(U,V,W)*+ -> Region(Place(U,W))*.
	Given clause: 180[0:Inp] || UContained(U,V,W) -> UprightContainer(U,W,skf2(V,U,W))*.
	Given clause: 462[0:Res:180.1,437.0] || UContained(U,V,W)*+ -> Region(Place(U,W))*.
	Given clause: 459[0:Res:181.1,397.0] || OContained(U,V,W) -> Region(skf3(V,U,W))*.
	Given clause: 463[0:Res:180.1,400.0] || UContained(U,V,W) -> Region(skf2(V,U,W))*.
	Given clause: 183[0:Inp] Time(U) Time(V) || equal(V,U) -> Leq(V,U)*.
	Given clause: 185[0:Inp] || OContained(U,V,W)*+ -> P(Place(U,V),skf3(V,U,X))*.
	Given clause: 184[0:Inp] || UContained(U,V,W)*+ -> P(Place(U,V),skf2(V,U,X))*.
	Given clause: 188[0:Inp] Time(U) Object(V) || OpenContainerShape(Place(U,V),W)* -> OpenContainer(U,V,W).
	Given clause: 187[0:Inp] Time(U) Object(V) || UprightContainerShape(Place(U,V),W)* -> UprightContainer(U,V,W).
	Given clause: 471[0:Res:121.1,188.2] Time(U) Object(V) || UprightContainerShape(Place(U,V),W)* -> OpenContainer(U,V,W).
	Given clause: 190[0:Inp] Object(U) || P(Place(V,U),W)*+ OpenContainer(V,X,W)* -> OContained(V,U,X)*.
	Given clause: 475[0:MRR:474.0,474.1,119.1,120.1] || UprightContainer(U,V,W) -> OpenContainer(U,V,W)*.
SPASS V 3.5 
SPASS beiseite: Proof found.
Problem: so.dfg 
SPASS derived 153 clauses, backtracked 0 clauses, performed 0 splits and kept 301 clauses.
SPASS allocated 55742 KBytes.
SPASS spent	0:00:00.06 on the problem.
		0:00:00.01 for the input.
		0:00:00.01 for the FLOTTER CNF translation.
		0:00:00.00 for inferences.
		0:00:00.00 for the backtracking.
		0:00:00.00 for the reduction.


Here is a proof with depth 3, length 22 :
5[0:Inp] ||  -> UContained(skc3,skc4,skc5)*.
6[0:Inp] || OContained(skc3,skc4,skc5)* -> .
118[0:Inp] || UContained(U,V,W)* -> Object(V).
119[0:Inp] || UprightContainer(U,V,W)* -> Time(U).
120[0:Inp] || UprightContainer(U,V,W)* -> Object(V).
121[0:Inp] || UprightContainerShape(U,V) -> OpenContainerShape(U,V)*.
173[0:Inp] || UprightContainer(U,V,W) -> UprightContainerShape(Place(U,V),W)*.
180[0:Inp] || UContained(U,V,W) -> UprightContainer(U,W,skf2(V,U,W))*.
184[0:Inp] || UContained(U,V,W)*+ -> P(Place(U,V),skf2(V,U,X))*.
188[0:Inp] Time(U) Object(V) || OpenContainerShape(Place(U,V),W)* -> OpenContainer(U,V,W).
190[0:Inp] Object(U) || P(Place(V,U),W)*+ OpenContainer(V,X,W)* -> OContained(V,U,X)*.
191[0:Res:5.0,184.0] ||  -> P(Place(skc3,skc4),skf2(skc4,skc3,U))*.
192[0:Res:5.0,180.0] ||  -> UprightContainer(skc3,skc5,skf2(skc4,skc3,skc5))*.
194[0:Res:5.0,118.0] ||  -> Object(skc4)*.
195[0:Res:190.3,6.0] Object(skc4) || P(Place(skc3,skc4),U)* OpenContainer(skc3,skc5,U) -> .
196[0:MRR:195.0,194.0] || P(Place(skc3,skc4),U)* OpenContainer(skc3,skc5,U) -> .
440[0:Res:191.0,196.0] || OpenContainer(skc3,skc5,skf2(skc4,skc3,U))* -> .
471[0:Res:121.1,188.2] Time(U) Object(V) || UprightContainerShape(Place(U,V),W)* -> OpenContainer(U,V,W).
474[0:Res:173.1,471.2] Time(U) Object(V) || UprightContainer(U,V,W) -> OpenContainer(U,V,W)*.
475[0:MRR:474.0,474.1,119.1,120.1] || UprightContainer(U,V,W) -> OpenContainer(U,V,W)*.
482[0:Res:475.1,440.0] || UprightContainer(skc3,skc5,skf2(skc4,skc3,U))* -> .
483[0:UnC:482.0,192.0] ||  -> .
Formulae used in the proof : LemSO OCD3 ORD3 SCA2 ORD2 OCD2

--------------------------SPASS-STOP------------------------------
