
--------------------------SPASS-START-----------------------------
Input Problem:
1[0:Inp] ||  -> BoxWithLid(U,V,W)*.
2[0:Inp] || SmallObject(U) -> Object(U)*.
3[0:Inp] || AllStable(U) -> Time(U)*.
4[0:Inp] || EmptyHanded(U) -> Time(U)*.
5[0:Inp] || RigidObject(U) -> Object(U)*.
6[0:Inp] || Element(U,V)* -> Object(U).
7[0:Inp] || Element(U,V)* -> ObjectSet(V).
8[0:Inp] || SafelyMovable(U,V)* -> Time(U).
9[0:Inp] || SafelyMovable(U,V)* -> Object(V).
10[0:Inp] || FullyOutside(U,V)* -> Region(U).
11[0:Inp] || FullyOutside(U,V)* -> Region(V).
12[0:Inp] || Reachable(U,V)* -> Time(U).
13[0:Inp] || Reachable(U,V)* -> Region(V).
14[0:Inp] || SkP1(U,V)* -> Region(V).
15[0:Inp] || SkP1(U,V)* -> Region(U).
16[0:Inp] || SkP2(U,V)* -> Region(V).
17[0:Inp] || SkP2(U,V)* -> Region(U).
18[0:Inp] || Cavity(U,V)* -> Region(U).
19[0:Inp] || Cavity(U,V)* -> Region(V).
20[0:Inp] || SmallSet(U,V)* -> ObjectSet(U).
21[0:Inp] || SmallSet(U,V)* -> Region(V).
22[0:Inp] || Stable(U,V)* -> Time(U).
23[0:Inp] || Stable(U,V)* -> Object(V).
24[0:Inp] || NoPartialContents(U,V)* -> Time(U).
25[0:Inp] || NoPartialContents(U,V)* -> Object(V).
26[0:Inp] || CanGrasp(U,V)* -> Time(U).
27[0:Inp] || CanGrasp(U,V)* -> Object(V).
28[0:Inp] || Graspable(U,V)* -> Time(U).
29[0:Inp] || Graspable(U,V)* -> Object(V).
30[0:Inp] || NoObstacles(U,V)* -> Time(U).
31[0:Inp] || NoObstacles(U,V)* -> Region(V).
32[0:Inp] || Occurs(U,V,W)* -> Time(U).
33[0:Inp] || Occurs(U,V,W)* -> Time(V).
34[0:Inp] || Occurs(U,V,W)* -> Action(W).
35[0:Inp] || OSPlace(U,V,W)* -> Time(U).
36[0:Inp] || OSPlace(U,V,W)* -> ObjectSet(V).
37[0:Inp] || OSPlace(U,V,W)* -> Region(W).
38[0:Inp] || SkP0(U,V,W)* -> Time(W).
39[0:Inp] || SkP0(U,V,W)* -> Object(V).
40[0:Inp] || SkP0(U,V,W)* -> Region(U).
41[0:Inp] || UContained(U,V,W)* -> Time(U).
42[0:Inp] || UContained(U,V,W)* -> Object(V).
43[0:Inp] || UContained(U,V,W)* -> Object(W).
44[0:Inp] || CContained(U,V,W)* -> Time(U).
45[0:Inp] || CContained(U,V,W)* -> Object(V).
46[0:Inp] || CContained(U,V,W)* -> ObjectSet(W).
47[0:Inp] || BoxedIn(U,V,W)* -> Time(U).
48[0:Inp] || BoxedIn(U,V,W)* -> Object(V).
49[0:Inp] || BoxedIn(U,V,W)* -> Object(W).
50[0:Inp] || P(U,V) -> SkP1(V,U)*.
51[0:Inp] || DR(U,V) -> SkP1(V,U)*.
52[0:Inp] || EC(U,V) -> SkP1(V,U)*.
53[0:Inp] || C(U,V) -> SkP1(V,U)*.
54[0:Inp] || FullyOutside(U,V) -> SkP2(V,U)*.
55[0:Inp] || UprightContainerShape(U,V) -> SkP2(V,U)*.
56[0:Inp] || OpenContainerShape(U,V) -> SkP2(V,U)*.
57[0:Inp] || CombinedContainer(U,V,W)* -> Region(U).
58[0:Inp] || CombinedContainer(U,V,W)* -> Region(V).
59[0:Inp] || CombinedContainer(U,V,W)* -> Region(W).
60[0:Inp] || SkP3(U,V,W)* -> Time(W).
61[0:Inp] || SkP3(U,V,W)* -> Object(V).
62[0:Inp] || SkP3(U,V,W)* -> Object(U).
63[0:Inp] || BLContained(U,V,W)* -> Object(V).
64[0:Inp] || BoxWithLid(U,V,W)* -> RigidObject(V).
65[0:Inp] || BoxWithLid(U,V,W)* -> RigidObject(W).
66[0:Inp] ||  -> equal(Place(U,V),Place(W,V))*.
67[0:Inp] || BoxWithLidC(U,V,W,X)* -> Time(U).
68[0:Inp] || BoxWithLidC(U,V,W,X)* -> Object(V).
69[0:Inp] || BoxWithLidC(U,V,W,X)* -> Object(W).
70[0:Inp] || BoxWithLidC(U,V,W,X)* -> Region(X).
71[0:Inp] || Leq3(U,V,W)* -> Leq(U,V).
72[0:Inp] || Leq3(U,V,W)* -> Leq(V,W).
73[0:Inp] || BoxWithLid(U,V,W)* -> Stable(U,W).
74[0:Inp] || ClosedContainer(U,V,W) -> SkP0(W,V,U)*.
75[0:Inp] || UprightContainer(U,V,W) -> SkP0(W,V,U)*.
76[0:Inp] || OpenContainer(U,V,W) -> SkP0(W,V,U)*.
77[0:Inp] || BoxWithLid(U,V,W) -> SkP3(W,V,U)*.
78[0:Inp] || BLContained(U,V,W) -> SkP3(W,V,U)*.
79[0:Inp] || equal(U,Agent) BoxWithLid(V,U,W)* -> .
80[0:Inp] || equal(U,Agent) BoxWithLid(V,W,U)* -> .
81[0:Inp] ||  -> equal(U,Agent) equal(Place(skc15,U),Place(skc14,U))**.
82[0:Inp] || BoxWithLidC(U,V,W,X)* -> BoxWithLid(U,V,W).
83[0:Inp] || Lt(U,V)* Lt(V,W)* -> Lt(U,W)*.
84[0:Inp] ||  -> BoxWithLidC(U,V,skf5(W,V,U),skf4(W,V,U))*.
85[0:Inp] || Leq(U,V) Leq(W,U) -> Leq3(W,U,V)*.
86[0:Inp] || Lt(U,V) Time(U) Time(V) -> Leq(U,V)*.
87[0:Inp] || equal(U,V) Time(U) Time(V) -> Leq(U,V)*.
88[0:Inp] || BLContained(U,V,W) -> P(Place(U,V),skf4(V,W,U))*.
89[0:Inp] || BoxWithLidC(U,V,W,X) -> CombinedContainer(Place(U,V),Place(U,W),X)*.
90[0:Inp] || Leq(U,V)* Time(U) Time(V) -> Lt(U,V) equal(U,V).
91[0:Inp] || BoxWithLid(U,V,W) -> CombinedContainer(Place(U,V),Place(U,W),skf6(W,V,U))*.
92[0:Inp] || CombinedContainer(Place(U,V),Place(U,W),X)* BoxWithLid(U,V,W) -> BoxWithLidC(U,V,W,X).
93[0:Inp] || BoxWithLidC(U,V,W,X)* P(Place(U,Y),X)* Object(Y) -> BLContained(U,Y,V)*.
94[0:Inp] || Time(skc9) Time(skc10) Object(skc11) Object(skc12) -> BLContained(skc15,skc17,skc16)* BLContained(skc14,skc17,skc16) equal(skc13,Agent).
95[0:Inp] || BLContained(skc15,skc17,skc16)* BLContained(skc14,skc17,skc16) Time(skc9) Time(skc10) Object(skc11) Object(skc12) -> equal(skc13,Agent).
 This is a first-order Non-Horn problem containing equality.
 This is a problem that contains sort information.
 Axiom clauses: 92 Conjecture clauses: 3
 Inferences: IEmS=1 ISoR=1 IEqR=1 IEqF=1 ISpR=1 ISpL=1 IORe=1 IOFc=1 
 Reductions: RFRew=1 RBRew=1 RFMRR=1 RBMRR=1 RObv=1 RUnC=1 RTaut=1 RSSi=1 RFSub=1 RBSub=1 RAED=1 RCon=1 
 Extras    : Input Saturation, Dynamic Selection, Full Splitting, Full Reduction,  Ratio: 5, FuncWeight: 1, VarWeight: 1
 Precedence: skf6 > skf5 > skf4 > skf2 > skf1 > skf0 > skf3 > RUnion > MovingGroup > Contents > UContents > Union > Place > TravelTo > Region > SkP1 > Leq3 > Leq > Lt > SkP3 > BLContained > P > Object > Time > SkP0 > UprightContainer > SkP2 > FullyOutside > ObjectSet > SmallSet > AllStable > EmptyHanded > Graspable > Reachable > SafelyMovable > SmallObject > BoxedIn > NoPartialContents > Action > Occurs > CanGrasp > UprightContainerShape > UContained > Element > DR > NoObstacles > OpenContainerShape > EC > C > OpenContainer > CContained > Stable > RigidObject > CombinedContainer > BoxWithLidC > BoxWithLid > ClosedContainer > OSPlace > Cavity > SkP4 > skc19 > skc18 > skc17 > skc16 > skc15 > skc14 > skc13 > skc12 > skc11 > skc10 > skc9 > skc8 > skc7 > skc6 > skc5 > skc4 > skc3 > skc2 > skc1 > skc0 > Ra1 > Tm1 > Agent > Ox4 > Rc4 > Ob4 > Ta4
 Ordering  : KBO
Processed Problem:

Worked Off Clauses:

Usable Clauses:
96[0:MRR:65.0,1.0] ||  -> RigidObject(U)*.
97[0:MRR:5.0,96.0] ||  -> Object(U)*.
99[0:MRR:22.0,98.0] ||  -> Time(U)*.
98[0:MRR:73.0,1.0] ||  -> Stable(U,V)*.
100[0:MRR:80.1,1.0] || equal(U,Agent)* -> .
1[0:Inp] ||  -> BoxWithLid(U,V,W)*.
101[0:MRR:77.0,1.0] ||  -> SkP3(U,V,W)*.
7[0:Inp] || Element(U,V)* -> ObjectSet(V).
20[0:Inp] || SmallSet(U,V)* -> ObjectSet(U).
31[0:Inp] || NoObstacles(U,V)* -> Region(V).
13[0:Inp] || Reachable(U,V)* -> Region(V).
21[0:Inp] || SmallSet(U,V)* -> Region(V).
19[0:Inp] || Cavity(U,V)* -> Region(V).
18[0:Inp] || Cavity(U,V)* -> Region(U).
11[0:Inp] || FullyOutside(U,V)* -> Region(V).
10[0:Inp] || FullyOutside(U,V)* -> Region(U).
17[0:Inp] || SkP2(U,V)* -> Region(U).
16[0:Inp] || SkP2(U,V)* -> Region(V).
15[0:Inp] || SkP1(U,V)* -> Region(U).
14[0:Inp] || SkP1(U,V)* -> Region(V).
56[0:Inp] || OpenContainerShape(U,V) -> SkP2(V,U)*.
55[0:Inp] || UprightContainerShape(U,V) -> SkP2(V,U)*.
54[0:Inp] || FullyOutside(U,V) -> SkP2(V,U)*.
53[0:Inp] || C(U,V) -> SkP1(V,U)*.
52[0:Inp] || EC(U,V) -> SkP1(V,U)*.
51[0:Inp] || DR(U,V) -> SkP1(V,U)*.
50[0:Inp] || P(U,V) -> SkP1(V,U)*.
102[0:MRR:87.0,87.1,99.0,99.0] || equal(U,V) -> Leq(U,V)*.
103[0:MRR:86.0,86.1,99.0,99.0] || Lt(U,V) -> Leq(U,V)*.
66[0:Inp] ||  -> equal(Place(U,V),Place(W,V))*.
34[0:Inp] || Occurs(U,V,W)* -> Action(W).
46[0:Inp] || CContained(U,V,W)* -> ObjectSet(W).
36[0:Inp] || OSPlace(U,V,W)* -> ObjectSet(V).
37[0:Inp] || OSPlace(U,V,W)* -> Region(W).
40[0:Inp] || SkP0(U,V,W)* -> Region(U).
59[0:Inp] || CombinedContainer(U,V,W)* -> Region(W).
58[0:Inp] || CombinedContainer(U,V,W)* -> Region(V).
57[0:Inp] || CombinedContainer(U,V,W)* -> Region(U).
108[0:MRR:94.0,94.1,94.2,94.3,94.6,99.0,99.0,97.0,97.0,100.0] ||  -> BLContained(skc14,skc17,skc16) BLContained(skc15,skc17,skc16)*.
72[0:Inp] || Leq3(U,V,W)* -> Leq(V,W).
71[0:Inp] || Leq3(U,V,W)* -> Leq(U,V).
70[0:Inp] || BoxWithLidC(U,V,W,X)* -> Region(X).
76[0:Inp] || OpenContainer(U,V,W) -> SkP0(W,V,U)*.
75[0:Inp] || UprightContainer(U,V,W) -> SkP0(W,V,U)*.
74[0:Inp] || ClosedContainer(U,V,W) -> SkP0(W,V,U)*.
109[0:MRR:95.2,95.3,95.4,95.5,95.6,99.0,99.0,97.0,97.0,100.0] || BLContained(skc14,skc17,skc16) BLContained(skc15,skc17,skc16)* -> .
105[0:MRR:90.0,90.1,99.0,99.0] || Leq(U,V)* -> equal(U,V) Lt(U,V).
84[0:Inp] ||  -> BoxWithLidC(U,V,skf5(W,V,U),skf4(W,V,U))*.
104[0:MRR:91.0,1.0] ||  -> CombinedContainer(Place(U,V),Place(U,W),skf6(W,V,U))*.
83[0:Inp] || Lt(U,V)* Lt(W,U)* -> Lt(W,V)*.
85[0:Inp] || Leq(U,V) Leq(V,W) -> Leq3(U,V,W)*.
88[0:Inp] || BLContained(U,V,W) -> P(Place(U,V),skf4(V,W,U))*.
107[0:MRR:92.1,1.0] || CombinedContainer(Place(U,V),Place(U,W),X)* -> BoxWithLidC(U,V,W,X).
89[0:Inp] || BoxWithLidC(U,V,W,X) -> CombinedContainer(Place(U,V),Place(U,W),X)*.
106[0:MRR:93.0,97.0] || P(Place(U,V),W)* BoxWithLidC(U,X,Y,W)* -> BLContained(U,V,X)*.
	Given clause: 96[0:MRR:65.0,1.0] ||  -> RigidObject(U)*.
	Given clause: 97[0:MRR:5.0,96.0] ||  -> Object(U)*.
	Given clause: 99[0:MRR:22.0,98.0] ||  -> Time(U)*.
	Given clause: 98[0:MRR:73.0,1.0] ||  -> Stable(U,V)*.
	Given clause: 100[0:MRR:80.1,1.0] || equal(U,Agent)* -> .
SPASS V 3.7 
SPASS beiseite: Proof found.
Problem: j.dfg 
SPASS derived 3 clauses, backtracked 0 clauses, performed 0 splits and kept 81 clauses.
SPASS allocated 52526 KBytes.
SPASS spent	0:00:00.05 on the problem.
		0:00:00.01 for the input.
		0:00:00.02 for the FLOTTER CNF translation.
		0:00:00.00 for inferences.
		0:00:00.00 for the backtracking.
		0:00:00.00 for the reduction.


Here is a proof with depth 1, length 4 :
1[0:Inp] ||  -> BoxWithLid(U,V,W)*.
80[0:Inp] || equal(U,Agent) BoxWithLid(V,W,U)* -> .
100[0:MRR:80.1,1.0] || equal(U,Agent)* -> .
110[0:EqR:100.0] ||  -> .
Formulae used in the proof : axiom32 axiom31

--------------------------SPASS-STOP------------------------------
