
--------------------------SPASS-START-----------------------------
Input Problem:
1[0:Inp] ||  -> Time(skc6)*.
2[0:Inp] ||  -> Object(skc5)*.
3[0:Inp] ||  -> ObjectSet(skc4)*.
4[0:Inp] || CContained(U,V,W)* -> Object(V).
5[0:Inp] || Contained(U,V) -> Cavity(skf7(U,V),V)*.
6[0:Inp] || Contained(U,V)* -> P(U,skf7(U,W))*.
7[0:Inp] || ClosedContainer(U,V,W)* -> Cavity(W,skf6(W,X,Y))*.
8[0:Inp] || Cavity(U,V)* P(W,U)* -> Contained(W,V)*.
9[0:Inp] || CContained(U,V,W) -> ClosedContainer(U,W,skf5(V,U,W))*.
10[0:Inp] || ClosedContainer(U,V,W) -> OSPlace(U,V,skf6(W,V,U))*.
11[0:Inp] || SkP0(skc4,skc5,skc6)* -> OSPlace(skc6,skc4,skc7) CContained(skc6,skc5,skc4).
12[0:Inp] || CContained(U,V,W)* -> P(Place(U,V),skf5(V,U,X))*.
13[0:Inp] || OSPlace(U,V,W)* Cavity(X,W)* -> ClosedContainer(U,V,X)*.
14[0:Inp] || SkP0(skc4,skc5,skc6) -> Contained(Place(skc6,skc5),skc7)* CContained(skc6,skc5,skc4).
15[0:Inp] ||  -> ClosedContainer(U,V,skf4(W,U,V))* CContained(U,W,V) SkP0(V,W,U).
16[0:Inp] ||  -> P(Place(U,V),skf4(V,U,W))* CContained(U,V,X) SkP0(X,V,U)*.
17[0:Inp] || ClosedContainer(U,V,W)* P(Place(U,X),W)* Object(X) -> CContained(U,X,V)*.
18[0:Inp] || CContained(U,V,W) ClosedContainer(U,W,X)* P(Place(U,V),X)* -> SkP0(W,V,U)*.
19[0:Inp] || CContained(skc6,skc5,skc4) OSPlace(skc6,skc4,U) Contained(Place(skc6,skc5),U)* SkP0(skc4,skc5,skc6) -> .
 This is a first-order Non-Horn problem without equality.
 This is a problem that contains sort information.
 The following monadic predicates have finite extensions: ObjectSet, Time.
 Axiom clauses: 10 Conjecture clauses: 9
 Inferences: IEmS=1 ISoR=1 IORe=1 IOFc=1 
 Reductions: RFMRR=1 RBMRR=1 RObv=1 RUnC=1 RTaut=1 RSST=1 RSSi=1 RFSub=1 RBSub=1 RCon=1 
 Extras    : Input Saturation, Dynamic Selection, Full Splitting, Full Reduction,  Ratio: 5, FuncWeight: 1, VarWeight: 1
 Precedence: Singleton > HPlace > RUnion > Place > Slice > skf3 > skf7 > skf0 > skf1 > skf2 > skf4 > skf5 > skf6 > Time > RigidObject > SkP0 > ClosedContainer > OSPlace > Cavity > P > Object > Contained > CContained > Ordered > Region > History > ObjectSet > Lt > Leq > Leq3 > RigidHistory > O > EC > DR > Outside > Os2 > Ob2a > Ob2b > Ta2 > Tb2 > skc0 > skc1 > skc2 > skc3 > skc4 > skc5 > skc6 > skc7 > skc8 > skc9 > skc10 > skc11 > skc12 > skc13 > skc14 > skc15 > skc16 > skc17 > skc18 > skc19 > skc20
 Ordering  : KBO
Processed Problem:

Worked Off Clauses:

Usable Clauses:
3[0:Inp] ||  -> ObjectSet(skc4)*.
1[0:Inp] ||  -> Time(skc6)*.
2[0:Inp] ||  -> Object(skc5)*.
4[0:Inp] || CContained(U,V,W)* -> Object(V).
5[0:Inp] || Contained(U,V) -> Cavity(skf7(U,V),V)*.
6[0:Inp] || Contained(U,V)* -> P(U,skf7(U,W))*.
8[0:Inp] || P(U,V)* Cavity(V,W)* -> Contained(U,W)*.
7[0:Inp] || ClosedContainer(U,V,W)* -> Cavity(W,skf6(W,X,Y))*.
10[0:Inp] || ClosedContainer(U,V,W) -> OSPlace(U,V,skf6(W,V,U))*.
9[0:Inp] || CContained(U,V,W) -> ClosedContainer(U,W,skf5(V,U,W))*.
11[0:Inp] || SkP0(skc4,skc5,skc6)* -> CContained(skc6,skc5,skc4) OSPlace(skc6,skc4,skc7).
12[0:Inp] || CContained(U,V,W)* -> P(Place(U,V),skf5(V,U,X))*.
13[0:Inp] || Cavity(U,V)* OSPlace(W,X,V)* -> ClosedContainer(W,X,U)*.
14[0:Inp] || SkP0(skc4,skc5,skc6) -> Contained(Place(skc6,skc5),skc7)* CContained(skc6,skc5,skc4).
15[0:Inp] ||  -> SkP0(U,V,W) CContained(W,V,U) ClosedContainer(W,U,skf4(V,W,U))*.
20[0:Res:2.0,17.0] || P(Place(U,skc5),V)* ClosedContainer(U,W,V)* -> CContained(U,skc5,W).
16[0:Inp] ||  -> P(Place(U,V),skf4(V,U,W))* SkP0(X,V,U)* CContained(U,V,X).
17[0:Inp] Object(U) || P(Place(V,U),W)* ClosedContainer(V,X,W)* -> CContained(V,U,X)*.
18[0:Inp] || P(Place(U,V),W)* ClosedContainer(U,X,W)* CContained(U,V,X) -> SkP0(X,V,U)*.
19[0:Inp] || Contained(Place(skc6,skc5),U)* OSPlace(skc6,skc4,U) SkP0(skc4,skc5,skc6) CContained(skc6,skc5,skc4) -> .
	Given clause: 19[0:Inp] || Contained(Place(skc6,skc5),U)* OSPlace(skc6,skc4,U) SkP0(skc4,skc5,skc6) CContained(skc6,skc5,skc4) -> .
	Given clause: 25[1:Spt:19.3] || CContained(skc6,skc5,skc4)* -> .
	Given clause: 3[0:Inp] ||  -> ObjectSet(skc4)*.
	Given clause: 1[0:Inp] ||  -> Time(skc6)*.
	Given clause: 2[0:Inp] ||  -> Object(skc5)*.
	Given clause: 4[0:Inp] || CContained(U,V,W)* -> Object(V).
	Given clause: 26[1:MRR:11.1,25.0] || SkP0(skc4,skc5,skc6)* -> OSPlace(skc6,skc4,skc7).
	Given clause: 5[0:Inp] || Contained(U,V) -> Cavity(skf7(U,V),V)*.
	Given clause: 6[0:Inp] || Contained(U,V)*+ -> P(U,skf7(U,W))*.
	Given clause: 27[1:MRR:14.2,25.0] || SkP0(skc4,skc5,skc6) -> Contained(Place(skc6,skc5),skc7)*.
	Given clause: 8[0:Inp] || P(U,V)*+ Cavity(V,W)* -> Contained(U,W)*.
	Given clause: 7[0:Inp] || ClosedContainer(U,V,W)*+ -> Cavity(W,skf6(W,X,Y))*.
	Given clause: 10[0:Inp] || ClosedContainer(U,V,W) -> OSPlace(U,V,skf6(W,V,U))*.
	Given clause: 9[0:Inp] || CContained(U,V,W) -> ClosedContainer(U,W,skf5(V,U,W))*.
	Given clause: 12[0:Inp] || CContained(U,V,W)*+ -> P(Place(U,V),skf5(V,U,X))*.
	Given clause: 13[0:Inp] || Cavity(U,V)* OSPlace(W,X,V)*+ -> ClosedContainer(W,X,U)*.
	Given clause: 15[0:Inp] ||  -> SkP0(U,V,W) CContained(W,V,U) ClosedContainer(W,U,skf4(V,W,U))*.
	Given clause: 28[1:Res:27.1,6.0] || SkP0(skc4,skc5,skc6) -> P(Place(skc6,skc5),skf7(Place(skc6,skc5),U))*.
	Given clause: 20[0:Res:2.0,17.0] || P(Place(U,skc5),V)*+ ClosedContainer(U,W,V)* -> CContained(U,skc5,W).
	Given clause: 30[0:Res:10.1,13.1] || ClosedContainer(U,V,W) Cavity(X,skf6(W,V,U))* -> ClosedContainer(U,V,X).
	Given clause: 16[0:Inp] ||  -> P(Place(U,V),skf4(V,U,W))* SkP0(X,V,U)* CContained(U,V,X).
	Given clause: 17[0:Inp] Object(U) || P(Place(V,U),W)*+ ClosedContainer(V,X,W)* -> CContained(V,U,X)*.
	Given clause: 29[0:Res:9.1,7.0] || CContained(U,V,W) -> Cavity(skf5(V,U,W),skf6(skf5(V,U,W),X,Y))*.
	Given clause: 32[1:Res:28.1,8.0] || SkP0(skc4,skc5,skc6) Cavity(skf7(Place(skc6,skc5),U),V)* -> Contained(Place(skc6,skc5),V).
	Given clause: 33[1:Res:28.1,20.0] || SkP0(skc4,skc5,skc6) ClosedContainer(skc6,U,skf7(Place(skc6,skc5),V))* -> CContained(skc6,skc5,U).
	Given clause: 36[0:Res:16.0,20.0] || ClosedContainer(U,V,skf4(skc5,U,W))*+ -> SkP0(X,skc5,U)* CContained(U,skc5,X) CContained(U,skc5,V).
	Given clause: 18[0:Inp] || P(Place(U,V),W)*+ ClosedContainer(U,X,W)* CContained(U,V,X) -> SkP0(X,V,U)*.
	Given clause: 43[0:Con:42.0] ||  -> SkP0(U,skc5,V)* CContained(V,skc5,U).
	Given clause: 48[1:MRR:47.0,25.0] ||  -> OSPlace(skc6,skc4,skc7)*.
	Given clause: 49[1:Res:48.0,13.1] || Cavity(U,skc7) -> ClosedContainer(skc6,skc4,U)*.
	Given clause: 52[1:MRR:51.1,51.2,43.0,25.0] || Cavity(skf7(Place(skc6,skc5),U),skc7)* -> .
	Given clause: 54[1:MRR:27.1,53.0] || SkP0(skc4,skc5,skc6)* -> .
	Given clause: 58[1:Spt:56.0,19.0,19.1,19.2] || Contained(Place(skc6,skc5),U)* OSPlace(skc6,skc4,U) SkP0(skc4,skc5,skc6) -> .
	Given clause: 57[1:Spt:56.0,19.3,25.0] ||  -> CContained(skc6,skc5,skc4)*.
	Given clause: 59[1:Res:57.0,12.0] ||  -> P(Place(skc6,skc5),skf5(skc5,skc6,U))*.
	Given clause: 61[1:Res:59.0,8.0] || Cavity(skf5(skc5,skc6,U),V)* -> Contained(Place(skc6,skc5),V).
	Given clause: 63[1:Res:59.0,20.0] || ClosedContainer(skc6,U,skf5(skc5,skc6,V))* -> CContained(skc6,skc5,U).
	Given clause: 35[0:Res:16.0,8.0] || Cavity(skf4(U,V,W),X)*+ -> SkP0(Y,U,V)* CContained(V,U,Y) Contained(Place(V,U),X).
	Given clause: 65[1:MRR:62.1,43.1] || ClosedContainer(skc6,U,skf5(skc5,skc6,V))* -> SkP0(U,skc5,skc6).
	Given clause: 69[1:MRR:68.0,43.1] ||  -> SkP0(U,skc5,skc6)*.
	Given clause: 70[1:MRR:58.2,69.0] || Contained(Place(skc6,skc5),U)* OSPlace(skc6,skc4,U) -> .
	Given clause: 66[1:Res:29.1,61.0] || CContained(skc6,skc5,U) -> Contained(Place(skc6,skc5),skf6(skf5(skc5,skc6,U),V,W))*.
	Given clause: 31[0:Res:15.2,7.0] ||  -> SkP0(U,V,W) CContained(W,V,U) Cavity(skf4(V,W,U),skf6(skf4(V,W,U),X,Y))*.
	Given clause: 71[1:Res:66.1,6.0] || CContained(skc6,skc5,U)*+ -> P(Place(skc6,skc5),skf7(Place(skc6,skc5),V))*.
	Given clause: 76[1:Res:57.0,71.0] ||  -> P(Place(skc6,skc5),skf7(Place(skc6,skc5),U))*.
	Given clause: 77[1:Res:76.0,8.0] || Cavity(skf7(Place(skc6,skc5),U),V)* -> Contained(Place(skc6,skc5),V).
	Given clause: 79[1:Res:76.0,20.0] || ClosedContainer(skc6,U,skf7(Place(skc6,skc5),V))* -> CContained(skc6,skc5,U).
	Given clause: 37[0:Res:16.0,17.1] Object(U) || ClosedContainer(V,W,skf4(U,V,X))*+ -> SkP0(Y,U,V)* CContained(V,U,Y) CContained(V,U,W).
	Given clause: 84[0:Con:83.1] Object(U) ||  -> SkP0(V,U,W)* CContained(W,U,V).
	Given clause: 72[1:Res:66.1,70.0] || CContained(skc6,skc5,U) OSPlace(skc6,skc4,skf6(skf5(skc5,skc6,U),V,W))* -> .
	Given clause: 85[1:Res:10.1,72.1] || ClosedContainer(skc6,skc4,skf5(skc5,skc6,U))* CContained(skc6,skc5,U) -> .
SPASS V 3.5 
SPASS beiseite: Proof found.
Problem: inference2a.dfg 
SPASS derived 50 clauses, backtracked 4 clauses, performed 1 splits and kept 61 clauses.
SPASS allocated 52298 KBytes.
SPASS spent	0:00:00.03 on the problem.
		0:00:00.01 for the input.
		0:00:00.01 for the FLOTTER CNF translation.
		0:00:00.00 for inferences.
		0:00:00.00 for the backtracking.
		0:00:00.00 for the reduction.


Here is a proof with depth 7, length 51 :
2[0:Inp] ||  -> Object(skc5)*.
5[0:Inp] || Contained(U,V) -> Cavity(skf7(U,V),V)*.
6[0:Inp] || Contained(U,V)*+ -> P(U,skf7(U,W))*.
7[0:Inp] || ClosedContainer(U,V,W)*+ -> Cavity(W,skf6(W,X,Y))*.
8[0:Inp] || P(U,V)*+ Cavity(V,W)* -> Contained(U,W)*.
9[0:Inp] || CContained(U,V,W) -> ClosedContainer(U,W,skf5(V,U,W))*.
10[0:Inp] || ClosedContainer(U,V,W) -> OSPlace(U,V,skf6(W,V,U))*.
11[0:Inp] || SkP0(skc4,skc5,skc6)* -> CContained(skc6,skc5,skc4) OSPlace(skc6,skc4,skc7).
12[0:Inp] || CContained(U,V,W)*+ -> P(Place(U,V),skf5(V,U,X))*.
13[0:Inp] || Cavity(U,V)* OSPlace(W,X,V)*+ -> ClosedContainer(W,X,U)*.
14[0:Inp] || SkP0(skc4,skc5,skc6) -> Contained(Place(skc6,skc5),skc7)* CContained(skc6,skc5,skc4).
15[0:Inp] ||  -> SkP0(U,V,W) CContained(W,V,U) ClosedContainer(W,U,skf4(V,W,U))*.
16[0:Inp] ||  -> P(Place(U,V),skf4(V,U,W))* SkP0(X,V,U)* CContained(U,V,X).
17[0:Inp] Object(U) || P(Place(V,U),W)*+ ClosedContainer(V,X,W)* -> CContained(V,U,X)*.
18[0:Inp] || P(Place(U,V),W)*+ ClosedContainer(U,X,W)* CContained(U,V,X) -> SkP0(X,V,U)*.
19[0:Inp] || Contained(Place(skc6,skc5),U)* OSPlace(skc6,skc4,U) SkP0(skc4,skc5,skc6) CContained(skc6,skc5,skc4) -> .
20[0:Res:2.0,17.0] || P(Place(U,skc5),V)*+ ClosedContainer(U,W,V)* -> CContained(U,skc5,W).
25[1:Spt:19.3] || CContained(skc6,skc5,skc4)* -> .
26[1:MRR:11.1,25.0] || SkP0(skc4,skc5,skc6)* -> OSPlace(skc6,skc4,skc7).
27[1:MRR:14.2,25.0] || SkP0(skc4,skc5,skc6) -> Contained(Place(skc6,skc5),skc7)*.
28[1:Res:27.1,6.0] || SkP0(skc4,skc5,skc6) -> P(Place(skc6,skc5),skf7(Place(skc6,skc5),U))*.
29[0:Res:9.1,7.0] || CContained(U,V,W) -> Cavity(skf5(V,U,W),skf6(skf5(V,U,W),X,Y))*.
33[1:Res:28.1,20.0] || SkP0(skc4,skc5,skc6) ClosedContainer(skc6,U,skf7(Place(skc6,skc5),V))* -> CContained(skc6,skc5,U).
36[0:Res:16.0,20.0] || ClosedContainer(U,V,skf4(skc5,U,W))*+ -> SkP0(X,skc5,U)* CContained(U,skc5,X) CContained(U,skc5,V).
41[0:Res:15.2,36.0] ||  -> SkP0(U,skc5,V)* CContained(V,skc5,U) SkP0(W,skc5,V)* CContained(V,skc5,W) CContained(V,skc5,U).
42[0:Obv:41.1] ||  -> SkP0(U,skc5,V)* SkP0(W,skc5,V)* CContained(V,skc5,W) CContained(V,skc5,U).
43[0:Con:42.0] ||  -> SkP0(U,skc5,V)* CContained(V,skc5,U).
47[1:Res:43.0,26.0] ||  -> CContained(skc6,skc5,skc4) OSPlace(skc6,skc4,skc7)*.
48[1:MRR:47.0,25.0] ||  -> OSPlace(skc6,skc4,skc7)*.
49[1:Res:48.0,13.1] || Cavity(U,skc7) -> ClosedContainer(skc6,skc4,U)*.
51[1:Res:49.1,33.1] || Cavity(skf7(Place(skc6,skc5),U),skc7)* SkP0(skc4,skc5,skc6) -> CContained(skc6,skc5,skc4).
52[1:MRR:51.1,51.2,43.0,25.0] || Cavity(skf7(Place(skc6,skc5),U),skc7)* -> .
53[1:Res:5.1,52.0] || Contained(Place(skc6,skc5),skc7)* -> .
54[1:MRR:27.1,53.0] || SkP0(skc4,skc5,skc6)* -> .
55[1:Res:43.0,54.0] ||  -> CContained(skc6,skc5,skc4)*.
56[1:MRR:55.0,25.0] ||  -> .
57[1:Spt:56.0,19.3,25.0] ||  -> CContained(skc6,skc5,skc4)*.
58[1:Spt:56.0,19.0,19.1,19.2] || Contained(Place(skc6,skc5),U)* OSPlace(skc6,skc4,U) SkP0(skc4,skc5,skc6) -> .
59[1:Res:57.0,12.0] ||  -> P(Place(skc6,skc5),skf5(skc5,skc6,U))*.
61[1:Res:59.0,8.0] || Cavity(skf5(skc5,skc6,U),V)* -> Contained(Place(skc6,skc5),V).
62[1:Res:59.0,18.0] || ClosedContainer(skc6,U,skf5(skc5,skc6,V))* CContained(skc6,skc5,U) -> SkP0(U,skc5,skc6).
65[1:MRR:62.1,43.1] || ClosedContainer(skc6,U,skf5(skc5,skc6,V))* -> SkP0(U,skc5,skc6).
66[1:Res:29.1,61.0] || CContained(skc6,skc5,U) -> Contained(Place(skc6,skc5),skf6(skf5(skc5,skc6,U),V,W))*.
68[1:Res:9.1,65.0] || CContained(skc6,skc5,U) -> SkP0(U,skc5,skc6)*.
69[1:MRR:68.0,43.1] ||  -> SkP0(U,skc5,skc6)*.
70[1:MRR:58.2,69.0] || Contained(Place(skc6,skc5),U)* OSPlace(skc6,skc4,U) -> .
72[1:Res:66.1,70.0] || CContained(skc6,skc5,U) OSPlace(skc6,skc4,skf6(skf5(skc5,skc6,U),V,W))* -> .
85[1:Res:10.1,72.1] || ClosedContainer(skc6,skc4,skf5(skc5,skc6,U))* CContained(skc6,skc5,U) -> .
86[1:Res:9.1,85.0] || CContained(skc6,skc5,skc4)* CContained(skc6,skc5,skc4)* -> .
87[1:Obv:86.0] || CContained(skc6,skc5,skc4)* -> .
88[1:MRR:87.0,57.0] ||  -> .
Formulae used in the proof : conjecture0 axiom2 axiom1 axiom0

--------------------------SPASS-STOP------------------------------
