
--------------------------SPASS-START-----------------------------
Input Problem:
1[0:Inp] ||  -> Object(skc3)*.
2[0:Inp] ||  -> Action(StandStill)*.
3[0:Inp] ||  -> Time(Ta5)*.
4[0:Inp] ||  -> Time(Tb5)*.
5[0:Inp] ||  -> Object(Ob5)*.
6[0:Inp] ||  -> Object(Ol5)*.
7[0:Inp] ||  -> Region(Rc5)*.
8[0:Inp] ||  -> Object(Os5)*.
9[0:Inp] ||  -> History(Hu)*.
10[0:Inp] ||  -> History(Hc)*.
11[0:Inp] ||  -> Time(Tm)*.
12[0:Inp] ||  -> Object(Oa)*.
13[0:Inp] ||  -> AllStable(Ta5)*.
14[0:Inp] || equal(skc3,Ob5)** -> .
15[0:Inp] || equal(skc3,Ol5)** -> .
16[0:Inp] ||  -> Leq3(Ta5,skc2,Tb5)*.
17[0:Inp] ||  -> Motionless(Ta5,Tb5,Ob5)*.
18[0:Inp] || equal(Oa,Ol5)** -> .
19[0:Inp] || equal(Oa,Ob5)** -> .
20[0:Inp] ||  -> Leq3(Ta5,Tm,Tb5)*.
21[0:Inp] || SmallObject(U) -> Object(U)*.
22[0:Inp] || AllStable(U) -> Time(U)*.
23[0:Inp] || EmptyHanded(U) -> Time(U)*.
24[0:Inp] ||  -> BoxWithLidC(Ta5,Ob5,Ol5,Rc5)*.
25[0:Inp] ||  -> P(Place(Ta5,Os5),Rc5)*.
26[0:Inp] || Region(U) -> Region(ConvexHull(U))*.
27[0:Inp] || Object(U) -> ObjectSet(Singleton(U))*.
28[0:Inp] || Region(U) -> Action(TravelTo(U))*.
29[0:Inp] || Object(U) -> History(HPlace(U))*.
30[0:Inp] || SkP0(U,V)* -> Time(V).
31[0:Inp] || SkP0(U,V)* -> Time(U).
32[0:Inp] || Feasible(U,V)* -> Time(U).
33[0:Inp] || Feasible(U,V)* -> Action(V).
34[0:Inp] || Element(U,V)* -> Object(U).
35[0:Inp] || Element(U,V)* -> ObjectSet(V).
36[0:Inp] || FeasiblePlace(U,V)* -> Object(U).
37[0:Inp] || FeasiblePlace(U,V)* -> Region(V).
38[0:Inp] || SafelyMovable(U,V)* -> Time(U).
39[0:Inp] || SafelyMovable(U,V)* -> Object(V).
40[0:Inp] || FullyOutside(U,V)* -> Region(U).
41[0:Inp] || FullyOutside(U,V)* -> Region(V).
42[0:Inp] || Reachable(U,V)* -> Time(U).
43[0:Inp] || Reachable(U,V)* -> Region(V).
44[0:Inp] || SkP3(U,V)* -> ObjectSet(V).
45[0:Inp] || SkP3(U,V)* -> Region(U).
46[0:Inp] || OMuchSmaller(U,V)* -> Object(U).
47[0:Inp] || OMuchSmaller(U,V)* -> Region(V).
48[0:Inp] || SkP4(U,V)* -> Region(V).
49[0:Inp] || SkP4(U,V)* -> Region(U).
50[0:Inp] || SkP5(U,V)* -> Region(V).
51[0:Inp] || SkP5(U,V)* -> Region(U).
52[0:Inp] || SkP6(U,V)* -> Region(V).
53[0:Inp] || SkP6(U,V)* -> Region(U).
54[0:Inp] || MuchSmaller(U,V)* -> Region(U).
55[0:Inp] || MuchSmaller(U,V)* -> Region(V).
56[0:Inp] || Stable(U,V)* -> Time(U).
57[0:Inp] || Stable(U,V)* -> Object(V).
58[0:Inp] || NoPartialContents(U,V)* -> Time(U).
59[0:Inp] || NoPartialContents(U,V)* -> Object(V).
60[0:Inp] || CanGrasp(U,V)* -> Time(U).
61[0:Inp] || CanGrasp(U,V)* -> Object(V).
62[0:Inp] || Grasp(U,V)* -> Time(U).
63[0:Inp] || Grasp(U,V)* -> Object(V).
64[0:Inp] || Graspable(U,V)* -> Time(U).
65[0:Inp] || Graspable(U,V)* -> Object(V).
66[0:Inp] || P(Place(Ta5,Agent),Rc5)* -> .
67[0:Inp] || Lt(U,V) -> SkP0(V,U)*.
68[0:Inp] || Leq(U,V) -> SkP0(V,U)*.
69[0:Inp] || Leq3(U,V,W)* -> Time(U).
70[0:Inp] || Leq3(U,V,W)* -> Time(V).
71[0:Inp] || Leq3(U,V,W)* -> Time(W).
72[0:Inp] || Occurs(U,V,W)* -> Time(U).
73[0:Inp] || Occurs(U,V,W)* -> Time(V).
74[0:Inp] || Occurs(U,V,W)* -> Action(W).
75[0:Inp] || OSPlace(U,V,W)* -> Time(U).
76[0:Inp] || OSPlace(U,V,W)* -> ObjectSet(V).
77[0:Inp] || OSPlace(U,V,W)* -> Region(W).
78[0:Inp] || UprightContainer(U,V,W)* -> Time(U).
79[0:Inp] || UprightContainer(U,V,W)* -> Object(V).
80[0:Inp] || UprightContainer(U,V,W)* -> Region(W).
81[0:Inp] || SkP1(U,V,W)* -> Time(W).
82[0:Inp] || SkP1(U,V,W)* -> Object(V).
83[0:Inp] || SkP1(U,V,W)* -> Object(U).
84[0:Inp] || BoxedIn(U,V,W)* -> Time(U).
85[0:Inp] || BoxedIn(U,V,W)* -> Object(V).
86[0:Inp] || BoxedIn(U,V,W)* -> Object(W).
87[0:Inp] || SkP2(U,V,W)* -> Time(W).
88[0:Inp] || SkP2(U,V,W)* -> Time(V).
89[0:Inp] || SkP2(U,V,W)* -> Object(U).
90[0:Inp] || Fits(U,V) -> SkP3(V,U)*.
91[0:Inp] || SmallSet(U,V) -> SkP3(V,U)*.
92[0:Inp] || DR(U,V) -> SkP4(V,U)*.
93[0:Inp] || EC(U,V) -> SkP4(V,U)*.
94[0:Inp] || P(U,V) -> SkP4(V,U)*.
95[0:Inp] || O(U,V) -> SkP4(V,U)*.
96[0:Inp] || OV(U,V) -> SkP4(V,U)*.
97[0:Inp] || OpenContained(U,V) -> SkP5(V,U)*.
98[0:Inp] || FullyOutside(U,V) -> SkP5(V,U)*.
99[0:Inp] || OpenContainerShape(U,V) -> SkP5(V,U)*.
100[0:Inp] || UprightContainerShape(U,V) -> SkP5(V,U)*.
101[0:Inp] || Cavity(U,V) -> SkP6(V,U)*.
102[0:Inp] || PartiallyContained(U,V) -> SkP6(V,U)*.
103[0:Inp] || CombinedContainer(U,V,W)* -> Region(U).
104[0:Inp] || CombinedContainer(U,V,W)* -> Region(V).
105[0:Inp] || CombinedContainer(U,V,W)* -> Region(W).
106[0:Inp] || Moves(U,V,W)* -> Time(U).
107[0:Inp] || Moves(U,V,W)* -> Time(V).
108[0:Inp] || Moves(U,V,W)* -> Object(W).
109[0:Inp] || SkP7(U,V,W)* -> Time(W).
110[0:Inp] || SkP7(U,V,W)* -> Time(V).
111[0:Inp] || SkP7(U,V,W)* -> Object(U).
112[0:Inp] || Grasps(U,V,W)* -> Time(U).
113[0:Inp] || Grasps(U,V,W)* -> Time(V).
114[0:Inp] || Grasps(U,V,W)* -> Object(W).
115[0:Inp] || Constant(U,V,W)* -> Time(U).
116[0:Inp] || Constant(U,V,W)* -> Time(V).
117[0:Inp] || Constant(U,V,W)* -> History(W).
118[0:Inp] || BoxWithLid(U,V,W)* -> Time(U).
119[0:Inp] || BoxWithLid(U,V,W)* -> Object(V).
120[0:Inp] || BoxWithLid(U,V,W)* -> Object(W).
121[0:Inp] ||  -> O(Slice(skc2,HPlace(skc3)),Slice(skc2,Hu))*.
122[0:Inp] || SafeManipulate(U,V,W,X)* -> Time(U).
123[0:Inp] || SafeManipulate(U,V,W,X)* -> Time(V).
124[0:Inp] || SafeManipulate(U,V,W,X)* -> Object(W).
125[0:Inp] || SafeManipulate(U,V,W,X)* -> Region(X).
126[0:Inp] || SkP8(U,V,W,X)* -> Time(X).
127[0:Inp] || SkP8(U,V,W,X)* -> Time(W).
128[0:Inp] || SkP8(U,V,W,X)* -> History(V).
129[0:Inp] || SkP8(U,V,W,X)* -> History(U).
130[0:Inp] || DynamicUContainer(U,V,W,X)* -> Time(U).
131[0:Inp] || DynamicUContainer(U,V,W,X)* -> Time(V).
132[0:Inp] || DynamicUContainer(U,V,W,X)* -> Object(W).
133[0:Inp] || DynamicUContainer(U,V,W,X)* -> History(X).
134[0:Inp] || BoxWithLidC(U,V,W,X)* -> Time(U).
135[0:Inp] || BoxWithLidC(U,V,W,X)* -> Object(V).
136[0:Inp] || BoxWithLidC(U,V,W,X)* -> Object(W).
137[0:Inp] || BoxWithLidC(U,V,W,X)* -> Region(X).
138[0:Inp] || Leq3(U,V,W)* -> Leq(U,V).
139[0:Inp] || Leq3(U,V,W)* -> Leq(V,W).
140[0:Inp] || equal(Place(Tb5,Os5),Place(Ta5,Os5))** -> .
141[0:Inp] ||  -> O(Slice(Tm,HPlace(Oa)),Slice(Tm,Hu))*.
142[0:Inp] || CContained(U,V,W) -> SkP1(W,V,U)*.
143[0:Inp] || UContained(U,V,W) -> SkP1(W,V,U)*.
144[0:Inp] || BLContained(U,V,W) -> SkP1(W,V,U)*.
145[0:Inp] || PreserveCContents(U,V,W) -> SkP2(W,V,U)*.
146[0:Inp] || PreserveUContents(U,V,W) -> SkP2(W,V,U)*.
147[0:Inp] || PreserveBoxWithLid(U,V,W) -> SkP2(W,V,U)*.
148[0:Inp] || StableThroughout(U,V,W) -> SkP7(W,V,U)*.
149[0:Inp] || Released(U,V,W) -> SkP7(W,V,U)*.
150[0:Inp] || Motionless(U,V,W) -> SkP7(W,V,U)*.
151[0:Inp] || Action(U) Action(V) -> Action(Sequence(U,V))*.
152[0:Inp] || Region(U) Region(V) -> Region(RUnion(U,V))*.
153[0:Inp] || Object(U) Object(V) -> ObjectSet(Pair(U,V))*.
154[0:Inp] || ObjectSet(U) ObjectSet(V) -> ObjectSet(Union(U,V))*.
155[0:Inp] || Time(U) Object(V) -> Region(Place(U,V))*.
156[0:Inp] || Time(U) Region(V) -> ObjectSet(Contents(U,V))*.
157[0:Inp] || Time(U) ObjectSet(V) -> ObjectSet(CContents(U,V))*.
158[0:Inp] || Time(U) ObjectSet(V) -> ObjectSet(UContents(U,V))*.
159[0:Inp] || Object(U) Region(V) -> Action(ManipTo(U,V))*.
160[0:Inp] || Time(U) History(V) -> Region(Slice(U,V))*.
161[0:Inp] || History(U) History(V) -> History(HUnion(U,V))*.
162[0:Inp] || Time(U) Object(V) -> ObjectSet(MovingGroup(U,V))*.
163[0:Inp] || Object(U) Object(V) -> Action(PutInUC(U,V))*.
164[0:Inp] || Object(U) Object(V) -> Action(LoadUprightContainer(U,V))*.
165[0:Inp] || PersistentCavity(U,V,W,X) -> SkP8(X,W,V,U)*.
166[0:Inp] || NoExitCavity(U,V,W,X) -> SkP8(X,W,V,U)*.
167[0:Inp] || NoEntranceCavity(U,V,W,X) -> SkP8(X,W,V,U)*.
168[0:Inp] || Lt(U,V)* Lt(V,W)* -> Lt(U,W)*.
169[0:Inp] || Leq(U,V) Leq(W,U) -> Leq3(W,U,V)*.
170[0:Inp] || O(U,RUnion(V,W))* -> O(U,V) O(U,W).
171[0:Inp] || Region(U) Region(V) -> O(U,V) DR(U,V)*.
172[0:Inp] || Lt(U,V) Time(U) Time(V) -> Leq(U,V)*.
173[0:Inp] || equal(U,V) Time(U) Time(V) -> Leq(U,V)*.
174[0:Inp] || Time(U) Object(V) -> equal(Slice(U,HPlace(V)),Place(U,V))**.
175[0:Inp] || DR(U,V)* O(U,V) Region(U) Region(V) -> .
176[0:Inp] || Leq(U,V)* Time(U) Time(V) -> Lt(U,V) equal(U,V).
177[0:Inp] || Leq3(Ta5,U,Tb5) -> equal(RUnion(Place(U,Ob5),Place(U,Ol5)),Slice(U,Hu))**.
178[0:Inp] || Object(U) Object(V) Time(W) -> equal(U,V) DR(Place(W,U),Place(W,V))*.
 This is a first-order Non-Horn problem containing equality.
 This is a problem that has, if any, a non-trivial domain model.
 This is a problem that contains sort information.
 The conjecture is ground.
 The following monadic predicates have finite extensions: AllStable.
 Axiom clauses: 173 Conjecture clauses: 5
 Inferences: IEmS=1 ISoR=1 IEqR=1 IEqF=1 ISpR=1 ISpL=1 IORe=1 IOFc=1 
 Reductions: RFRew=1 RBRew=1 RFMRR=1 RBMRR=1 RObv=1 RUnC=1 RTaut=1 RSSi=1 RFSub=1 RBSub=1 RAED=2 RCon=1 
 Extras    : Input Saturation, Dynamic Selection, Full Splitting, Full Reduction,  Ratio: 5, FuncWeight: 1, VarWeight: 1
 Precedence: LoadUprightContainer > PutInUC > MovingGroup > HUnion > Slice > ManipTo > UContents > CContents > Union > Pair > RUnion > Place > Contents > Sequence > HPlace > TravelTo > Singleton > ConvexHull > Action > ObjectSet > SkP4 > DR > O > Region > SkP0 > Leq3 > Leq > Lt > Time > History > Object > UprightContainer > SkP5 > FullyOutside > SkP3 > SmallSet > AllStable > EmptyHanded > Graspable > Reachable > SafelyMovable > SmallObject > BoxedIn > NoPartialContents > Occurs > CanGrasp > UprightContainerShape > SkP1 > UContained > P > Element > SkP7 > Motionless > Released > Grasp > Moves > Feasible > SafeManipulate > SkP6 > PartiallyContained > OSPlace > SkP2 > PreserveCContents > PreserveUContents > PreserveBoxWithLid > Stable > StableThroughout > Fits > MuchSmaller > OMuchSmaller > OpenContainerShape > OpenContained > CContained > BLContained > DynamicUContainer > Cavity > Constant > Grasps > FeasiblePlace > OV > BoxWithLidC > BoxWithLid > CombinedContainer > EC > SkP8 > PersistentCavity > NoExitCavity > NoEntranceCavity > skc3 > skc2 > skc1 > skc0 > Oa > Tm > Hc > Hu > Tb5 > Os5 > Rc5 > Ol5 > Ob5 > Ta5 > Rc1 > Ra4 > Tm2 > Tb > Ra1 > Tm1 > Agent > Ox4 > Rc4 > Ob4 > Ta4 > StandStill
 Ordering  : KBO
Processed Problem:

Worked Off Clauses:

Usable Clauses:
13[0:Inp] ||  -> AllStable(Ta5)*.
10[0:Inp] ||  -> History(Hc)*.
9[0:Inp] ||  -> History(Hu)*.
2[0:Inp] ||  -> Action(StandStill)*.
7[0:Inp] ||  -> Region(Rc5)*.
12[0:Inp] ||  -> Object(Oa)*.
8[0:Inp] ||  -> Object(Os5)*.
6[0:Inp] ||  -> Object(Ol5)*.
5[0:Inp] ||  -> Object(Ob5)*.
1[0:Inp] ||  -> Object(skc3)*.
11[0:Inp] ||  -> Time(Tm)*.
4[0:Inp] ||  -> Time(Tb5)*.
3[0:Inp] ||  -> Time(Ta5)*.
197[0:Res:16.0,70.0] ||  -> Time(skc2)*.
194[0:Res:16.0,138.0] ||  -> Leq(Ta5,skc2)*.
195[0:Res:16.0,139.0] ||  -> Leq(skc2,Tb5)*.
185[0:Res:1.0,29.0] ||  -> History(HPlace(skc3))*.
184[0:Res:1.0,27.0] ||  -> ObjectSet(Singleton(skc3))*.
17[0:Inp] ||  -> Motionless(Ta5,Tb5,Ob5)*.
20[0:Inp] ||  -> Leq3(Ta5,Tm,Tb5)*.
16[0:Inp] ||  -> Leq3(Ta5,skc2,Tb5)*.
19[0:Inp] || equal(Oa,Ob5)** -> .
18[0:Inp] || equal(Oa,Ol5)** -> .
15[0:Inp] || equal(skc3,Ol5)** -> .
14[0:Inp] || equal(skc3,Ob5)** -> .
215[0:Res:1.0,192.0] ||  -> Action(LoadUprightContainer(skc3,skc3))*.
216[0:Res:1.0,191.0] ||  -> Action(PutInUC(skc3,skc3))*.
217[0:Res:1.0,188.0] ||  -> ObjectSet(Pair(skc3,skc3))*.
24[0:Inp] ||  -> BoxWithLidC(Ta5,Ob5,Ol5,Rc5)*.
25[0:Inp] ||  -> P(Place(Ta5,Os5),Rc5)*.
21[0:Inp] SmallObject(U) ||  -> Object(U)*.
23[0:Inp] EmptyHanded(U) ||  -> Time(U)*.
22[0:Inp] AllStable(U) ||  -> Time(U)*.
66[0:Inp] || P(Place(Ta5,Agent),Rc5)* -> .
29[0:Inp] Object(U) ||  -> History(HPlace(U))*.
28[0:Inp] Region(U) ||  -> Action(TravelTo(U))*.
27[0:Inp] Object(U) ||  -> ObjectSet(Singleton(U))*.
26[0:Inp] Region(U) ||  -> Region(ConvexHull(U))*.
33[0:Inp] || Feasible(U,V)* -> Action(V).
35[0:Inp] || Element(U,V)* -> ObjectSet(V).
44[0:Inp] || SkP3(U,V)* -> ObjectSet(V).
55[0:Inp] || MuchSmaller(U,V)* -> Region(V).
54[0:Inp] || MuchSmaller(U,V)* -> Region(U).
47[0:Inp] || OMuchSmaller(U,V)* -> Region(V).
43[0:Inp] || Reachable(U,V)* -> Region(V).
37[0:Inp] || FeasiblePlace(U,V)* -> Region(V).
41[0:Inp] || FullyOutside(U,V)* -> Region(V).
40[0:Inp] || FullyOutside(U,V)* -> Region(U).
53[0:Inp] || SkP6(U,V)* -> Region(U).
52[0:Inp] || SkP6(U,V)* -> Region(V).
45[0:Inp] || SkP3(U,V)* -> Region(U).
51[0:Inp] || SkP5(U,V)* -> Region(U).
50[0:Inp] || SkP5(U,V)* -> Region(V).
49[0:Inp] || SkP4(U,V)* -> Region(U).
48[0:Inp] || SkP4(U,V)* -> Region(V).
65[0:Inp] || Graspable(U,V)* -> Object(V).
63[0:Inp] || Grasp(U,V)* -> Object(V).
61[0:Inp] || CanGrasp(U,V)* -> Object(V).
59[0:Inp] || NoPartialContents(U,V)* -> Object(V).
57[0:Inp] || Stable(U,V)* -> Object(V).
46[0:Inp] || OMuchSmaller(U,V)* -> Object(U).
39[0:Inp] || SafelyMovable(U,V)* -> Object(V).
36[0:Inp] || FeasiblePlace(U,V)* -> Object(U).
34[0:Inp] || Element(U,V)* -> Object(U).
64[0:Inp] || Graspable(U,V)* -> Time(U).
62[0:Inp] || Grasp(U,V)* -> Time(U).
60[0:Inp] || CanGrasp(U,V)* -> Time(U).
58[0:Inp] || NoPartialContents(U,V)* -> Time(U).
56[0:Inp] || Stable(U,V)* -> Time(U).
42[0:Inp] || Reachable(U,V)* -> Time(U).
38[0:Inp] || SafelyMovable(U,V)* -> Time(U).
32[0:Inp] || Feasible(U,V)* -> Time(U).
31[0:Inp] || SkP0(U,V)* -> Time(U).
30[0:Inp] || SkP0(U,V)* -> Time(V).
102[0:Inp] || PartiallyContained(U,V) -> SkP6(V,U)*.
101[0:Inp] || Cavity(U,V) -> SkP6(V,U)*.
91[0:Inp] || SmallSet(U,V) -> SkP3(V,U)*.
90[0:Inp] || Fits(U,V) -> SkP3(V,U)*.
67[0:Inp] || Lt(U,V) -> SkP0(V,U)*.
68[0:Inp] || Leq(U,V) -> SkP0(V,U)*.
100[0:Inp] || UprightContainerShape(U,V) -> SkP5(V,U)*.
99[0:Inp] || OpenContainerShape(U,V) -> SkP5(V,U)*.
97[0:Inp] || OpenContained(U,V) -> SkP5(V,U)*.
98[0:Inp] || FullyOutside(U,V) -> SkP5(V,U)*.
96[0:Inp] || OV(U,V) -> SkP4(V,U)*.
93[0:Inp] || EC(U,V) -> SkP4(V,U)*.
94[0:Inp] || P(U,V) -> SkP4(V,U)*.
95[0:Inp] || O(U,V) -> SkP4(V,U)*.
92[0:Inp] || DR(U,V) -> SkP4(V,U)*.
117[0:Inp] || Constant(U,V,W)* -> History(W).
74[0:Inp] || Occurs(U,V,W)* -> Action(W).
76[0:Inp] || OSPlace(U,V,W)* -> ObjectSet(V).
105[0:Inp] || CombinedContainer(U,V,W)* -> Region(W).
104[0:Inp] || CombinedContainer(U,V,W)* -> Region(V).
103[0:Inp] || CombinedContainer(U,V,W)* -> Region(U).
80[0:Inp] || UprightContainer(U,V,W)* -> Region(W).
77[0:Inp] || OSPlace(U,V,W)* -> Region(W).
120[0:Inp] || BoxWithLid(U,V,W)* -> Object(W).
119[0:Inp] || BoxWithLid(U,V,W)* -> Object(V).
114[0:Inp] || Grasps(U,V,W)* -> Object(W).
108[0:Inp] || Moves(U,V,W)* -> Object(W).
86[0:Inp] || BoxedIn(U,V,W)* -> Object(W).
85[0:Inp] || BoxedIn(U,V,W)* -> Object(V).
79[0:Inp] || UprightContainer(U,V,W)* -> Object(V).
111[0:Inp] || SkP7(U,V,W)* -> Object(U).
89[0:Inp] || SkP2(U,V,W)* -> Object(U).
83[0:Inp] || SkP1(U,V,W)* -> Object(U).
82[0:Inp] || SkP1(U,V,W)* -> Object(V).
118[0:Inp] || BoxWithLid(U,V,W)* -> Time(U).
116[0:Inp] || Constant(U,V,W)* -> Time(V).
115[0:Inp] || Constant(U,V,W)* -> Time(U).
113[0:Inp] || Grasps(U,V,W)* -> Time(V).
112[0:Inp] || Grasps(U,V,W)* -> Time(U).
107[0:Inp] || Moves(U,V,W)* -> Time(V).
106[0:Inp] || Moves(U,V,W)* -> Time(U).
84[0:Inp] || BoxedIn(U,V,W)* -> Time(U).
78[0:Inp] || UprightContainer(U,V,W)* -> Time(U).
75[0:Inp] || OSPlace(U,V,W)* -> Time(U).
73[0:Inp] || Occurs(U,V,W)* -> Time(V).
72[0:Inp] || Occurs(U,V,W)* -> Time(U).
110[0:Inp] || SkP7(U,V,W)* -> Time(V).
109[0:Inp] || SkP7(U,V,W)* -> Time(W).
88[0:Inp] || SkP2(U,V,W)* -> Time(V).
87[0:Inp] || SkP2(U,V,W)* -> Time(W).
81[0:Inp] || SkP1(U,V,W)* -> Time(W).
71[0:Inp] || Leq3(U,V,W)* -> Time(W).
70[0:Inp] || Leq3(U,V,W)* -> Time(V).
69[0:Inp] || Leq3(U,V,W)* -> Time(U).
181[0:Res:1.0,159.0] Region(U) ||  -> Action(ManipTo(skc3,U))*.
182[0:Res:1.0,163.0] Object(U) ||  -> Action(PutInUC(skc3,U))*.
183[0:Res:1.0,164.0] Object(U) ||  -> Action(LoadUprightContainer(skc3,U))*.
180[0:Res:1.0,153.0] Object(U) ||  -> ObjectSet(Pair(skc3,U))*.
191[0:Res:1.0,163.1] Object(U) ||  -> Action(PutInUC(U,skc3))*.
192[0:Res:1.0,164.1] Object(U) ||  -> Action(LoadUprightContainer(U,skc3))*.
188[0:Res:1.0,153.1] Object(U) ||  -> ObjectSet(Pair(U,skc3))*.
190[0:Res:1.0,162.1] Time(U) ||  -> ObjectSet(MovingGroup(U,skc3))*.
189[0:Res:1.0,155.1] Time(U) ||  -> Region(Place(U,skc3))*.
141[0:Inp] ||  -> O(Slice(Tm,HPlace(Oa)),Slice(Tm,Hu))*.
121[0:Inp] ||  -> O(Slice(skc2,HPlace(skc3)),Slice(skc2,Hu))*.
140[0:Inp] || equal(Place(Tb5,Os5),Place(Ta5,Os5))** -> .
139[0:Inp] || Leq3(U,V,W)* -> Leq(V,W).
138[0:Inp] || Leq3(U,V,W)* -> Leq(U,V).
133[0:Inp] || DynamicUContainer(U,V,W,X)* -> History(X).
129[0:Inp] || SkP8(U,V,W,X)* -> History(U).
128[0:Inp] || SkP8(U,V,W,X)* -> History(V).
125[0:Inp] || SafeManipulate(U,V,W,X)* -> Region(X).
137[0:Inp] || BoxWithLidC(U,V,W,X)* -> Region(X).
132[0:Inp] || DynamicUContainer(U,V,W,X)* -> Object(W).
124[0:Inp] || SafeManipulate(U,V,W,X)* -> Object(W).
136[0:Inp] || BoxWithLidC(U,V,W,X)* -> Object(W).
135[0:Inp] || BoxWithLidC(U,V,W,X)* -> Object(V).
131[0:Inp] || DynamicUContainer(U,V,W,X)* -> Time(V).
130[0:Inp] || DynamicUContainer(U,V,W,X)* -> Time(U).
123[0:Inp] || SafeManipulate(U,V,W,X)* -> Time(V).
122[0:Inp] || SafeManipulate(U,V,W,X)* -> Time(U).
134[0:Inp] || BoxWithLidC(U,V,W,X)* -> Time(U).
127[0:Inp] || SkP8(U,V,W,X)* -> Time(W).
126[0:Inp] || SkP8(U,V,W,X)* -> Time(X).
208[0:Res:121.0,95.0] ||  -> SkP4(Slice(skc2,Hu),Slice(skc2,HPlace(skc3)))*.
149[0:Inp] || Released(U,V,W) -> SkP7(W,V,U)*.
148[0:Inp] || StableThroughout(U,V,W) -> SkP7(W,V,U)*.
147[0:Inp] || PreserveBoxWithLid(U,V,W) -> SkP2(W,V,U)*.
146[0:Inp] || PreserveUContents(U,V,W) -> SkP2(W,V,U)*.
145[0:Inp] || PreserveCContents(U,V,W) -> SkP2(W,V,U)*.
144[0:Inp] || BLContained(U,V,W) -> SkP1(W,V,U)*.
143[0:Inp] || UContained(U,V,W) -> SkP1(W,V,U)*.
142[0:Inp] || CContained(U,V,W) -> SkP1(W,V,U)*.
150[0:Inp] || Motionless(U,V,W) -> SkP7(W,V,U)*.
161[0:Inp] History(U) History(V) ||  -> History(HUnion(V,U))*.
151[0:Inp] Action(U) Action(V) ||  -> Action(Sequence(V,U))*.
159[0:Inp] Region(U) Object(V) ||  -> Action(ManipTo(V,U))*.
164[0:Inp] Object(U) Object(V) ||  -> Action(LoadUprightContainer(V,U))*.
163[0:Inp] Object(U) Object(V) ||  -> Action(PutInUC(V,U))*.
154[0:Inp] ObjectSet(U) ObjectSet(V) ||  -> ObjectSet(Union(V,U))*.
153[0:Inp] Object(U) Object(V) ||  -> ObjectSet(Pair(V,U))*.
158[0:Inp] ObjectSet(U) Time(V) ||  -> ObjectSet(UContents(V,U))*.
157[0:Inp] ObjectSet(U) Time(V) ||  -> ObjectSet(CContents(V,U))*.
156[0:Inp] Region(U) Time(V) ||  -> ObjectSet(Contents(V,U))*.
162[0:Inp] Object(U) Time(V) ||  -> ObjectSet(MovingGroup(V,U))*.
152[0:Inp] Region(U) Region(V) ||  -> Region(RUnion(V,U))*.
160[0:Inp] History(U) Time(V) ||  -> Region(Slice(V,U))*.
155[0:Inp] Object(U) Time(V) ||  -> Region(Place(V,U))*.
209[0:MRR:199.0,199.1,1.0,6.0] Time(U) ||  -> DR(Place(U,skc3),Place(U,Ol5))*.
210[0:MRR:201.0,201.1,6.0,1.0] Time(U) ||  -> DR(Place(U,Ol5),Place(U,skc3))*.
211[0:MRR:203.0,203.1,1.0,5.0] Time(U) ||  -> DR(Place(U,skc3),Place(U,Ob5))*.
212[0:MRR:205.0,205.1,5.0,1.0] Time(U) ||  -> DR(Place(U,Ob5),Place(U,skc3))*.
168[0:Inp] || Lt(U,V)* Lt(W,U)* -> Lt(W,V)*.
167[0:Inp] || NoEntranceCavity(U,V,W,X) -> SkP8(X,W,V,U)*.
166[0:Inp] || NoExitCavity(U,V,W,X) -> SkP8(X,W,V,U)*.
165[0:Inp] || PersistentCavity(U,V,W,X) -> SkP8(X,W,V,U)*.
193[0:Res:16.0,177.0] ||  -> equal(RUnion(Place(skc2,Ob5),Place(skc2,Ol5)),Slice(skc2,Hu))**.
187[0:Res:1.0,174.1] Time(U) ||  -> equal(Slice(U,HPlace(skc3)),Place(U,skc3))**.
171[0:Inp] Region(U) Region(V) ||  -> DR(V,U)* O(V,U).
170[0:Inp] || O(U,RUnion(V,W))* -> O(U,W) O(U,V).
169[0:Inp] || Leq(U,V) Leq(V,W) -> Leq3(U,V,W)*.
172[0:Inp] Time(U) Time(V) || Lt(V,U) -> Leq(V,U)*.
173[0:Inp] Time(U) Time(V) || equal(V,U) -> Leq(V,U)*.
200[0:Res:176.4,15.0] Time(Ol5) Time(skc3) || Leq(skc3,Ol5)* -> Lt(skc3,Ol5).
202[0:Res:176.4,15.0] Time(skc3) Time(Ol5) || Leq(Ol5,skc3)* -> Lt(Ol5,skc3).
204[0:Res:176.4,14.0] Time(Ob5) Time(skc3) || Leq(skc3,Ob5)* -> Lt(skc3,Ob5).
206[0:Res:176.4,14.0] Time(skc3) Time(Ob5) || Leq(Ob5,skc3)* -> Lt(Ob5,skc3).
174[0:Inp] Object(U) Time(V) ||  -> equal(Slice(V,HPlace(U)),Place(V,U))**.
175[0:Inp] Region(U) Region(V) || O(V,U) DR(V,U)* -> .
177[0:Inp] || Leq3(Ta5,U,Tb5) -> equal(RUnion(Place(U,Ob5),Place(U,Ol5)),Slice(U,Hu))**.
176[0:Inp] Time(U) Time(V) || Leq(V,U)* -> equal(V,U) Lt(V,U).
179[0:Res:1.0,178.0] Time(U) Object(V) ||  -> equal(skc3,V) DR(Place(U,skc3),Place(U,V))*.
186[0:Res:1.0,178.1] Time(U) Object(V) ||  -> equal(V,skc3) DR(Place(U,V),Place(U,skc3))*.
178[0:Inp] Time(U) Object(V) Object(W) ||  -> equal(W,V) DR(Place(U,W),Place(U,V))*.
207[0:Res:121.0,175.3] Region(Slice(skc2,Hu)) Region(Slice(skc2,HPlace(skc3))) || DR(Slice(skc2,HPlace(skc3)),Slice(skc2,Hu))* -> .
	Given clause: 13[0:Inp] ||  -> AllStable(Ta5)*.
	Given clause: 10[0:Inp] ||  -> History(Hc)*.
	Given clause: 9[0:Inp] ||  -> History(Hu)*.
	Given clause: 2[0:Inp] ||  -> Action(StandStill)*.
	Given clause: 7[0:Inp] ||  -> Region(Rc5)*.
	Given clause: 12[0:Inp] ||  -> Object(Oa)*.
	Given clause: 8[0:Inp] ||  -> Object(Os5)*.
	Given clause: 6[0:Inp] ||  -> Object(Ol5)*.
	Given clause: 5[0:Inp] ||  -> Object(Ob5)*.
	Given clause: 1[0:Inp] ||  -> Object(skc3)*.
	Given clause: 11[0:Inp] ||  -> Time(Tm)*.
	Given clause: 4[0:Inp] ||  -> Time(Tb5)*.
	Given clause: 3[0:Inp] ||  -> Time(Ta5)*.
	Given clause: 197[0:Res:16.0,70.0] ||  -> Time(skc2)*.
	Given clause: 17[0:Inp] ||  -> Motionless(Ta5,Tb5,Ob5)*.
	Given clause: 194[0:Res:16.0,138.0] ||  -> Leq(Ta5,skc2)*.
	Given clause: 195[0:Res:16.0,139.0] ||  -> Leq(skc2,Tb5)*.
	Given clause: 185[0:Res:1.0,29.0] ||  -> History(HPlace(skc3))*.
	Given clause: 184[0:Res:1.0,27.0] ||  -> ObjectSet(Singleton(skc3))*.
	Given clause: 20[0:Inp] ||  -> Leq3(Ta5,Tm,Tb5)*.
	Given clause: 16[0:Inp] ||  -> Leq3(Ta5,skc2,Tb5)*.
	Given clause: 19[0:Inp] || equal(Oa,Ob5)** -> .
	Given clause: 18[0:Inp] || equal(Oa,Ol5)** -> .
	Given clause: 15[0:Inp] || equal(skc3,Ol5)** -> .
	Given clause: 14[0:Inp] || equal(skc3,Ob5)** -> .
	Given clause: 215[0:Res:1.0,192.0] ||  -> Action(LoadUprightContainer(skc3,skc3))*.
	Given clause: 216[0:Res:1.0,191.0] ||  -> Action(PutInUC(skc3,skc3))*.
	Given clause: 217[0:Res:1.0,188.0] ||  -> ObjectSet(Pair(skc3,skc3))*.
	Given clause: 24[0:Inp] ||  -> BoxWithLidC(Ta5,Ob5,Ol5,Rc5)*.
	Given clause: 25[0:Inp] ||  -> P(Place(Ta5,Os5),Rc5)*.
	Given clause: 21[0:Inp] SmallObject(U) ||  -> Object(U)*.
	Given clause: 23[0:Inp] EmptyHanded(U) ||  -> Time(U)*.
	Given clause: 22[0:Inp] AllStable(U) ||  -> Time(U)*.
	Given clause: 66[0:Inp] || P(Place(Ta5,Agent),Rc5)* -> .
	Given clause: 29[0:Inp] Object(U) ||  -> History(HPlace(U))*.
	Given clause: 28[0:Inp] Region(U) ||  -> Action(TravelTo(U))*.
	Given clause: 27[0:Inp] Object(U) ||  -> ObjectSet(Singleton(U))*.
	Given clause: 26[0:Inp] Region(U) ||  -> Region(ConvexHull(U))*.
	Given clause: 33[0:Inp] || Feasible(U,V)* -> Action(V).
	Given clause: 35[0:Inp] || Element(U,V)* -> ObjectSet(V).
	Given clause: 44[0:Inp] || SkP3(U,V)* -> ObjectSet(V).
	Given clause: 55[0:Inp] || MuchSmaller(U,V)* -> Region(V).
	Given clause: 54[0:Inp] || MuchSmaller(U,V)* -> Region(U).
	Given clause: 47[0:Inp] || OMuchSmaller(U,V)* -> Region(V).
	Given clause: 43[0:Inp] || Reachable(U,V)* -> Region(V).
	Given clause: 37[0:Inp] || FeasiblePlace(U,V)* -> Region(V).
	Given clause: 41[0:Inp] || FullyOutside(U,V)* -> Region(V).
	Given clause: 40[0:Inp] || FullyOutside(U,V)* -> Region(U).
	Given clause: 53[0:Inp] || SkP6(U,V)* -> Region(U).
	Given clause: 52[0:Inp] || SkP6(U,V)* -> Region(V).
	Given clause: 45[0:Inp] || SkP3(U,V)* -> Region(U).
	Given clause: 51[0:Inp] || SkP5(U,V)* -> Region(U).
	Given clause: 50[0:Inp] || SkP5(U,V)* -> Region(V).
	Given clause: 49[0:Inp] || SkP4(U,V)* -> Region(U).
	Given clause: 48[0:Inp] || SkP4(U,V)* -> Region(V).
	Given clause: 65[0:Inp] || Graspable(U,V)* -> Object(V).
	Given clause: 63[0:Inp] || Grasp(U,V)* -> Object(V).
	Given clause: 61[0:Inp] || CanGrasp(U,V)* -> Object(V).
	Given clause: 59[0:Inp] || NoPartialContents(U,V)* -> Object(V).
	Given clause: 57[0:Inp] || Stable(U,V)* -> Object(V).
	Given clause: 46[0:Inp] || OMuchSmaller(U,V)* -> Object(U).
	Given clause: 39[0:Inp] || SafelyMovable(U,V)* -> Object(V).
	Given clause: 36[0:Inp] || FeasiblePlace(U,V)* -> Object(U).
	Given clause: 34[0:Inp] || Element(U,V)* -> Object(U).
	Given clause: 64[0:Inp] || Graspable(U,V)* -> Time(U).
	Given clause: 62[0:Inp] || Grasp(U,V)* -> Time(U).
	Given clause: 60[0:Inp] || CanGrasp(U,V)* -> Time(U).
	Given clause: 58[0:Inp] || NoPartialContents(U,V)* -> Time(U).
	Given clause: 56[0:Inp] || Stable(U,V)* -> Time(U).
	Given clause: 42[0:Inp] || Reachable(U,V)* -> Time(U).
	Given clause: 38[0:Inp] || SafelyMovable(U,V)* -> Time(U).
	Given clause: 32[0:Inp] || Feasible(U,V)* -> Time(U).
	Given clause: 31[0:Inp] || SkP0(U,V)* -> Time(U).
	Given clause: 30[0:Inp] || SkP0(U,V)* -> Time(V).
	Given clause: 102[0:Inp] || PartiallyContained(U,V) -> SkP6(V,U)*.
	Given clause: 225[0:Res:102.1,52.0] || PartiallyContained(U,V)* -> Region(U).
	Given clause: 226[0:Res:102.1,53.0] || PartiallyContained(U,V)* -> Region(V).
	Given clause: 181[0:Res:1.0,159.0] Region(U) ||  -> Action(ManipTo(skc3,U))*.
	Given clause: 182[0:Res:1.0,163.0] Object(U) ||  -> Action(PutInUC(skc3,U))*.
	Given clause: 101[0:Inp] || Cavity(U,V) -> SkP6(V,U)*.
	Given clause: 227[0:Res:101.1,52.0] || Cavity(U,V)* -> Region(U).
	Given clause: 228[0:Res:101.1,53.0] || Cavity(U,V)* -> Region(V).
	Given clause: 183[0:Res:1.0,164.0] Object(U) ||  -> Action(LoadUprightContainer(skc3,U))*.
	Given clause: 180[0:Res:1.0,153.0] Object(U) ||  -> ObjectSet(Pair(skc3,U))*.
	Given clause: 91[0:Inp] || SmallSet(U,V) -> SkP3(V,U)*.
	Given clause: 229[0:Res:91.1,45.0] || SmallSet(U,V)* -> Region(V).
	Given clause: 230[0:Res:91.1,44.0] || SmallSet(U,V)* -> ObjectSet(U).
	Given clause: 191[0:Res:1.0,163.1] Object(U) ||  -> Action(PutInUC(U,skc3))*.
	Given clause: 192[0:Res:1.0,164.1] Object(U) ||  -> Action(LoadUprightContainer(U,skc3))*.
	Given clause: 90[0:Inp] || Fits(U,V) -> SkP3(V,U)*.
	Given clause: 231[0:Res:90.1,45.0] || Fits(U,V)* -> Region(V).
	Given clause: 232[0:Res:90.1,44.0] || Fits(U,V)* -> ObjectSet(U).
	Given clause: 188[0:Res:1.0,153.1] Object(U) ||  -> ObjectSet(Pair(U,skc3))*.
	Given clause: 190[0:Res:1.0,162.1] Time(U) ||  -> ObjectSet(MovingGroup(U,skc3))*.
	Given clause: 67[0:Inp] || Lt(U,V) -> SkP0(V,U)*.
	Given clause: 233[0:Res:67.1,30.0] || Lt(U,V)* -> Time(U).
	Given clause: 234[0:Res:67.1,31.0] || Lt(U,V)* -> Time(V).
	Given clause: 189[0:Res:1.0,155.1] Time(U) ||  -> Region(Place(U,skc3))*.
	Given clause: 68[0:Inp] || Leq(U,V) -> SkP0(V,U)*.
	Given clause: 100[0:Inp] || UprightContainerShape(U,V) -> SkP5(V,U)*.
	Given clause: 237[0:Res:68.1,30.0] || Leq(U,V)* -> Time(U).
	Given clause: 238[0:Res:68.1,31.0] || Leq(U,V)* -> Time(V).
	Given clause: 249[0:Res:100.1,50.0] || UprightContainerShape(U,V)* -> Region(U).
	Given clause: 250[0:Res:100.1,51.0] || UprightContainerShape(U,V)* -> Region(V).
	Given clause: 99[0:Inp] || OpenContainerShape(U,V) -> SkP5(V,U)*.
	Given clause: 255[0:Res:99.1,50.0] || OpenContainerShape(U,V)* -> Region(U).
	Given clause: 256[0:Res:99.1,51.0] || OpenContainerShape(U,V)* -> Region(V).
	Given clause: 244[0:MRR:240.0,238.1] || Leq(skc3,Ol5)* -> Lt(skc3,Ol5).
	Given clause: 245[0:MRR:241.0,238.1] || Leq(skc3,Ob5)* -> Lt(skc3,Ob5).
	Given clause: 97[0:Inp] || OpenContained(U,V) -> SkP5(V,U)*.
	Given clause: 257[0:Res:97.1,50.0] || OpenContained(U,V)* -> Region(U).
	Given clause: 258[0:Res:97.1,51.0] || OpenContained(U,V)* -> Region(V).
	Given clause: 246[0:MRR:242.0,238.1] || Leq(Ol5,skc3)* -> Lt(Ol5,skc3).
	Given clause: 247[0:MRR:243.0,238.1] || Leq(Ob5,skc3)* -> Lt(Ob5,skc3).
	Given clause: 98[0:Inp] || FullyOutside(U,V) -> SkP5(V,U)*.
	Given clause: 96[0:Inp] || OV(U,V) -> SkP4(V,U)*.
	Given clause: 261[0:Res:96.1,48.0] || OV(U,V)* -> Region(U).
	Given clause: 262[0:Res:96.1,49.0] || OV(U,V)* -> Region(V).
	Given clause: 93[0:Inp] || EC(U,V) -> SkP4(V,U)*.
	Given clause: 94[0:Inp] || P(U,V) -> SkP4(V,U)*.
	Given clause: 263[0:Res:93.1,48.0] || EC(U,V)* -> Region(U).
	Given clause: 264[0:Res:93.1,49.0] || EC(U,V)* -> Region(V).
	Given clause: 265[0:Res:94.1,48.0] || P(U,V)* -> Region(U).
	Given clause: 267[0:Res:25.0,265.0] ||  -> Region(Place(Ta5,Os5))*.
	Given clause: 95[0:Inp] || O(U,V) -> SkP4(V,U)*.
	Given clause: 266[0:Res:94.1,49.0] || P(U,V)* -> Region(V).
	Given clause: 268[0:Res:95.1,48.0] || O(U,V)* -> Region(U).
	Given clause: 269[0:Res:95.1,49.0] || O(U,V)* -> Region(V).
	Given clause: 92[0:Inp] || DR(U,V) -> SkP4(V,U)*.
	Given clause: 117[0:Inp] || Constant(U,V,W)* -> History(W).
	Given clause: 273[0:Res:92.1,48.0] || DR(U,V)* -> Region(U).
	Given clause: 274[0:Res:92.1,49.0] || DR(U,V)* -> Region(V).
	Given clause: 74[0:Inp] || Occurs(U,V,W)* -> Action(W).
	Given clause: 76[0:Inp] || OSPlace(U,V,W)* -> ObjectSet(V).
	Given clause: 105[0:Inp] || CombinedContainer(U,V,W)* -> Region(W).
	Given clause: 104[0:Inp] || CombinedContainer(U,V,W)* -> Region(V).
	Given clause: 103[0:Inp] || CombinedContainer(U,V,W)* -> Region(U).
	Given clause: 80[0:Inp] || UprightContainer(U,V,W)* -> Region(W).
	Given clause: 77[0:Inp] || OSPlace(U,V,W)* -> Region(W).
	Given clause: 120[0:Inp] || BoxWithLid(U,V,W)* -> Object(W).
	Given clause: 119[0:Inp] || BoxWithLid(U,V,W)* -> Object(V).
	Given clause: 114[0:Inp] || Grasps(U,V,W)* -> Object(W).
	Given clause: 108[0:Inp] || Moves(U,V,W)* -> Object(W).
	Given clause: 86[0:Inp] || BoxedIn(U,V,W)* -> Object(W).
	Given clause: 85[0:Inp] || BoxedIn(U,V,W)* -> Object(V).
	Given clause: 79[0:Inp] || UprightContainer(U,V,W)* -> Object(V).
	Given clause: 111[0:Inp] || SkP7(U,V,W)* -> Object(U).
	Given clause: 89[0:Inp] || SkP2(U,V,W)* -> Object(U).
	Given clause: 83[0:Inp] || SkP1(U,V,W)* -> Object(U).
	Given clause: 82[0:Inp] || SkP1(U,V,W)* -> Object(V).
	Given clause: 118[0:Inp] || BoxWithLid(U,V,W)* -> Time(U).
	Given clause: 116[0:Inp] || Constant(U,V,W)* -> Time(V).
	Given clause: 115[0:Inp] || Constant(U,V,W)* -> Time(U).
	Given clause: 113[0:Inp] || Grasps(U,V,W)* -> Time(V).
	Given clause: 112[0:Inp] || Grasps(U,V,W)* -> Time(U).
	Given clause: 107[0:Inp] || Moves(U,V,W)* -> Time(V).
	Given clause: 106[0:Inp] || Moves(U,V,W)* -> Time(U).
	Given clause: 84[0:Inp] || BoxedIn(U,V,W)* -> Time(U).
	Given clause: 78[0:Inp] || UprightContainer(U,V,W)* -> Time(U).
	Given clause: 75[0:Inp] || OSPlace(U,V,W)* -> Time(U).
	Given clause: 73[0:Inp] || Occurs(U,V,W)* -> Time(V).
	Given clause: 72[0:Inp] || Occurs(U,V,W)* -> Time(U).
	Given clause: 110[0:Inp] || SkP7(U,V,W)* -> Time(V).
	Given clause: 109[0:Inp] || SkP7(U,V,W)* -> Time(W).
	Given clause: 88[0:Inp] || SkP2(U,V,W)* -> Time(V).
	Given clause: 87[0:Inp] || SkP2(U,V,W)* -> Time(W).
	Given clause: 81[0:Inp] || SkP1(U,V,W)* -> Time(W).
	Given clause: 71[0:Inp] || Leq3(U,V,W)* -> Time(W).
	Given clause: 70[0:Inp] || Leq3(U,V,W)* -> Time(V).
	Given clause: 69[0:Inp] || Leq3(U,V,W)* -> Time(U).
	Given clause: 236[0:MRR:235.0,234.1] || Lt(U,V) -> Leq(U,V)*.
	Given clause: 141[0:Inp] ||  -> O(Slice(Tm,HPlace(Oa)),Slice(Tm,Hu))*.
	Given clause: 289[0:Res:141.0,269.0] ||  -> Region(Slice(Tm,Hu))*.
	Given clause: 290[0:Res:141.0,268.0] ||  -> Region(Slice(Tm,HPlace(Oa)))*.
	Given clause: 121[0:Inp] ||  -> O(Slice(skc2,HPlace(skc3)),Slice(skc2,Hu))*.
	Given clause: 291[0:Res:121.0,269.0] ||  -> Region(Slice(skc2,Hu))*.
	Given clause: 292[0:Res:121.0,268.0] ||  -> Region(Slice(skc2,HPlace(skc3)))*.
	Given clause: 140[0:Inp] || equal(Place(Tb5,Os5),Place(Ta5,Os5))** -> .
	Given clause: 208[0:Res:121.0,95.0] ||  -> SkP4(Slice(skc2,Hu),Slice(skc2,HPlace(skc3)))*.
	Given clause: 271[0:MRR:270.0,269.1] || O(U,V) DR(U,V)* -> .
	Given clause: 139[0:Inp] || Leq3(U,V,W)* -> Leq(V,W).
	Given clause: 295[0:Res:20.0,139.0] ||  -> Leq(Tm,Tb5)*.
	Given clause: 138[0:Inp] || Leq3(U,V,W)* -> Leq(U,V).
	Given clause: 299[0:Res:20.0,138.0] ||  -> Leq(Ta5,Tm)*.
	Given clause: 133[0:Inp] || DynamicUContainer(U,V,W,X)* -> History(X).
	Given clause: 129[0:Inp] || SkP8(U,V,W,X)* -> History(U).
	Given clause: 128[0:Inp] || SkP8(U,V,W,X)* -> History(V).
	Given clause: 125[0:Inp] || SafeManipulate(U,V,W,X)* -> Region(X).
	Given clause: 137[0:Inp] || BoxWithLidC(U,V,W,X)* -> Region(X).
	Given clause: 132[0:Inp] || DynamicUContainer(U,V,W,X)* -> Object(W).
	Given clause: 124[0:Inp] || SafeManipulate(U,V,W,X)* -> Object(W).
	Given clause: 136[0:Inp] || BoxWithLidC(U,V,W,X)* -> Object(W).
	Given clause: 135[0:Inp] || BoxWithLidC(U,V,W,X)* -> Object(V).
	Given clause: 131[0:Inp] || DynamicUContainer(U,V,W,X)* -> Time(V).
	Given clause: 130[0:Inp] || DynamicUContainer(U,V,W,X)* -> Time(U).
	Given clause: 123[0:Inp] || SafeManipulate(U,V,W,X)* -> Time(V).
	Given clause: 122[0:Inp] || SafeManipulate(U,V,W,X)* -> Time(U).
	Given clause: 134[0:Inp] || BoxWithLidC(U,V,W,X)* -> Time(U).
	Given clause: 127[0:Inp] || SkP8(U,V,W,X)* -> Time(W).
	Given clause: 126[0:Inp] || SkP8(U,V,W,X)* -> Time(X).
	Given clause: 276[0:MRR:275.0,274.1] || DR(Slice(skc2,HPlace(skc3)),Slice(skc2,Hu))* -> .
	Given clause: 149[0:Inp] || Released(U,V,W) -> SkP7(W,V,U)*.
	Given clause: 307[0:Res:149.1,109.0] || Released(U,V,W)* -> Time(U).
	Given clause: 308[0:Res:149.1,110.0] || Released(U,V,W)* -> Time(V).
	Given clause: 148[0:Inp] || StableThroughout(U,V,W) -> SkP7(W,V,U)*.
	Given clause: 309[0:Res:149.1,111.0] || Released(U,V,W)* -> Object(W).
	Given clause: 310[0:Res:148.1,109.0] || StableThroughout(U,V,W)* -> Time(U).
	Given clause: 311[0:Res:148.1,110.0] || StableThroughout(U,V,W)* -> Time(V).
	Given clause: 312[0:Res:148.1,111.0] || StableThroughout(U,V,W)* -> Object(W).
	Given clause: 147[0:Inp] || PreserveBoxWithLid(U,V,W) -> SkP2(W,V,U)*.
	Given clause: 313[0:Res:147.1,87.0] || PreserveBoxWithLid(U,V,W)* -> Time(U).
	Given clause: 314[0:Res:147.1,88.0] || PreserveBoxWithLid(U,V,W)* -> Time(V).
	Given clause: 315[0:Res:147.1,89.0] || PreserveBoxWithLid(U,V,W)* -> Object(W).
	Given clause: 146[0:Inp] || PreserveUContents(U,V,W) -> SkP2(W,V,U)*.
	Given clause: 145[0:Inp] || PreserveCContents(U,V,W) -> SkP2(W,V,U)*.
	Given clause: 316[0:Res:146.1,87.0] || PreserveUContents(U,V,W)* -> Time(U).
	Given clause: 317[0:Res:146.1,88.0] || PreserveUContents(U,V,W)* -> Time(V).
	Given clause: 318[0:Res:146.1,89.0] || PreserveUContents(U,V,W)* -> Object(W).
	Given clause: 319[0:Res:145.1,87.0] || PreserveCContents(U,V,W)* -> Time(U).
	Given clause: 144[0:Inp] || BLContained(U,V,W) -> SkP1(W,V,U)*.
	Given clause: 320[0:Res:145.1,88.0] || PreserveCContents(U,V,W)* -> Time(V).
	Given clause: 321[0:Res:145.1,89.0] || PreserveCContents(U,V,W)* -> Object(W).
	Given clause: 322[0:Res:144.1,81.0] || BLContained(U,V,W)* -> Time(U).
	Given clause: 323[0:Res:144.1,82.0] || BLContained(U,V,W)* -> Object(V).
	Given clause: 143[0:Inp] || UContained(U,V,W) -> SkP1(W,V,U)*.
	Given clause: 324[0:Res:144.1,83.0] || BLContained(U,V,W)* -> Object(W).
	Given clause: 325[0:Res:143.1,81.0] || UContained(U,V,W)* -> Time(U).
	Given clause: 326[0:Res:143.1,82.0] || UContained(U,V,W)* -> Object(V).
	Given clause: 327[0:Res:143.1,83.0] || UContained(U,V,W)* -> Object(W).
	Given clause: 142[0:Inp] || CContained(U,V,W) -> SkP1(W,V,U)*.
	Given clause: 328[0:Res:142.1,81.0] || CContained(U,V,W)* -> Time(U).
	Given clause: 329[0:Res:142.1,82.0] || CContained(U,V,W)* -> Object(V).
	Given clause: 330[0:Res:142.1,83.0] || CContained(U,V,W)* -> Object(W).
	Given clause: 150[0:Inp] || Motionless(U,V,W) -> SkP7(W,V,U)*.
	Given clause: 161[0:Inp] History(U) History(V) ||  -> History(HUnion(V,U))*.
	Given clause: 331[0:Res:150.1,109.0] || Motionless(U,V,W)* -> Time(U).
	Given clause: 332[0:Res:150.1,110.0] || Motionless(U,V,W)* -> Time(V).
	Given clause: 333[0:Res:150.1,111.0] || Motionless(U,V,W)* -> Object(W).
	Given clause: 209[0:MRR:199.0,199.1,1.0,6.0] Time(U) ||  -> DR(Place(U,skc3),Place(U,Ol5))*.
	Given clause: 151[0:Inp] Action(U) Action(V) ||  -> Action(Sequence(V,U))*.
	Given clause: 338[0:Res:209.1,274.0] Time(U) ||  -> Region(Place(U,Ol5))*.
	Given clause: 210[0:MRR:201.0,201.1,6.0,1.0] Time(U) ||  -> DR(Place(U,Ol5),Place(U,skc3))*.
	Given clause: 211[0:MRR:203.0,203.1,1.0,5.0] Time(U) ||  -> DR(Place(U,skc3),Place(U,Ob5))*.
	Given clause: 344[0:Res:211.1,274.0] Time(U) ||  -> Region(Place(U,Ob5))*.
	Given clause: 159[0:Inp] Region(U) Object(V) ||  -> Action(ManipTo(V,U))*.
	Given clause: 212[0:MRR:205.0,205.1,5.0,1.0] Time(U) ||  -> DR(Place(U,Ob5),Place(U,skc3))*.
	Given clause: 164[0:Inp] Object(U) Object(V) ||  -> Action(LoadUprightContainer(V,U))*.
	Given clause: 163[0:Inp] Object(U) Object(V) ||  -> Action(PutInUC(V,U))*.
	Given clause: 154[0:Inp] ObjectSet(U) ObjectSet(V) ||  -> ObjectSet(Union(V,U))*.
	Given clause: 153[0:Inp] Object(U) Object(V) ||  -> ObjectSet(Pair(V,U))*.
	Given clause: 158[0:Inp] ObjectSet(U) Time(V) ||  -> ObjectSet(UContents(V,U))*.
	Given clause: 157[0:Inp] ObjectSet(U) Time(V) ||  -> ObjectSet(CContents(V,U))*.
	Given clause: 156[0:Inp] Region(U) Time(V) ||  -> ObjectSet(Contents(V,U))*.
	Given clause: 162[0:Inp] Object(U) Time(V) ||  -> ObjectSet(MovingGroup(V,U))*.
	Given clause: 152[0:Inp] Region(U) Region(V) ||  -> Region(RUnion(V,U))*.
	Given clause: 160[0:Inp] History(U) Time(V) ||  -> Region(Slice(V,U))*.
	Given clause: 155[0:Inp] Object(U) Time(V) ||  -> Region(Place(V,U))*.
	Given clause: 248[0:MRR:239.0,238.1] || Leq(U,V)* -> equal(U,V) Lt(U,V).
	Given clause: 349[0:Res:194.0,248.0] ||  -> equal(skc2,Ta5) Lt(Ta5,skc2)*.
	Given clause: 354[1:Spt:349.0] ||  -> equal(skc2,Ta5)**.
	Given clause: 358[1:Rew:354.0,16.0] ||  -> Leq3(Ta5,Ta5,Tb5)*.
	Given clause: 356[1:Rew:354.0,194.0] ||  -> Leq(Ta5,Ta5)*.
	Given clause: 357[1:Rew:354.0,195.0] ||  -> Leq(Ta5,Tb5)*.
	Given clause: 359[1:Rew:354.0,291.0] ||  -> Region(Slice(Ta5,Hu))*.
	Given clause: 361[1:Rew:354.0,292.0] ||  -> Region(Slice(Ta5,HPlace(skc3)))*.
	Given clause: 360[1:Rew:354.0,121.0] ||  -> O(Slice(Ta5,HPlace(skc3)),Slice(Ta5,Hu))*.
	Given clause: 350[0:Res:299.0,248.0] ||  -> equal(Tm,Ta5) Lt(Ta5,Tm)*.
	Given clause: 381[2:Spt:350.0] ||  -> equal(Tm,Ta5)**.
	Given clause: 386[2:Rew:381.0,290.0] ||  -> Region(Slice(Ta5,HPlace(Oa)))*.
	Given clause: 366[1:Rew:354.0,365.1] ||  -> equal(Tb5,Ta5) Lt(Ta5,Tb5)*.
	Given clause: 401[3:Spt:399.0,366.1] ||  -> Lt(Ta5,Tb5)*.
	Given clause: 4[0:Inp] ||  -> Time(Tb5)*.
	Given clause: 358[1:Rew:354.0,16.0] ||  -> Leq3(Ta5,Ta5,Tb5)*.
	Given clause: 357[1:Rew:354.0,195.0] ||  -> Leq(Ta5,Tb5)*.
	Given clause: 17[0:Inp] ||  -> Motionless(Ta5,Tb5,Ob5)*.
	Given clause: 400[3:Spt:399.0,366.0,392.0] || equal(Tb5,Ta5)** -> .
	Given clause: 362[1:Rew:354.0,208.0] ||  -> SkP4(Slice(Ta5,Hu),Slice(Ta5,HPlace(skc3)))*.
	Given clause: 385[2:Rew:381.0,141.0] ||  -> O(Slice(Ta5,HPlace(Oa)),Slice(Ta5,Hu))*.
	Given clause: 140[0:Inp] || equal(Place(Tb5,Os5),Place(Ta5,Os5))** -> .
	Given clause: 363[1:Rew:354.0,276.0] || DR(Slice(Ta5,HPlace(skc3)),Slice(Ta5,Hu))* -> .
	Given clause: 364[1:Rew:354.0,193.0] ||  -> equal(RUnion(Place(Ta5,Ob5),Place(Ta5,Ol5)),Slice(Ta5,Hu))**.
	Given clause: 187[0:Res:1.0,174.1] Time(U) ||  -> equal(Slice(U,HPlace(skc3)),Place(U,skc3))**.
	Given clause: 168[0:Inp] || Lt(U,V)*+ Lt(W,U)* -> Lt(W,V)*.
	Given clause: 427[1:SSi:423.0,13.0,3.0] ||  -> O(Place(Ta5,skc3),Slice(Ta5,Hu))*.
	Given clause: 433[1:Res:427.0,268.0] ||  -> Region(Place(Ta5,skc3))*.
	Given clause: 428[1:SSi:424.0,13.0,3.0] ||  -> SkP4(Slice(Ta5,Hu),Place(Ta5,skc3))*.
	Given clause: 431[3:Res:401.0,168.0] || Lt(U,Ta5) -> Lt(U,Tb5)*.
	Given clause: 167[0:Inp] || NoEntranceCavity(U,V,W,X) -> SkP8(X,W,V,U)*.
	Given clause: 429[1:SSi:426.0,13.0,3.0] || DR(Place(Ta5,skc3),Slice(Ta5,Hu))* -> .
	Given clause: 439[0:Res:167.1,126.0] || NoEntranceCavity(U,V,W,X)* -> Time(U).
	Given clause: 440[0:Res:167.1,127.0] || NoEntranceCavity(U,V,W,X)* -> Time(V).
	Given clause: 441[0:Res:167.1,128.0] || NoEntranceCavity(U,V,W,X)* -> History(W).
	Given clause: 166[0:Inp] || NoExitCavity(U,V,W,X) -> SkP8(X,W,V,U)*.
	Given clause: 442[0:Res:167.1,129.0] || NoEntranceCavity(U,V,W,X)* -> History(X).
	Given clause: 443[0:Res:166.1,126.0] || NoExitCavity(U,V,W,X)* -> Time(U).
	Given clause: 444[0:Res:166.1,127.0] || NoExitCavity(U,V,W,X)* -> Time(V).
	Given clause: 445[0:Res:166.1,128.0] || NoExitCavity(U,V,W,X)* -> History(W).
	Given clause: 165[0:Inp] || PersistentCavity(U,V,W,X) -> SkP8(X,W,V,U)*.
	Given clause: 446[0:Res:166.1,129.0] || NoExitCavity(U,V,W,X)* -> History(X).
	Given clause: 447[0:Res:165.1,126.0] || PersistentCavity(U,V,W,X)* -> Time(U).
	Given clause: 448[0:Res:165.1,127.0] || PersistentCavity(U,V,W,X)* -> Time(V).
	Given clause: 449[0:Res:165.1,128.0] || PersistentCavity(U,V,W,X)* -> History(W).
	Given clause: 171[0:Inp] Region(U) Region(V) ||  -> DR(V,U)* O(V,U).
	Given clause: 450[0:Res:165.1,129.0] || PersistentCavity(U,V,W,X)* -> History(X).
	Given clause: 337[0:Res:209.1,271.1] Time(U) || O(Place(U,skc3),Place(U,Ol5))* -> .
	Given clause: 340[0:Res:210.1,271.1] Time(U) || O(Place(U,Ol5),Place(U,skc3))* -> .
	Given clause: 343[0:Res:211.1,271.1] Time(U) || O(Place(U,skc3),Place(U,Ob5))* -> .
	Given clause: 170[0:Inp] || O(U,RUnion(V,W))* -> O(U,W) O(U,V).
	Given clause: 346[0:Res:212.1,271.1] Time(U) || O(Place(U,Ob5),Place(U,skc3))* -> .
	Given clause: 436[3:Res:431.1,168.0] || Lt(U,Ta5)*+ Lt(V,U)* -> Lt(V,Tb5)*.
	Given clause: 169[0:Inp] || Leq(U,V) Leq(V,W) -> Leq3(U,V,W)*.
	Given clause: 173[0:Inp] Time(U) Time(V) || equal(V,U) -> Leq(V,U)*.
	Given clause: 174[0:Inp] Object(U) Time(V) ||  -> equal(Slice(V,HPlace(U)),Place(V,U))**.
	Given clause: 478[2:SSi:474.1,474.0,13.0,3.0,12.0] ||  -> O(Place(Ta5,Oa),Slice(Ta5,Hu))*.
	Given clause: 481[2:Res:478.0,268.0] ||  -> Region(Place(Ta5,Oa))*.
	Given clause: 456[1:SpL:364.0,170.0] || O(U,Slice(Ta5,Hu))* -> O(U,Place(Ta5,Ol5)) O(U,Place(Ta5,Ob5)).
	Given clause: 484[1:Res:427.0,456.0] ||  -> O(Place(Ta5,skc3),Place(Ta5,Ol5))* O(Place(Ta5,skc3),Place(Ta5,Ob5)).
	Given clause: 177[0:Inp] || Leq3(Ta5,U,Tb5) -> equal(RUnion(Place(U,Ob5),Place(U,Ol5)),Slice(U,Hu))**.
	Given clause: 489[1:SSi:488.0,13.0,3.0] ||  -> O(Place(Ta5,skc3),Place(Ta5,Ob5))*.
	Given clause: 499[1:Spt:497.0,349.1] ||  -> Lt(Ta5,skc2)*.
	Given clause: 11[0:Inp] ||  -> Time(Tm)*.
	Given clause: 197[0:Res:16.0,70.0] ||  -> Time(skc2)*.
	Given clause: 299[0:Res:20.0,138.0] ||  -> Leq(Ta5,Tm)*.
	Given clause: 20[0:Inp] ||  -> Leq3(Ta5,Tm,Tb5)*.
	Given clause: 295[0:Res:20.0,139.0] ||  -> Leq(Tm,Tb5)*.
	Given clause: 195[0:Res:16.0,139.0] ||  -> Leq(skc2,Tb5)*.
	Given clause: 194[0:Res:16.0,138.0] ||  -> Leq(Ta5,skc2)*.
	Given clause: 289[0:Res:141.0,269.0] ||  -> Region(Slice(Tm,Hu))*.
	Given clause: 16[0:Inp] ||  -> Leq3(Ta5,skc2,Tb5)*.
	Given clause: 291[0:Res:121.0,269.0] ||  -> Region(Slice(skc2,Hu))*.
	Given clause: 498[1:Spt:497.0,349.0,354.0] || equal(skc2,Ta5)** -> .
	Given clause: 290[0:Res:141.0,268.0] ||  -> Region(Slice(Tm,HPlace(Oa)))*.
	Given clause: 292[0:Res:121.0,268.0] ||  -> Region(Slice(skc2,HPlace(skc3)))*.
	Given clause: 141[0:Inp] ||  -> O(Slice(Tm,HPlace(Oa)),Slice(Tm,Hu))*.
	Given clause: 352[0:Res:295.0,248.0] ||  -> equal(Tm,Tb5) Lt(Tm,Tb5)*.
	Given clause: 532[2:Spt:352.0] ||  -> equal(Tm,Tb5)**.
	Given clause: 534[2:Rew:532.0,299.0] ||  -> Leq(Ta5,Tb5)*.
	Given clause: 536[2:Rew:532.0,295.0] ||  -> Leq(Tb5,Tb5)*.
	Given clause: 535[2:Rew:532.0,20.0] ||  -> Leq3(Ta5,Tb5,Tb5)*.
	Given clause: 121[0:Inp] ||  -> O(Slice(skc2,HPlace(skc3)),Slice(skc2,Hu))*.
	Given clause: 537[2:Rew:532.0,289.0] ||  -> Region(Slice(Tb5,Hu))*.
	Given clause: 538[2:Rew:532.0,290.0] ||  -> Region(Slice(Tb5,HPlace(Oa)))*.
	Given clause: 351[0:Res:195.0,248.0] ||  -> equal(skc2,Tb5) Lt(skc2,Tb5)*.
	Given clause: 561[3:Spt:351.0] ||  -> equal(skc2,Tb5)**.
	Given clause: 562[3:Rew:561.0,499.0] ||  -> Lt(Ta5,Tb5)*.
	Given clause: 568[3:Rew:561.0,498.0] || equal(Tb5,Ta5)** -> .
	Given clause: 569[3:Rew:561.0,292.0] ||  -> Region(Slice(Tb5,HPlace(skc3)))*.
	Given clause: 541[2:Rew:532.0,531.0] ||  -> O(Place(Tb5,Oa),Slice(Tb5,Hu))*.
	Given clause: 583[2:Res:541.0,268.0] ||  -> Region(Place(Tb5,Oa))*.
	Given clause: 575[3:Rew:561.0,559.0] ||  -> O(Place(Tb5,skc3),Slice(Tb5,Hu))*.
	Given clause: 539[2:Rew:532.0,141.0] ||  -> O(Slice(Tb5,HPlace(Oa)),Slice(Tb5,Hu))*.
	Given clause: 585[3:Res:575.0,268.0] ||  -> Region(Place(Tb5,skc3))*.
	Given clause: 574[3:Rew:561.0,500.1] || Lt(U,Ta5) -> Lt(U,Tb5)*.
	Given clause: 570[3:Rew:561.0,121.0] ||  -> O(Slice(Tb5,HPlace(skc3)),Slice(Tb5,Hu))*.
	Given clause: 571[3:Rew:561.0,208.0] ||  -> SkP4(Slice(Tb5,Hu),Slice(Tb5,HPlace(skc3)))*.
	Given clause: 178[0:Inp] Time(U) Object(V) Object(W) ||  -> equal(W,V) DR(Place(U,W),Place(U,V))*.
	Given clause: 600[3:SSi:596.0,4.0] ||  -> SkP4(Slice(Tb5,Hu),Place(Tb5,skc3))*.
	Given clause: 572[3:Rew:561.0,276.0] || DR(Slice(Tb5,HPlace(skc3)),Slice(Tb5,Hu))* -> .
	Given clause: 609[3:SSi:606.0,4.0] || DR(Place(Tb5,skc3),Slice(Tb5,Hu))* -> .
	Given clause: 573[3:Rew:561.0,193.0] ||  -> equal(RUnion(Place(Tb5,Ob5),Place(Tb5,Ol5)),Slice(Tb5,Hu))**.
	Given clause: 179[0:Res:1.0,178.0] Time(U) Object(V) ||  -> equal(skc3,V) DR(Place(U,skc3),Place(U,V))*.
	Given clause: 589[3:Res:574.1,168.0] || Lt(U,Ta5)*+ Lt(V,U)* -> Lt(V,Tb5)*.
	Given clause: 614[3:SpL:573.0,170.0] || O(U,Slice(Tb5,Hu))* -> O(U,Place(Tb5,Ol5)) O(U,Place(Tb5,Ob5)).
	Given clause: 618[3:Res:541.0,614.0] ||  -> O(Place(Tb5,Oa),Place(Tb5,Ol5))* O(Place(Tb5,Oa),Place(Tb5,Ob5)).
	Given clause: 622[3:Res:618.0,269.0] ||  -> O(Place(Tb5,Oa),Place(Tb5,Ob5))* Region(Place(Tb5,Ol5)).
	Given clause: 186[0:Res:1.0,178.1] Time(U) Object(V) ||  -> equal(V,skc3) DR(Place(U,V),Place(U,skc3))*.
	Given clause: 624[3:Res:622.0,269.0] ||  -> Region(Place(Tb5,Ol5))* Region(Place(Tb5,Ob5)).
	Given clause: 619[3:Res:575.0,614.0] ||  -> O(Place(Tb5,skc3),Place(Tb5,Ol5))* O(Place(Tb5,skc3),Place(Tb5,Ob5)).
	Given clause: 632[3:SSi:631.0,4.0] ||  -> O(Place(Tb5,skc3),Place(Tb5,Ob5))*.
	Given clause: 638[3:Spt:636.0,351.1] ||  -> Lt(skc2,Tb5)*.
	Given clause: 197[0:Res:16.0,70.0] ||  -> Time(skc2)*.
	Given clause: 498[1:Spt:497.0,349.0,354.0] || equal(skc2,Ta5)** -> .
	Given clause: 194[0:Res:16.0,138.0] ||  -> Leq(Ta5,skc2)*.
	Given clause: 195[0:Res:16.0,139.0] ||  -> Leq(skc2,Tb5)*.
	Given clause: 499[1:Spt:497.0,349.1] ||  -> Lt(Ta5,skc2)*.
	Given clause: 291[0:Res:121.0,269.0] ||  -> Region(Slice(skc2,Hu))*.
	Given clause: 16[0:Inp] ||  -> Leq3(Ta5,skc2,Tb5)*.
	Given clause: 637[3:Spt:636.0,351.0,561.0] || equal(skc2,Tb5)** -> .
	Given clause: 292[0:Res:121.0,268.0] ||  -> Region(Slice(skc2,HPlace(skc3)))*.
	Given clause: 542[2:Rew:532.0,540.1] ||  -> equal(Tb5,Ta5) Lt(Ta5,Tb5)*.
	Given clause: 681[4:Spt:679.0,542.1] ||  -> Lt(Ta5,Tb5)*.
	Given clause: 4[0:Inp] ||  -> Time(Tb5)*.
	Given clause: 637[3:Spt:636.0,351.0,561.0] || equal(skc2,Tb5)** -> .
	Given clause: 195[0:Res:16.0,139.0] ||  -> Leq(skc2,Tb5)*.
	Given clause: 638[3:Spt:636.0,351.1] ||  -> Lt(skc2,Tb5)*.
	Given clause: 536[2:Rew:532.0,295.0] ||  -> Leq(Tb5,Tb5)*.
	Given clause: 534[2:Rew:532.0,299.0] ||  -> Leq(Ta5,Tb5)*.
	Given clause: 16[0:Inp] ||  -> Leq3(Ta5,skc2,Tb5)*.
	Given clause: 532[2:Spt:352.0] ||  -> equal(Tm,Tb5)**.
	Given clause: 583[2:Res:541.0,268.0] ||  -> Region(Place(Tb5,Oa))*.
	Given clause: 537[2:Rew:532.0,289.0] ||  -> Region(Slice(Tb5,Hu))*.
	Given clause: 535[2:Rew:532.0,20.0] ||  -> Leq3(Ta5,Tb5,Tb5)*.
	Given clause: 17[0:Inp] ||  -> Motionless(Ta5,Tb5,Ob5)*.
	Given clause: 680[4:Spt:679.0,542.0,658.0] || equal(Tb5,Ta5)** -> .
	Given clause: 538[2:Rew:532.0,290.0] ||  -> Region(Slice(Tb5,HPlace(Oa)))*.
	Given clause: 559[0:SSi:555.0,197.0] ||  -> O(Place(skc2,skc3),Slice(skc2,Hu))*.
	Given clause: 713[0:Res:559.0,268.0] ||  -> Region(Place(skc2,skc3))*.
	Given clause: 121[0:Inp] ||  -> O(Slice(skc2,HPlace(skc3)),Slice(skc2,Hu))*.
	Given clause: 541[2:Rew:532.0,531.0] ||  -> O(Place(Tb5,Oa),Slice(Tb5,Hu))*.
	Given clause: 500[1:Res:499.0,168.0] || Lt(U,Ta5) -> Lt(U,skc2)*.
	Given clause: 639[3:Res:638.0,168.0] || Lt(U,skc2)* -> Lt(U,Tb5).
	Given clause: 682[4:Res:681.0,168.0] || Lt(U,Ta5) -> Lt(U,Tb5)*.
	Given clause: 539[2:Rew:532.0,141.0] ||  -> O(Slice(Tb5,HPlace(Oa)),Slice(Tb5,Hu))*.
	Given clause: 208[0:Res:121.0,95.0] ||  -> SkP4(Slice(skc2,Hu),Slice(skc2,HPlace(skc3)))*.
	Given clause: 735[0:SSi:731.0,197.0] ||  -> SkP4(Slice(skc2,Hu),Place(skc2,skc3))*.
	Given clause: 140[0:Inp] || equal(Place(Tb5,Os5),Place(Ta5,Os5))** -> .
	Given clause: 276[0:MRR:275.0,274.1] || DR(Slice(skc2,HPlace(skc3)),Slice(skc2,Hu))* -> .
	Given clause: 177[0:Inp] || Leq3(Ta5,U,Tb5) -> equal(RUnion(Place(U,Ob5),Place(U,Ol5)),Slice(U,Hu))**.
	Given clause: 741[0:SSi:738.0,197.0] || DR(Place(skc2,skc3),Slice(skc2,Hu))* -> .
	Given clause: 193[0:Res:16.0,177.0] ||  -> equal(RUnion(Place(skc2,Ob5),Place(skc2,Ol5)),Slice(skc2,Hu))**.
	Given clause: 720[1:Res:500.1,168.0] || Lt(U,Ta5)*+ Lt(V,U)* -> Lt(V,skc2)*.
	Given clause: 725[4:Res:682.1,168.0] || Lt(U,Ta5)*+ Lt(V,U)* -> Lt(V,Tb5)*.
	Given clause: 490[0:SpR:177.1,152.2] Region(Place(U,Ol5)) Region(Place(U,Ob5)) || Leq3(Ta5,U,Tb5) -> Region(Slice(U,Hu))*.
	Given clause: 753[0:MRR:752.0,70.1] || Leq3(Ta5,U,Tb5) -> Region(Slice(U,Hu))*.
	Given clause: 749[0:SpL:193.0,170.0] || O(U,Slice(skc2,Hu))* -> O(U,Place(skc2,Ol5)) O(U,Place(skc2,Ob5)).
	Given clause: 754[0:Res:559.0,749.0] ||  -> O(Place(skc2,skc3),Place(skc2,Ol5))* O(Place(skc2,skc3),Place(skc2,Ob5)).
	Given clause: 759[0:SSi:758.0,197.0] ||  -> O(Place(skc2,skc3),Place(skc2,Ob5))*.
SPASS V 3.7 
SPASS beiseite: Proof found.
Problem: inference5_b.dfg 
SPASS derived 540 clauses, backtracked 69 clauses, performed 6 splits and kept 479 clauses.
SPASS allocated 52652 KBytes.
SPASS spent	0:00:00.09 on the problem.
		0:00:00.02 for the input.
		0:00:00.02 for the FLOTTER CNF translation.
		0:00:00.01 for inferences.
		0:00:00.00 for the backtracking.
		0:00:00.02 for the reduction.


Here is a proof with depth 5, length 37 :
1[0:Inp] ||  -> Object(skc3)*.
5[0:Inp] ||  -> Object(Ob5)*.
6[0:Inp] ||  -> Object(Ol5)*.
14[0:Inp] || equal(skc3,Ob5)** -> .
15[0:Inp] || equal(skc3,Ol5)** -> .
16[0:Inp] ||  -> Leq3(Ta5,skc2,Tb5)*.
48[0:Inp] || SkP4(U,V)* -> Region(V).
49[0:Inp] || SkP4(U,V)* -> Region(U).
70[0:Inp] || Leq3(U,V,W)* -> Time(V).
95[0:Inp] || O(U,V) -> SkP4(V,U)*.
121[0:Inp] ||  -> O(Slice(skc2,HPlace(skc3)),Slice(skc2,Hu))*.
170[0:Inp] || O(U,RUnion(V,W))* -> O(U,W) O(U,V).
174[0:Inp] Object(U) Time(V) ||  -> equal(Slice(V,HPlace(U)),Place(V,U))**.
175[0:Inp] Region(U) Region(V) || O(V,U) DR(V,U)* -> .
177[0:Inp] || Leq3(Ta5,U,Tb5) -> equal(RUnion(Place(U,Ob5),Place(U,Ol5)),Slice(U,Hu))**.
178[0:Inp] Time(U) Object(V) Object(W) ||  -> equal(W,V) DR(Place(U,W),Place(U,V))*.
187[0:Res:1.0,174.1] Time(U) ||  -> equal(Slice(U,HPlace(skc3)),Place(U,skc3))**.
193[0:Res:16.0,177.0] ||  -> equal(RUnion(Place(skc2,Ob5),Place(skc2,Ol5)),Slice(skc2,Hu))**.
197[0:Res:16.0,70.0] ||  -> Time(skc2)*.
199[0:Res:178.3,15.0] Object(skc3) Object(Ol5) Time(U) ||  -> DR(Place(U,skc3),Place(U,Ol5))*.
203[0:Res:178.3,14.0] Object(skc3) Object(Ob5) Time(U) ||  -> DR(Place(U,skc3),Place(U,Ob5))*.
209[0:MRR:199.0,199.1,1.0,6.0] Time(U) ||  -> DR(Place(U,skc3),Place(U,Ol5))*.
211[0:MRR:203.0,203.1,1.0,5.0] Time(U) ||  -> DR(Place(U,skc3),Place(U,Ob5))*.
268[0:Res:95.1,48.0] || O(U,V)* -> Region(U).
269[0:Res:95.1,49.0] || O(U,V)* -> Region(V).
270[0:MRR:175.1,268.1] Region(U) || O(V,U) DR(V,U)* -> .
271[0:MRR:270.0,269.1] || O(U,V) DR(U,V)* -> .
337[0:Res:209.1,271.1] Time(U) || O(Place(U,skc3),Place(U,Ol5))* -> .
343[0:Res:211.1,271.1] Time(U) || O(Place(U,skc3),Place(U,Ob5))* -> .
555[0:SpR:187.1,121.0] Time(skc2) ||  -> O(Place(skc2,skc3),Slice(skc2,Hu))*.
559[0:SSi:555.0,197.0] ||  -> O(Place(skc2,skc3),Slice(skc2,Hu))*.
749[0:SpL:193.0,170.0] || O(U,Slice(skc2,Hu))* -> O(U,Place(skc2,Ol5)) O(U,Place(skc2,Ob5)).
754[0:Res:559.0,749.0] ||  -> O(Place(skc2,skc3),Place(skc2,Ol5))* O(Place(skc2,skc3),Place(skc2,Ob5)).
758[0:Res:754.0,337.1] Time(skc2) ||  -> O(Place(skc2,skc3),Place(skc2,Ob5))*.
759[0:SSi:758.0,197.0] ||  -> O(Place(skc2,skc3),Place(skc2,Ob5))*.
762[0:Res:759.0,343.1] Time(skc2) ||  -> .
763[0:SSi:762.0,197.0] ||  -> .
Formulae used in the proof : conjecture0 axiom62 axiom63 axiom37 axiom20 SBA4 HIA2 SBD3 5dot18 OTA1

--------------------------SPASS-STOP------------------------------
