
--------------------------SPASS-START-----------------------------
Input Problem:
1[0:Inp] ||  -> Action(StandStill)*.
2[0:Inp] ||  -> Time(Ta5)*.
3[0:Inp] ||  -> Time(Tb5)*.
4[0:Inp] ||  -> Object(Ob5)*.
5[0:Inp] ||  -> Object(Ol5)*.
6[0:Inp] ||  -> Region(Rc5)*.
7[0:Inp] ||  -> Object(Os5)*.
8[0:Inp] ||  -> History(Hu)*.
9[0:Inp] ||  -> History(Hc)*.
10[0:Inp] ||  -> AllStable(Ta5)*.
11[0:Inp] ||  -> Leq3(Ta5,skc1,Tb5)*.
12[0:Inp] ||  -> Motionless(Ta5,Tb5,Ob5)*.
13[0:Inp] ||  -> Motionless(Ta5,Tb5,Ol5)*.
14[0:Inp] ||  -> Constant(Ta5,Tb5,Hu)*.
15[0:Inp] ||  -> Constant(Ta5,Tb5,Hc)*.
16[0:Inp] || SmallObject(U) -> Object(U)*.
17[0:Inp] || AllStable(U) -> Time(U)*.
18[0:Inp] || EmptyHanded(U) -> Time(U)*.
19[0:Inp] ||  -> BoxWithLidC(Ta5,Ob5,Ol5,Rc5)*.
20[0:Inp] ||  -> P(Place(Ta5,Os5),Rc5)*.
21[0:Inp] ||  -> Time(skf3(U,V,W))*.
22[0:Inp] ||  -> equal(Slice(Ta5,Hc),Rc5)**.
23[0:Inp] ||  -> PersistentCavity(Ta5,Tb5,Hc,Hu)*.
24[0:Inp] || Region(U) -> Region(ConvexHull(U))*.
25[0:Inp] || Object(U) -> ObjectSet(Singleton(U))*.
26[0:Inp] || Region(U) -> Action(TravelTo(U))*.
27[0:Inp] || Object(U) -> History(HPlace(U))*.
28[0:Inp] || SkP0(U,V)* -> Time(V).
29[0:Inp] || SkP0(U,V)* -> Time(U).
30[0:Inp] || Feasible(U,V)* -> Time(U).
31[0:Inp] || Feasible(U,V)* -> Action(V).
32[0:Inp] || Element(U,V)* -> Object(U).
33[0:Inp] || Element(U,V)* -> ObjectSet(V).
34[0:Inp] || FeasiblePlace(U,V)* -> Object(U).
35[0:Inp] || FeasiblePlace(U,V)* -> Region(V).
36[0:Inp] || SafelyMovable(U,V)* -> Time(U).
37[0:Inp] || SafelyMovable(U,V)* -> Object(V).
38[0:Inp] || FullyOutside(U,V)* -> Region(U).
39[0:Inp] || FullyOutside(U,V)* -> Region(V).
40[0:Inp] || Reachable(U,V)* -> Time(U).
41[0:Inp] || Reachable(U,V)* -> Region(V).
42[0:Inp] || SkP3(U,V)* -> ObjectSet(V).
43[0:Inp] || SkP3(U,V)* -> Region(U).
44[0:Inp] || OMuchSmaller(U,V)* -> Object(U).
45[0:Inp] || OMuchSmaller(U,V)* -> Region(V).
46[0:Inp] || SkP4(U,V)* -> Region(V).
47[0:Inp] || SkP4(U,V)* -> Region(U).
48[0:Inp] || SkP5(U,V)* -> Region(V).
49[0:Inp] || SkP5(U,V)* -> Region(U).
50[0:Inp] || SkP6(U,V)* -> Region(V).
51[0:Inp] || SkP6(U,V)* -> Region(U).
52[0:Inp] || MuchSmaller(U,V)* -> Region(U).
53[0:Inp] || MuchSmaller(U,V)* -> Region(V).
54[0:Inp] || Stable(U,V)* -> Time(U).
55[0:Inp] || Stable(U,V)* -> Object(V).
56[0:Inp] || NoPartialContents(U,V)* -> Time(U).
57[0:Inp] || NoPartialContents(U,V)* -> Object(V).
58[0:Inp] || CanGrasp(U,V)* -> Time(U).
59[0:Inp] || CanGrasp(U,V)* -> Object(V).
60[0:Inp] || Grasp(U,V)* -> Time(U).
61[0:Inp] || Grasp(U,V)* -> Object(V).
62[0:Inp] || Graspable(U,V)* -> Time(U).
63[0:Inp] || Graspable(U,V)* -> Object(V).
64[0:Inp] || P(Place(Ta5,Agent),Rc5)* -> .
65[0:Inp] || Lt(U,V) -> SkP0(V,U)*.
66[0:Inp] || Leq(U,V) -> SkP0(V,U)*.
67[0:Inp] || Leq3(U,V,W)* -> Time(U).
68[0:Inp] || Leq3(U,V,W)* -> Time(V).
69[0:Inp] || Leq3(U,V,W)* -> Time(W).
70[0:Inp] || Occurs(U,V,W)* -> Time(U).
71[0:Inp] || Occurs(U,V,W)* -> Time(V).
72[0:Inp] || Occurs(U,V,W)* -> Action(W).
73[0:Inp] || OSPlace(U,V,W)* -> Time(U).
74[0:Inp] || OSPlace(U,V,W)* -> ObjectSet(V).
75[0:Inp] || OSPlace(U,V,W)* -> Region(W).
76[0:Inp] || UprightContainer(U,V,W)* -> Time(U).
77[0:Inp] || UprightContainer(U,V,W)* -> Object(V).
78[0:Inp] || UprightContainer(U,V,W)* -> Region(W).
79[0:Inp] || SkP1(U,V,W)* -> Time(W).
80[0:Inp] || SkP1(U,V,W)* -> Object(V).
81[0:Inp] || SkP1(U,V,W)* -> Object(U).
82[0:Inp] || BoxedIn(U,V,W)* -> Time(U).
83[0:Inp] || BoxedIn(U,V,W)* -> Object(V).
84[0:Inp] || BoxedIn(U,V,W)* -> Object(W).
85[0:Inp] || SkP2(U,V,W)* -> Time(W).
86[0:Inp] || SkP2(U,V,W)* -> Time(V).
87[0:Inp] || SkP2(U,V,W)* -> Object(U).
88[0:Inp] || Fits(U,V) -> SkP3(V,U)*.
89[0:Inp] || SmallSet(U,V) -> SkP3(V,U)*.
90[0:Inp] || EC(U,V) -> SkP4(V,U)*.
91[0:Inp] || P(U,V) -> SkP4(V,U)*.
92[0:Inp] || O(U,V) -> SkP4(V,U)*.
93[0:Inp] || OV(U,V) -> SkP4(V,U)*.
94[0:Inp] || OpenContained(U,V) -> SkP5(V,U)*.
95[0:Inp] || FullyOutside(U,V) -> SkP5(V,U)*.
96[0:Inp] || OpenContainerShape(U,V) -> SkP5(V,U)*.
97[0:Inp] || UprightContainerShape(U,V) -> SkP5(V,U)*.
98[0:Inp] || Cavity(U,V) -> SkP6(V,U)*.
99[0:Inp] || PartiallyContained(U,V) -> SkP6(V,U)*.
100[0:Inp] || CombinedContainer(U,V,W)* -> Region(U).
101[0:Inp] || CombinedContainer(U,V,W)* -> Region(V).
102[0:Inp] || CombinedContainer(U,V,W)* -> Region(W).
103[0:Inp] || Moves(U,V,W)* -> Time(U).
104[0:Inp] || Moves(U,V,W)* -> Time(V).
105[0:Inp] || Moves(U,V,W)* -> Object(W).
106[0:Inp] || SkP7(U,V,W)* -> Time(W).
107[0:Inp] || SkP7(U,V,W)* -> Time(V).
108[0:Inp] || SkP7(U,V,W)* -> Object(U).
109[0:Inp] || Grasps(U,V,W)* -> Time(U).
110[0:Inp] || Grasps(U,V,W)* -> Time(V).
111[0:Inp] || Grasps(U,V,W)* -> Object(W).
112[0:Inp] || Constant(U,V,W)* -> Time(U).
113[0:Inp] || Constant(U,V,W)* -> Time(V).
114[0:Inp] || Constant(U,V,W)* -> History(W).
115[0:Inp] || BoxWithLid(U,V,W)* -> Time(U).
116[0:Inp] || BoxWithLid(U,V,W)* -> Object(V).
117[0:Inp] || BoxWithLid(U,V,W)* -> Object(W).
118[0:Inp] || Constant(U,V,W)* -> History(W).
119[0:Inp] || SafeManipulate(U,V,W,X)* -> Time(U).
120[0:Inp] || SafeManipulate(U,V,W,X)* -> Time(V).
121[0:Inp] || SafeManipulate(U,V,W,X)* -> Object(W).
122[0:Inp] || SafeManipulate(U,V,W,X)* -> Region(X).
123[0:Inp] || SkP8(U,V,W,X)* -> Time(X).
124[0:Inp] || SkP8(U,V,W,X)* -> Time(W).
125[0:Inp] || SkP8(U,V,W,X)* -> History(V).
126[0:Inp] || SkP8(U,V,W,X)* -> History(U).
127[0:Inp] || DynamicUContainer(U,V,W,X)* -> Time(U).
128[0:Inp] || DynamicUContainer(U,V,W,X)* -> Time(V).
129[0:Inp] || DynamicUContainer(U,V,W,X)* -> Object(W).
130[0:Inp] || DynamicUContainer(U,V,W,X)* -> History(X).
131[0:Inp] || BoxWithLidC(U,V,W,X)* -> Time(U).
132[0:Inp] || BoxWithLidC(U,V,W,X)* -> Object(V).
133[0:Inp] || BoxWithLidC(U,V,W,X)* -> Object(W).
134[0:Inp] || BoxWithLidC(U,V,W,X)* -> Region(X).
135[0:Inp] || Leq3(U,V,W)* -> Leq(U,V).
136[0:Inp] || Leq3(U,V,W)* -> Leq(V,W).
137[0:Inp] || equal(Place(Tb5,Os5),Place(Ta5,Os5))** -> .
138[0:Inp] || Motionless(U,V,W)* -> Lt(U,V).
139[0:Inp] || CombinedContainer(U,V,W)* -> EC(U,V).
140[0:Inp] || Constant(U,V,W)* -> Lt(U,V).
141[0:Inp] || CContained(U,V,W) -> SkP1(W,V,U)*.
142[0:Inp] || UContained(U,V,W) -> SkP1(W,V,U)*.
143[0:Inp] || BLContained(U,V,W) -> SkP1(W,V,U)*.
144[0:Inp] || PreserveCContents(U,V,W) -> SkP2(W,V,U)*.
145[0:Inp] || PreserveUContents(U,V,W) -> SkP2(W,V,U)*.
146[0:Inp] || PreserveBoxWithLid(U,V,W) -> SkP2(W,V,U)*.
147[0:Inp] || StableThroughout(U,V,W) -> SkP7(W,V,U)*.
148[0:Inp] || Released(U,V,W) -> SkP7(W,V,U)*.
149[0:Inp] || Motionless(U,V,W) -> SkP7(W,V,U)*.
150[0:Inp] || Cavity(U,V) CombinedContainer(V,W,U)* -> .
151[0:Inp] || Cavity(U,V) CombinedContainer(W,V,U)* -> .
152[0:Inp] || Action(U) Action(V) -> Action(Sequence(U,V))*.
153[0:Inp] || Region(U) Region(V) -> Region(RUnion(U,V))*.
154[0:Inp] || Object(U) Object(V) -> ObjectSet(Pair(U,V))*.
155[0:Inp] || ObjectSet(U) ObjectSet(V) -> ObjectSet(Union(U,V))*.
156[0:Inp] || Time(U) Object(V) -> Region(Place(U,V))*.
157[0:Inp] || Time(U) Region(V) -> ObjectSet(Contents(U,V))*.
158[0:Inp] || Time(U) ObjectSet(V) -> ObjectSet(CContents(U,V))*.
159[0:Inp] || Time(U) ObjectSet(V) -> ObjectSet(UContents(U,V))*.
160[0:Inp] || Object(U) Region(V) -> Action(ManipTo(U,V))*.
161[0:Inp] || Time(U) History(V) -> Region(Slice(U,V))*.
162[0:Inp] || History(U) History(V) -> History(HUnion(U,V))*.
163[0:Inp] || Time(U) Object(V) -> ObjectSet(MovingGroup(U,V))*.
164[0:Inp] || Object(U) Object(V) -> Action(PutInUC(U,V))*.
165[0:Inp] || Object(U) Object(V) -> Action(LoadUprightContainer(U,V))*.
166[0:Inp] || BoxWithLidC(U,V,W,X)* -> BoxWithLid(U,V,W).
167[0:Inp] || CombinedContainer(U,V,W) -> Cavity(W,RUnion(U,V))*.
168[0:Inp] || PersistentCavity(U,V,W,X) -> SkP8(X,W,V,U)*.
169[0:Inp] || NoExitCavity(U,V,W,X) -> SkP8(X,W,V,U)*.
170[0:Inp] || NoEntranceCavity(U,V,W,X) -> SkP8(X,W,V,U)*.
171[0:Inp] || Lt(U,V)* Lt(V,W)* -> Lt(U,W)*.
172[0:Inp] || PersistentCavity(U,V,W,X) -> NoExitCavity(U,V,W,X)*.
173[0:Inp] || PersistentCavity(U,V,W,X) -> NoEntranceCavity(U,V,W,X)*.
174[0:Inp] ||  -> equal(RUnion(Place(Ta5,Ob5),Place(Ta5,Ol5)),Slice(Ta5,Hu))**.
175[0:Inp] || equal(RUnion(Place(skc1,Ob5),Place(skc1,Ol5)),Slice(skc1,Hu))** -> .
176[0:Inp] || Leq(U,V) Leq(W,U) -> Leq3(W,U,V)*.
177[0:Inp] || Lt(U,V) Time(U) Time(V) -> Leq(U,V)*.
178[0:Inp] || equal(U,V) Time(U) Time(V) -> Leq(U,V)*.
179[0:Inp] || Region(U) Lt(V,W) -> Constant(V,W,skf4(U,V,W))*.
180[0:Inp] || BoxWithLidC(U,V,W,X) -> CombinedContainer(Place(U,V),Place(U,W),X)*.
181[0:Inp] || Lt(U,V) -> Leq3(U,skf3(W,V,U),V)* Motionless(U,V,W).
182[0:Inp] || Region(U) Lt(V,W)* -> equal(Slice(V,skf4(U,V,X)),U)**.
183[0:Inp] || Leq(U,V)* Time(U) Time(V) -> Lt(U,V) equal(U,V).
184[0:Inp] || NoExitCavity(U,V,W,X) NoEntranceCavity(U,V,W,X)* -> PersistentCavity(U,V,W,X).
185[0:Inp] || Leq3(U,V,W)* Constant(U,W,X)* -> equal(Slice(V,X),Slice(U,X))*.
186[0:Inp] || Lt(U,V) History(W) -> Leq3(U,skf5(U,W,V),V)* Constant(U,V,W).
187[0:Inp] || equal(Place(skf3(U,V,W),U),Place(W,U))** Lt(W,V) -> Motionless(W,V,U).
188[0:Inp] || CombinedContainer(Place(U,V),Place(U,W),X)* BoxWithLid(U,V,W) -> BoxWithLidC(U,V,W,X).
189[0:Inp] || Cavity(U,RUnion(V,W))* EC(V,W) -> Cavity(U,V) Cavity(U,W) CombinedContainer(V,W,U).
190[0:Inp] || Time(U) Leq3(V,U,W)* Motionless(V,W,X)* -> equal(Place(U,X),Place(V,X))*.
191[0:Inp] || equal(Slice(skf5(U,V,W),V),Slice(U,V))** Lt(U,X) History(V) -> Constant(U,X,V)*.
192[0:Inp] || Constant(U,V,W) Constant(U,V,X) Cavity(Slice(U,W),Slice(U,X))* -> PersistentCavity(U,V,W,X)*.
 This is a first-order Non-Horn problem containing equality.
 This is a problem that has, if any, a non-trivial domain model.
 This is a problem that contains sort information.
 The conjecture is ground.
 The following monadic predicates have finite extensions: AllStable.
 Axiom clauses: 190 Conjecture clauses: 2
 Inferences: IEmS=1 ISoR=1 IEqR=1 IEqF=1 ISpR=1 ISpL=1 IORe=1 IOFc=1 
 Reductions: RFRew=1 RBRew=1 RFMRR=1 RBMRR=1 RObv=1 RUnC=1 RTaut=1 RSSi=1 RFSub=1 RBSub=1 RAED=2 RCon=1 
 Extras    : Input Saturation, Dynamic Selection, Full Splitting, Full Reduction,  Ratio: 5, FuncWeight: 1, VarWeight: 1
 Precedence: skf5 > skf4 > skf3 > skf2 > skf1 > skf0 > LoadUprightContainer > PutInUC > MovingGroup > HUnion > Slice > ManipTo > UContents > CContents > Union > Pair > RUnion > Place > Contents > Sequence > HPlace > TravelTo > Singleton > ConvexHull > Action > ObjectSet > SkP8 > SkP7 > SkP0 > NoEntranceCavity > NoExitCavity > PersistentCavity > Constant > History > Motionless > Leq3 > Leq > Lt > Region > Object > Time > UprightContainer > SkP5 > FullyOutside > SkP3 > SmallSet > AllStable > EmptyHanded > Graspable > Reachable > SafelyMovable > SmallObject > BoxedIn > NoPartialContents > Occurs > CanGrasp > UprightContainerShape > SkP1 > UContained > SkP4 > P > Element > Released > Grasp > Moves > Feasible > SafeManipulate > SkP6 > PartiallyContained > OSPlace > SkP2 > PreserveCContents > PreserveUContents > PreserveBoxWithLid > Stable > StableThroughout > Fits > MuchSmaller > OMuchSmaller > OpenContainerShape > OpenContained > CContained > BLContained > DynamicUContainer > O > EC > CombinedContainer > BoxWithLid > BoxWithLidC > Cavity > Grasps > FeasiblePlace > OV > skc9 > skc8 > skc7 > skc6 > skc5 > skc4 > skc3 > skc2 > skc1 > skc0 > Hc > Hu > Tb5 > Os5 > Rc5 > Ol5 > Ob5 > Ta5 > Rc1 > Ra4 > Tm2 > Tb > Ra1 > Tm1 > Agent > Ox4 > Rc4 > Ob4 > Ta4 > StandStill
 Ordering  : KBO
Processed Problem:

Worked Off Clauses:

Usable Clauses:
10[0:Inp] ||  -> AllStable(Ta5)*.
1[0:Inp] ||  -> Action(StandStill)*.
9[0:Inp] ||  -> History(Hc)*.
8[0:Inp] ||  -> History(Hu)*.
6[0:Inp] ||  -> Region(Rc5)*.
7[0:Inp] ||  -> Object(Os5)*.
5[0:Inp] ||  -> Object(Ol5)*.
4[0:Inp] ||  -> Object(Ob5)*.
3[0:Inp] ||  -> Time(Tb5)*.
2[0:Inp] ||  -> Time(Ta5)*.
199[0:Res:11.0,68.0] ||  -> Time(skc1)*.
196[0:Res:11.0,135.0] ||  -> Leq(Ta5,skc1)*.
197[0:Res:11.0,136.0] ||  -> Leq(skc1,Tb5)*.
13[0:Inp] ||  -> Motionless(Ta5,Tb5,Ol5)*.
12[0:Inp] ||  -> Motionless(Ta5,Tb5,Ob5)*.
11[0:Inp] ||  -> Leq3(Ta5,skc1,Tb5)*.
15[0:Inp] ||  -> Constant(Ta5,Tb5,Hc)*.
14[0:Inp] ||  -> Constant(Ta5,Tb5,Hu)*.
23[0:Inp] ||  -> PersistentCavity(Ta5,Tb5,Hc,Hu)*.
19[0:Inp] ||  -> BoxWithLidC(Ta5,Ob5,Ol5,Rc5)*.
22[0:Inp] ||  -> equal(Slice(Ta5,Hc),Rc5)**.
20[0:Inp] ||  -> P(Place(Ta5,Os5),Rc5)*.
16[0:Inp] SmallObject(U) ||  -> Object(U)*.
18[0:Inp] EmptyHanded(U) ||  -> Time(U)*.
17[0:Inp] AllStable(U) ||  -> Time(U)*.
21[0:Inp] ||  -> Time(skf3(U,V,W))*.
64[0:Inp] || P(Place(Ta5,Agent),Rc5)* -> .
26[0:Inp] Region(U) ||  -> Action(TravelTo(U))*.
27[0:Inp] Object(U) ||  -> History(HPlace(U))*.
25[0:Inp] Object(U) ||  -> ObjectSet(Singleton(U))*.
24[0:Inp] Region(U) ||  -> Region(ConvexHull(U))*.
31[0:Inp] || Feasible(U,V)* -> Action(V).
33[0:Inp] || Element(U,V)* -> ObjectSet(V).
42[0:Inp] || SkP3(U,V)* -> ObjectSet(V).
53[0:Inp] || MuchSmaller(U,V)* -> Region(V).
52[0:Inp] || MuchSmaller(U,V)* -> Region(U).
45[0:Inp] || OMuchSmaller(U,V)* -> Region(V).
41[0:Inp] || Reachable(U,V)* -> Region(V).
35[0:Inp] || FeasiblePlace(U,V)* -> Region(V).
39[0:Inp] || FullyOutside(U,V)* -> Region(V).
38[0:Inp] || FullyOutside(U,V)* -> Region(U).
51[0:Inp] || SkP6(U,V)* -> Region(U).
50[0:Inp] || SkP6(U,V)* -> Region(V).
43[0:Inp] || SkP3(U,V)* -> Region(U).
49[0:Inp] || SkP5(U,V)* -> Region(U).
48[0:Inp] || SkP5(U,V)* -> Region(V).
47[0:Inp] || SkP4(U,V)* -> Region(U).
46[0:Inp] || SkP4(U,V)* -> Region(V).
63[0:Inp] || Graspable(U,V)* -> Object(V).
61[0:Inp] || Grasp(U,V)* -> Object(V).
59[0:Inp] || CanGrasp(U,V)* -> Object(V).
57[0:Inp] || NoPartialContents(U,V)* -> Object(V).
55[0:Inp] || Stable(U,V)* -> Object(V).
44[0:Inp] || OMuchSmaller(U,V)* -> Object(U).
37[0:Inp] || SafelyMovable(U,V)* -> Object(V).
34[0:Inp] || FeasiblePlace(U,V)* -> Object(U).
32[0:Inp] || Element(U,V)* -> Object(U).
62[0:Inp] || Graspable(U,V)* -> Time(U).
60[0:Inp] || Grasp(U,V)* -> Time(U).
58[0:Inp] || CanGrasp(U,V)* -> Time(U).
56[0:Inp] || NoPartialContents(U,V)* -> Time(U).
54[0:Inp] || Stable(U,V)* -> Time(U).
40[0:Inp] || Reachable(U,V)* -> Time(U).
36[0:Inp] || SafelyMovable(U,V)* -> Time(U).
30[0:Inp] || Feasible(U,V)* -> Time(U).
29[0:Inp] || SkP0(U,V)* -> Time(U).
28[0:Inp] || SkP0(U,V)* -> Time(V).
99[0:Inp] || PartiallyContained(U,V) -> SkP6(V,U)*.
89[0:Inp] || SmallSet(U,V) -> SkP3(V,U)*.
88[0:Inp] || Fits(U,V) -> SkP3(V,U)*.
98[0:Inp] || Cavity(U,V) -> SkP6(V,U)*.
66[0:Inp] || Leq(U,V) -> SkP0(V,U)*.
65[0:Inp] || Lt(U,V) -> SkP0(V,U)*.
97[0:Inp] || UprightContainerShape(U,V) -> SkP5(V,U)*.
96[0:Inp] || OpenContainerShape(U,V) -> SkP5(V,U)*.
94[0:Inp] || OpenContained(U,V) -> SkP5(V,U)*.
93[0:Inp] || OV(U,V) -> SkP4(V,U)*.
92[0:Inp] || O(U,V) -> SkP4(V,U)*.
95[0:Inp] || FullyOutside(U,V) -> SkP5(V,U)*.
91[0:Inp] || P(U,V) -> SkP4(V,U)*.
90[0:Inp] || EC(U,V) -> SkP4(V,U)*.
72[0:Inp] || Occurs(U,V,W)* -> Action(W).
118[0:Inp] || Constant(U,V,W)* -> History(W).
74[0:Inp] || OSPlace(U,V,W)* -> ObjectSet(V).
78[0:Inp] || UprightContainer(U,V,W)* -> Region(W).
75[0:Inp] || OSPlace(U,V,W)* -> Region(W).
102[0:Inp] || CombinedContainer(U,V,W)* -> Region(W).
101[0:Inp] || CombinedContainer(U,V,W)* -> Region(V).
100[0:Inp] || CombinedContainer(U,V,W)* -> Region(U).
111[0:Inp] || Grasps(U,V,W)* -> Object(W).
105[0:Inp] || Moves(U,V,W)* -> Object(W).
84[0:Inp] || BoxedIn(U,V,W)* -> Object(W).
83[0:Inp] || BoxedIn(U,V,W)* -> Object(V).
77[0:Inp] || UprightContainer(U,V,W)* -> Object(V).
117[0:Inp] || BoxWithLid(U,V,W)* -> Object(W).
116[0:Inp] || BoxWithLid(U,V,W)* -> Object(V).
108[0:Inp] || SkP7(U,V,W)* -> Object(U).
87[0:Inp] || SkP2(U,V,W)* -> Object(U).
81[0:Inp] || SkP1(U,V,W)* -> Object(U).
80[0:Inp] || SkP1(U,V,W)* -> Object(V).
110[0:Inp] || Grasps(U,V,W)* -> Time(V).
109[0:Inp] || Grasps(U,V,W)* -> Time(U).
104[0:Inp] || Moves(U,V,W)* -> Time(V).
103[0:Inp] || Moves(U,V,W)* -> Time(U).
82[0:Inp] || BoxedIn(U,V,W)* -> Time(U).
76[0:Inp] || UprightContainer(U,V,W)* -> Time(U).
73[0:Inp] || OSPlace(U,V,W)* -> Time(U).
71[0:Inp] || Occurs(U,V,W)* -> Time(V).
70[0:Inp] || Occurs(U,V,W)* -> Time(U).
115[0:Inp] || BoxWithLid(U,V,W)* -> Time(U).
107[0:Inp] || SkP7(U,V,W)* -> Time(V).
106[0:Inp] || SkP7(U,V,W)* -> Time(W).
86[0:Inp] || SkP2(U,V,W)* -> Time(V).
85[0:Inp] || SkP2(U,V,W)* -> Time(W).
79[0:Inp] || SkP1(U,V,W)* -> Time(W).
69[0:Inp] || Leq3(U,V,W)* -> Time(W).
68[0:Inp] || Leq3(U,V,W)* -> Time(V).
67[0:Inp] || Leq3(U,V,W)* -> Time(U).
113[0:Inp] || Constant(U,V,W)* -> Time(V).
112[0:Inp] || Constant(U,V,W)* -> Time(U).
137[0:Inp] || equal(Place(Tb5,Os5),Place(Ta5,Os5))** -> .
139[0:Inp] || CombinedContainer(U,V,W)* -> EC(U,V).
136[0:Inp] || Leq3(U,V,W)* -> Leq(V,W).
135[0:Inp] || Leq3(U,V,W)* -> Leq(U,V).
138[0:Inp] || Motionless(U,V,W)* -> Lt(U,V).
140[0:Inp] || Constant(U,V,W)* -> Lt(U,V).
130[0:Inp] || DynamicUContainer(U,V,W,X)* -> History(X).
126[0:Inp] || SkP8(U,V,W,X)* -> History(U).
125[0:Inp] || SkP8(U,V,W,X)* -> History(V).
122[0:Inp] || SafeManipulate(U,V,W,X)* -> Region(X).
134[0:Inp] || BoxWithLidC(U,V,W,X)* -> Region(X).
129[0:Inp] || DynamicUContainer(U,V,W,X)* -> Object(W).
121[0:Inp] || SafeManipulate(U,V,W,X)* -> Object(W).
133[0:Inp] || BoxWithLidC(U,V,W,X)* -> Object(W).
132[0:Inp] || BoxWithLidC(U,V,W,X)* -> Object(V).
128[0:Inp] || DynamicUContainer(U,V,W,X)* -> Time(V).
127[0:Inp] || DynamicUContainer(U,V,W,X)* -> Time(U).
120[0:Inp] || SafeManipulate(U,V,W,X)* -> Time(V).
119[0:Inp] || SafeManipulate(U,V,W,X)* -> Time(U).
124[0:Inp] || SkP8(U,V,W,X)* -> Time(W).
123[0:Inp] || SkP8(U,V,W,X)* -> Time(X).
131[0:Inp] || BoxWithLidC(U,V,W,X)* -> Time(U).
148[0:Inp] || Released(U,V,W) -> SkP7(W,V,U)*.
147[0:Inp] || StableThroughout(U,V,W) -> SkP7(W,V,U)*.
146[0:Inp] || PreserveBoxWithLid(U,V,W) -> SkP2(W,V,U)*.
145[0:Inp] || PreserveUContents(U,V,W) -> SkP2(W,V,U)*.
144[0:Inp] || PreserveCContents(U,V,W) -> SkP2(W,V,U)*.
143[0:Inp] || BLContained(U,V,W) -> SkP1(W,V,U)*.
142[0:Inp] || UContained(U,V,W) -> SkP1(W,V,U)*.
141[0:Inp] || CContained(U,V,W) -> SkP1(W,V,U)*.
149[0:Inp] || Motionless(U,V,W) -> SkP7(W,V,U)*.
151[0:Inp] || Cavity(U,V) CombinedContainer(W,V,U)* -> .
150[0:Inp] || Cavity(U,V) CombinedContainer(V,W,U)* -> .
152[0:Inp] Action(U) Action(V) ||  -> Action(Sequence(V,U))*.
160[0:Inp] Region(U) Object(V) ||  -> Action(ManipTo(V,U))*.
165[0:Inp] Object(U) Object(V) ||  -> Action(LoadUprightContainer(V,U))*.
164[0:Inp] Object(U) Object(V) ||  -> Action(PutInUC(V,U))*.
162[0:Inp] History(U) History(V) ||  -> History(HUnion(V,U))*.
155[0:Inp] ObjectSet(U) ObjectSet(V) ||  -> ObjectSet(Union(V,U))*.
154[0:Inp] Object(U) Object(V) ||  -> ObjectSet(Pair(V,U))*.
159[0:Inp] ObjectSet(U) Time(V) ||  -> ObjectSet(UContents(V,U))*.
158[0:Inp] ObjectSet(U) Time(V) ||  -> ObjectSet(CContents(V,U))*.
157[0:Inp] Region(U) Time(V) ||  -> ObjectSet(Contents(V,U))*.
163[0:Inp] Object(U) Time(V) ||  -> ObjectSet(MovingGroup(V,U))*.
153[0:Inp] Region(U) Region(V) ||  -> Region(RUnion(V,U))*.
161[0:Inp] History(U) Time(V) ||  -> Region(Slice(V,U))*.
156[0:Inp] Object(U) Time(V) ||  -> Region(Place(V,U))*.
167[0:Inp] || CombinedContainer(U,V,W) -> Cavity(W,RUnion(U,V))*.
166[0:Inp] || BoxWithLidC(U,V,W,X)* -> BoxWithLid(U,V,W).
174[0:Inp] ||  -> equal(RUnion(Place(Ta5,Ob5),Place(Ta5,Ol5)),Slice(Ta5,Hu))**.
171[0:Inp] || Lt(U,V)* Lt(W,U)* -> Lt(W,V)*.
173[0:Inp] || PersistentCavity(U,V,W,X) -> NoEntranceCavity(U,V,W,X)*.
172[0:Inp] || PersistentCavity(U,V,W,X) -> NoExitCavity(U,V,W,X)*.
170[0:Inp] || NoEntranceCavity(U,V,W,X) -> SkP8(X,W,V,U)*.
169[0:Inp] || NoExitCavity(U,V,W,X) -> SkP8(X,W,V,U)*.
168[0:Inp] || PersistentCavity(U,V,W,X) -> SkP8(X,W,V,U)*.
175[0:Inp] || equal(RUnion(Place(skc1,Ob5),Place(skc1,Ol5)),Slice(skc1,Hu))** -> .
176[0:Inp] || Leq(U,V) Leq(V,W) -> Leq3(U,V,W)*.
194[0:Res:11.0,193.0] || Motionless(Ta5,Tb5,U)* -> equal(Place(skc1,U),Place(Ta5,U)).
195[0:Res:11.0,185.0] || Constant(Ta5,Tb5,U)* -> equal(Slice(skc1,U),Slice(Ta5,U)).
177[0:Inp] Time(U) Time(V) || Lt(V,U) -> Leq(V,U)*.
178[0:Inp] Time(U) Time(V) || equal(V,U) -> Leq(V,U)*.
179[0:Inp] Region(U) || Lt(V,W) -> Constant(V,W,skf4(U,V,W))*.
180[0:Inp] || BoxWithLidC(U,V,W,X) -> CombinedContainer(Place(U,V),Place(U,W),X)*.
181[0:Inp] || Lt(U,V) -> Motionless(U,V,W) Leq3(U,skf3(W,V,U),V)*.
182[0:Inp] Region(U) || Lt(V,W)* -> equal(Slice(V,skf4(U,V,X)),U)**.
183[0:Inp] Time(U) Time(V) || Leq(V,U)* -> equal(V,U) Lt(V,U).
184[0:Inp] || NoEntranceCavity(U,V,W,X)* NoExitCavity(U,V,W,X) -> PersistentCavity(U,V,W,X).
193[0:MRR:190.0,68.1] || Motionless(U,V,W)* Leq3(U,X,V)* -> equal(Place(X,W),Place(U,W))*.
185[0:Inp] || Constant(U,V,W)* Leq3(U,X,V)* -> equal(Slice(X,W),Slice(U,W))*.
186[0:Inp] History(U) || Lt(V,W) -> Constant(V,W,U) Leq3(V,skf5(V,U,W),W)*.
187[0:Inp] || Lt(U,V) equal(Place(skf3(W,V,U),W),Place(U,W))** -> Motionless(U,V,W).
188[0:Inp] || BoxWithLid(U,V,W) CombinedContainer(Place(U,V),Place(U,W),X)* -> BoxWithLidC(U,V,W,X).
189[0:Inp] || EC(U,V) Cavity(W,RUnion(U,V))* -> Cavity(W,V) Cavity(W,U) CombinedContainer(U,V,W).
191[0:Inp] History(U) || Lt(V,W) equal(Slice(skf5(V,U,X),U),Slice(V,U))** -> Constant(V,W,U)*.
192[0:Inp] || Cavity(Slice(U,V),Slice(U,W))* Constant(U,X,W) Constant(U,X,V) -> PersistentCavity(U,X,V,W)*.
201[0:Res:183.4,175.0] Time(Slice(skc1,Hu)) Time(RUnion(Place(skc1,Ob5),Place(skc1,Ol5))) || Leq(RUnion(Place(skc1,Ob5),Place(skc1,Ol5)),Slice(skc1,Hu))* -> Lt(RUnion(Place(skc1,Ob5),Place(skc1,Ol5)),Slice(skc1,Hu)).
202[0:Res:183.4,175.0] Time(Slice(skc1,Hu)) Time(RUnion(Place(skc1,Ob5),Place(skc1,Ol5))) || Leq(Slice(skc1,Hu),RUnion(Place(skc1,Ob5),Place(skc1,Ol5)))* -> Lt(Slice(skc1,Hu),RUnion(Place(skc1,Ob5),Place(skc1,Ol5))).
	Given clause: 10[0:Inp] ||  -> AllStable(Ta5)*.
	Given clause: 1[0:Inp] ||  -> Action(StandStill)*.
	Given clause: 9[0:Inp] ||  -> History(Hc)*.
	Given clause: 8[0:Inp] ||  -> History(Hu)*.
	Given clause: 6[0:Inp] ||  -> Region(Rc5)*.
	Given clause: 7[0:Inp] ||  -> Object(Os5)*.
	Given clause: 5[0:Inp] ||  -> Object(Ol5)*.
	Given clause: 4[0:Inp] ||  -> Object(Ob5)*.
	Given clause: 3[0:Inp] ||  -> Time(Tb5)*.
	Given clause: 2[0:Inp] ||  -> Time(Ta5)*.
	Given clause: 199[0:Res:11.0,68.0] ||  -> Time(skc1)*.
	Given clause: 196[0:Res:11.0,135.0] ||  -> Leq(Ta5,skc1)*.
	Given clause: 197[0:Res:11.0,136.0] ||  -> Leq(skc1,Tb5)*.
	Given clause: 13[0:Inp] ||  -> Motionless(Ta5,Tb5,Ol5)*.
	Given clause: 12[0:Inp] ||  -> Motionless(Ta5,Tb5,Ob5)*.
	Given clause: 11[0:Inp] ||  -> Leq3(Ta5,skc1,Tb5)*.
	Given clause: 15[0:Inp] ||  -> Constant(Ta5,Tb5,Hc)*.
	Given clause: 14[0:Inp] ||  -> Constant(Ta5,Tb5,Hu)*.
	Given clause: 23[0:Inp] ||  -> PersistentCavity(Ta5,Tb5,Hc,Hu)*.
	Given clause: 19[0:Inp] ||  -> BoxWithLidC(Ta5,Ob5,Ol5,Rc5)*.
	Given clause: 22[0:Inp] ||  -> equal(Slice(Ta5,Hc),Rc5)**.
	Given clause: 20[0:Inp] ||  -> P(Place(Ta5,Os5),Rc5)*.
	Given clause: 16[0:Inp] SmallObject(U) ||  -> Object(U)*.
	Given clause: 18[0:Inp] EmptyHanded(U) ||  -> Time(U)*.
	Given clause: 17[0:Inp] AllStable(U) ||  -> Time(U)*.
	Given clause: 21[0:Inp] ||  -> Time(skf3(U,V,W))*.
	Given clause: 64[0:Inp] || P(Place(Ta5,Agent),Rc5)* -> .
	Given clause: 26[0:Inp] Region(U) ||  -> Action(TravelTo(U))*.
	Given clause: 27[0:Inp] Object(U) ||  -> History(HPlace(U))*.
	Given clause: 25[0:Inp] Object(U) ||  -> ObjectSet(Singleton(U))*.
	Given clause: 24[0:Inp] Region(U) ||  -> Region(ConvexHull(U))*.
	Given clause: 31[0:Inp] || Feasible(U,V)* -> Action(V).
	Given clause: 33[0:Inp] || Element(U,V)* -> ObjectSet(V).
	Given clause: 42[0:Inp] || SkP3(U,V)* -> ObjectSet(V).
	Given clause: 53[0:Inp] || MuchSmaller(U,V)* -> Region(V).
	Given clause: 52[0:Inp] || MuchSmaller(U,V)* -> Region(U).
	Given clause: 45[0:Inp] || OMuchSmaller(U,V)* -> Region(V).
	Given clause: 41[0:Inp] || Reachable(U,V)* -> Region(V).
	Given clause: 35[0:Inp] || FeasiblePlace(U,V)* -> Region(V).
	Given clause: 39[0:Inp] || FullyOutside(U,V)* -> Region(V).
	Given clause: 38[0:Inp] || FullyOutside(U,V)* -> Region(U).
	Given clause: 51[0:Inp] || SkP6(U,V)* -> Region(U).
	Given clause: 50[0:Inp] || SkP6(U,V)* -> Region(V).
	Given clause: 43[0:Inp] || SkP3(U,V)* -> Region(U).
	Given clause: 49[0:Inp] || SkP5(U,V)* -> Region(U).
	Given clause: 48[0:Inp] || SkP5(U,V)* -> Region(V).
	Given clause: 47[0:Inp] || SkP4(U,V)* -> Region(U).
	Given clause: 46[0:Inp] || SkP4(U,V)* -> Region(V).
	Given clause: 63[0:Inp] || Graspable(U,V)* -> Object(V).
	Given clause: 61[0:Inp] || Grasp(U,V)* -> Object(V).
	Given clause: 59[0:Inp] || CanGrasp(U,V)* -> Object(V).
	Given clause: 57[0:Inp] || NoPartialContents(U,V)* -> Object(V).
	Given clause: 55[0:Inp] || Stable(U,V)* -> Object(V).
	Given clause: 44[0:Inp] || OMuchSmaller(U,V)* -> Object(U).
	Given clause: 37[0:Inp] || SafelyMovable(U,V)* -> Object(V).
	Given clause: 34[0:Inp] || FeasiblePlace(U,V)* -> Object(U).
	Given clause: 32[0:Inp] || Element(U,V)* -> Object(U).
	Given clause: 62[0:Inp] || Graspable(U,V)* -> Time(U).
	Given clause: 60[0:Inp] || Grasp(U,V)* -> Time(U).
	Given clause: 58[0:Inp] || CanGrasp(U,V)* -> Time(U).
	Given clause: 56[0:Inp] || NoPartialContents(U,V)* -> Time(U).
	Given clause: 54[0:Inp] || Stable(U,V)* -> Time(U).
	Given clause: 40[0:Inp] || Reachable(U,V)* -> Time(U).
	Given clause: 36[0:Inp] || SafelyMovable(U,V)* -> Time(U).
	Given clause: 30[0:Inp] || Feasible(U,V)* -> Time(U).
	Given clause: 29[0:Inp] || SkP0(U,V)* -> Time(U).
	Given clause: 28[0:Inp] || SkP0(U,V)* -> Time(V).
	Given clause: 99[0:Inp] || PartiallyContained(U,V) -> SkP6(V,U)*.
	Given clause: 204[0:Res:99.1,50.0] || PartiallyContained(U,V)* -> Region(U).
	Given clause: 89[0:Inp] || SmallSet(U,V) -> SkP3(V,U)*.
	Given clause: 205[0:Res:99.1,51.0] || PartiallyContained(U,V)* -> Region(V).
	Given clause: 206[0:Res:89.1,43.0] || SmallSet(U,V)* -> Region(V).
	Given clause: 207[0:Res:89.1,42.0] || SmallSet(U,V)* -> ObjectSet(U).
	Given clause: 88[0:Inp] || Fits(U,V) -> SkP3(V,U)*.
	Given clause: 98[0:Inp] || Cavity(U,V) -> SkP6(V,U)*.
	Given clause: 208[0:Res:88.1,43.0] || Fits(U,V)* -> Region(V).
	Given clause: 209[0:Res:88.1,42.0] || Fits(U,V)* -> ObjectSet(U).
	Given clause: 210[0:Res:98.1,50.0] || Cavity(U,V)* -> Region(U).
	Given clause: 211[0:Res:98.1,51.0] || Cavity(U,V)* -> Region(V).
	Given clause: 66[0:Inp] || Leq(U,V) -> SkP0(V,U)*.
	Given clause: 212[0:Res:66.1,28.0] || Leq(U,V)* -> Time(U).
	Given clause: 213[0:Res:66.1,29.0] || Leq(U,V)* -> Time(V).
	Given clause: 65[0:Inp] || Lt(U,V) -> SkP0(V,U)*.
	Given clause: 224[0:Res:65.1,28.0] || Lt(U,V)* -> Time(U).
	Given clause: 97[0:Inp] || UprightContainerShape(U,V) -> SkP5(V,U)*.
	Given clause: 225[0:Res:65.1,29.0] || Lt(U,V)* -> Time(V).
	Given clause: 228[0:Res:97.1,48.0] || UprightContainerShape(U,V)* -> Region(U).
	Given clause: 229[0:Res:97.1,49.0] || UprightContainerShape(U,V)* -> Region(V).
	Given clause: 96[0:Inp] || OpenContainerShape(U,V) -> SkP5(V,U)*.
	Given clause: 94[0:Inp] || OpenContained(U,V) -> SkP5(V,U)*.
	Given clause: 230[0:Res:96.1,48.0] || OpenContainerShape(U,V)* -> Region(U).
	Given clause: 231[0:Res:96.1,49.0] || OpenContainerShape(U,V)* -> Region(V).
	Given clause: 232[0:Res:94.1,48.0] || OpenContained(U,V)* -> Region(U).
	Given clause: 233[0:Res:94.1,49.0] || OpenContained(U,V)* -> Region(V).
	Given clause: 93[0:Inp] || OV(U,V) -> SkP4(V,U)*.
	Given clause: 234[0:Res:93.1,46.0] || OV(U,V)* -> Region(U).
	Given clause: 235[0:Res:93.1,47.0] || OV(U,V)* -> Region(V).
	Given clause: 92[0:Inp] || O(U,V) -> SkP4(V,U)*.
	Given clause: 236[0:Res:92.1,46.0] || O(U,V)* -> Region(U).
	Given clause: 95[0:Inp] || FullyOutside(U,V) -> SkP5(V,U)*.
	Given clause: 237[0:Res:92.1,47.0] || O(U,V)* -> Region(V).
	Given clause: 91[0:Inp] || P(U,V) -> SkP4(V,U)*.
	Given clause: 240[0:Res:91.1,46.0] || P(U,V)* -> Region(U).
	Given clause: 242[0:Res:20.0,240.0] ||  -> Region(Place(Ta5,Os5))*.
	Given clause: 90[0:Inp] || EC(U,V) -> SkP4(V,U)*.
	Given clause: 241[0:Res:91.1,47.0] || P(U,V)* -> Region(V).
	Given clause: 243[0:Res:90.1,46.0] || EC(U,V)* -> Region(U).
	Given clause: 244[0:Res:90.1,47.0] || EC(U,V)* -> Region(V).
	Given clause: 72[0:Inp] || Occurs(U,V,W)* -> Action(W).
	Given clause: 118[0:Inp] || Constant(U,V,W)* -> History(W).
	Given clause: 74[0:Inp] || OSPlace(U,V,W)* -> ObjectSet(V).
	Given clause: 78[0:Inp] || UprightContainer(U,V,W)* -> Region(W).
	Given clause: 75[0:Inp] || OSPlace(U,V,W)* -> Region(W).
	Given clause: 102[0:Inp] || CombinedContainer(U,V,W)* -> Region(W).
	Given clause: 101[0:Inp] || CombinedContainer(U,V,W)* -> Region(V).
	Given clause: 100[0:Inp] || CombinedContainer(U,V,W)* -> Region(U).
	Given clause: 111[0:Inp] || Grasps(U,V,W)* -> Object(W).
	Given clause: 105[0:Inp] || Moves(U,V,W)* -> Object(W).
	Given clause: 84[0:Inp] || BoxedIn(U,V,W)* -> Object(W).
	Given clause: 83[0:Inp] || BoxedIn(U,V,W)* -> Object(V).
	Given clause: 77[0:Inp] || UprightContainer(U,V,W)* -> Object(V).
	Given clause: 117[0:Inp] || BoxWithLid(U,V,W)* -> Object(W).
	Given clause: 116[0:Inp] || BoxWithLid(U,V,W)* -> Object(V).
	Given clause: 108[0:Inp] || SkP7(U,V,W)* -> Object(U).
	Given clause: 87[0:Inp] || SkP2(U,V,W)* -> Object(U).
	Given clause: 81[0:Inp] || SkP1(U,V,W)* -> Object(U).
	Given clause: 80[0:Inp] || SkP1(U,V,W)* -> Object(V).
	Given clause: 110[0:Inp] || Grasps(U,V,W)* -> Time(V).
	Given clause: 109[0:Inp] || Grasps(U,V,W)* -> Time(U).
	Given clause: 104[0:Inp] || Moves(U,V,W)* -> Time(V).
	Given clause: 103[0:Inp] || Moves(U,V,W)* -> Time(U).
	Given clause: 82[0:Inp] || BoxedIn(U,V,W)* -> Time(U).
	Given clause: 76[0:Inp] || UprightContainer(U,V,W)* -> Time(U).
	Given clause: 73[0:Inp] || OSPlace(U,V,W)* -> Time(U).
	Given clause: 71[0:Inp] || Occurs(U,V,W)* -> Time(V).
	Given clause: 70[0:Inp] || Occurs(U,V,W)* -> Time(U).
	Given clause: 115[0:Inp] || BoxWithLid(U,V,W)* -> Time(U).
	Given clause: 107[0:Inp] || SkP7(U,V,W)* -> Time(V).
	Given clause: 106[0:Inp] || SkP7(U,V,W)* -> Time(W).
	Given clause: 86[0:Inp] || SkP2(U,V,W)* -> Time(V).
	Given clause: 85[0:Inp] || SkP2(U,V,W)* -> Time(W).
	Given clause: 79[0:Inp] || SkP1(U,V,W)* -> Time(W).
	Given clause: 69[0:Inp] || Leq3(U,V,W)* -> Time(W).
	Given clause: 68[0:Inp] || Leq3(U,V,W)* -> Time(V).
	Given clause: 67[0:Inp] || Leq3(U,V,W)* -> Time(U).
	Given clause: 113[0:Inp] || Constant(U,V,W)* -> Time(V).
	Given clause: 112[0:Inp] || Constant(U,V,W)* -> Time(U).
	Given clause: 227[0:MRR:226.0,225.1] || Lt(U,V) -> Leq(U,V)*.
	Given clause: 137[0:Inp] || equal(Place(Tb5,Os5),Place(Ta5,Os5))** -> .
	Given clause: 139[0:Inp] || CombinedContainer(U,V,W)* -> EC(U,V).
	Given clause: 136[0:Inp] || Leq3(U,V,W)* -> Leq(V,W).
	Given clause: 135[0:Inp] || Leq3(U,V,W)* -> Leq(U,V).
	Given clause: 138[0:Inp] || Motionless(U,V,W)* -> Lt(U,V).
	Given clause: 259[0:Res:13.0,138.0] ||  -> Lt(Ta5,Tb5)*.
	Given clause: 140[0:Inp] || Constant(U,V,W)* -> Lt(U,V).
	Given clause: 130[0:Inp] || DynamicUContainer(U,V,W,X)* -> History(X).
	Given clause: 126[0:Inp] || SkP8(U,V,W,X)* -> History(U).
	Given clause: 125[0:Inp] || SkP8(U,V,W,X)* -> History(V).
	Given clause: 122[0:Inp] || SafeManipulate(U,V,W,X)* -> Region(X).
	Given clause: 134[0:Inp] || BoxWithLidC(U,V,W,X)* -> Region(X).
	Given clause: 129[0:Inp] || DynamicUContainer(U,V,W,X)* -> Object(W).
	Given clause: 121[0:Inp] || SafeManipulate(U,V,W,X)* -> Object(W).
	Given clause: 133[0:Inp] || BoxWithLidC(U,V,W,X)* -> Object(W).
	Given clause: 132[0:Inp] || BoxWithLidC(U,V,W,X)* -> Object(V).
	Given clause: 128[0:Inp] || DynamicUContainer(U,V,W,X)* -> Time(V).
	Given clause: 127[0:Inp] || DynamicUContainer(U,V,W,X)* -> Time(U).
	Given clause: 120[0:Inp] || SafeManipulate(U,V,W,X)* -> Time(V).
	Given clause: 119[0:Inp] || SafeManipulate(U,V,W,X)* -> Time(U).
	Given clause: 124[0:Inp] || SkP8(U,V,W,X)* -> Time(W).
	Given clause: 123[0:Inp] || SkP8(U,V,W,X)* -> Time(X).
	Given clause: 131[0:Inp] || BoxWithLidC(U,V,W,X)* -> Time(U).
	Given clause: 151[0:Inp] || Cavity(U,V) CombinedContainer(W,V,U)* -> .
	Given clause: 150[0:Inp] || Cavity(U,V) CombinedContainer(V,W,U)* -> .
	Given clause: 148[0:Inp] || Released(U,V,W) -> SkP7(W,V,U)*.
	Given clause: 147[0:Inp] || StableThroughout(U,V,W) -> SkP7(W,V,U)*.
	Given clause: 269[0:Res:148.1,106.0] || Released(U,V,W)* -> Time(U).
	Given clause: 270[0:Res:148.1,107.0] || Released(U,V,W)* -> Time(V).
	Given clause: 271[0:Res:148.1,108.0] || Released(U,V,W)* -> Object(W).
	Given clause: 272[0:Res:147.1,106.0] || StableThroughout(U,V,W)* -> Time(U).
	Given clause: 146[0:Inp] || PreserveBoxWithLid(U,V,W) -> SkP2(W,V,U)*.
	Given clause: 273[0:Res:147.1,107.0] || StableThroughout(U,V,W)* -> Time(V).
	Given clause: 274[0:Res:147.1,108.0] || StableThroughout(U,V,W)* -> Object(W).
	Given clause: 275[0:Res:146.1,85.0] || PreserveBoxWithLid(U,V,W)* -> Time(U).
	Given clause: 276[0:Res:146.1,86.0] || PreserveBoxWithLid(U,V,W)* -> Time(V).
	Given clause: 145[0:Inp] || PreserveUContents(U,V,W) -> SkP2(W,V,U)*.
	Given clause: 277[0:Res:146.1,87.0] || PreserveBoxWithLid(U,V,W)* -> Object(W).
	Given clause: 278[0:Res:145.1,85.0] || PreserveUContents(U,V,W)* -> Time(U).
	Given clause: 279[0:Res:145.1,86.0] || PreserveUContents(U,V,W)* -> Time(V).
	Given clause: 280[0:Res:145.1,87.0] || PreserveUContents(U,V,W)* -> Object(W).
	Given clause: 144[0:Inp] || PreserveCContents(U,V,W) -> SkP2(W,V,U)*.
	Given clause: 281[0:Res:144.1,85.0] || PreserveCContents(U,V,W)* -> Time(U).
	Given clause: 282[0:Res:144.1,86.0] || PreserveCContents(U,V,W)* -> Time(V).
	Given clause: 283[0:Res:144.1,87.0] || PreserveCContents(U,V,W)* -> Object(W).
	Given clause: 143[0:Inp] || BLContained(U,V,W) -> SkP1(W,V,U)*.
	Given clause: 142[0:Inp] || UContained(U,V,W) -> SkP1(W,V,U)*.
	Given clause: 284[0:Res:143.1,79.0] || BLContained(U,V,W)* -> Time(U).
	Given clause: 285[0:Res:143.1,80.0] || BLContained(U,V,W)* -> Object(V).
	Given clause: 286[0:Res:143.1,81.0] || BLContained(U,V,W)* -> Object(W).
	Given clause: 287[0:Res:142.1,79.0] || UContained(U,V,W)* -> Time(U).
	Given clause: 141[0:Inp] || CContained(U,V,W) -> SkP1(W,V,U)*.
	Given clause: 288[0:Res:142.1,80.0] || UContained(U,V,W)* -> Object(V).
	Given clause: 289[0:Res:142.1,81.0] || UContained(U,V,W)* -> Object(W).
	Given clause: 290[0:Res:141.1,79.0] || CContained(U,V,W)* -> Time(U).
	Given clause: 291[0:Res:141.1,80.0] || CContained(U,V,W)* -> Object(V).
	Given clause: 149[0:Inp] || Motionless(U,V,W) -> SkP7(W,V,U)*.
	Given clause: 292[0:Res:141.1,81.0] || CContained(U,V,W)* -> Object(W).
	Given clause: 293[0:Res:149.1,106.0] || Motionless(U,V,W)* -> Time(U).
	Given clause: 294[0:Res:149.1,107.0] || Motionless(U,V,W)* -> Time(V).
	Given clause: 295[0:Res:149.1,108.0] || Motionless(U,V,W)* -> Object(W).
	Given clause: 152[0:Inp] Action(U) Action(V) ||  -> Action(Sequence(V,U))*.
	Given clause: 160[0:Inp] Region(U) Object(V) ||  -> Action(ManipTo(V,U))*.
	Given clause: 165[0:Inp] Object(U) Object(V) ||  -> Action(LoadUprightContainer(V,U))*.
	Given clause: 164[0:Inp] Object(U) Object(V) ||  -> Action(PutInUC(V,U))*.
	Given clause: 162[0:Inp] History(U) History(V) ||  -> History(HUnion(V,U))*.
	Given clause: 155[0:Inp] ObjectSet(U) ObjectSet(V) ||  -> ObjectSet(Union(V,U))*.
	Given clause: 154[0:Inp] Object(U) Object(V) ||  -> ObjectSet(Pair(V,U))*.
	Given clause: 159[0:Inp] ObjectSet(U) Time(V) ||  -> ObjectSet(UContents(V,U))*.
	Given clause: 158[0:Inp] ObjectSet(U) Time(V) ||  -> ObjectSet(CContents(V,U))*.
	Given clause: 157[0:Inp] Region(U) Time(V) ||  -> ObjectSet(Contents(V,U))*.
	Given clause: 163[0:Inp] Object(U) Time(V) ||  -> ObjectSet(MovingGroup(V,U))*.
	Given clause: 153[0:Inp] Region(U) Region(V) ||  -> Region(RUnion(V,U))*.
	Given clause: 161[0:Inp] History(U) Time(V) ||  -> Region(Slice(V,U))*.
	Given clause: 156[0:Inp] Object(U) Time(V) ||  -> Region(Place(V,U))*.
	Given clause: 167[0:Inp] || CombinedContainer(U,V,W) -> Cavity(W,RUnion(U,V))*.
	Given clause: 217[0:MRR:214.0,213.1] || Leq(U,V)* -> equal(U,V) Lt(U,V).
	Given clause: 305[0:Res:196.0,217.0] ||  -> equal(skc1,Ta5) Lt(Ta5,skc1)*.
	Given clause: 325[1:Spt:321.0,305.1] ||  -> Lt(Ta5,skc1)*.
	Given clause: 199[0:Res:11.0,68.0] ||  -> Time(skc1)*.
	Given clause: 197[0:Res:11.0,136.0] ||  -> Leq(skc1,Tb5)*.
	Given clause: 196[0:Res:11.0,135.0] ||  -> Leq(Ta5,skc1)*.
	Given clause: 11[0:Inp] ||  -> Leq3(Ta5,skc1,Tb5)*.
	Given clause: 324[1:Spt:321.0,305.0,308.0] || equal(skc1,Ta5)** -> .
	Given clause: 306[0:Res:197.0,217.0] ||  -> equal(skc1,Tb5) Lt(skc1,Tb5)*.
	Given clause: 339[2:Spt:306.0] ||  -> equal(skc1,Tb5)**.
	Given clause: 342[2:Rew:339.0,197.0] ||  -> Leq(Tb5,Tb5)*.
	Given clause: 343[2:Rew:339.0,196.0] ||  -> Leq(Ta5,Tb5)*.
	Given clause: 344[2:Rew:339.0,11.0] ||  -> Leq3(Ta5,Tb5,Tb5)*.
	Given clause: 345[2:Rew:339.0,324.0] || equal(Tb5,Ta5)** -> .
	Given clause: 303[0:Res:167.1,211.0] || CombinedContainer(U,V,W)*+ -> Region(RUnion(U,V))*.
	Given clause: 166[0:Inp] || BoxWithLidC(U,V,W,X)* -> BoxWithLid(U,V,W).
	Given clause: 365[0:Res:19.0,166.0] ||  -> BoxWithLid(Ta5,Ob5,Ol5)*.
	Given clause: 174[0:Inp] ||  -> equal(RUnion(Place(Ta5,Ob5),Place(Ta5,Ol5)),Slice(Ta5,Hu))**.
	Given clause: 372[0:SSi:369.1,369.0,156.0,10.0,2.0,4.2,156.0,10.0,2.0,5.2] ||  -> Region(Slice(Ta5,Hu))*.
	Given clause: 171[0:Inp] || Lt(U,V)*+ Lt(W,U)* -> Lt(W,V)*.
	Given clause: 373[0:Res:259.0,171.0] || Lt(U,Ta5) -> Lt(U,Tb5)*.
	Given clause: 374[0:Res:373.1,171.0] || Lt(U,Ta5)*+ Lt(V,U)* -> Lt(V,Tb5)*.
	Given clause: 173[0:Inp] || PersistentCavity(U,V,W,X) -> NoEntranceCavity(U,V,W,X)*.
	Given clause: 172[0:Inp] || PersistentCavity(U,V,W,X) -> NoExitCavity(U,V,W,X)*.
	Given clause: 170[0:Inp] || NoEntranceCavity(U,V,W,X) -> SkP8(X,W,V,U)*.
	Given clause: 377[0:Res:170.1,123.0] || NoEntranceCavity(U,V,W,X)* -> Time(U).
	Given clause: 378[0:Res:170.1,124.0] || NoEntranceCavity(U,V,W,X)* -> Time(V).
	Given clause: 169[0:Inp] || NoExitCavity(U,V,W,X) -> SkP8(X,W,V,U)*.
	Given clause: 379[0:Res:170.1,125.0] || NoEntranceCavity(U,V,W,X)* -> History(W).
	Given clause: 380[0:Res:170.1,126.0] || NoEntranceCavity(U,V,W,X)* -> History(X).
	Given clause: 381[0:Res:173.1,377.0] || PersistentCavity(U,V,W,X)* -> Time(U).
	Given clause: 382[0:Res:173.1,378.0] || PersistentCavity(U,V,W,X)* -> Time(V).
	Given clause: 168[0:Inp] || PersistentCavity(U,V,W,X) -> SkP8(X,W,V,U)*.
	Given clause: 383[0:Res:169.1,123.0] || NoExitCavity(U,V,W,X)* -> Time(U).
	Given clause: 384[0:Res:169.1,124.0] || NoExitCavity(U,V,W,X)* -> Time(V).
	Given clause: 385[0:Res:169.1,125.0] || NoExitCavity(U,V,W,X)* -> History(W).
	Given clause: 386[0:Res:169.1,126.0] || NoExitCavity(U,V,W,X)* -> History(X).
	Given clause: 348[2:Rew:339.0,175.0] || equal(RUnion(Place(Tb5,Ob5),Place(Tb5,Ol5)),Slice(Tb5,Hu))** -> .
	Given clause: 387[0:Res:173.1,379.0] || PersistentCavity(U,V,W,X)* -> History(W).
	Given clause: 388[0:Res:173.1,380.0] || PersistentCavity(U,V,W,X)* -> History(X).
	Given clause: 346[2:Rew:339.0,195.1] || Constant(Ta5,Tb5,U)* -> equal(Slice(Tb5,U),Slice(Ta5,U)).
	Given clause: 403[2:Rew:22.0,401.0] ||  -> equal(Slice(Tb5,Hc),Rc5)**.
	Given clause: 404[2:Rew:402.0,348.0] || equal(RUnion(Place(Tb5,Ob5),Place(Tb5,Ol5)),Slice(Ta5,Hu))** -> .
	Given clause: 402[2:Res:14.0,346.0] ||  -> equal(Slice(Tb5,Hu),Slice(Ta5,Hu))**.
	Given clause: 347[2:Rew:339.0,194.1] || Motionless(Ta5,Tb5,U)* -> equal(Place(Tb5,U),Place(Ta5,U)).
	Given clause: 426[2:Spt:420.0,306.1] ||  -> Lt(skc1,Tb5)*.
	Given clause: 199[0:Res:11.0,68.0] ||  -> Time(skc1)*.
	Given clause: 196[0:Res:11.0,135.0] ||  -> Leq(Ta5,skc1)*.
	Given clause: 324[1:Spt:321.0,305.0,308.0] || equal(skc1,Ta5)** -> .
	Given clause: 197[0:Res:11.0,136.0] ||  -> Leq(skc1,Tb5)*.
	Given clause: 325[1:Spt:321.0,305.1] ||  -> Lt(Ta5,skc1)*.
	Given clause: 11[0:Inp] ||  -> Leq3(Ta5,skc1,Tb5)*.
	Given clause: 425[2:Spt:420.0,306.0,339.0] || equal(skc1,Tb5)** -> .
	Given clause: 175[0:Inp] || equal(RUnion(Place(skc1,Ob5),Place(skc1,Ol5)),Slice(skc1,Hu))** -> .
	Given clause: 427[2:Res:426.0,171.0] || Lt(U,skc1)* -> Lt(U,Tb5).
	Given clause: 436[1:Res:325.0,171.0] || Lt(U,Ta5) -> Lt(U,skc1)*.
	Given clause: 445[1:Res:436.1,171.0] || Lt(U,Ta5)*+ Lt(V,U)* -> Lt(V,skc1)*.
	Given clause: 194[0:Res:11.0,193.0] || Motionless(Ta5,Tb5,U)* -> equal(Place(skc1,U),Place(Ta5,U)).
	Given clause: 455[0:Rew:174.0,454.0] || equal(Slice(skc1,Hu),Slice(Ta5,Hu))** -> .
	Given clause: 449[0:Res:13.0,194.0] ||  -> equal(Place(skc1,Ol5),Place(Ta5,Ol5))**.
	Given clause: 462[0:SSi:460.1,460.0,199.0,5.0] ||  -> Region(Place(Ta5,Ol5))*.
	Given clause: 450[0:Res:12.0,194.0] ||  -> equal(Place(skc1,Ob5),Place(Ta5,Ob5))**.
	Given clause: 465[0:SSi:463.1,463.0,199.0,4.0] ||  -> Region(Place(Ta5,Ob5))*.
	Given clause: 176[0:Inp] || Leq(U,V) Leq(V,W) -> Leq3(U,V,W)*.
	Given clause: 195[0:Res:11.0,185.0] || Constant(Ta5,Tb5,U)* -> equal(Slice(skc1,U),Slice(Ta5,U)).
SPASS V 3.7 
SPASS beiseite: Proof found.
Problem: inference5_a.dfg 
SPASS derived 245 clauses, backtracked 25 clauses, performed 2 splits and kept 339 clauses.
SPASS allocated 52673 KBytes.
SPASS spent	0:00:00.08 on the problem.
		0:00:00.02 for the input.
		0:00:00.02 for the FLOTTER CNF translation.
		0:00:00.00 for inferences.
		0:00:00.00 for the backtracking.
		0:00:00.01 for the reduction.


Here is a proof with depth 2, length 19 :
11[0:Inp] ||  -> Leq3(Ta5,skc1,Tb5)*.
12[0:Inp] ||  -> Motionless(Ta5,Tb5,Ob5)*.
13[0:Inp] ||  -> Motionless(Ta5,Tb5,Ol5)*.
14[0:Inp] ||  -> Constant(Ta5,Tb5,Hu)*.
68[0:Inp] || Leq3(U,V,W)* -> Time(V).
174[0:Inp] ||  -> equal(RUnion(Place(Ta5,Ob5),Place(Ta5,Ol5)),Slice(Ta5,Hu))**.
175[0:Inp] || equal(RUnion(Place(skc1,Ob5),Place(skc1,Ol5)),Slice(skc1,Hu))** -> .
185[0:Inp] || Constant(U,V,W)* Leq3(U,X,V)* -> equal(Slice(X,W),Slice(U,W))*.
190[0:Inp] Time(U) || Leq3(V,U,W)* Motionless(V,W,X)* -> equal(Place(U,X),Place(V,X))*.
193[0:MRR:190.0,68.1] || Motionless(U,V,W)* Leq3(U,X,V)* -> equal(Place(X,W),Place(U,W))*.
194[0:Res:11.0,193.0] || Motionless(Ta5,Tb5,U)* -> equal(Place(skc1,U),Place(Ta5,U)).
195[0:Res:11.0,185.0] || Constant(Ta5,Tb5,U)* -> equal(Slice(skc1,U),Slice(Ta5,U)).
449[0:Res:13.0,194.0] ||  -> equal(Place(skc1,Ol5),Place(Ta5,Ol5))**.
450[0:Res:12.0,194.0] ||  -> equal(Place(skc1,Ob5),Place(Ta5,Ob5))**.
451[0:Rew:449.0,175.0] || equal(RUnion(Place(skc1,Ob5),Place(Ta5,Ol5)),Slice(skc1,Hu))** -> .
454[0:Rew:450.0,451.0] || equal(RUnion(Place(Ta5,Ob5),Place(Ta5,Ol5)),Slice(skc1,Hu))** -> .
455[0:Rew:174.0,454.0] || equal(Slice(skc1,Hu),Slice(Ta5,Hu))** -> .
472[0:Res:14.0,195.0] ||  -> equal(Slice(skc1,Hu),Slice(Ta5,Hu))**.
474[0:MRR:472.0,455.0] ||  -> .
Formulae used in the proof : conjecture0 C5A6 assume axiom83 axiom20 axiom82 HID3 MOD2

--------------------------SPASS-STOP------------------------------
