	Given clause: 25873[0:MRR:25750.4,1929.5] Action(U) Action(V) Action(W) Action(X) || Occurs(Y,Ta4,Sequence(Sequence(Z,U),V))*+ Occurs(Y,Ta4,Sequence(Z,U)) Occurs(Y,Ta4,Z) Occurs(X1,Y,Sequence(X,W))* Occurs(X1,Ta4,Sequence(X,W))* -> Action(Sequence(W,Sequence(Z,Sequence(U,V))))*.
	Given clause: 47454[0:MRR:47247.1,47247.2,41.1,281.2] Action(U) Action(V) || Occurs(W,Ta4,Sequence(U,Sequence(Sequence(X,Y),Z)))*+ Occurs(Ta4,Ta4,X1) Occurs(Ta4,X2,Sequence(X1,V))* Occurs(X3,X4,X)* Occurs(X4,Ta4,Y)* Occurs(X4,X5,Y)* Occurs(X5,Ta4,Z)* -> Action(Sequence(Sequence(Z,X1),V))*.
	Given clause: 96803[0:MRR:96802.1,2085.5] Action(U) || Occurs(V,Ta4,Sequence(W,LoadUprightContainer(Ox4,Ob4)))*+ Occurs(Tb,Ta4,Sequence(X,U))* Occurs(Tb,Ta4,X) Occurs(V,Ta4,W) Occurs(Y,V,Z)* Occurs(X1,Y,X2)* -> Occurs(X1,skf5(Sequence(X2,Sequence(Z,W)),X1,X3,X4),Sequence(X2,Sequence(Z,W)))*.
	Given clause: 9263[0:Res:111.3,3472.6] Action(Sequence(U,V)) Action(W) Action(V) Action(U) Action(X) Action(Y) Action(Z) Action(X1) || Occurs(X2,skf5(Y,X3,X,skf5(X1,X4,Z,Ta4)),Sequence(W,Sequence(U,V)))* Occurs(X3,skf5(X1,X4,Z,Ta4),Sequence(Y,X)) Occurs(X4,Ta4,Sequence(X1,Z)) -> Action(Sequence(Sequence(Sequence(V,X),Z),LoadUprightContainer(Ox4,Ob4))).
	Given clause: 105483[0:MRR:105482.5,113.2] Action(U) Action(V) || Occurs(W,Ta4,Sequence(X,V)) Occurs(W,Ta4,X) Occurs(Y,W,Z)* Occurs(X1,Y,X2)* Occurs(skf5(X,W,V,Ta4),Ta4,Sequence(V,U))*+ -> Occurs(X1,Tb,Sequence(Sequence(X2,Sequence(Z,X)),Sequence(V,Sequence(U,LoadUprightContainer(Ox4,Ob4)))))*.
	Given clause: 118554[0:MRR:118553.1,41.1] Action(U) || Occurs(V,Ta4,W) Occurs(V,Ta4,Sequence(W,U)) Occurs(skf5(X,Y,Z,Ta4),skf5(W,V,Sequence(U,LoadUprightContainer(Ox4,Ob4)),Tb),Z)*+ Occurs(Y,Ta4,Sequence(X,Z)) Occurs(Y,Ta4,X) Occurs(X1,Y,X2)* -> Action(Sequence(X,Sequence(Z,U))).
	Given clause: 118935[0:MRR:118890.2,294.3] Object(U) Object(V) || Occurs(W,Ta4,LoadUprightContainer(V,U))+ Occurs(X,W,Y)* Occurs(Ta4,Ta4,Z) Occurs(X,Ta4,Y)* Occurs(X1,X,X2)* -> Action(Sequence(Y,Sequence(Sequence(TravelTo(skf4(U,V,Ta4,W)),Sequence(PutInUC(V,U),TravelTo(skf3(U,W,V,Ta4)))),Z)))*.
	Given clause: 119919[0:MRR:119857.1,119857.2,252.1,41.1] Action(U) || Occurs(V,W,Sequence(U,Sequence(X,Sequence(Y,LoadUprightContainer(Ox4,Ob4)))))+ Occurs(skf5(X,Z,X1,X2),Ta4,Y)* Occurs(X3,Z,X4)* Occurs(Z,Ta4,X) -> Time(skf5(X,skf5(U,V,Sequence(X,Sequence(Y,LoadUprightContainer(Ox4,Ob4))),W),Sequence(Y,LoadUprightContainer(Ox4,Ob4)),W))*.
	Given clause: 10031[0:Res:347.6,113.0] Object(U) Object(V) Action(W) Action(X) || Occurs(Y,skf5(X,Z,W,Ta4),LoadUprightContainer(V,U)) Occurs(Z,Ta4,Sequence(X,W)) Occurs(X1,Y,X2) -> Occurs(X1,Tb,Sequence(X2,Sequence(Sequence(TravelTo(skf4(U,V,skf5(X,Z,W,Ta4),Y)),Sequence(PutInUC(V,U),TravelTo(skf3(U,Y,V,skf5(X,Z,W,Ta4))))),Sequence(W,LoadUprightContainer(Ox4,Ob4)))))*.
	Given clause: 138676[0:MRR:138323.1,138323.2,41.1,281.2] Action(U) Action(V) || Occurs(W,Ta4,Sequence(U,Sequence(Sequence(X,Y),Z)))*+ Occurs(Ta4,Ta4,X1) Occurs(Ta4,X2,Sequence(X1,V))* Occurs(X3,X4,X)* Occurs(X4,Ta4,Y)* Occurs(X4,X5,Y)* Occurs(X5,Ta4,Z)* -> Action(Sequence(Z,Sequence(X1,V)))*.
	Given clause: 157288[0:MRR:157287.6,316.4] Action(U) Action(V) || Occurs(W,Ta4,Sequence(X,V)) Occurs(W,Ta4,X) Occurs(Y,W,Z)* Occurs(skf5(X,W,V,Ta4),Ta4,Sequence(V,U))*+ Occurs(X1,Y,X2)* -> Occurs(X1,Tb,Sequence(Sequence(Sequence(X2,Sequence(Sequence(Z,X),V)),U),LoadUprightContainer(Ox4,Ob4)))*.
	Given clause: 157290[0:MRR:157289.6,113.2] Action(U) Action(V) || Occurs(W,Ta4,X) Occurs(W,Ta4,Sequence(X,V)) Occurs(Y,W,Z)* Occurs(skf5(X,W,V,Ta4),Ta4,Sequence(V,U))*+ Occurs(X1,Y,X2)* -> Occurs(X1,Tb,Sequence(Sequence(Sequence(X2,Sequence(Z,Sequence(X,V))),U),LoadUprightContainer(Ox4,Ob4)))*.
	Given clause: 554[0:Res:313.6,323.0] Action(U) Action(V) Action(W) Action(X) || Occurs(Y,skf5(X,Z,W,Ta4),Sequence(V,U)) Occurs(Z,Ta4,Sequence(X,W)) Occurs(X1,skf5(V,Y,U,skf5(X,Z,W,Ta4)),X2)* -> Occurs(X1,Tb,Sequence(Sequence(X2,Sequence(U,W)),LoadUprightContainer(Ox4,Ob4))).
	Given clause: 10523[0:Res:4088.6,113.0] Action(U) Action(V) Object(W) Object(X) || Occurs(Y,skf5(U,Z,V,X1),LoadUprightContainer(X,W)) Occurs(Z,X1,Sequence(U,V)) Occurs(X2,Y,X3) -> Occurs(X2,skf5(Sequence(TravelTo(skf4(W,X,skf5(U,Z,V,X1),Y)),Sequence(PutInUC(X,W),TravelTo(skf3(W,Y,X,skf5(U,Z,V,X1))))),Y,X4,X5),Sequence(X3,LoadUprightContainer(X,W)))*.
	Given clause: 167652[0:Res:10523.7,41.0] Action(U) Action(V) Object(W) Object(X) || Occurs(Y,skf5(U,Z,V,X1),LoadUprightContainer(X,W))*+ Occurs(Z,X1,Sequence(U,V)) Occurs(X2,Y,X3)* -> Action(Sequence(X3,LoadUprightContainer(X,W)))*.
	Given clause: 167607[0:MRR:167537.1,41.1] Action(U) Action(V) Action(W) || Occurs(X,Ta4,Y) Occurs(X,skf5(W,Z,V,Ta4),Sequence(Y,U))*+ Occurs(Z,Ta4,Sequence(W,V)) -> Occurs(X,Tb,Sequence(Sequence(Y,Sequence(U,V)),LoadUprightContainer(Ox4,Ob4)))*.
	Given clause: 168381[0:MRR:168380.2,168380.6,41.1,113.2] Action(U) Action(V) || Occurs(W,Ta4,Sequence(X,U)) Occurs(W,Ta4,X) Occurs(Y,W,Z)* Occurs(W,Ta4,Sequence(Sequence(X,U),V))*+ -> Occurs(Y,Tb,Sequence(Sequence(Sequence(Z,X),Sequence(U,V)),LoadUprightContainer(Ox4,Ob4)))*.
	Given clause: 168377[0:MRR:168376.5,113.2] Action(U) Action(V) || Occurs(W,Ta4,Sequence(X,V)) Occurs(W,Ta4,X) Occurs(Y,W,Z)* Occurs(skf5(X,W,V,Ta4),Ta4,Sequence(V,U))*+ -> Occurs(Y,Tb,Sequence(Sequence(Sequence(Z,X),Sequence(V,U)),LoadUprightContainer(Ox4,Ob4)))*.
	Given clause: 22175[0:Res:3602.9,40.0] Action(U) Action(V) Action(W) Action(X) Action(Y) Action(Z) || Occurs(X1,skf5(X,X2,W,skf5(Y,X3,Z,X4)),Sequence(V,U)) Occurs(X2,skf5(Y,X3,Z,X4),Sequence(X,W)) Occurs(X3,X4,Sequence(Y,Z)) -> Time(skf5(Sequence(U,W),skf5(V,X1,U,skf5(X,X2,W,skf5(Y,X3,Z,X4))),X5,X6))*.
	Given clause: 167608[0:MRR:167539.1,41.1] Action(U) Action(V) Action(W) || Occurs(X,Ta4,Y) Occurs(Z,X,X1)* Occurs(X,skf5(W,X2,V,Ta4),Sequence(Y,U))*+ Occurs(X2,Ta4,Sequence(W,V)) -> Occurs(Z,Tb,Sequence(Sequence(Sequence(X1,Y),Sequence(U,V)),LoadUprightContainer(Ox4,Ob4)))*.
	Given clause: 168379[0:MRR:168378.0,41.1] Action(U) Action(V) || Occurs(W,Ta4,X) Occurs(W,Ta4,Sequence(X,V)) Occurs(Y,W,Z)* Occurs(Y,Ta4,Z) Occurs(skf5(X,W,V,Ta4),Ta4,Sequence(V,U))*+ -> Occurs(Y,Tb,Sequence(Sequence(Z,Sequence(Sequence(X,V),U)),LoadUprightContainer(Ox4,Ob4)))*.
	Given clause: 168626[0:MRR:168625.2,168625.6,41.1,113.2] Action(U) Action(V) || Occurs(W,Ta4,Sequence(X,U)) Occurs(W,Ta4,X) Occurs(Y,W,Z)* Occurs(X1,Y,X2)* Occurs(W,Ta4,Sequence(Sequence(X,U),V))*+ -> Occurs(X1,Tb,Sequence(Sequence(Sequence(X2,Sequence(Z,X)),Sequence(U,V)),LoadUprightContainer(Ox4,Ob4)))*.
	Given clause: 168622[0:MRR:168621.5,113.2] Action(U) Action(V) || Occurs(W,Ta4,Sequence(X,V)) Occurs(W,Ta4,X) Occurs(Y,W,Z)* Occurs(X1,Y,X2)* Occurs(skf5(X,W,V,Ta4),Ta4,Sequence(V,U))*+ -> Occurs(X1,Tb,Sequence(Sequence(Sequence(X2,Sequence(Z,X)),Sequence(V,U)),LoadUprightContainer(Ox4,Ob4)))*.
	Given clause: 16350[0:MRR:16339.3,16339.4,41.1,41.1] Action(U) Action(V) Action(W) || Occurs(X,skf5(V,Y,W,Z),Sequence(U,Sequence(X1,X2)))+ Occurs(Y,Z,Sequence(V,W)) Occurs(X3,X4,X1)* Occurs(X4,Ta4,X2)* -> Time(skf5(X1,skf5(U,X,Sequence(X1,X2),skf5(V,Y,W,Z)),X2,skf5(Sequence(X1,X2),skf5(U,X,Sequence(X1,X2),skf5(V,Y,W,Z)),X5,X6)))*.
	Given clause: 1345[0:MRR:1334.3,41.1] Object(U) Object(V) Action(W) || Occurs(X,Ta4,Sequence(TravelTo(Y),Sequence(PutInUC(V,U),TravelTo(Z)))) FullyOutside(Z,Place(X,U)) Occurs(X,Ta4,Sequence(Sequence(TravelTo(Y),Sequence(PutInUC(V,U),TravelTo(Z))),W))*+ -> Occurs(X,skf5(LoadUprightContainer(V,U),X,X1,X2),LoadUprightContainer(V,U))*.
	Given clause: 75693[0:MRR:75640.0,75640.1,41.1,41.1] || Occurs(U,Ta4,V) Occurs(skf5(W,X,Sequence(Y,LoadUprightContainer(Ox4,Ob4)),Tb),U,Y)*+ Occurs(X,Ta4,W) Occurs(X,Ta4,Sequence(W,Y)) Occurs(Z,skf5(W,X,Sequence(Y,LoadUprightContainer(Ox4,Ob4)),Tb),X1)* -> Occurs(Z,skf5(V,U,X2,X3),Sequence(Sequence(X1,Y),V))*.
	Given clause: 81743[0:MRR:81653.1,41.1] Action(U) Object(V) Object(W) || Occurs(X,Y,Sequence(Z,U))*+ Occurs(Y,Ta4,LoadUprightContainer(W,V)) Occurs(X,Ta4,Z) Occurs(X1,X,X2)* -> Action(Sequence(Z,Sequence(U,Sequence(TravelTo(skf4(V,W,Ta4,Y)),Sequence(PutInUC(W,V),TravelTo(skf3(V,Y,W,Ta4)))))))*.
	Given clause: 169255[0:SSi:169254.0,214.0] Object(U) Object(V) || Occurs(Tb,Ta4,LoadUprightContainer(V,U))+ Occurs(W,Ta4,X)* Occurs(Y,W,Z)* -> Action(Sequence(X,Sequence(LoadUprightContainer(Ox4,Ob4),Sequence(TravelTo(skf4(U,V,Ta4,Tb)),Sequence(PutInUC(V,U),TravelTo(skf3(U,Tb,V,Ta4)))))))*.
	Given clause: 14448[0:MRR:14447.3,41.1] Action(U) Action(V) Action(W) Action(X) || Occurs(Y,skf5(V,Z,W,X1),Sequence(U,Sequence(X2,LoadUprightContainer(Ox4,Ob4)))) Occurs(Z,X1,Sequence(V,W)) Occurs(skf5(U,Y,Sequence(X2,LoadUprightContainer(Ox4,Ob4)),skf5(V,Z,W,X1)),Ta4,Sequence(Sequence(X2,LoadUprightContainer(Ox4,Ob4)),X))*+ Occurs(X3,Ta4,X2)* -> Action(Sequence(Sequence(LoadUprightContainer(Ox4,Ob4),X),LoadUprightContainer(Ox4,Ob4))).
	Given clause: 114990[0:MRR:114831.1,114831.2,41.1,41.1] Action(U) Action(V) || Occurs(W,Ta4,Sequence(U,Sequence(X,Sequence(Y,V))))*+ Occurs(Ta4,Ta4,Z) Occurs(X1,X2,Sequence(Y,V))* Occurs(X3,X4,X5)* Occurs(X4,Ta4,X)* Occurs(X4,X1,X)* Occurs(X1,Ta4,Y) -> Action(Sequence(Sequence(Y,V),Z))*.
	Given clause: 115387[0:MRR:115320.1,115320.2,281.2,41.1] Action(U) || Occurs(V,Ta4,Sequence(U,Sequence(W,Sequence(X,Y))))*+ Occurs(Ta4,Ta4,Z) Occurs(X1,X2,X3)* Occurs(X2,Ta4,W)* Occurs(X2,X4,W)* Occurs(X4,Ta4,X)* Occurs(X4,X5,X)* Occurs(X5,Ta4,Y)* -> Action(Sequence(Sequence(X,Y),Z))*.
	Given clause: 149478[0:MRR:149374.1,41.1] Action(U) Action(V) Action(W) || Occurs(X,Y,Sequence(Sequence(Z,V),U))*+ Occurs(Y,Ta4,Sequence(X1,W))* Occurs(Y,Ta4,X1) Occurs(X,Ta4,Sequence(Z,V)) Occurs(X,Ta4,Z) Occurs(X2,X,X3)* -> Action(Sequence(V,Sequence(Sequence(U,X1),W)))*.
	Given clause: 156613[0:MRR:156612.3,259.3] Action(U) Action(V) Action(W) Action(X) || Occurs(Y,skf5(V,Z,W,Ta4),Sequence(U,X)) Occurs(Z,Ta4,Sequence(V,W)) Occurs(X1,skf5(U,Y,X,skf5(V,Z,W,Ta4)),X2)* -> Occurs(X1,Tb,Sequence(Sequence(X2,X),Sequence(W,LoadUprightContainer(Ox4,Ob4)))).
	Given clause: 10079[0:MRR:10066.2,10066.4,41.1,294.3] Object(U) Object(V) Action(W) || Occurs(X,skf5(W,Y,Z,Ta4),LoadUprightContainer(V,U))+ Occurs(Y,Ta4,Sequence(W,Z)) Occurs(X1,Ta4,Z)* -> Time(skf5(Z,skf5(Sequence(TravelTo(skf4(U,V,skf5(W,Y,Z,Ta4),X)),Sequence(PutInUC(V,U),TravelTo(skf3(U,X,V,skf5(W,Y,Z,Ta4))))),X,Sequence(Z,LoadUprightContainer(Ox4,Ob4)),Tb),LoadUprightContainer(Ox4,Ob4),Tb))*.
	Given clause: 170317[0:MRR:170248.0,41.1] Action(U) Action(V) Action(W) || Occurs(X,Ta4,Y) Occurs(Z,X,X1)* Occurs(X,skf5(U,X2,V,Ta4),Sequence(Y,W))*+ Occurs(X2,Ta4,Sequence(U,V)) -> Occurs(Z,Tb,Sequence(Sequence(Sequence(X1,Y),W),Sequence(V,LoadUprightContainer(Ox4,Ob4))))*.
	Given clause: 170435[0:MRR:170434.5,113.2] Action(U) Action(V) || Occurs(W,Ta4,Sequence(X,V)) Occurs(W,Ta4,X) Occurs(Y,W,Z)* Occurs(X1,Y,X2)* Occurs(skf5(X,W,V,Ta4),Ta4,Sequence(V,U))*+ -> Occurs(X1,Tb,Sequence(Sequence(Sequence(X2,Sequence(Z,X)),V),Sequence(U,LoadUprightContainer(Ox4,Ob4))))*.
	Given clause: 9998[0:Res:111.3,9955.3] Action(Sequence(U,V)) Action(W) Action(V) || Occurs(X,Ta4,Sequence(W,Sequence(U,V))) Occurs(skf5(W,X,Sequence(U,V),Ta4),Ta4,U)* Occurs(Y,skf5(W,X,Sequence(U,V),Ta4),Z)* Occurs(X1,Y,X2)* -> Action(Sequence(Sequence(X2,Sequence(Z,U)),V))*.
	Given clause: 171065[0:SSi:171064.1,214.0] Action(U) || Occurs(V,Ta4,Sequence(U,Sequence(W,LoadUprightContainer(Ox4,Ob4)))) Occurs(skf5(U,V,Sequence(W,LoadUprightContainer(Ox4,Ob4)),Ta4),Ta4,W)*+ Occurs(X,skf5(U,V,Sequence(W,LoadUprightContainer(Ox4,Ob4)),Ta4),Y)* Occurs(Z,X,X1)* -> Action(Sequence(Sequence(X1,Sequence(Y,W)),LoadUprightContainer(Ox4,Ob4)))*.
	Given clause: 6548[0:MRR:6547.1,41.1] Action(U) Action(V) Action(W) || Occurs(X,skf5(V,Y,Z,Ta4),Sequence(U,W))+ Occurs(Y,Ta4,Sequence(V,Z)) Occurs(X1,Ta4,Z)* -> Occurs(skf5(W,skf5(U,X,W,skf5(V,Y,Z,Ta4)),Sequence(Z,LoadUprightContainer(Ox4,Ob4)),Tb),skf5(Z,skf5(W,skf5(U,X,W,skf5(V,Y,Z,Ta4)),Sequence(Z,LoadUprightContainer(Ox4,Ob4)),Tb),X2,X3),Z)*.
SPASS V 3.7 
SPASS beiseite: Ran out of time. SPASS was killed.
Problem: 31_test.dfg 
SPASS derived 94056 clauses, backtracked 0 clauses, performed 0 splits, and kept 70132 clauses.
SPASS allocated 677472 KBytes.
SPASS spent	11:03:01.60 on the problem.
		0:00:00.02 for the input.
		0:00:00.01 for the FLOTTER CNF translation.
		0:00:06.62 for inferences.
		0:00:00.00 for the backtracking.
		11:02:46.61 for the reduction.
