
--------------------------SPASS-START-----------------------------
Input Problem:
1[0:Inp] ||  -> Ordered(Ta2,Tb2)*.
2[0:Inp] ||  -> CContained(Ta2,Os2,Singleton(Ob2a))*.
3[0:Inp] ||  -> CContained(Ta2,Ob2a,Singleton(Ob2b))*.
4[0:Inp] || Contained(Place(Ta2,Os2),Place(Ta2,Ob2a))* -> .
5[0:Inp] || Contained(U,V)* Contained(V,W)* -> Contained(U,W)*.
6[0:Inp] || Contained(Place(U,V),Place(U,W))* Time(U) Object(V) Object(W) -> CContained(U,V,Singleton(W)).
7[0:Inp] || CContained(U,V,Singleton(W)) Time(U) Object(V) Object(W) -> Contained(Place(U,V),Place(U,W))*.
 This is a first-order Horn problem without equality.
 This is a problem that contains sort information.
 The conjecture is ground.
 Axiom clauses: 6 Conjecture clauses: 1
 Inferences: IEmS=1 ISoR=1 IORe=1 
 Reductions: RFMRR=1 RBMRR=1 RObv=1 RUnC=1 RTaut=1 RSST=1 RSSi=1 RFSub=1 RBSub=1 RCon=1 
 Extras    : Input Saturation, Dynamic Selection, No Splitting, Full Reduction,  Ratio: 5, FuncWeight: 1, VarWeight: 1
 Precedence: Singleton > HPlace > RUnion > Place > Slice > Contained > CContained > Time > RigidObject > Ordered > Region > History > Object > ObjectSet > Lt > Leq > Leq3 > P > Cavity > OSPlace > ClosedContainer > RigidHistory > O > EC > DR > Outside > Os2 > Ob2a > Ob2b > Ta2 > Tb2
 Ordering  : KBO
Processed Problem:

Worked Off Clauses:

Usable Clauses:
1[0:Inp] ||  -> Ordered(Ta2,Tb2)*.
3[0:Inp] ||  -> CContained(Ta2,Ob2a,Singleton(Ob2b))*.
2[0:Inp] ||  -> CContained(Ta2,Os2,Singleton(Ob2a))*.
4[0:Inp] || Contained(Place(Ta2,Os2),Place(Ta2,Ob2a))* -> .
10[0:MRR:8.3,2.0] Object(Ob2a) Object(Os2) Time(Ta2) ||  -> .
5[0:Inp] || Contained(U,V)* Contained(W,U)* -> Contained(W,V)*.
9[0:Res:5.2,4.0] || Contained(U,Place(Ta2,Ob2a))* Contained(Place(Ta2,Os2),U)* -> .
6[0:Inp] Object(U) Object(V) Time(W) || Contained(Place(W,V),Place(W,U))* -> CContained(W,V,Singleton(U)).
7[0:Inp] Object(U) Object(V) Time(W) || CContained(W,V,Singleton(U)) -> Contained(Place(W,V),Place(W,U))*.
	Given clause: 1[0:Inp] ||  -> Ordered(Ta2,Tb2)*.
	Given clause: 3[0:Inp] ||  -> CContained(Ta2,Ob2a,Singleton(Ob2b))*.
	Given clause: 2[0:Inp] ||  -> CContained(Ta2,Os2,Singleton(Ob2a))*.
	Given clause: 4[0:Inp] || Contained(Place(Ta2,Os2),Place(Ta2,Ob2a))* -> .
	Given clause: 5[0:Inp] || Contained(U,V)*+ Contained(W,U)* -> Contained(W,V)*.
	Given clause: 10[0:MRR:8.3,2.0] Object(Ob2a) Object(Os2) Time(Ta2) ||  -> .
	Given clause: 9[0:Res:5.2,4.0] || Contained(U,Place(Ta2,Ob2a))*+ Contained(Place(Ta2,Os2),U)* -> .
	Given clause: 6[0:Inp] Object(U) Object(V) Time(W) || Contained(Place(W,V),Place(W,U))* -> CContained(W,V,Singleton(U)).
	Given clause: 7[0:Inp] Object(U) Object(V) Time(W) || CContained(W,V,Singleton(U)) -> Contained(Place(W,V),Place(W,U))*.
	Given clause: 13[0:Res:7.4,5.0] Object(U) Object(V) Time(W) || CContained(W,V,Singleton(U))*+ Contained(X,Place(W,V))* -> Contained(X,Place(W,U))*.
	Given clause: 15[0:Res:3.0,13.3] Object(Ob2b) Object(Ob2a) Time(Ta2) || Contained(U,Place(Ta2,Ob2a))* -> Contained(U,Place(Ta2,Ob2b)).
	Given clause: 14[0:Res:7.4,9.0] Object(Ob2a) Object(U) Time(Ta2) || CContained(Ta2,U,Singleton(Ob2a)) Contained(Place(Ta2,Os2),Place(Ta2,U))* -> .
SPASS V 3.5 
SPASS beiseite: Completion found.
Problem: inference2_4.dfg 
SPASS derived 8 clauses, backtracked 0 clauses, performed 0 splits and kept 12 clauses.
SPASS allocated 52212 KBytes.
SPASS spent	0:00:00.05 on the problem.
		0:00:00.02 for the input.
		0:00:00.01 for the FLOTTER CNF translation.
		0:00:00.00 for inferences.
		0:00:00.00 for the backtracking.
		0:00:00.00 for the reduction.


 The saturated set of worked-off clauses is :
14[0:Res:7.4,9.0] Object(Ob2a) Object(U) Time(Ta2) || CContained(Ta2,U,Singleton(Ob2a)) Contained(Place(Ta2,Os2),Place(Ta2,U))* -> .
15[0:Res:3.0,13.3] Object(Ob2b) Object(Ob2a) Time(Ta2) || Contained(U,Place(Ta2,Ob2a))* -> Contained(U,Place(Ta2,Ob2b)).
13[0:Res:7.4,5.0] Object(U) Object(V) Time(W) || CContained(W,V,Singleton(U))*+ Contained(X,Place(W,V))* -> Contained(X,Place(W,U))*.
7[0:Inp] Object(U) Object(V) Time(W) || CContained(W,V,Singleton(U)) -> Contained(Place(W,V),Place(W,U))*.
6[0:Inp] Object(U) Object(V) Time(W) || Contained(Place(W,V),Place(W,U))* -> CContained(W,V,Singleton(U)).
9[0:Res:5.2,4.0] || Contained(U,Place(Ta2,Ob2a))*+ Contained(Place(Ta2,Os2),U)* -> .
10[0:MRR:8.3,2.0] Object(Ob2a) Object(Os2) Time(Ta2) ||  -> .
5[0:Inp] || Contained(U,V)*+ Contained(W,U)* -> Contained(W,V)*.
4[0:Inp] || Contained(Place(Ta2,Os2),Place(Ta2,Ob2a))* -> .
2[0:Inp] ||  -> CContained(Ta2,Os2,Singleton(Ob2a))*.
3[0:Inp] ||  -> CContained(Ta2,Ob2a,Singleton(Ob2b))*.
1[0:Inp] ||  -> Ordered(Ta2,Tb2)*.
--------------------------SPASS-STOP------------------------------
