
--------------------------SPASS-START-----------------------------
Input Problem:
1[0:Inp] ||  -> RigidObject(Ob2b)*.
2[0:Inp] ||  -> Ordered(Ta2,Tb2)*.
3[0:Inp] ||  -> CContained(Ta2,Os2,Singleton(Ob2a))*.
4[0:Inp] ||  -> CContained(Ta2,Ob2a,Singleton(Ob2b))*.
5[0:Inp] || CContained(Tb2,Os2,Singleton(Ob2a))* -> .
6[0:Inp] || Contained(U,V)* Contained(V,W)* -> Contained(U,W)*.
7[0:Inp] || CContained(U,V,Singleton(W))* RigidObject(W) Ordered(U,X)* -> CContained(X,V,Singleton(W))*.
8[0:Inp] || Contained(Place(U,V),Place(U,W))* Time(U) Object(V) Object(W) -> CContained(U,V,Singleton(W)).
9[0:Inp] || CContained(U,V,Singleton(W)) Time(U) Object(V) Object(W) -> Contained(Place(U,V),Place(U,W))*.
 This is a first-order Horn problem without equality.
 This is a problem that contains sort information.
 The conjecture is ground.
 The following monadic predicates have finite extensions: RigidObject.
 Axiom clauses: 8 Conjecture clauses: 1
 Inferences: IEmS=1 ISoR=1 IORe=1 
 Reductions: RFMRR=1 RBMRR=1 RObv=1 RUnC=1 RTaut=1 RSST=1 RSSi=1 RFSub=1 RBSub=1 RCon=1 
 Extras    : Input Saturation, Dynamic Selection, No Splitting, Full Reduction,  Ratio: 5, FuncWeight: 1, VarWeight: 1
 Precedence: Singleton > HPlace > RUnion > Place > Slice > Contained > CContained > Time > RigidObject > Ordered > Region > History > Object > ObjectSet > Lt > Leq > Leq3 > P > Cavity > OSPlace > ClosedContainer > RigidHistory > O > EC > DR > Outside > Os2 > Ob2a > Ob2b > Ta2 > Tb2
 Ordering  : KBO
Processed Problem:

Worked Off Clauses:

Usable Clauses:
1[0:Inp] ||  -> RigidObject(Ob2b)*.
2[0:Inp] ||  -> Ordered(Ta2,Tb2)*.
4[0:Inp] ||  -> CContained(Ta2,Ob2a,Singleton(Ob2b))*.
3[0:Inp] ||  -> CContained(Ta2,Os2,Singleton(Ob2a))*.
5[0:Inp] || CContained(Tb2,Os2,Singleton(Ob2a))* -> .
6[0:Inp] || Contained(U,V)* Contained(W,U)* -> Contained(W,V)*.
10[0:Res:7.3,5.0] RigidObject(Ob2a) || Ordered(U,Tb2) CContained(U,Os2,Singleton(Ob2a))* -> .
11[0:Res:8.4,5.0] Object(Ob2a) Object(Os2) Time(Tb2) || Contained(Place(Tb2,Os2),Place(Tb2,Ob2a))* -> .
7[0:Inp] RigidObject(U) || Ordered(V,W)* CContained(V,X,Singleton(U))* -> CContained(W,X,Singleton(U))*.
8[0:Inp] Object(U) Object(V) Time(W) || Contained(Place(W,V),Place(W,U))* -> CContained(W,V,Singleton(U)).
9[0:Inp] Object(U) Object(V) Time(W) || CContained(W,V,Singleton(U)) -> Contained(Place(W,V),Place(W,U))*.
	Given clause: 1[0:Inp] ||  -> RigidObject(Ob2b)*.
	Given clause: 2[0:Inp] ||  -> Ordered(Ta2,Tb2)*.
	Given clause: 4[0:Inp] ||  -> CContained(Ta2,Ob2a,Singleton(Ob2b))*.
	Given clause: 3[0:Inp] ||  -> CContained(Ta2,Os2,Singleton(Ob2a))*.
	Given clause: 5[0:Inp] || CContained(Tb2,Os2,Singleton(Ob2a))* -> .
	Given clause: 6[0:Inp] || Contained(U,V)*+ Contained(W,U)* -> Contained(W,V)*.
	Given clause: 10[0:Res:7.3,5.0] RigidObject(Ob2a) || Ordered(U,Tb2) CContained(U,Os2,Singleton(Ob2a))* -> .
	Given clause: 11[0:Res:8.4,5.0] Object(Ob2a) Object(Os2) Time(Tb2) || Contained(Place(Tb2,Os2),Place(Tb2,Ob2a))* -> .
	Given clause: 7[0:Inp] RigidObject(U) || Ordered(V,W)* CContained(V,X,Singleton(U))*+ -> CContained(W,X,Singleton(U))*.
	Given clause: 8[0:Inp] Object(U) Object(V) Time(W) || Contained(Place(W,V),Place(W,U))* -> CContained(W,V,Singleton(U)).
	Given clause: 15[0:SSi:13.0,1.0] || Ordered(Ta2,U) -> CContained(U,Ob2a,Singleton(Ob2b))*.
	Given clause: 17[0:SSi:16.0,1.0] || Ordered(Ta2,U)*+ Ordered(U,V)* -> CContained(V,Ob2a,Singleton(Ob2b))*.
	Given clause: 18[0:Res:2.0,17.0] || Ordered(Tb2,U) -> CContained(U,Ob2a,Singleton(Ob2b))*.
	Given clause: 20[0:SSi:19.0,1.0] || Ordered(Tb2,U)*+ Ordered(U,V)* -> CContained(V,Ob2a,Singleton(Ob2b))*.
	Given clause: 9[0:Inp] Object(U) Object(V) Time(W) || CContained(W,V,Singleton(U)) -> Contained(Place(W,V),Place(W,U))*.
SPASS V 3.5 
SPASS beiseite: Completion found.
Problem: inference2.dfg 
SPASS derived 9 clauses, backtracked 0 clauses, performed 0 splits and kept 15 clauses.
SPASS allocated 52238 KBytes.
SPASS spent	0:00:00.04 on the problem.
		0:00:00.01 for the input.
		0:00:00.01 for the FLOTTER CNF translation.
		0:00:00.00 for inferences.
		0:00:00.00 for the backtracking.
		0:00:00.00 for the reduction.


 The saturated set of worked-off clauses is :
9[0:Inp] Object(U) Object(V) Time(W) || CContained(W,V,Singleton(U)) -> Contained(Place(W,V),Place(W,U))*.
20[0:SSi:19.0,1.0] || Ordered(Tb2,U)*+ Ordered(U,V)* -> CContained(V,Ob2a,Singleton(Ob2b))*.
18[0:Res:2.0,17.0] || Ordered(Tb2,U) -> CContained(U,Ob2a,Singleton(Ob2b))*.
17[0:SSi:16.0,1.0] || Ordered(Ta2,U)*+ Ordered(U,V)* -> CContained(V,Ob2a,Singleton(Ob2b))*.
15[0:SSi:13.0,1.0] || Ordered(Ta2,U) -> CContained(U,Ob2a,Singleton(Ob2b))*.
8[0:Inp] Object(U) Object(V) Time(W) || Contained(Place(W,V),Place(W,U))* -> CContained(W,V,Singleton(U)).
7[0:Inp] RigidObject(U) || Ordered(V,W)* CContained(V,X,Singleton(U))*+ -> CContained(W,X,Singleton(U))*.
11[0:Res:8.4,5.0] Object(Ob2a) Object(Os2) Time(Tb2) || Contained(Place(Tb2,Os2),Place(Tb2,Ob2a))* -> .
10[0:Res:7.3,5.0] RigidObject(Ob2a) || Ordered(U,Tb2) CContained(U,Os2,Singleton(Ob2a))* -> .
6[0:Inp] || Contained(U,V)*+ Contained(W,U)* -> Contained(W,V)*.
5[0:Inp] || CContained(Tb2,Os2,Singleton(Ob2a))* -> .
3[0:Inp] ||  -> CContained(Ta2,Os2,Singleton(Ob2a))*.
4[0:Inp] ||  -> CContained(Ta2,Ob2a,Singleton(Ob2b))*.
2[0:Inp] ||  -> Ordered(Ta2,Tb2)*.
1[0:Inp] ||  -> RigidObject(Ob2b)*.
--------------------------SPASS-STOP------------------------------
