
--------------------------SPASS-START-----------------------------
Input Problem:
1[0:Inp] ||  -> AllStable(skc6)*.
2[0:Inp] ||  -> Object(skc5)*.
3[0:Inp] ||  -> Action(StandStill)*.
4[0:Inp] ||  -> Time(Ta)*.
5[0:Inp] ||  -> Time(Tb)*.
6[0:Inp] ||  -> Object(Oa)*.
7[0:Inp] ||  -> Object(Ox)*.
8[0:Inp] ||  -> Region(R)*.
9[0:Inp] ||  -> AllStable(Ta)*.
10[0:Inp] ||  -> Object(Ox)*.
11[0:Inp] ||  -> Object(skf1(U))*.
12[0:Inp] || Stable(skc6,skc5)* -> .
13[0:Inp] || equal(skc5,Agent)** -> .
14[0:Inp] ||  -> SafeManipulate(skc6,skc9,skc7,skc8)*.
15[0:Inp] || SmallObject(U) -> Object(U)*.
16[0:Inp] || AllStable(U)* -> Time(U).
17[0:Inp] || EmptyHanded(U) -> Time(U)*.
18[0:Inp] ||  -> SafeManipulate(Ta,Tb,Oa,R)*.
19[0:Inp] || Element(skc5,MovingGroup(skc6,skc7))* -> .
20[0:Inp] || Region(U) -> Region(ConvexHull(U))*.
21[0:Inp] || Object(U) -> ObjectSet(Singleton(U))*.
22[0:Inp] || Region(U) -> Action(TravelTo(U))*.
23[0:Inp] || Object(U) -> History(HPlace(U))*.
24[0:Inp] || SkP0(U,V)* -> Time(V).
25[0:Inp] || SkP0(U,V)* -> Time(U).
26[0:Inp] || Feasible(U,V)* -> Time(U).
27[0:Inp] || Feasible(U,V)* -> Action(V).
28[0:Inp] || Element(U,V)* -> Object(U).
29[0:Inp] || Element(U,V)* -> ObjectSet(V).
30[0:Inp] || FeasiblePlace(U,V)* -> Object(U).
31[0:Inp] || FeasiblePlace(U,V)* -> Region(V).
32[0:Inp] || SafelyMovable(U,V)* -> Time(U).
33[0:Inp] || SafelyMovable(U,V)* -> Object(V).
34[0:Inp] || FullyOutside(U,V)* -> Region(U).
35[0:Inp] || FullyOutside(U,V)* -> Region(V).
36[0:Inp] || Reachable(U,V)* -> Time(U).
37[0:Inp] || Reachable(U,V)* -> Region(V).
38[0:Inp] || SkP4(U,V)* -> ObjectSet(V).
39[0:Inp] || SkP4(U,V)* -> Region(U).
40[0:Inp] || OMuchSmaller(U,V)* -> Object(U).
41[0:Inp] || OMuchSmaller(U,V)* -> Region(V).
42[0:Inp] || SkP5(U,V)* -> Region(V).
43[0:Inp] || SkP5(U,V)* -> Region(U).
44[0:Inp] || SkP6(U,V)* -> Region(V).
45[0:Inp] || SkP6(U,V)* -> Region(U).
46[0:Inp] || SkP7(U,V)* -> Region(V).
47[0:Inp] || SkP7(U,V)* -> Region(U).
48[0:Inp] || MuchSmaller(U,V)* -> Region(U).
49[0:Inp] || MuchSmaller(U,V)* -> Region(V).
50[0:Inp] || Stable(U,V)* -> Time(U).
51[0:Inp] || Stable(U,V)* -> Object(V).
52[0:Inp] || NoPartialContents(U,V)* -> Time(U).
53[0:Inp] || NoPartialContents(U,V)* -> Object(V).
54[0:Inp] || CanGrasp(U,V)* -> Time(U).
55[0:Inp] || CanGrasp(U,V)* -> Object(V).
56[0:Inp] || Grasp(U,V)* -> Time(U).
57[0:Inp] || Grasp(U,V)* -> Object(V).
58[0:Inp] || Graspable(U,V)* -> Time(U).
59[0:Inp] || Graspable(U,V)* -> Object(V).
60[0:Inp] || Leq3(U,V,W)* -> Time(U).
61[0:Inp] || Leq3(U,V,W)* -> Time(V).
62[0:Inp] || Leq3(U,V,W)* -> Time(W).
63[0:Inp] || Lt(U,V) -> SkP0(V,U)*.
64[0:Inp] || Leq(U,V) -> SkP0(V,U)*.
65[0:Inp] || Occurs(U,V,W)* -> Time(U).
66[0:Inp] || Occurs(U,V,W)* -> Time(V).
67[0:Inp] || Occurs(U,V,W)* -> Action(W).
68[0:Inp] || OSPlace(U,V,W)* -> Time(U).
69[0:Inp] || OSPlace(U,V,W)* -> ObjectSet(V).
70[0:Inp] || OSPlace(U,V,W)* -> Region(W).
71[0:Inp] || UprightContainer(U,V,W)* -> Time(U).
72[0:Inp] || UprightContainer(U,V,W)* -> Object(V).
73[0:Inp] || UprightContainer(U,V,W)* -> Region(W).
74[0:Inp] || SkP1(U,V,W)* -> Time(W).
75[0:Inp] || SkP1(U,V,W)* -> Object(V).
76[0:Inp] || SkP1(U,V,W)* -> Object(U).
77[0:Inp] || SkP2(U,V,W)* -> Time(W).
78[0:Inp] || SkP2(U,V,W)* -> Object(V).
79[0:Inp] || SkP2(U,V,W)* -> Object(U).
80[0:Inp] || SkP3(U,V,W)* -> Time(W).
81[0:Inp] || SkP3(U,V,W)* -> Time(V).
82[0:Inp] || SkP3(U,V,W)* -> Object(U).
83[0:Inp] || Fits(U,V) -> SkP4(V,U)*.
84[0:Inp] || SmallSet(U,V) -> SkP4(V,U)*.
85[0:Inp] || P(U,V) -> SkP5(V,U)*.
86[0:Inp] || O(U,V) -> SkP5(V,U)*.
87[0:Inp] || OV(U,V) -> SkP5(V,U)*.
88[0:Inp] || OpenContained(U,V) -> SkP6(V,U)*.
89[0:Inp] || FullyOutside(U,V) -> SkP6(V,U)*.
90[0:Inp] || OpenContainerShape(U,V) -> SkP6(V,U)*.
91[0:Inp] || UprightContainerShape(U,V) -> SkP6(V,U)*.
92[0:Inp] || Cavity(U,V) -> SkP7(V,U)*.
93[0:Inp] || PartiallyContained(U,V) -> SkP7(V,U)*.
94[0:Inp] || Moves(U,V,W)* -> Time(U).
95[0:Inp] || Moves(U,V,W)* -> Time(V).
96[0:Inp] || Moves(U,V,W)* -> Object(W).
97[0:Inp] || SkP8(U,V,W)* -> Time(W).
98[0:Inp] || SkP8(U,V,W)* -> Time(V).
99[0:Inp] || SkP8(U,V,W)* -> Object(U).
100[0:Inp] || Grasps(U,V,W)* -> Time(U).
101[0:Inp] || Grasps(U,V,W)* -> Time(V).
102[0:Inp] || Grasps(U,V,W)* -> Object(W).
103[0:Inp] || Constant(U,V,W)* -> Time(U).
104[0:Inp] || Constant(U,V,W)* -> Time(V).
105[0:Inp] || Constant(U,V,W)* -> History(W).
106[0:Inp] || equal(skf1(U),Agent)** -> AllStable(U).
107[0:Inp] || Stable(U,skf1(U))* -> AllStable(U).
108[0:Inp] || Grasp(U,skf1(U))* -> AllStable(U).
109[0:Inp] || SafeManipulate(U,V,W,X)* -> Time(U).
110[0:Inp] || SafeManipulate(U,V,W,X)* -> Time(V).
111[0:Inp] || SafeManipulate(U,V,W,X)* -> Object(W).
112[0:Inp] || SafeManipulate(U,V,W,X)* -> Region(X).
113[0:Inp] || DynamicUContainer(U,V,W,X)* -> Time(U).
114[0:Inp] || DynamicUContainer(U,V,W,X)* -> Time(V).
115[0:Inp] || DynamicUContainer(U,V,W,X)* -> Object(W).
116[0:Inp] || DynamicUContainer(U,V,W,X)* -> History(X).
117[0:Inp] || Leq3(U,V,W)* -> Leq(U,V).
118[0:Inp] || Leq3(U,V,W)* -> Leq(V,W).
119[0:Inp] || equal(U,V) -> SafelyMovesWith(W,U,V)*.
120[0:Inp] || CContained(U,V,W) -> SkP1(W,V,U)*.
121[0:Inp] || UContained(U,V,W) -> SkP1(W,V,U)*.
122[0:Inp] || BLContained(U,V,W) -> SkP1(W,V,U)*.
123[0:Inp] || SafelyMovesWith(U,V,W) -> SkP2(W,V,U)*.
124[0:Inp] || BoxedIn(U,V,W) -> SkP2(W,V,U)*.
125[0:Inp] || PreserveCContents(U,V,W) -> SkP3(W,V,U)*.
126[0:Inp] || PreserveUContents(U,V,W) -> SkP3(W,V,U)*.
127[0:Inp] || PreserveBoxWithLid(U,V,W) -> SkP3(W,V,U)*.
128[0:Inp] || StableThroughout(U,V,W) -> SkP8(W,V,U)*.
129[0:Inp] || Released(U,V,W) -> SkP8(W,V,U)*.
130[0:Inp] || Motionless(U,V,W) -> SkP8(W,V,U)*.
131[0:Inp] || BoxedIn(U,V,W) -> SafelyMovesWith(U,V,W)*.
132[0:Inp] || BoxWithLid(U,V,W)* -> SafelyMovesWith(U,W,V).
133[0:Inp] || Action(U) Action(V) -> Action(Sequence(U,V))*.
134[0:Inp] || Region(U) Region(V) -> Region(RUnion(U,V))*.
135[0:Inp] || Object(U) Object(V) -> ObjectSet(Pair(U,V))*.
136[0:Inp] || ObjectSet(U) ObjectSet(V) -> ObjectSet(Union(U,V))*.
137[0:Inp] || Time(U) Object(V) -> Region(Place(U,V))*.
138[0:Inp] || Time(U) Region(V) -> ObjectSet(Contents(U,V))*.
139[0:Inp] || Time(U) ObjectSet(V) -> ObjectSet(CContents(U,V))*.
140[0:Inp] || Time(U) Object(V) -> ObjectSet(UContents(U,V))*.
141[0:Inp] || Object(U) Region(V) -> Action(ManipTo(U,V))*.
142[0:Inp] || Time(U) History(V) -> Region(Slice(U,V))*.
143[0:Inp] || History(U) History(V) -> History(HUnion(U,V))*.
144[0:Inp] || Time(U) Object(V) -> ObjectSet(MovingGroup(U,V))*.
145[0:Inp] || Object(U) Object(V) -> Action(PutInUC(U,V))*.
146[0:Inp] || Object(U) Object(V) -> Action(LoadUprightContainer(U,V))*.
147[0:Inp] || SafeManipulate(U,V,W,X)* -> Grasps(U,V,W).
148[0:Inp] || Lt(U,V)* Lt(V,W)* -> Lt(U,W)*.
149[0:Inp] || Leq(U,V) Leq(W,U) -> Leq3(W,U,V)*.
150[0:Inp] || Lt(U,V) Time(U) Time(V) -> Leq(U,V)*.
151[0:Inp] || equal(U,V) Time(U) Time(V) -> Leq(U,V)*.
152[0:Inp] || AllStable(U) Object(V) -> equal(V,Agent) Stable(U,V)* Grasp(U,V).
153[0:Inp] || Leq(U,V)* Time(U) Time(V) -> Lt(U,V) equal(U,V).
154[0:Inp] || SafelyMovesWith(U,V,W) -> BoxedIn(U,V,W) BoxWithLid(U,W,V)* equal(V,W).
155[0:Inp] || equal(U,V)* Object(U)* Time(W)* SafeManipulate(X,Y,V,Z)* -> .
156[0:Inp] || Object(U)* Time(V)* SafeManipulate(W,X,Y,Z)* -> PreserveCContents(W,X,Y).
157[0:Inp] || Object(U)* Time(V)* SafeManipulate(W,X,Y,Z)* -> PreserveUContents(W,X,Y).
158[0:Inp] || Object(U)* Time(V)* SafeManipulate(W,X,Y,Z)* -> PreserveBoxWithLid(W,X,Y).
159[0:Inp] || Object(U)* Time(V)* SafeManipulate(W,X,Y,Z) -> OSPlace(X,MovingGroup(W,Y),Z)*.
160[0:Inp] || Element(U,MovingGroup(V,W))* Time(V) Object(W) Object(U) -> SafelyMovesWith(V,U,W).
161[0:Inp] || SafelyMovesWith(U,V,W) Time(U) Object(W) Object(V) -> Element(V,MovingGroup(U,W))*.
162[0:Inp] || Leq3(U,V,W)* Grasp(U,X)* Object(X) Time(V) SafeManipulate(U,W,Y,Z)* -> .
 This is a first-order Non-Horn problem containing equality.
 This is a problem that has, if any, a non-trivial domain model.
 This is a problem that contains sort information.
 The conjecture is ground.
 Axiom clauses: 156 Conjecture clauses: 6
 Inferences: IEmS=1 ISoR=1 IEqR=1 IEqF=1 ISpR=1 ISpL=1 IORe=1 IOFc=1 
 Reductions: RFRew=1 RBRew=1 RFMRR=1 RBMRR=1 RObv=1 RUnC=1 RTaut=1 RSSi=1 RFSub=1 RBSub=1 RAED=2 RCon=1 
 Extras    : Input Saturation, Dynamic Selection, Full Splitting, Full Reduction,  Ratio: 5, FuncWeight: 1, VarWeight: 1
 Precedence: LoadUprightContainer > PutInUC > MovingGroup > HUnion > Slice > ManipTo > UContents > CContents > Union > Pair > RUnion > Place > Contents > Sequence > skf1 > skf0 > HPlace > TravelTo > Singleton > ConvexHull > Action > ObjectSet > Region > History > SkP3 > SkP2 > SkP0 > BoxWithLid > SafelyMovesWith > Stable > PreserveBoxWithLid > PreserveUContents > PreserveCContents > OSPlace > Grasp > Leq3 > Leq > Lt > Element > BoxedIn > AllStable > Object > Time > UprightContainer > SkP6 > FullyOutside > SkP4 > SmallSet > EmptyHanded > Graspable > Reachable > SafelyMovable > SmallObject > NoPartialContents > Occurs > CanGrasp > UprightContainerShape > SkP1 > UContained > SkP5 > P > SkP8 > Motionless > Released > Moves > Feasible > Grasps > SafeManipulate > SkP7 > PartiallyContained > StableThroughout > Fits > MuchSmaller > OMuchSmaller > OpenContainerShape > OpenContained > CContained > BLContained > DynamicUContainer > O > Cavity > Constant > FeasiblePlace > OV > skc9 > skc8 > skc7 > skc6 > skc5 > skc4 > skc3 > skc2 > skc1 > skc0 > R > Oa > Ta > Tc > Hc1 > Rc2 > Ox > Rx1 > Rq > Rc1 > Ra4 > Tm2 > Tb > Ra1 > Tm1 > Agent > Ox4 > Rc4 > Ob4 > Ta4 > StandStill
 Ordering  : KBO
Processed Problem:

Worked Off Clauses:

Usable Clauses:
9[0:Inp] ||  -> AllStable(Ta)*.
1[0:Inp] ||  -> AllStable(skc6)*.
3[0:Inp] ||  -> Action(StandStill)*.
8[0:Inp] ||  -> Region(R)*.
10[0:Inp] ||  -> Object(Ox)*.
6[0:Inp] ||  -> Object(Oa)*.
2[0:Inp] ||  -> Object(skc5)*.
5[0:Inp] ||  -> Time(Tb)*.
4[0:Inp] ||  -> Time(Ta)*.
198[0:Res:14.0,112.0] ||  -> Region(skc8)*.
197[0:Res:14.0,111.0] ||  -> Object(skc7)*.
187[0:Res:1.0,16.0] ||  -> Time(skc6)*.
196[0:Res:14.0,110.0] ||  -> Time(skc9)*.
11[0:Inp] ||  -> Object(skf1(U))*.
207[0:MRR:193.0,193.1,193.2,1.0,2.0,13.0] ||  -> Grasp(skc6,skc5)*.
175[0:Res:2.0,23.0] ||  -> History(HPlace(skc5))*.
174[0:Res:2.0,21.0] ||  -> ObjectSet(Singleton(skc5))*.
13[0:Inp] || equal(skc5,Agent)** -> .
12[0:Inp] || Stable(skc6,skc5)* -> .
194[0:Res:14.0,147.0] ||  -> Grasps(skc6,skc9,skc7)*.
215[0:Res:2.0,184.0] ||  -> Action(LoadUprightContainer(skc5,skc5))*.
216[0:Res:2.0,183.0] ||  -> Action(PutInUC(skc5,skc5))*.
217[0:Res:2.0,179.0] ||  -> ObjectSet(Pair(skc5,skc5))*.
18[0:Inp] ||  -> SafeManipulate(Ta,Tb,Oa,R)*.
14[0:Inp] ||  -> SafeManipulate(skc6,skc9,skc7,skc8)*.
15[0:Inp] SmallObject(U) ||  -> Object(U)*.
17[0:Inp] EmptyHanded(U) ||  -> Time(U)*.
16[0:Inp] AllStable(U) ||  -> Time(U)*.
208[0:MRR:205.0,205.1,205.2,187.0,197.0,2.0] || SafelyMovesWith(skc6,skc5,skc7)* -> .
19[0:Inp] || Element(skc5,MovingGroup(skc6,skc7))* -> .
23[0:Inp] Object(U) ||  -> History(HPlace(U))*.
22[0:Inp] Region(U) ||  -> Action(TravelTo(U))*.
21[0:Inp] Object(U) ||  -> ObjectSet(Singleton(U))*.
20[0:Inp] Region(U) ||  -> Region(ConvexHull(U))*.
27[0:Inp] || Feasible(U,V)* -> Action(V).
38[0:Inp] || SkP4(U,V)* -> ObjectSet(V).
29[0:Inp] || Element(U,V)* -> ObjectSet(V).
49[0:Inp] || MuchSmaller(U,V)* -> Region(V).
48[0:Inp] || MuchSmaller(U,V)* -> Region(U).
41[0:Inp] || OMuchSmaller(U,V)* -> Region(V).
37[0:Inp] || Reachable(U,V)* -> Region(V).
31[0:Inp] || FeasiblePlace(U,V)* -> Region(V).
35[0:Inp] || FullyOutside(U,V)* -> Region(V).
34[0:Inp] || FullyOutside(U,V)* -> Region(U).
47[0:Inp] || SkP7(U,V)* -> Region(U).
46[0:Inp] || SkP7(U,V)* -> Region(V).
39[0:Inp] || SkP4(U,V)* -> Region(U).
43[0:Inp] || SkP5(U,V)* -> Region(U).
42[0:Inp] || SkP5(U,V)* -> Region(V).
45[0:Inp] || SkP6(U,V)* -> Region(U).
44[0:Inp] || SkP6(U,V)* -> Region(V).
59[0:Inp] || Graspable(U,V)* -> Object(V).
55[0:Inp] || CanGrasp(U,V)* -> Object(V).
53[0:Inp] || NoPartialContents(U,V)* -> Object(V).
40[0:Inp] || OMuchSmaller(U,V)* -> Object(U).
33[0:Inp] || SafelyMovable(U,V)* -> Object(V).
30[0:Inp] || FeasiblePlace(U,V)* -> Object(U).
51[0:Inp] || Stable(U,V)* -> Object(V).
57[0:Inp] || Grasp(U,V)* -> Object(V).
28[0:Inp] || Element(U,V)* -> Object(U).
58[0:Inp] || Graspable(U,V)* -> Time(U).
54[0:Inp] || CanGrasp(U,V)* -> Time(U).
52[0:Inp] || NoPartialContents(U,V)* -> Time(U).
36[0:Inp] || Reachable(U,V)* -> Time(U).
32[0:Inp] || SafelyMovable(U,V)* -> Time(U).
26[0:Inp] || Feasible(U,V)* -> Time(U).
25[0:Inp] || SkP0(U,V)* -> Time(U).
24[0:Inp] || SkP0(U,V)* -> Time(V).
50[0:Inp] || Stable(U,V)* -> Time(U).
56[0:Inp] || Grasp(U,V)* -> Time(U).
106[0:Inp] || equal(skf1(U),Agent)** -> AllStable(U).
107[0:Inp] || Stable(U,skf1(U))* -> AllStable(U).
108[0:Inp] || Grasp(U,skf1(U))* -> AllStable(U).
93[0:Inp] || PartiallyContained(U,V) -> SkP7(V,U)*.
92[0:Inp] || Cavity(U,V) -> SkP7(V,U)*.
84[0:Inp] || SmallSet(U,V) -> SkP4(V,U)*.
83[0:Inp] || Fits(U,V) -> SkP4(V,U)*.
63[0:Inp] || Lt(U,V) -> SkP0(V,U)*.
64[0:Inp] || Leq(U,V) -> SkP0(V,U)*.
87[0:Inp] || OV(U,V) -> SkP5(V,U)*.
86[0:Inp] || O(U,V) -> SkP5(V,U)*.
85[0:Inp] || P(U,V) -> SkP5(V,U)*.
91[0:Inp] || UprightContainerShape(U,V) -> SkP6(V,U)*.
90[0:Inp] || OpenContainerShape(U,V) -> SkP6(V,U)*.
88[0:Inp] || OpenContained(U,V) -> SkP6(V,U)*.
89[0:Inp] || FullyOutside(U,V) -> SkP6(V,U)*.
105[0:Inp] || Constant(U,V,W)* -> History(W).
67[0:Inp] || Occurs(U,V,W)* -> Action(W).
69[0:Inp] || OSPlace(U,V,W)* -> ObjectSet(V).
73[0:Inp] || UprightContainer(U,V,W)* -> Region(W).
70[0:Inp] || OSPlace(U,V,W)* -> Region(W).
96[0:Inp] || Moves(U,V,W)* -> Object(W).
72[0:Inp] || UprightContainer(U,V,W)* -> Object(V).
102[0:Inp] || Grasps(U,V,W)* -> Object(W).
79[0:Inp] || SkP2(U,V,W)* -> Object(U).
78[0:Inp] || SkP2(U,V,W)* -> Object(V).
99[0:Inp] || SkP8(U,V,W)* -> Object(U).
82[0:Inp] || SkP3(U,V,W)* -> Object(U).
76[0:Inp] || SkP1(U,V,W)* -> Object(U).
75[0:Inp] || SkP1(U,V,W)* -> Object(V).
104[0:Inp] || Constant(U,V,W)* -> Time(V).
103[0:Inp] || Constant(U,V,W)* -> Time(U).
95[0:Inp] || Moves(U,V,W)* -> Time(V).
94[0:Inp] || Moves(U,V,W)* -> Time(U).
71[0:Inp] || UprightContainer(U,V,W)* -> Time(U).
66[0:Inp] || Occurs(U,V,W)* -> Time(V).
65[0:Inp] || Occurs(U,V,W)* -> Time(U).
101[0:Inp] || Grasps(U,V,W)* -> Time(V).
100[0:Inp] || Grasps(U,V,W)* -> Time(U).
77[0:Inp] || SkP2(U,V,W)* -> Time(W).
68[0:Inp] || OSPlace(U,V,W)* -> Time(U).
98[0:Inp] || SkP8(U,V,W)* -> Time(V).
97[0:Inp] || SkP8(U,V,W)* -> Time(W).
81[0:Inp] || SkP3(U,V,W)* -> Time(V).
80[0:Inp] || SkP3(U,V,W)* -> Time(W).
74[0:Inp] || SkP1(U,V,W)* -> Time(W).
62[0:Inp] || Leq3(U,V,W)* -> Time(W).
61[0:Inp] || Leq3(U,V,W)* -> Time(V).
60[0:Inp] || Leq3(U,V,W)* -> Time(U).
171[0:Res:2.0,141.0] Region(U) ||  -> Action(ManipTo(skc5,U))*.
172[0:Res:2.0,145.0] Object(U) ||  -> Action(PutInUC(skc5,U))*.
173[0:Res:2.0,146.0] Object(U) ||  -> Action(LoadUprightContainer(skc5,U))*.
170[0:Res:2.0,135.0] Object(U) ||  -> ObjectSet(Pair(skc5,U))*.
183[0:Res:2.0,145.1] Object(U) ||  -> Action(PutInUC(U,skc5))*.
184[0:Res:2.0,146.1] Object(U) ||  -> Action(LoadUprightContainer(U,skc5))*.
179[0:Res:2.0,135.1] Object(U) ||  -> ObjectSet(Pair(U,skc5))*.
181[0:Res:2.0,140.1] Time(U) ||  -> ObjectSet(UContents(U,skc5))*.
182[0:Res:2.0,144.1] Time(U) ||  -> ObjectSet(MovingGroup(U,skc5))*.
180[0:Res:2.0,137.1] Time(U) ||  -> Region(Place(U,skc5))*.
212[0:Res:2.0,202.0] Time(U) ||  -> PreserveBoxWithLid(skc6,skc9,skc7)*.
213[0:Res:2.0,201.0] Time(U) ||  -> PreserveUContents(skc6,skc9,skc7)*.
214[0:Res:2.0,200.0] Time(U) ||  -> PreserveCContents(skc6,skc9,skc7)*.
211[0:Res:2.0,204.0] Time(U) || equal(skc7,skc5)** -> .
119[0:Inp] || equal(U,V) -> SafelyMovesWith(W,U,V)*.
118[0:Inp] || Leq3(U,V,W)* -> Leq(V,W).
117[0:Inp] || Leq3(U,V,W)* -> Leq(U,V).
116[0:Inp] || DynamicUContainer(U,V,W,X)* -> History(X).
112[0:Inp] || SafeManipulate(U,V,W,X)* -> Region(X).
115[0:Inp] || DynamicUContainer(U,V,W,X)* -> Object(W).
111[0:Inp] || SafeManipulate(U,V,W,X)* -> Object(W).
114[0:Inp] || DynamicUContainer(U,V,W,X)* -> Time(V).
113[0:Inp] || DynamicUContainer(U,V,W,X)* -> Time(U).
110[0:Inp] || SafeManipulate(U,V,W,X)* -> Time(V).
109[0:Inp] || SafeManipulate(U,V,W,X)* -> Time(U).
124[0:Inp] || BoxedIn(U,V,W) -> SkP2(W,V,U)*.
123[0:Inp] || SafelyMovesWith(U,V,W) -> SkP2(W,V,U)*.
130[0:Inp] || Motionless(U,V,W) -> SkP8(W,V,U)*.
129[0:Inp] || Released(U,V,W) -> SkP8(W,V,U)*.
128[0:Inp] || StableThroughout(U,V,W) -> SkP8(W,V,U)*.
122[0:Inp] || BLContained(U,V,W) -> SkP1(W,V,U)*.
121[0:Inp] || UContained(U,V,W) -> SkP1(W,V,U)*.
120[0:Inp] || CContained(U,V,W) -> SkP1(W,V,U)*.
127[0:Inp] || PreserveBoxWithLid(U,V,W) -> SkP3(W,V,U)*.
126[0:Inp] || PreserveUContents(U,V,W) -> SkP3(W,V,U)*.
125[0:Inp] || PreserveCContents(U,V,W) -> SkP3(W,V,U)*.
132[0:Inp] || BoxWithLid(U,V,W)* -> SafelyMovesWith(U,W,V).
131[0:Inp] || BoxedIn(U,V,W) -> SafelyMovesWith(U,V,W)*.
206[0:MRR:178.1,13.0] AllStable(U) ||  -> Grasp(U,skc5) Stable(U,skc5)*.
203[0:Res:14.0,164.2] || Grasp(skc6,U)* Leq3(skc6,V,skc9)* -> .
209[0:Res:2.0,199.0] Time(U) ||  -> OSPlace(skc9,MovingGroup(skc6,skc7),skc8)*.
143[0:Inp] History(U) History(V) ||  -> History(HUnion(V,U))*.
133[0:Inp] Action(U) Action(V) ||  -> Action(Sequence(V,U))*.
141[0:Inp] Region(U) Object(V) ||  -> Action(ManipTo(V,U))*.
146[0:Inp] Object(U) Object(V) ||  -> Action(LoadUprightContainer(V,U))*.
145[0:Inp] Object(U) Object(V) ||  -> Action(PutInUC(V,U))*.
136[0:Inp] ObjectSet(U) ObjectSet(V) ||  -> ObjectSet(Union(V,U))*.
135[0:Inp] Object(U) Object(V) ||  -> ObjectSet(Pair(V,U))*.
139[0:Inp] ObjectSet(U) Time(V) ||  -> ObjectSet(CContents(V,U))*.
138[0:Inp] Region(U) Time(V) ||  -> ObjectSet(Contents(V,U))*.
144[0:Inp] Object(U) Time(V) ||  -> ObjectSet(MovingGroup(V,U))*.
140[0:Inp] Object(U) Time(V) ||  -> ObjectSet(UContents(V,U))*.
134[0:Inp] Region(U) Region(V) ||  -> Region(RUnion(V,U))*.
142[0:Inp] History(U) Time(V) ||  -> Region(Slice(V,U))*.
137[0:Inp] Object(U) Time(V) ||  -> Region(Place(V,U))*.
147[0:Inp] || SafeManipulate(U,V,W,X)* -> Grasps(U,V,W).
204[0:Res:14.0,155.3] Time(U) Object(V) || equal(V,skc7)* -> .
148[0:Inp] || Lt(U,V)* Lt(W,U)* -> Lt(W,V)*.
149[0:Inp] || Leq(U,V) Leq(V,W) -> Leq3(U,V,W)*.
186[0:Res:1.0,152.0] Object(U) ||  -> equal(U,Agent) Grasp(skc6,U) Stable(skc6,U)*.
150[0:Inp] Time(U) Time(V) || Lt(V,U) -> Leq(V,U)*.
151[0:Inp] Time(U) Time(V) || equal(V,U) -> Leq(V,U)*.
189[0:Res:153.4,13.0] Time(Agent) Time(skc5) || Leq(skc5,Agent)* -> Lt(skc5,Agent).
191[0:Res:153.4,13.0] Time(skc5) Time(Agent) || Leq(Agent,skc5)* -> Lt(Agent,skc5).
190[0:Res:154.3,13.0] || SafelyMovesWith(U,skc5,Agent) -> BoxWithLid(U,Agent,skc5)* BoxedIn(U,skc5,Agent).
192[0:Res:154.3,13.0] || SafelyMovesWith(U,Agent,skc5) -> BoxWithLid(U,skc5,Agent)* BoxedIn(U,Agent,skc5).
176[0:Res:2.0,163.1] Time(U) || Element(V,MovingGroup(U,skc5))* -> SafelyMovesWith(U,V,skc5).
167[0:Res:2.0,156.0] Time(U) || SafeManipulate(V,W,X,Y)* -> PreserveCContents(V,W,X).
168[0:Res:2.0,157.0] Time(U) || SafeManipulate(V,W,X,Y)* -> PreserveUContents(V,W,X).
169[0:Res:2.0,158.0] Time(U) || SafeManipulate(V,W,X,Y)* -> PreserveBoxWithLid(V,W,X).
166[0:Res:2.0,155.0] Time(U) || equal(skc5,V) SafeManipulate(W,X,V,Y)* -> .
221[0:Res:2.0,185.1] Time(U) || SafelyMovesWith(U,skc5,skc5) -> Element(skc5,MovingGroup(U,skc5))*.
152[0:Inp] Object(U) AllStable(V) ||  -> Grasp(V,U) Stable(V,U)* equal(U,Agent).
164[0:MRR:162.0,162.1,57.1,61.1] || Grasp(U,V)* Leq3(U,W,X)* SafeManipulate(U,X,Y,Z)* -> .
165[0:Res:2.0,159.0] Time(U) || SafeManipulate(V,W,X,Y) -> OSPlace(W,MovingGroup(V,X),Y)*.
153[0:Inp] Time(U) Time(V) || Leq(V,U)* -> equal(V,U) Lt(V,U).
163[0:MRR:160.2,28.1] Object(U) Time(V) || Element(W,MovingGroup(V,U))* -> SafelyMovesWith(V,W,U).
154[0:Inp] || SafelyMovesWith(U,V,W) -> equal(V,W) BoxWithLid(U,W,V)* BoxedIn(U,V,W).
155[0:Inp] Time(U) Object(V) || equal(V,W)* SafeManipulate(X,Y,W,Z)* -> .
185[0:Res:2.0,161.2] Object(U) Time(V) || SafelyMovesWith(V,skc5,U) -> Element(skc5,MovingGroup(V,U))*.
177[0:Res:2.0,161.1] Object(U) Time(V) || SafelyMovesWith(V,U,skc5) -> Element(U,MovingGroup(V,skc5))*.
161[0:Inp] Object(U) Object(V) Time(W) || SafelyMovesWith(W,U,V) -> Element(U,MovingGroup(W,V))*.
	Given clause: 9[0:Inp] ||  -> AllStable(Ta)*.
	Given clause: 1[0:Inp] ||  -> AllStable(skc6)*.
	Given clause: 3[0:Inp] ||  -> Action(StandStill)*.
	Given clause: 8[0:Inp] ||  -> Region(R)*.
	Given clause: 10[0:Inp] ||  -> Object(Ox)*.
	Given clause: 6[0:Inp] ||  -> Object(Oa)*.
	Given clause: 2[0:Inp] ||  -> Object(skc5)*.
	Given clause: 5[0:Inp] ||  -> Time(Tb)*.
	Given clause: 4[0:Inp] ||  -> Time(Ta)*.
	Given clause: 11[0:Inp] ||  -> Object(skf1(U))*.
	Given clause: 198[0:Res:14.0,112.0] ||  -> Region(skc8)*.
	Given clause: 197[0:Res:14.0,111.0] ||  -> Object(skc7)*.
	Given clause: 187[0:Res:1.0,16.0] ||  -> Time(skc6)*.
	Given clause: 196[0:Res:14.0,110.0] ||  -> Time(skc9)*.
	Given clause: 13[0:Inp] || equal(skc5,Agent)** -> .
	Given clause: 207[0:MRR:193.0,193.1,193.2,1.0,2.0,13.0] ||  -> Grasp(skc6,skc5)*.
	Given clause: 175[0:Res:2.0,23.0] ||  -> History(HPlace(skc5))*.
	Given clause: 174[0:Res:2.0,21.0] ||  -> ObjectSet(Singleton(skc5))*.
	Given clause: 12[0:Inp] || Stable(skc6,skc5)* -> .
	Given clause: 18[0:Inp] ||  -> SafeManipulate(Ta,Tb,Oa,R)*.
	Given clause: 194[0:Res:14.0,147.0] ||  -> Grasps(skc6,skc9,skc7)*.
	Given clause: 215[0:Res:2.0,184.0] ||  -> Action(LoadUprightContainer(skc5,skc5))*.
	Given clause: 216[0:Res:2.0,183.0] ||  -> Action(PutInUC(skc5,skc5))*.
	Given clause: 217[0:Res:2.0,179.0] ||  -> ObjectSet(Pair(skc5,skc5))*.
	Given clause: 14[0:Inp] ||  -> SafeManipulate(skc6,skc9,skc7,skc8)*.
	Given clause: 208[0:MRR:205.0,205.1,205.2,187.0,197.0,2.0] || SafelyMovesWith(skc6,skc5,skc7)* -> .
	Given clause: 15[0:Inp] SmallObject(U) ||  -> Object(U)*.
	Given clause: 17[0:Inp] EmptyHanded(U) ||  -> Time(U)*.
	Given clause: 16[0:Inp] AllStable(U) ||  -> Time(U)*.
	Given clause: 19[0:Inp] || Element(skc5,MovingGroup(skc6,skc7))* -> .
	Given clause: 23[0:Inp] Object(U) ||  -> History(HPlace(U))*.
	Given clause: 22[0:Inp] Region(U) ||  -> Action(TravelTo(U))*.
	Given clause: 21[0:Inp] Object(U) ||  -> ObjectSet(Singleton(U))*.
	Given clause: 20[0:Inp] Region(U) ||  -> Region(ConvexHull(U))*.
	Given clause: 27[0:Inp] || Feasible(U,V)* -> Action(V).
	Given clause: 38[0:Inp] || SkP4(U,V)* -> ObjectSet(V).
	Given clause: 29[0:Inp] || Element(U,V)* -> ObjectSet(V).
	Given clause: 49[0:Inp] || MuchSmaller(U,V)* -> Region(V).
	Given clause: 48[0:Inp] || MuchSmaller(U,V)* -> Region(U).
	Given clause: 41[0:Inp] || OMuchSmaller(U,V)* -> Region(V).
	Given clause: 37[0:Inp] || Reachable(U,V)* -> Region(V).
	Given clause: 31[0:Inp] || FeasiblePlace(U,V)* -> Region(V).
	Given clause: 35[0:Inp] || FullyOutside(U,V)* -> Region(V).
	Given clause: 34[0:Inp] || FullyOutside(U,V)* -> Region(U).
	Given clause: 47[0:Inp] || SkP7(U,V)* -> Region(U).
	Given clause: 46[0:Inp] || SkP7(U,V)* -> Region(V).
	Given clause: 39[0:Inp] || SkP4(U,V)* -> Region(U).
	Given clause: 43[0:Inp] || SkP5(U,V)* -> Region(U).
	Given clause: 42[0:Inp] || SkP5(U,V)* -> Region(V).
	Given clause: 45[0:Inp] || SkP6(U,V)* -> Region(U).
	Given clause: 44[0:Inp] || SkP6(U,V)* -> Region(V).
	Given clause: 59[0:Inp] || Graspable(U,V)* -> Object(V).
	Given clause: 55[0:Inp] || CanGrasp(U,V)* -> Object(V).
	Given clause: 53[0:Inp] || NoPartialContents(U,V)* -> Object(V).
	Given clause: 40[0:Inp] || OMuchSmaller(U,V)* -> Object(U).
	Given clause: 33[0:Inp] || SafelyMovable(U,V)* -> Object(V).
	Given clause: 30[0:Inp] || FeasiblePlace(U,V)* -> Object(U).
	Given clause: 51[0:Inp] || Stable(U,V)* -> Object(V).
	Given clause: 57[0:Inp] || Grasp(U,V)* -> Object(V).
	Given clause: 28[0:Inp] || Element(U,V)* -> Object(U).
	Given clause: 58[0:Inp] || Graspable(U,V)* -> Time(U).
	Given clause: 54[0:Inp] || CanGrasp(U,V)* -> Time(U).
	Given clause: 52[0:Inp] || NoPartialContents(U,V)* -> Time(U).
	Given clause: 36[0:Inp] || Reachable(U,V)* -> Time(U).
	Given clause: 32[0:Inp] || SafelyMovable(U,V)* -> Time(U).
	Given clause: 26[0:Inp] || Feasible(U,V)* -> Time(U).
	Given clause: 25[0:Inp] || SkP0(U,V)* -> Time(U).
	Given clause: 24[0:Inp] || SkP0(U,V)* -> Time(V).
	Given clause: 50[0:Inp] || Stable(U,V)* -> Time(U).
	Given clause: 56[0:Inp] || Grasp(U,V)* -> Time(U).
	Given clause: 212[0:Res:2.0,202.0] Time(U) ||  -> PreserveBoxWithLid(skc6,skc9,skc7)*.
	Given clause: 237[0:EmS:212.0,196.0] ||  -> PreserveBoxWithLid(skc6,skc9,skc7)*.
	Given clause: 213[0:Res:2.0,201.0] Time(U) ||  -> PreserveUContents(skc6,skc9,skc7)*.
	Given clause: 243[0:EmS:213.0,196.0] ||  -> PreserveUContents(skc6,skc9,skc7)*.
	Given clause: 106[0:Inp] || equal(skf1(U),Agent)** -> AllStable(U).
	Given clause: 214[0:Res:2.0,200.0] Time(U) ||  -> PreserveCContents(skc6,skc9,skc7)*.
	Given clause: 249[0:EmS:214.0,196.0] ||  -> PreserveCContents(skc6,skc9,skc7)*.
	Given clause: 211[0:Res:2.0,204.0] Time(U) || equal(skc7,skc5)** -> .
	Given clause: 255[0:EmS:211.0,196.0] || equal(skc7,skc5)** -> .
	Given clause: 107[0:Inp] || Stable(U,skf1(U))* -> AllStable(U).
	Given clause: 171[0:Res:2.0,141.0] Region(U) ||  -> Action(ManipTo(skc5,U))*.
	Given clause: 172[0:Res:2.0,145.0] Object(U) ||  -> Action(PutInUC(skc5,U))*.
	Given clause: 173[0:Res:2.0,146.0] Object(U) ||  -> Action(LoadUprightContainer(skc5,U))*.
	Given clause: 170[0:Res:2.0,135.0] Object(U) ||  -> ObjectSet(Pair(skc5,U))*.
	Given clause: 108[0:Inp] || Grasp(U,skf1(U))* -> AllStable(U).
	Given clause: 183[0:Res:2.0,145.1] Object(U) ||  -> Action(PutInUC(U,skc5))*.
	Given clause: 184[0:Res:2.0,146.1] Object(U) ||  -> Action(LoadUprightContainer(U,skc5))*.
	Given clause: 179[0:Res:2.0,135.1] Object(U) ||  -> ObjectSet(Pair(U,skc5))*.
	Given clause: 181[0:Res:2.0,140.1] Time(U) ||  -> ObjectSet(UContents(U,skc5))*.
	Given clause: 93[0:Inp] || PartiallyContained(U,V) -> SkP7(V,U)*.
	Given clause: 259[0:Res:93.1,46.0] || PartiallyContained(U,V)* -> Region(U).
	Given clause: 260[0:Res:93.1,47.0] || PartiallyContained(U,V)* -> Region(V).
	Given clause: 182[0:Res:2.0,144.1] Time(U) ||  -> ObjectSet(MovingGroup(U,skc5))*.
	Given clause: 180[0:Res:2.0,137.1] Time(U) ||  -> Region(Place(U,skc5))*.
	Given clause: 92[0:Inp] || Cavity(U,V) -> SkP7(V,U)*.
	Given clause: 261[0:Res:92.1,46.0] || Cavity(U,V)* -> Region(U).
	Given clause: 262[0:Res:92.1,47.0] || Cavity(U,V)* -> Region(V).
	Given clause: 84[0:Inp] || SmallSet(U,V) -> SkP4(V,U)*.
	Given clause: 263[0:Res:84.1,39.0] || SmallSet(U,V)* -> Region(V).
	Given clause: 83[0:Inp] || Fits(U,V) -> SkP4(V,U)*.
	Given clause: 264[0:Res:84.1,38.0] || SmallSet(U,V)* -> ObjectSet(U).
	Given clause: 265[0:Res:83.1,39.0] || Fits(U,V)* -> Region(V).
	Given clause: 266[0:Res:83.1,38.0] || Fits(U,V)* -> ObjectSet(U).
	Given clause: 63[0:Inp] || Lt(U,V) -> SkP0(V,U)*.
	Given clause: 64[0:Inp] || Leq(U,V) -> SkP0(V,U)*.
	Given clause: 267[0:Res:63.1,24.0] || Lt(U,V)* -> Time(U).
	Given clause: 268[0:Res:63.1,25.0] || Lt(U,V)* -> Time(V).
	Given clause: 271[0:Res:64.1,24.0] || Leq(U,V)* -> Time(U).
	Given clause: 272[0:Res:64.1,25.0] || Leq(U,V)* -> Time(V).
	Given clause: 87[0:Inp] || OV(U,V) -> SkP5(V,U)*.
	Given clause: 279[0:Res:87.1,42.0] || OV(U,V)* -> Region(U).
	Given clause: 280[0:Res:87.1,43.0] || OV(U,V)* -> Region(V).
	Given clause: 276[0:MRR:274.0,272.1] || Leq(skc5,Agent)* -> Lt(skc5,Agent).
	Given clause: 277[0:MRR:275.0,272.1] || Leq(Agent,skc5)* -> Lt(Agent,skc5).
	Given clause: 86[0:Inp] || O(U,V) -> SkP5(V,U)*.
	Given clause: 281[0:Res:86.1,42.0] || O(U,V)* -> Region(U).
	Given clause: 282[0:Res:86.1,43.0] || O(U,V)* -> Region(V).
	Given clause: 85[0:Inp] || P(U,V) -> SkP5(V,U)*.
	Given clause: 283[0:Res:85.1,42.0] || P(U,V)* -> Region(U).
	Given clause: 91[0:Inp] || UprightContainerShape(U,V) -> SkP6(V,U)*.
	Given clause: 284[0:Res:85.1,43.0] || P(U,V)* -> Region(V).
	Given clause: 285[0:Res:91.1,44.0] || UprightContainerShape(U,V)* -> Region(U).
	Given clause: 286[0:Res:91.1,45.0] || UprightContainerShape(U,V)* -> Region(V).
	Given clause: 90[0:Inp] || OpenContainerShape(U,V) -> SkP6(V,U)*.
	Given clause: 88[0:Inp] || OpenContained(U,V) -> SkP6(V,U)*.
	Given clause: 287[0:Res:90.1,44.0] || OpenContainerShape(U,V)* -> Region(U).
	Given clause: 288[0:Res:90.1,45.0] || OpenContainerShape(U,V)* -> Region(V).
	Given clause: 289[0:Res:88.1,44.0] || OpenContained(U,V)* -> Region(U).
	Given clause: 290[0:Res:88.1,45.0] || OpenContained(U,V)* -> Region(V).
	Given clause: 89[0:Inp] || FullyOutside(U,V) -> SkP6(V,U)*.
	Given clause: 105[0:Inp] || Constant(U,V,W)* -> History(W).
	Given clause: 67[0:Inp] || Occurs(U,V,W)* -> Action(W).
	Given clause: 69[0:Inp] || OSPlace(U,V,W)* -> ObjectSet(V).
	Given clause: 73[0:Inp] || UprightContainer(U,V,W)* -> Region(W).
	Given clause: 70[0:Inp] || OSPlace(U,V,W)* -> Region(W).
	Given clause: 96[0:Inp] || Moves(U,V,W)* -> Object(W).
	Given clause: 72[0:Inp] || UprightContainer(U,V,W)* -> Object(V).
	Given clause: 102[0:Inp] || Grasps(U,V,W)* -> Object(W).
	Given clause: 79[0:Inp] || SkP2(U,V,W)* -> Object(U).
	Given clause: 78[0:Inp] || SkP2(U,V,W)* -> Object(V).
	Given clause: 99[0:Inp] || SkP8(U,V,W)* -> Object(U).
	Given clause: 82[0:Inp] || SkP3(U,V,W)* -> Object(U).
	Given clause: 76[0:Inp] || SkP1(U,V,W)* -> Object(U).
	Given clause: 75[0:Inp] || SkP1(U,V,W)* -> Object(V).
	Given clause: 104[0:Inp] || Constant(U,V,W)* -> Time(V).
	Given clause: 103[0:Inp] || Constant(U,V,W)* -> Time(U).
	Given clause: 95[0:Inp] || Moves(U,V,W)* -> Time(V).
	Given clause: 94[0:Inp] || Moves(U,V,W)* -> Time(U).
	Given clause: 71[0:Inp] || UprightContainer(U,V,W)* -> Time(U).
	Given clause: 66[0:Inp] || Occurs(U,V,W)* -> Time(V).
	Given clause: 65[0:Inp] || Occurs(U,V,W)* -> Time(U).
	Given clause: 101[0:Inp] || Grasps(U,V,W)* -> Time(V).
	Given clause: 100[0:Inp] || Grasps(U,V,W)* -> Time(U).
	Given clause: 77[0:Inp] || SkP2(U,V,W)* -> Time(W).
	Given clause: 68[0:Inp] || OSPlace(U,V,W)* -> Time(U).
	Given clause: 98[0:Inp] || SkP8(U,V,W)* -> Time(V).
	Given clause: 97[0:Inp] || SkP8(U,V,W)* -> Time(W).
	Given clause: 81[0:Inp] || SkP3(U,V,W)* -> Time(V).
	Given clause: 80[0:Inp] || SkP3(U,V,W)* -> Time(W).
	Given clause: 74[0:Inp] || SkP1(U,V,W)* -> Time(W).
	Given clause: 62[0:Inp] || Leq3(U,V,W)* -> Time(W).
	Given clause: 61[0:Inp] || Leq3(U,V,W)* -> Time(V).
	Given clause: 60[0:Inp] || Leq3(U,V,W)* -> Time(U).
	Given clause: 270[0:MRR:269.0,268.1] || Lt(U,V) -> Leq(U,V)*.
	Given clause: 119[0:Inp] || equal(U,V) -> SafelyMovesWith(W,U,V)*.
	Given clause: 118[0:Inp] || Leq3(U,V,W)* -> Leq(V,W).
	Given clause: 117[0:Inp] || Leq3(U,V,W)* -> Leq(U,V).
	Given clause: 116[0:Inp] || DynamicUContainer(U,V,W,X)* -> History(X).
	Given clause: 112[0:Inp] || SafeManipulate(U,V,W,X)* -> Region(X).
	Given clause: 115[0:Inp] || DynamicUContainer(U,V,W,X)* -> Object(W).
	Given clause: 111[0:Inp] || SafeManipulate(U,V,W,X)* -> Object(W).
	Given clause: 114[0:Inp] || DynamicUContainer(U,V,W,X)* -> Time(V).
	Given clause: 113[0:Inp] || DynamicUContainer(U,V,W,X)* -> Time(U).
	Given clause: 110[0:Inp] || SafeManipulate(U,V,W,X)* -> Time(V).
	Given clause: 109[0:Inp] || SafeManipulate(U,V,W,X)* -> Time(U).
	Given clause: 209[0:Res:2.0,199.0] Time(U) ||  -> OSPlace(skc9,MovingGroup(skc6,skc7),skc8)*.
	Given clause: 311[0:EmS:209.0,196.0] ||  -> OSPlace(skc9,MovingGroup(skc6,skc7),skc8)*.
	Given clause: 317[0:Res:311.0,69.0] ||  -> ObjectSet(MovingGroup(skc6,skc7))*.
	Given clause: 203[0:Res:14.0,164.2] || Grasp(skc6,U)* Leq3(skc6,V,skc9)*+ -> .
	Given clause: 124[0:Inp] || BoxedIn(U,V,W) -> SkP2(W,V,U)*.
	Given clause: 318[0:Res:124.1,77.0] || BoxedIn(U,V,W)* -> Time(U).
	Given clause: 319[0:Res:124.1,78.0] || BoxedIn(U,V,W)* -> Object(V).
	Given clause: 320[0:Res:124.1,79.0] || BoxedIn(U,V,W)* -> Object(W).
	Given clause: 206[0:MRR:178.1,13.0] AllStable(U) ||  -> Grasp(U,skc5) Stable(U,skc5)*.
	Given clause: 123[0:Inp] || SafelyMovesWith(U,V,W) -> SkP2(W,V,U)*.
	Given clause: 324[0:Res:123.1,77.0] || SafelyMovesWith(U,V,W)* -> Time(U).
	Given clause: 335[0:AED:13.0,334.0] ||  -> Time(U)*.
	Given clause: 336[0:MRR:181.0,335.0] ||  -> ObjectSet(UContents(U,skc5))*.
	Given clause: 337[0:MRR:182.0,335.0] ||  -> ObjectSet(MovingGroup(U,skc5))*.
	Given clause: 348[0:MRR:144.1,335.0] Object(U) ||  -> ObjectSet(MovingGroup(V,U))*.
	Given clause: 338[0:MRR:180.0,335.0] ||  -> Region(Place(U,skc5))*.
	Given clause: 339[0:MRR:204.0,335.0] Object(U) || equal(U,skc7)* -> .
SPASS V 3.5 
SPASS beiseite: Proof found.
Problem: c.dfg 
SPASS derived 185 clauses, backtracked 0 clauses, performed 0 splits and kept 278 clauses.
SPASS allocated 52559 KBytes.
SPASS spent	0:00:00.05 on the problem.
		0:00:00.01 for the input.
		0:00:00.01 for the FLOTTER CNF translation.
		0:00:00.00 for inferences.
		0:00:00.00 for the backtracking.
		0:00:00.00 for the reduction.


Here is a proof with depth 2, length 15 :
13[0:Inp] || equal(skc5,Agent)** -> .
14[0:Inp] ||  -> SafeManipulate(skc6,skc9,skc7,skc8)*.
77[0:Inp] || SkP2(U,V,W)* -> Time(W).
111[0:Inp] || SafeManipulate(U,V,W,X)* -> Object(W).
119[0:Inp] || equal(U,V) -> SafelyMovesWith(W,U,V)*.
123[0:Inp] || SafelyMovesWith(U,V,W) -> SkP2(W,V,U)*.
155[0:Inp] Time(U) Object(V) || equal(V,W)* SafeManipulate(X,Y,W,Z)* -> .
197[0:Res:14.0,111.0] ||  -> Object(skc7)*.
204[0:Res:14.0,155.3] Time(U) Object(V) || equal(V,skc7)* -> .
324[0:Res:123.1,77.0] || SafelyMovesWith(U,V,W)* -> Time(U).
334[0:Res:119.1,324.0] || equal(U,V)* -> Time(W)*.
335[0:AED:13.0,334.0] ||  -> Time(U)*.
339[0:MRR:204.0,335.0] Object(U) || equal(U,skc7)* -> .
356[0:EmS:339.0,197.0] || equal(skc7,skc7)* -> .
361[0:Obv:356.0] ||  -> .
Formulae used in the proof : Lem4C ASSB ASSC ASD5 ASA1

--------------------------SPASS-STOP------------------------------
