
--------------------------SPASS-START-----------------------------
Input Problem:
1[0:Inp] ||  -> Action(StandStill)*.
2[0:Inp] ||  -> Time(Ta5)*.
3[0:Inp] ||  -> Time(Tb5)*.
4[0:Inp] ||  -> Object(Ob5)*.
5[0:Inp] ||  -> Object(Ol5)*.
6[0:Inp] ||  -> Region(Rc5)*.
7[0:Inp] ||  -> Object(Os5)*.
8[0:Inp] ||  -> History(Hu)*.
9[0:Inp] ||  -> History(Hc)*.
10[0:Inp] ||  -> Time(Tm)*.
11[0:Inp] ||  -> Object(Oa)*.
12[0:Inp] ||  -> Time(Tx)*.
13[0:Inp] ||  -> Object(Agent)*.
14[0:Inp] ||  -> ObjectSet(Su)*.
15[0:Inp] ||  -> P(skc5,skc3)*.
16[0:Inp] ||  -> DR(skc4,skc3)*.
17[0:Inp] || DR(skc5,skc4)* -> .
18[0:Inp] || SmallObject(U) -> Object(U)*.
19[0:Inp] || IntConn(U) -> Region(U)*.
20[0:Inp] || AllStable(U) -> Time(U)*.
21[0:Inp] || EmptyHanded(U) -> Time(U)*.
22[0:Inp] || RigidObject(U) -> Object(U)*.
23[0:Inp] || Region(U) -> Region(ConvexHull(U))*.
24[0:Inp] || Object(U) -> ObjectSet(Singleton(U))*.
25[0:Inp] || Region(U) -> Action(TravelTo(U))*.
26[0:Inp] || Object(U) -> History(HPlace(U))*.
27[0:Inp] || SkP0(U,V)* -> Time(V).
28[0:Inp] || SkP0(U,V)* -> Time(U).
29[0:Inp] || Feasible(U,V)* -> Time(U).
30[0:Inp] || Feasible(U,V)* -> Action(V).
31[0:Inp] || Element(U,V)* -> Object(U).
32[0:Inp] || Element(U,V)* -> ObjectSet(V).
33[0:Inp] || FeasiblePlace(U,V)* -> Object(U).
34[0:Inp] || FeasiblePlace(U,V)* -> Region(V).
35[0:Inp] || SkP2(U,V)* -> ObjectSet(V).
36[0:Inp] || SkP2(U,V)* -> Region(U).
37[0:Inp] || OMuchSmaller(U,V)* -> Object(U).
38[0:Inp] || OMuchSmaller(U,V)* -> Region(V).
39[0:Inp] || SafelyMovable(U,V)* -> Time(U).
40[0:Inp] || SafelyMovable(U,V)* -> Object(V).
41[0:Inp] || FullyOutside(U,V)* -> Region(U).
42[0:Inp] || FullyOutside(U,V)* -> Region(V).
43[0:Inp] || Reachable(U,V)* -> Time(U).
44[0:Inp] || Reachable(U,V)* -> Region(V).
45[0:Inp] || SkP4(U,V)* -> Region(V).
46[0:Inp] || SkP4(U,V)* -> Region(U).
47[0:Inp] || SkP5(U,V)* -> Region(V).
48[0:Inp] || SkP5(U,V)* -> Region(U).
49[0:Inp] || SkP6(U,V)* -> Region(V).
50[0:Inp] || SkP6(U,V)* -> Region(U).
51[0:Inp] || MuchSmaller(U,V)* -> Region(U).
52[0:Inp] || MuchSmaller(U,V)* -> Region(V).
53[0:Inp] || Stable(U,V)* -> Time(U).
54[0:Inp] || Stable(U,V)* -> Object(V).
55[0:Inp] || NoPartialContents(U,V)* -> Time(U).
56[0:Inp] || NoPartialContents(U,V)* -> Object(V).
57[0:Inp] || CanGrasp(U,V)* -> Time(U).
58[0:Inp] || CanGrasp(U,V)* -> Object(V).
59[0:Inp] || Grasp(U,V)* -> Time(U).
60[0:Inp] || Grasp(U,V)* -> Object(V).
61[0:Inp] || Graspable(U,V)* -> Time(U).
62[0:Inp] || Graspable(U,V)* -> Object(V).
63[0:Inp] || Lt(U,V) -> SkP0(V,U)*.
64[0:Inp] || Leq(U,V) -> SkP0(V,U)*.
65[0:Inp] || Leq3(U,V,W)* -> Time(U).
66[0:Inp] || Leq3(U,V,W)* -> Time(V).
67[0:Inp] || Leq3(U,V,W)* -> Time(W).
68[0:Inp] || Occurs(U,V,W)* -> Time(U).
69[0:Inp] || Occurs(U,V,W)* -> Time(V).
70[0:Inp] || Occurs(U,V,W)* -> Action(W).
71[0:Inp] || OSPlace(U,V,W)* -> Time(U).
72[0:Inp] || OSPlace(U,V,W)* -> ObjectSet(V).
73[0:Inp] || OSPlace(U,V,W)* -> Region(W).
74[0:Inp] || UprightContainer(U,V,W)* -> Time(U).
75[0:Inp] || UprightContainer(U,V,W)* -> Object(V).
76[0:Inp] || UprightContainer(U,V,W)* -> Region(W).
77[0:Inp] || SkP1(U,V,W)* -> Time(W).
78[0:Inp] || SkP1(U,V,W)* -> Object(V).
79[0:Inp] || SkP1(U,V,W)* -> Object(U).
80[0:Inp] || Fits(U,V) -> SkP2(V,U)*.
81[0:Inp] || SmallSet(U,V) -> SkP2(V,U)*.
82[0:Inp] || Isolates(U,V,W)* -> Time(U).
83[0:Inp] || Isolates(U,V,W)* -> ObjectSet(V).
84[0:Inp] || Isolates(U,V,W)* -> ObjectSet(W).
85[0:Inp] || BoxedIn(U,V,W)* -> Time(U).
86[0:Inp] || BoxedIn(U,V,W)* -> Object(V).
87[0:Inp] || BoxedIn(U,V,W)* -> Object(W).
88[0:Inp] || SkP3(U,V,W)* -> Time(W).
89[0:Inp] || SkP3(U,V,W)* -> Time(V).
90[0:Inp] || SkP3(U,V,W)* -> Object(U).
91[0:Inp] || DR(U,V) -> SkP4(V,U)*.
92[0:Inp] || EC(U,V) -> SkP4(V,U)*.
93[0:Inp] || C(U,V) -> SkP4(V,U)*.
94[0:Inp] || P(U,V) -> SkP4(V,U)*.
95[0:Inp] || O(U,V) -> SkP4(V,U)*.
96[0:Inp] || OV(U,V) -> SkP4(V,U)*.
97[0:Inp] || OpenContained(U,V) -> SkP5(V,U)*.
98[0:Inp] || FullyOutside(U,V) -> SkP5(V,U)*.
99[0:Inp] || OpenContainerShape(U,V) -> SkP5(V,U)*.
100[0:Inp] || UprightContainerShape(U,V) -> SkP5(V,U)*.
101[0:Inp] || Cavity(U,V) -> SkP6(V,U)*.
102[0:Inp] || PartiallyContained(U,V) -> SkP6(V,U)*.
103[0:Inp] || CombinedContainer(U,V,W)* -> Region(U).
104[0:Inp] || CombinedContainer(U,V,W)* -> Region(V).
105[0:Inp] || CombinedContainer(U,V,W)* -> Region(W).
106[0:Inp] || Moves(U,V,W)* -> Time(U).
107[0:Inp] || Moves(U,V,W)* -> Time(V).
108[0:Inp] || Moves(U,V,W)* -> Object(W).
109[0:Inp] || SkP7(U,V,W)* -> Time(W).
110[0:Inp] || SkP7(U,V,W)* -> Time(V).
111[0:Inp] || SkP7(U,V,W)* -> Object(U).
112[0:Inp] || SkP8(U,V,W)* -> Time(W).
113[0:Inp] || SkP8(U,V,W)* -> Time(V).
114[0:Inp] || SkP8(U,V,W)* -> ObjectSet(U).
115[0:Inp] || Grasps(U,V,W)* -> Time(U).
116[0:Inp] || Grasps(U,V,W)* -> Time(V).
117[0:Inp] || Grasps(U,V,W)* -> Object(W).
118[0:Inp] || Constant(U,V,W)* -> Time(U).
119[0:Inp] || Constant(U,V,W)* -> Time(V).
120[0:Inp] || Constant(U,V,W)* -> History(W).
121[0:Inp] || SkP9(U,V,W)* -> Time(W).
122[0:Inp] || SkP9(U,V,W)* -> Time(V).
123[0:Inp] || SkP9(U,V,W)* -> History(U).
124[0:Inp] || BoxWithLid(U,V,W)* -> Time(U).
125[0:Inp] || BoxWithLid(U,V,W)* -> Object(V).
126[0:Inp] || BoxWithLid(U,V,W)* -> Object(W).
127[0:Inp] || SafeManipulate(U,V,W,X)* -> Time(U).
128[0:Inp] || SafeManipulate(U,V,W,X)* -> Time(V).
129[0:Inp] || SafeManipulate(U,V,W,X)* -> Object(W).
130[0:Inp] || SafeManipulate(U,V,W,X)* -> Region(X).
131[0:Inp] || SkP10(U,V,W,X)* -> Time(X).
132[0:Inp] || SkP10(U,V,W,X)* -> Time(W).
133[0:Inp] || SkP10(U,V,W,X)* -> History(V).
134[0:Inp] || SkP10(U,V,W,X)* -> History(U).
135[0:Inp] || DynamicUContainer(U,V,W,X)* -> Time(U).
136[0:Inp] || DynamicUContainer(U,V,W,X)* -> Time(V).
137[0:Inp] || DynamicUContainer(U,V,W,X)* -> Object(W).
138[0:Inp] || DynamicUContainer(U,V,W,X)* -> History(X).
139[0:Inp] || BoxWithLidC(U,V,W,X)* -> Time(U).
140[0:Inp] || BoxWithLidC(U,V,W,X)* -> Object(V).
141[0:Inp] || BoxWithLidC(U,V,W,X)* -> Object(W).
142[0:Inp] || BoxWithLidC(U,V,W,X)* -> Region(X).
143[0:Inp] || Leq3(U,V,W)* -> Leq(U,V).
144[0:Inp] || Leq3(U,V,W)* -> Leq(V,W).
145[0:Inp] || CContained(U,V,W) -> SkP1(W,V,U)*.
146[0:Inp] || UContained(U,V,W) -> SkP1(W,V,U)*.
147[0:Inp] || BLContained(U,V,W) -> SkP1(W,V,U)*.
148[0:Inp] || PreserveCContents(U,V,W) -> SkP3(W,V,U)*.
149[0:Inp] || PreserveUContents(U,V,W) -> SkP3(W,V,U)*.
150[0:Inp] || PreserveBoxWithLid(U,V,W) -> SkP3(W,V,U)*.
151[0:Inp] || StableThroughout(U,V,W) -> SkP7(W,V,U)*.
152[0:Inp] || Released(U,V,W) -> SkP7(W,V,U)*.
153[0:Inp] || Motionless(U,V,W) -> SkP7(W,V,U)*.
154[0:Inp] || CausallyIsolated(U,V,W) -> SkP8(W,V,U)*.
155[0:Inp] || StaticCausallyIsolated(U,V,W) -> SkP8(W,V,U)*.
156[0:Inp] || AlwaysIntConn(U,V,W) -> SkP9(W,V,U)*.
157[0:Inp] || Continuous(U,V,W) -> SkP9(W,V,U)*.
158[0:Inp] || O(U,V) -> P(skf1(V,U),U)*.
159[0:Inp] || O(U,V)* -> P(skf1(V,W),V)*.
160[0:Inp] || Action(U) Action(V) -> Action(Sequence(U,V))*.
161[0:Inp] || Region(U) Region(V) -> Region(RUnion(U,V))*.
162[0:Inp] || Object(U) Object(V) -> ObjectSet(Pair(U,V))*.
163[0:Inp] || ObjectSet(U) ObjectSet(V) -> ObjectSet(Union(U,V))*.
164[0:Inp] || Time(U) Object(V) -> Region(Place(U,V))*.
165[0:Inp] || Time(U) Region(V) -> ObjectSet(Contents(U,V))*.
166[0:Inp] || Time(U) ObjectSet(V) -> ObjectSet(CContents(U,V))*.
167[0:Inp] || Time(U) ObjectSet(V) -> ObjectSet(UContents(U,V))*.
168[0:Inp] || Object(U) Region(V) -> Action(ManipTo(U,V))*.
169[0:Inp] || Time(U) History(V) -> Region(Slice(U,V))*.
170[0:Inp] || History(U) History(V) -> History(HUnion(U,V))*.
171[0:Inp] || Time(U) Object(V) -> ObjectSet(MovingGroup(U,V))*.
172[0:Inp] || Object(U) Object(V) -> Action(PutInUC(U,V))*.
173[0:Inp] || Object(U) Object(V) -> Action(LoadUprightContainer(U,V))*.
174[0:Inp] || PersistentCavity(U,V,W,X) -> SkP10(X,W,V,U)*.
175[0:Inp] || NoExitCavity(U,V,W,X) -> SkP10(X,W,V,U)*.
176[0:Inp] || NoEntranceCavity(U,V,W,X) -> SkP10(X,W,V,U)*.
177[0:Inp] || Lt(U,V)* Lt(V,W)* -> Lt(U,W)*.
178[0:Inp] || P(U,V)* P(U,W)* -> O(V,W)*.
179[0:Inp] || P(U,V)* P(V,W)* -> P(U,W)*.
180[0:Inp] || Leq(U,V) Leq(W,U) -> Leq3(W,U,V)*.
181[0:Inp] || Region(U) Region(V) -> O(U,V) DR(U,V)*.
182[0:Inp] || Lt(U,V) Time(U) Time(V) -> Leq(U,V)*.
183[0:Inp] || equal(U,V) Time(U) Time(V) -> Leq(U,V)*.
184[0:Inp] || DR(U,V)* O(U,V) Region(U) Region(V) -> .
185[0:Inp] || Leq(U,V)* Time(U) Time(V) -> Lt(U,V) equal(U,V).
 This is a first-order Non-Horn problem containing equality.
 This is a problem that contains sort information.
 All equations are many sorted.
 The conjecture is ground.
 Axiom clauses: 182 Conjecture clauses: 3
 Inferences: IEmS=1 ISoR=1 IEqR=1 IEqF=1 ISpR=1 ISpL=1 IORe=1 IOFc=1 
 Reductions: RFRew=1 RBRew=1 RFMRR=1 RBMRR=1 RObv=1 RUnC=1 RTaut=1 RSST=1 RSSi=1 RFSub=1 RBSub=1 RAED=1 RCon=1 
 Extras    : Input Saturation, Dynamic Selection, Full Splitting, Full Reduction,  Ratio: 5, FuncWeight: 1, VarWeight: 1
 Precedence: skf1 > skf0 > LoadUprightContainer > PutInUC > MovingGroup > HUnion > Slice > ManipTo > UContents > CContents > Union > Pair > RUnion > Place > Contents > Sequence > HPlace > TravelTo > Singleton > ConvexHull > ObjectSet > Action > SkP4 > DR > O > P > Region > SkP0 > Leq3 > Leq > Lt > Time > History > Object > UprightContainer > SkP5 > FullyOutside > SkP2 > SmallSet > AllStable > EmptyHanded > Graspable > Reachable > SafelyMovable > SmallObject > BoxedIn > NoPartialContents > Occurs > CanGrasp > UprightContainerShape > SkP1 > UContained > Element > SkP7 > Motionless > Released > Grasp > Moves > Feasible > SafeManipulate > SkP6 > PartiallyContained > OSPlace > SkP3 > PreserveCContents > PreserveUContents > PreserveBoxWithLid > Stable > StableThroughout > Fits > MuchSmaller > OMuchSmaller > OpenContainerShape > OpenContained > CContained > BLContained > DynamicUContainer > Cavity > Constant > Grasps > FeasiblePlace > OV > BoxWithLidC > BoxWithLid > CombinedContainer > EC > SkP10 > PersistentCavity > NoExitCavity > NoEntranceCavity > SkP9 > Continuous > AlwaysIntConn > IntConn > Isolates > ClosedContainer > SkP8 > CausallyIsolated > StaticCausallyIsolated > RigidObject > C > skc7 > skc6 > skc5 > skc4 > skc3 > skc2 > skc1 > skc0 > Su > Tx > Oa > Tm > Hc > Hu > Tb5 > Os5 > Rc5 > Ol5 > Ob5 > Ta5 > Rc1 > Ra4 > Tm2 > Tb > Ra1 > Tm1 > Agent > Ox4 > Rc4 > Ob4 > Ta4 > StandStill
 Ordering  : KBO
Processed Problem:

Worked Off Clauses:

Usable Clauses:
1[0:Inp] ||  -> Action(StandStill)*.
9[0:Inp] ||  -> History(Hc)*.
8[0:Inp] ||  -> History(Hu)*.
14[0:Inp] ||  -> ObjectSet(Su)*.
6[0:Inp] ||  -> Region(Rc5)*.
13[0:Inp] ||  -> Object(Agent)*.
11[0:Inp] ||  -> Object(Oa)*.
7[0:Inp] ||  -> Object(Os5)*.
5[0:Inp] ||  -> Object(Ol5)*.
4[0:Inp] ||  -> Object(Ob5)*.
12[0:Inp] ||  -> Time(Tx)*.
10[0:Inp] ||  -> Time(Tm)*.
3[0:Inp] ||  -> Time(Tb5)*.
2[0:Inp] ||  -> Time(Ta5)*.
16[0:Inp] ||  -> DR(skc4,skc3)*.
15[0:Inp] ||  -> P(skc5,skc3)*.
187[0:Res:16.0,91.0] ||  -> SkP4(skc3,skc4)*.
190[0:Res:15.0,94.0] ||  -> SkP4(skc3,skc5)*.
194[0:Res:15.0,192.0] ||  -> O(skc3,skc3)*.
17[0:Inp] || DR(skc5,skc4)* -> .
19[0:Inp] IntConn(U) ||  -> Region(U)*.
22[0:Inp] RigidObject(U) ||  -> Object(U)*.
18[0:Inp] SmallObject(U) ||  -> Object(U)*.
21[0:Inp] EmptyHanded(U) ||  -> Time(U)*.
20[0:Inp] AllStable(U) ||  -> Time(U)*.
25[0:Inp] Region(U) ||  -> Action(TravelTo(U))*.
26[0:Inp] Object(U) ||  -> History(HPlace(U))*.
24[0:Inp] Object(U) ||  -> ObjectSet(Singleton(U))*.
23[0:Inp] Region(U) ||  -> Region(ConvexHull(U))*.
30[0:Inp] || Feasible(U,V)* -> Action(V).
32[0:Inp] || Element(U,V)* -> ObjectSet(V).
35[0:Inp] || SkP2(U,V)* -> ObjectSet(V).
52[0:Inp] || MuchSmaller(U,V)* -> Region(V).
51[0:Inp] || MuchSmaller(U,V)* -> Region(U).
44[0:Inp] || Reachable(U,V)* -> Region(V).
38[0:Inp] || OMuchSmaller(U,V)* -> Region(V).
34[0:Inp] || FeasiblePlace(U,V)* -> Region(V).
42[0:Inp] || FullyOutside(U,V)* -> Region(V).
41[0:Inp] || FullyOutside(U,V)* -> Region(U).
50[0:Inp] || SkP6(U,V)* -> Region(U).
49[0:Inp] || SkP6(U,V)* -> Region(V).
36[0:Inp] || SkP2(U,V)* -> Region(U).
48[0:Inp] || SkP5(U,V)* -> Region(U).
47[0:Inp] || SkP5(U,V)* -> Region(V).
46[0:Inp] || SkP4(U,V)* -> Region(U).
45[0:Inp] || SkP4(U,V)* -> Region(V).
62[0:Inp] || Graspable(U,V)* -> Object(V).
60[0:Inp] || Grasp(U,V)* -> Object(V).
58[0:Inp] || CanGrasp(U,V)* -> Object(V).
56[0:Inp] || NoPartialContents(U,V)* -> Object(V).
54[0:Inp] || Stable(U,V)* -> Object(V).
40[0:Inp] || SafelyMovable(U,V)* -> Object(V).
37[0:Inp] || OMuchSmaller(U,V)* -> Object(U).
33[0:Inp] || FeasiblePlace(U,V)* -> Object(U).
31[0:Inp] || Element(U,V)* -> Object(U).
61[0:Inp] || Graspable(U,V)* -> Time(U).
59[0:Inp] || Grasp(U,V)* -> Time(U).
57[0:Inp] || CanGrasp(U,V)* -> Time(U).
55[0:Inp] || NoPartialContents(U,V)* -> Time(U).
53[0:Inp] || Stable(U,V)* -> Time(U).
43[0:Inp] || Reachable(U,V)* -> Time(U).
39[0:Inp] || SafelyMovable(U,V)* -> Time(U).
29[0:Inp] || Feasible(U,V)* -> Time(U).
28[0:Inp] || SkP0(U,V)* -> Time(U).
27[0:Inp] || SkP0(U,V)* -> Time(V).
102[0:Inp] || PartiallyContained(U,V) -> SkP6(V,U)*.
101[0:Inp] || Cavity(U,V) -> SkP6(V,U)*.
81[0:Inp] || SmallSet(U,V) -> SkP2(V,U)*.
80[0:Inp] || Fits(U,V) -> SkP2(V,U)*.
63[0:Inp] || Lt(U,V) -> SkP0(V,U)*.
64[0:Inp] || Leq(U,V) -> SkP0(V,U)*.
100[0:Inp] || UprightContainerShape(U,V) -> SkP5(V,U)*.
99[0:Inp] || OpenContainerShape(U,V) -> SkP5(V,U)*.
97[0:Inp] || OpenContained(U,V) -> SkP5(V,U)*.
98[0:Inp] || FullyOutside(U,V) -> SkP5(V,U)*.
96[0:Inp] || OV(U,V) -> SkP4(V,U)*.
93[0:Inp] || C(U,V) -> SkP4(V,U)*.
92[0:Inp] || EC(U,V) -> SkP4(V,U)*.
91[0:Inp] || DR(U,V) -> SkP4(V,U)*.
95[0:Inp] || O(U,V) -> SkP4(V,U)*.
94[0:Inp] || P(U,V) -> SkP4(V,U)*.
70[0:Inp] || Occurs(U,V,W)* -> Action(W).
120[0:Inp] || Constant(U,V,W)* -> History(W).
123[0:Inp] || SkP9(U,V,W)* -> History(U).
84[0:Inp] || Isolates(U,V,W)* -> ObjectSet(W).
83[0:Inp] || Isolates(U,V,W)* -> ObjectSet(V).
72[0:Inp] || OSPlace(U,V,W)* -> ObjectSet(V).
114[0:Inp] || SkP8(U,V,W)* -> ObjectSet(U).
105[0:Inp] || CombinedContainer(U,V,W)* -> Region(W).
104[0:Inp] || CombinedContainer(U,V,W)* -> Region(V).
103[0:Inp] || CombinedContainer(U,V,W)* -> Region(U).
76[0:Inp] || UprightContainer(U,V,W)* -> Region(W).
73[0:Inp] || OSPlace(U,V,W)* -> Region(W).
126[0:Inp] || BoxWithLid(U,V,W)* -> Object(W).
125[0:Inp] || BoxWithLid(U,V,W)* -> Object(V).
117[0:Inp] || Grasps(U,V,W)* -> Object(W).
108[0:Inp] || Moves(U,V,W)* -> Object(W).
87[0:Inp] || BoxedIn(U,V,W)* -> Object(W).
86[0:Inp] || BoxedIn(U,V,W)* -> Object(V).
75[0:Inp] || UprightContainer(U,V,W)* -> Object(V).
111[0:Inp] || SkP7(U,V,W)* -> Object(U).
90[0:Inp] || SkP3(U,V,W)* -> Object(U).
79[0:Inp] || SkP1(U,V,W)* -> Object(U).
78[0:Inp] || SkP1(U,V,W)* -> Object(V).
124[0:Inp] || BoxWithLid(U,V,W)* -> Time(U).
119[0:Inp] || Constant(U,V,W)* -> Time(V).
118[0:Inp] || Constant(U,V,W)* -> Time(U).
116[0:Inp] || Grasps(U,V,W)* -> Time(V).
115[0:Inp] || Grasps(U,V,W)* -> Time(U).
107[0:Inp] || Moves(U,V,W)* -> Time(V).
106[0:Inp] || Moves(U,V,W)* -> Time(U).
85[0:Inp] || BoxedIn(U,V,W)* -> Time(U).
82[0:Inp] || Isolates(U,V,W)* -> Time(U).
74[0:Inp] || UprightContainer(U,V,W)* -> Time(U).
71[0:Inp] || OSPlace(U,V,W)* -> Time(U).
69[0:Inp] || Occurs(U,V,W)* -> Time(V).
68[0:Inp] || Occurs(U,V,W)* -> Time(U).
122[0:Inp] || SkP9(U,V,W)* -> Time(V).
121[0:Inp] || SkP9(U,V,W)* -> Time(W).
113[0:Inp] || SkP8(U,V,W)* -> Time(V).
112[0:Inp] || SkP8(U,V,W)* -> Time(W).
110[0:Inp] || SkP7(U,V,W)* -> Time(V).
109[0:Inp] || SkP7(U,V,W)* -> Time(W).
89[0:Inp] || SkP3(U,V,W)* -> Time(V).
88[0:Inp] || SkP3(U,V,W)* -> Time(W).
77[0:Inp] || SkP1(U,V,W)* -> Time(W).
67[0:Inp] || Leq3(U,V,W)* -> Time(W).
66[0:Inp] || Leq3(U,V,W)* -> Time(V).
65[0:Inp] || Leq3(U,V,W)* -> Time(U).
188[0:Res:15.0,178.0] || P(skc5,U) -> O(skc3,U)*.
189[0:Res:15.0,179.0] || P(skc3,U) -> P(skc5,U)*.
192[0:Res:15.0,178.1] || P(skc5,U) -> O(U,skc3)*.
191[0:Res:15.0,179.1] || P(U,skc5)* -> P(U,skc3).
144[0:Inp] || Leq3(U,V,W)* -> Leq(V,W).
143[0:Inp] || Leq3(U,V,W)* -> Leq(U,V).
138[0:Inp] || DynamicUContainer(U,V,W,X)* -> History(X).
134[0:Inp] || SkP10(U,V,W,X)* -> History(U).
133[0:Inp] || SkP10(U,V,W,X)* -> History(V).
142[0:Inp] || BoxWithLidC(U,V,W,X)* -> Region(X).
130[0:Inp] || SafeManipulate(U,V,W,X)* -> Region(X).
141[0:Inp] || BoxWithLidC(U,V,W,X)* -> Object(W).
140[0:Inp] || BoxWithLidC(U,V,W,X)* -> Object(V).
137[0:Inp] || DynamicUContainer(U,V,W,X)* -> Object(W).
129[0:Inp] || SafeManipulate(U,V,W,X)* -> Object(W).
139[0:Inp] || BoxWithLidC(U,V,W,X)* -> Time(U).
136[0:Inp] || DynamicUContainer(U,V,W,X)* -> Time(V).
135[0:Inp] || DynamicUContainer(U,V,W,X)* -> Time(U).
128[0:Inp] || SafeManipulate(U,V,W,X)* -> Time(V).
127[0:Inp] || SafeManipulate(U,V,W,X)* -> Time(U).
132[0:Inp] || SkP10(U,V,W,X)* -> Time(W).
131[0:Inp] || SkP10(U,V,W,X)* -> Time(X).
158[0:Inp] || O(U,V) -> P(skf1(V,U),U)*.
157[0:Inp] || Continuous(U,V,W) -> SkP9(W,V,U)*.
156[0:Inp] || AlwaysIntConn(U,V,W) -> SkP9(W,V,U)*.
155[0:Inp] || StaticCausallyIsolated(U,V,W) -> SkP8(W,V,U)*.
154[0:Inp] || CausallyIsolated(U,V,W) -> SkP8(W,V,U)*.
153[0:Inp] || Motionless(U,V,W) -> SkP7(W,V,U)*.
152[0:Inp] || Released(U,V,W) -> SkP7(W,V,U)*.
151[0:Inp] || StableThroughout(U,V,W) -> SkP7(W,V,U)*.
150[0:Inp] || PreserveBoxWithLid(U,V,W) -> SkP3(W,V,U)*.
149[0:Inp] || PreserveUContents(U,V,W) -> SkP3(W,V,U)*.
148[0:Inp] || PreserveCContents(U,V,W) -> SkP3(W,V,U)*.
147[0:Inp] || BLContained(U,V,W) -> SkP1(W,V,U)*.
146[0:Inp] || UContained(U,V,W) -> SkP1(W,V,U)*.
145[0:Inp] || CContained(U,V,W) -> SkP1(W,V,U)*.
159[0:Inp] || O(U,V)* -> P(skf1(V,W),V)*.
193[0:Res:181.3,17.0] Region(skc4) Region(skc5) ||  -> O(skc5,skc4)*.
160[0:Inp] Action(U) Action(V) ||  -> Action(Sequence(V,U))*.
168[0:Inp] Region(U) Object(V) ||  -> Action(ManipTo(V,U))*.
173[0:Inp] Object(U) Object(V) ||  -> Action(LoadUprightContainer(V,U))*.
172[0:Inp] Object(U) Object(V) ||  -> Action(PutInUC(V,U))*.
170[0:Inp] History(U) History(V) ||  -> History(HUnion(V,U))*.
163[0:Inp] ObjectSet(U) ObjectSet(V) ||  -> ObjectSet(Union(V,U))*.
162[0:Inp] Object(U) Object(V) ||  -> ObjectSet(Pair(V,U))*.
167[0:Inp] ObjectSet(U) Time(V) ||  -> ObjectSet(UContents(V,U))*.
166[0:Inp] ObjectSet(U) Time(V) ||  -> ObjectSet(CContents(V,U))*.
165[0:Inp] Region(U) Time(V) ||  -> ObjectSet(Contents(V,U))*.
171[0:Inp] Object(U) Time(V) ||  -> ObjectSet(MovingGroup(V,U))*.
161[0:Inp] Region(U) Region(V) ||  -> Region(RUnion(V,U))*.
169[0:Inp] History(U) Time(V) ||  -> Region(Slice(V,U))*.
164[0:Inp] Object(U) Time(V) ||  -> Region(Place(V,U))*.
186[0:Res:16.0,184.2] Region(skc3) Region(skc4) || O(skc4,skc3)* -> .
177[0:Inp] || Lt(U,V)* Lt(W,U)* -> Lt(W,V)*.
178[0:Inp] || P(U,V)* P(U,W)* -> O(W,V)*.
179[0:Inp] || P(U,V)* P(W,U)* -> P(W,V)*.
176[0:Inp] || NoEntranceCavity(U,V,W,X) -> SkP10(X,W,V,U)*.
175[0:Inp] || NoExitCavity(U,V,W,X) -> SkP10(X,W,V,U)*.
174[0:Inp] || PersistentCavity(U,V,W,X) -> SkP10(X,W,V,U)*.
181[0:Inp] Region(U) Region(V) ||  -> DR(V,U)* O(V,U).
180[0:Inp] || Leq(U,V) Leq(V,W) -> Leq3(U,V,W)*.
182[0:Inp] Time(U) Time(V) || Lt(V,U) -> Leq(V,U)*.
183[0:Inp] Time(U) Time(V) || equal(V,U) -> Leq(V,U)*.
184[0:Inp] Region(U) Region(V) || O(V,U) DR(V,U)* -> .
185[0:Inp] Time(U) Time(V) || Leq(V,U)* -> equal(V,U) Lt(V,U).
	Given clause: 1[0:Inp] ||  -> Action(StandStill)*.
	Given clause: 9[0:Inp] ||  -> History(Hc)*.
	Given clause: 8[0:Inp] ||  -> History(Hu)*.
	Given clause: 14[0:Inp] ||  -> ObjectSet(Su)*.
	Given clause: 6[0:Inp] ||  -> Region(Rc5)*.
	Given clause: 13[0:Inp] ||  -> Object(Agent)*.
	Given clause: 11[0:Inp] ||  -> Object(Oa)*.
	Given clause: 7[0:Inp] ||  -> Object(Os5)*.
	Given clause: 5[0:Inp] ||  -> Object(Ol5)*.
	Given clause: 4[0:Inp] ||  -> Object(Ob5)*.
	Given clause: 12[0:Inp] ||  -> Time(Tx)*.
	Given clause: 10[0:Inp] ||  -> Time(Tm)*.
	Given clause: 3[0:Inp] ||  -> Time(Tb5)*.
	Given clause: 2[0:Inp] ||  -> Time(Ta5)*.
	Given clause: 16[0:Inp] ||  -> DR(skc4,skc3)*.
	Given clause: 15[0:Inp] ||  -> P(skc5,skc3)*.
	Given clause: 187[0:Res:16.0,91.0] ||  -> SkP4(skc3,skc4)*.
	Given clause: 190[0:Res:15.0,94.0] ||  -> SkP4(skc3,skc5)*.
	Given clause: 194[0:Res:15.0,192.0] ||  -> O(skc3,skc3)*.
	Given clause: 17[0:Inp] || DR(skc5,skc4)* -> .
	Given clause: 19[0:Inp] IntConn(U) ||  -> Region(U)*.
	Given clause: 22[0:Inp] RigidObject(U) ||  -> Object(U)*.
	Given clause: 18[0:Inp] SmallObject(U) ||  -> Object(U)*.
	Given clause: 21[0:Inp] EmptyHanded(U) ||  -> Time(U)*.
	Given clause: 20[0:Inp] AllStable(U) ||  -> Time(U)*.
	Given clause: 25[0:Inp] Region(U) ||  -> Action(TravelTo(U))*.
	Given clause: 26[0:Inp] Object(U) ||  -> History(HPlace(U))*.
	Given clause: 24[0:Inp] Object(U) ||  -> ObjectSet(Singleton(U))*.
	Given clause: 23[0:Inp] Region(U) ||  -> Region(ConvexHull(U))*.
	Given clause: 30[0:Inp] || Feasible(U,V)* -> Action(V).
	Given clause: 32[0:Inp] || Element(U,V)* -> ObjectSet(V).
	Given clause: 35[0:Inp] || SkP2(U,V)* -> ObjectSet(V).
	Given clause: 52[0:Inp] || MuchSmaller(U,V)* -> Region(V).
	Given clause: 51[0:Inp] || MuchSmaller(U,V)* -> Region(U).
	Given clause: 44[0:Inp] || Reachable(U,V)* -> Region(V).
	Given clause: 38[0:Inp] || OMuchSmaller(U,V)* -> Region(V).
	Given clause: 34[0:Inp] || FeasiblePlace(U,V)* -> Region(V).
	Given clause: 42[0:Inp] || FullyOutside(U,V)* -> Region(V).
	Given clause: 41[0:Inp] || FullyOutside(U,V)* -> Region(U).
	Given clause: 50[0:Inp] || SkP6(U,V)* -> Region(U).
	Given clause: 49[0:Inp] || SkP6(U,V)* -> Region(V).
	Given clause: 36[0:Inp] || SkP2(U,V)* -> Region(U).
	Given clause: 48[0:Inp] || SkP5(U,V)* -> Region(U).
	Given clause: 47[0:Inp] || SkP5(U,V)* -> Region(V).
	Given clause: 46[0:Inp] || SkP4(U,V)* -> Region(U).
	Given clause: 333[0:Res:187.0,46.0] ||  -> Region(skc3)*.
	Given clause: 45[0:Inp] || SkP4(U,V)* -> Region(V).
	Given clause: 336[0:Res:187.0,45.0] ||  -> Region(skc4)*.
	Given clause: 337[0:Res:190.0,45.0] ||  -> Region(skc5)*.
	Given clause: 62[0:Inp] || Graspable(U,V)* -> Object(V).
	Given clause: 340[0:MRR:338.0,337.0] ||  -> O(skc5,skc4)*.
	Given clause: 339[0:MRR:335.0,336.0] || O(skc4,skc3)* -> .
	Given clause: 60[0:Inp] || Grasp(U,V)* -> Object(V).
	Given clause: 58[0:Inp] || CanGrasp(U,V)* -> Object(V).
	Given clause: 56[0:Inp] || NoPartialContents(U,V)* -> Object(V).
	Given clause: 54[0:Inp] || Stable(U,V)* -> Object(V).
	Given clause: 40[0:Inp] || SafelyMovable(U,V)* -> Object(V).
	Given clause: 37[0:Inp] || OMuchSmaller(U,V)* -> Object(U).
	Given clause: 33[0:Inp] || FeasiblePlace(U,V)* -> Object(U).
	Given clause: 31[0:Inp] || Element(U,V)* -> Object(U).
	Given clause: 61[0:Inp] || Graspable(U,V)* -> Time(U).
	Given clause: 59[0:Inp] || Grasp(U,V)* -> Time(U).
	Given clause: 57[0:Inp] || CanGrasp(U,V)* -> Time(U).
	Given clause: 55[0:Inp] || NoPartialContents(U,V)* -> Time(U).
	Given clause: 53[0:Inp] || Stable(U,V)* -> Time(U).
	Given clause: 43[0:Inp] || Reachable(U,V)* -> Time(U).
	Given clause: 39[0:Inp] || SafelyMovable(U,V)* -> Time(U).
	Given clause: 29[0:Inp] || Feasible(U,V)* -> Time(U).
	Given clause: 28[0:Inp] || SkP0(U,V)* -> Time(U).
	Given clause: 27[0:Inp] || SkP0(U,V)* -> Time(V).
	Given clause: 188[0:Res:15.0,178.0] || P(skc5,U) -> O(skc3,U)*.
	Given clause: 189[0:Res:15.0,179.0] || P(skc3,U) -> P(skc5,U)*.
	Given clause: 192[0:Res:15.0,178.1] || P(skc5,U) -> O(U,skc3)*.
	Given clause: 341[0:Res:192.1,339.0] || P(skc5,skc4)* -> .
	Given clause: 102[0:Inp] || PartiallyContained(U,V) -> SkP6(V,U)*.
	Given clause: 342[0:Res:189.1,341.0] || P(skc3,skc4)* -> .
	Given clause: 343[0:Res:102.1,49.0] || PartiallyContained(U,V)* -> Region(U).
	Given clause: 344[0:Res:102.1,50.0] || PartiallyContained(U,V)* -> Region(V).
	Given clause: 191[0:Res:15.0,179.1] || P(U,skc5)* -> P(U,skc3).
	Given clause: 101[0:Inp] || Cavity(U,V) -> SkP6(V,U)*.
	Given clause: 346[0:Res:101.1,49.0] || Cavity(U,V)* -> Region(U).
	Given clause: 347[0:Res:101.1,50.0] || Cavity(U,V)* -> Region(V).
	Given clause: 81[0:Inp] || SmallSet(U,V) -> SkP2(V,U)*.
	Given clause: 348[0:Res:81.1,36.0] || SmallSet(U,V)* -> Region(V).
	Given clause: 80[0:Inp] || Fits(U,V) -> SkP2(V,U)*.
	Given clause: 349[0:Res:81.1,35.0] || SmallSet(U,V)* -> ObjectSet(U).
	Given clause: 350[0:Res:80.1,36.0] || Fits(U,V)* -> Region(V).
	Given clause: 351[0:Res:80.1,35.0] || Fits(U,V)* -> ObjectSet(U).
	Given clause: 63[0:Inp] || Lt(U,V) -> SkP0(V,U)*.
	Given clause: 64[0:Inp] || Leq(U,V) -> SkP0(V,U)*.
	Given clause: 352[0:Res:63.1,27.0] || Lt(U,V)* -> Time(U).
	Given clause: 353[0:Res:63.1,28.0] || Lt(U,V)* -> Time(V).
	Given clause: 356[0:Res:64.1,27.0] || Leq(U,V)* -> Time(U).
	Given clause: 357[0:Res:64.1,28.0] || Leq(U,V)* -> Time(V).
	Given clause: 100[0:Inp] || UprightContainerShape(U,V) -> SkP5(V,U)*.
	Given clause: 360[0:Res:100.1,47.0] || UprightContainerShape(U,V)* -> Region(U).
	Given clause: 361[0:Res:100.1,48.0] || UprightContainerShape(U,V)* -> Region(V).
	Given clause: 99[0:Inp] || OpenContainerShape(U,V) -> SkP5(V,U)*.
	Given clause: 362[0:Res:99.1,47.0] || OpenContainerShape(U,V)* -> Region(U).
	Given clause: 97[0:Inp] || OpenContained(U,V) -> SkP5(V,U)*.
	Given clause: 363[0:Res:99.1,48.0] || OpenContainerShape(U,V)* -> Region(V).
	Given clause: 364[0:Res:97.1,47.0] || OpenContained(U,V)* -> Region(U).
	Given clause: 365[0:Res:97.1,48.0] || OpenContained(U,V)* -> Region(V).
	Given clause: 98[0:Inp] || FullyOutside(U,V) -> SkP5(V,U)*.
	Given clause: 96[0:Inp] || OV(U,V) -> SkP4(V,U)*.
	Given clause: 368[0:Res:96.1,45.0] || OV(U,V)* -> Region(U).
	Given clause: 369[0:Res:96.1,46.0] || OV(U,V)* -> Region(V).
	Given clause: 93[0:Inp] || C(U,V) -> SkP4(V,U)*.
	Given clause: 370[0:Res:93.1,45.0] || C(U,V)* -> Region(U).
	Given clause: 92[0:Inp] || EC(U,V) -> SkP4(V,U)*.
	Given clause: 371[0:Res:93.1,46.0] || C(U,V)* -> Region(V).
	Given clause: 372[0:Res:92.1,45.0] || EC(U,V)* -> Region(U).
	Given clause: 373[0:Res:92.1,46.0] || EC(U,V)* -> Region(V).
	Given clause: 91[0:Inp] || DR(U,V) -> SkP4(V,U)*.
	Given clause: 95[0:Inp] || O(U,V) -> SkP4(V,U)*.
	Given clause: 374[0:Res:91.1,45.0] || DR(U,V)* -> Region(U).
	Given clause: 375[0:Res:91.1,46.0] || DR(U,V)* -> Region(V).
	Given clause: 378[0:Res:95.1,45.0] || O(U,V)* -> Region(U).
	Given clause: 383[0:Res:192.1,378.0] || P(skc5,U)* -> Region(U).
	Given clause: 94[0:Inp] || P(U,V) -> SkP4(V,U)*.
	Given clause: 379[0:Res:95.1,46.0] || O(U,V)* -> Region(V).
	Given clause: 388[0:Res:94.1,45.0] || P(U,V)* -> Region(U).
	Given clause: 389[0:Res:94.1,46.0] || P(U,V)* -> Region(V).
	Given clause: 70[0:Inp] || Occurs(U,V,W)* -> Action(W).
	Given clause: 120[0:Inp] || Constant(U,V,W)* -> History(W).
	Given clause: 123[0:Inp] || SkP9(U,V,W)* -> History(U).
	Given clause: 84[0:Inp] || Isolates(U,V,W)* -> ObjectSet(W).
	Given clause: 83[0:Inp] || Isolates(U,V,W)* -> ObjectSet(V).
	Given clause: 72[0:Inp] || OSPlace(U,V,W)* -> ObjectSet(V).
	Given clause: 114[0:Inp] || SkP8(U,V,W)* -> ObjectSet(U).
	Given clause: 105[0:Inp] || CombinedContainer(U,V,W)* -> Region(W).
	Given clause: 104[0:Inp] || CombinedContainer(U,V,W)* -> Region(V).
	Given clause: 103[0:Inp] || CombinedContainer(U,V,W)* -> Region(U).
	Given clause: 76[0:Inp] || UprightContainer(U,V,W)* -> Region(W).
	Given clause: 73[0:Inp] || OSPlace(U,V,W)* -> Region(W).
	Given clause: 126[0:Inp] || BoxWithLid(U,V,W)* -> Object(W).
	Given clause: 125[0:Inp] || BoxWithLid(U,V,W)* -> Object(V).
	Given clause: 117[0:Inp] || Grasps(U,V,W)* -> Object(W).
	Given clause: 108[0:Inp] || Moves(U,V,W)* -> Object(W).
	Given clause: 87[0:Inp] || BoxedIn(U,V,W)* -> Object(W).
	Given clause: 86[0:Inp] || BoxedIn(U,V,W)* -> Object(V).
	Given clause: 75[0:Inp] || UprightContainer(U,V,W)* -> Object(V).
	Given clause: 111[0:Inp] || SkP7(U,V,W)* -> Object(U).
	Given clause: 90[0:Inp] || SkP3(U,V,W)* -> Object(U).
	Given clause: 79[0:Inp] || SkP1(U,V,W)* -> Object(U).
	Given clause: 78[0:Inp] || SkP1(U,V,W)* -> Object(V).
	Given clause: 124[0:Inp] || BoxWithLid(U,V,W)* -> Time(U).
	Given clause: 119[0:Inp] || Constant(U,V,W)* -> Time(V).
	Given clause: 118[0:Inp] || Constant(U,V,W)* -> Time(U).
	Given clause: 116[0:Inp] || Grasps(U,V,W)* -> Time(V).
	Given clause: 115[0:Inp] || Grasps(U,V,W)* -> Time(U).
	Given clause: 107[0:Inp] || Moves(U,V,W)* -> Time(V).
	Given clause: 106[0:Inp] || Moves(U,V,W)* -> Time(U).
	Given clause: 85[0:Inp] || BoxedIn(U,V,W)* -> Time(U).
	Given clause: 82[0:Inp] || Isolates(U,V,W)* -> Time(U).
	Given clause: 74[0:Inp] || UprightContainer(U,V,W)* -> Time(U).
	Given clause: 71[0:Inp] || OSPlace(U,V,W)* -> Time(U).
	Given clause: 69[0:Inp] || Occurs(U,V,W)* -> Time(V).
	Given clause: 68[0:Inp] || Occurs(U,V,W)* -> Time(U).
	Given clause: 122[0:Inp] || SkP9(U,V,W)* -> Time(V).
	Given clause: 121[0:Inp] || SkP9(U,V,W)* -> Time(W).
	Given clause: 113[0:Inp] || SkP8(U,V,W)* -> Time(V).
	Given clause: 112[0:Inp] || SkP8(U,V,W)* -> Time(W).
	Given clause: 110[0:Inp] || SkP7(U,V,W)* -> Time(V).
	Given clause: 109[0:Inp] || SkP7(U,V,W)* -> Time(W).
	Given clause: 89[0:Inp] || SkP3(U,V,W)* -> Time(V).
	Given clause: 88[0:Inp] || SkP3(U,V,W)* -> Time(W).
	Given clause: 77[0:Inp] || SkP1(U,V,W)* -> Time(W).
	Given clause: 67[0:Inp] || Leq3(U,V,W)* -> Time(W).
	Given clause: 66[0:Inp] || Leq3(U,V,W)* -> Time(V).
	Given clause: 65[0:Inp] || Leq3(U,V,W)* -> Time(U).
	Given clause: 355[0:MRR:354.0,353.1] || Lt(U,V) -> Leq(U,V)*.
	Given clause: 377[0:MRR:376.0,375.1] || O(U,V) DR(U,V)* -> .
	Given clause: 144[0:Inp] || Leq3(U,V,W)* -> Leq(V,W).
	Given clause: 143[0:Inp] || Leq3(U,V,W)* -> Leq(U,V).
	Given clause: 138[0:Inp] || DynamicUContainer(U,V,W,X)* -> History(X).
	Given clause: 134[0:Inp] || SkP10(U,V,W,X)* -> History(U).
	Given clause: 133[0:Inp] || SkP10(U,V,W,X)* -> History(V).
	Given clause: 142[0:Inp] || BoxWithLidC(U,V,W,X)* -> Region(X).
	Given clause: 130[0:Inp] || SafeManipulate(U,V,W,X)* -> Region(X).
	Given clause: 141[0:Inp] || BoxWithLidC(U,V,W,X)* -> Object(W).
	Given clause: 140[0:Inp] || BoxWithLidC(U,V,W,X)* -> Object(V).
	Given clause: 137[0:Inp] || DynamicUContainer(U,V,W,X)* -> Object(W).
	Given clause: 129[0:Inp] || SafeManipulate(U,V,W,X)* -> Object(W).
	Given clause: 139[0:Inp] || BoxWithLidC(U,V,W,X)* -> Time(U).
	Given clause: 136[0:Inp] || DynamicUContainer(U,V,W,X)* -> Time(V).
	Given clause: 135[0:Inp] || DynamicUContainer(U,V,W,X)* -> Time(U).
	Given clause: 128[0:Inp] || SafeManipulate(U,V,W,X)* -> Time(V).
	Given clause: 127[0:Inp] || SafeManipulate(U,V,W,X)* -> Time(U).
	Given clause: 132[0:Inp] || SkP10(U,V,W,X)* -> Time(W).
	Given clause: 131[0:Inp] || SkP10(U,V,W,X)* -> Time(X).
	Given clause: 158[0:Inp] || O(U,V) -> P(skf1(V,U),U)*.
	Given clause: 403[0:Res:158.1,388.0] || O(U,V) -> Region(skf1(V,U))*.
	Given clause: 401[0:Res:158.1,191.0] || O(skc5,U) -> P(skf1(U,skc5),skc3)*.
	Given clause: 159[0:Inp] || O(U,V)*+ -> P(skf1(V,W),V)*.
	Given clause: 406[0:Res:194.0,159.0] ||  -> P(skf1(skc3,U),skc3)*.
	Given clause: 411[0:Res:406.0,388.0] ||  -> Region(skf1(skc3,U))*.
	Given clause: 408[0:Res:340.0,159.0] ||  -> P(skf1(skc4,U),skc4)*.
	Given clause: 413[0:Res:408.0,388.0] ||  -> Region(skf1(skc4,U))*.
	Given clause: 157[0:Inp] || Continuous(U,V,W) -> SkP9(W,V,U)*.
	Given clause: 414[0:Res:157.1,121.0] || Continuous(U,V,W)* -> Time(U).
	Given clause: 415[0:Res:157.1,122.0] || Continuous(U,V,W)* -> Time(V).
	Given clause: 416[0:Res:157.1,123.0] || Continuous(U,V,W)* -> History(W).
	Given clause: 409[0:Res:188.1,159.0] || P(skc5,U) -> P(skf1(U,V),U)*.
	Given clause: 156[0:Inp] || AlwaysIntConn(U,V,W) -> SkP9(W,V,U)*.
	Given clause: 420[0:Res:156.1,121.0] || AlwaysIntConn(U,V,W)* -> Time(U).
	Given clause: 421[0:Res:156.1,122.0] || AlwaysIntConn(U,V,W)* -> Time(V).
	Given clause: 422[0:Res:156.1,123.0] || AlwaysIntConn(U,V,W)* -> History(W).
	Given clause: 419[0:Res:409.1,388.0] || P(skc5,U) -> Region(skf1(U,V))*.
	Given clause: 155[0:Inp] || StaticCausallyIsolated(U,V,W) -> SkP8(W,V,U)*.
	Given clause: 423[0:Res:155.1,112.0] || StaticCausallyIsolated(U,V,W)* -> Time(U).
	Given clause: 424[0:Res:155.1,113.0] || StaticCausallyIsolated(U,V,W)* -> Time(V).
	Given clause: 425[0:Res:155.1,114.0] || StaticCausallyIsolated(U,V,W)* -> ObjectSet(W).
	Given clause: 417[0:Res:409.1,191.0] || P(skc5,skc5) -> P(skf1(skc5,U),skc3)*.
	Given clause: 154[0:Inp] || CausallyIsolated(U,V,W) -> SkP8(W,V,U)*.
	Given clause: 428[0:Res:154.1,112.0] || CausallyIsolated(U,V,W)* -> Time(U).
	Given clause: 429[0:Res:154.1,113.0] || CausallyIsolated(U,V,W)* -> Time(V).
	Given clause: 430[0:Res:154.1,114.0] || CausallyIsolated(U,V,W)* -> ObjectSet(W).
	Given clause: 153[0:Inp] || Motionless(U,V,W) -> SkP7(W,V,U)*.
	Given clause: 152[0:Inp] || Released(U,V,W) -> SkP7(W,V,U)*.
	Given clause: 431[0:Res:153.1,109.0] || Motionless(U,V,W)* -> Time(U).
	Given clause: 432[0:Res:153.1,110.0] || Motionless(U,V,W)* -> Time(V).
	Given clause: 433[0:Res:153.1,111.0] || Motionless(U,V,W)* -> Object(W).
	Given clause: 434[0:Res:152.1,109.0] || Released(U,V,W)* -> Time(U).
	Given clause: 151[0:Inp] || StableThroughout(U,V,W) -> SkP7(W,V,U)*.
	Given clause: 435[0:Res:152.1,110.0] || Released(U,V,W)* -> Time(V).
	Given clause: 436[0:Res:152.1,111.0] || Released(U,V,W)* -> Object(W).
	Given clause: 437[0:Res:151.1,109.0] || StableThroughout(U,V,W)* -> Time(U).
	Given clause: 438[0:Res:151.1,110.0] || StableThroughout(U,V,W)* -> Time(V).
	Given clause: 150[0:Inp] || PreserveBoxWithLid(U,V,W) -> SkP3(W,V,U)*.
	Given clause: 439[0:Res:151.1,111.0] || StableThroughout(U,V,W)* -> Object(W).
	Given clause: 440[0:Res:150.1,88.0] || PreserveBoxWithLid(U,V,W)* -> Time(U).
	Given clause: 441[0:Res:150.1,89.0] || PreserveBoxWithLid(U,V,W)* -> Time(V).
	Given clause: 442[0:Res:150.1,90.0] || PreserveBoxWithLid(U,V,W)* -> Object(W).
	Given clause: 149[0:Inp] || PreserveUContents(U,V,W) -> SkP3(W,V,U)*.
	Given clause: 443[0:Res:149.1,88.0] || PreserveUContents(U,V,W)* -> Time(U).
	Given clause: 444[0:Res:149.1,89.0] || PreserveUContents(U,V,W)* -> Time(V).
	Given clause: 445[0:Res:149.1,90.0] || PreserveUContents(U,V,W)* -> Object(W).
	Given clause: 148[0:Inp] || PreserveCContents(U,V,W) -> SkP3(W,V,U)*.
	Given clause: 147[0:Inp] || BLContained(U,V,W) -> SkP1(W,V,U)*.
	Given clause: 446[0:Res:148.1,88.0] || PreserveCContents(U,V,W)* -> Time(U).
	Given clause: 447[0:Res:148.1,89.0] || PreserveCContents(U,V,W)* -> Time(V).
	Given clause: 448[0:Res:148.1,90.0] || PreserveCContents(U,V,W)* -> Object(W).
	Given clause: 449[0:Res:147.1,77.0] || BLContained(U,V,W)* -> Time(U).
	Given clause: 146[0:Inp] || UContained(U,V,W) -> SkP1(W,V,U)*.
	Given clause: 450[0:Res:147.1,78.0] || BLContained(U,V,W)* -> Object(V).
	Given clause: 451[0:Res:147.1,79.0] || BLContained(U,V,W)* -> Object(W).
	Given clause: 452[0:Res:146.1,77.0] || UContained(U,V,W)* -> Time(U).
	Given clause: 453[0:Res:146.1,78.0] || UContained(U,V,W)* -> Object(V).
	Given clause: 145[0:Inp] || CContained(U,V,W) -> SkP1(W,V,U)*.
	Given clause: 454[0:Res:146.1,79.0] || UContained(U,V,W)* -> Object(W).
	Given clause: 455[0:Res:145.1,77.0] || CContained(U,V,W)* -> Time(U).
	Given clause: 456[0:Res:145.1,78.0] || CContained(U,V,W)* -> Object(V).
	Given clause: 457[0:Res:145.1,79.0] || CContained(U,V,W)* -> Object(W).
	Given clause: 160[0:Inp] Action(U) Action(V) ||  -> Action(Sequence(V,U))*.
	Given clause: 168[0:Inp] Region(U) Object(V) ||  -> Action(ManipTo(V,U))*.
	Given clause: 173[0:Inp] Object(U) Object(V) ||  -> Action(LoadUprightContainer(V,U))*.
	Given clause: 172[0:Inp] Object(U) Object(V) ||  -> Action(PutInUC(V,U))*.
	Given clause: 170[0:Inp] History(U) History(V) ||  -> History(HUnion(V,U))*.
	Given clause: 163[0:Inp] ObjectSet(U) ObjectSet(V) ||  -> ObjectSet(Union(V,U))*.
	Given clause: 162[0:Inp] Object(U) Object(V) ||  -> ObjectSet(Pair(V,U))*.
	Given clause: 167[0:Inp] ObjectSet(U) Time(V) ||  -> ObjectSet(UContents(V,U))*.
	Given clause: 166[0:Inp] ObjectSet(U) Time(V) ||  -> ObjectSet(CContents(V,U))*.
	Given clause: 165[0:Inp] Region(U) Time(V) ||  -> ObjectSet(Contents(V,U))*.
	Given clause: 171[0:Inp] Object(U) Time(V) ||  -> ObjectSet(MovingGroup(V,U))*.
	Given clause: 161[0:Inp] Region(U) Region(V) ||  -> Region(RUnion(V,U))*.
	Given clause: 169[0:Inp] History(U) Time(V) ||  -> Region(Slice(V,U))*.
	Given clause: 164[0:Inp] Object(U) Time(V) ||  -> Region(Place(V,U))*.
	Given clause: 359[0:MRR:358.0,357.1] || Leq(U,V)* -> equal(U,V) Lt(U,V).
	Given clause: 177[0:Inp] || Lt(U,V)*+ Lt(W,U)* -> Lt(W,V)*.
	Given clause: 178[0:Inp] || P(U,V)*+ P(U,W)* -> O(W,V)*.
	Given clause: 463[0:Res:406.0,178.0] || P(skf1(skc3,U),V)* -> O(V,skc3).
	Given clause: 465[0:Res:408.0,178.0] || P(skf1(skc4,U),V)* -> O(V,skc4).
	Given clause: 473[0:Res:408.0,465.0] ||  -> O(skc4,skc4)*.
	Given clause: 179[0:Inp] || P(U,V)*+ P(W,U)* -> P(W,V)*.
	Given clause: 475[0:MRR:472.0,340.0] ||  -> O(skc3,skc4)*.
	Given clause: 483[0:Res:406.0,179.0] || P(U,skf1(skc3,V))* -> P(U,skc3).
	Given clause: 485[0:Res:408.0,179.0] || P(U,skf1(skc4,V))* -> P(U,skc4).
	Given clause: 496[0:MRR:493.1,341.0] || P(skc3,skf1(skc4,U))* -> .
	Given clause: 176[0:Inp] || NoEntranceCavity(U,V,W,X) -> SkP10(X,W,V,U)*.
	Given clause: 497[0:Res:176.1,131.0] || NoEntranceCavity(U,V,W,X)* -> Time(U).
	Given clause: 498[0:Res:176.1,132.0] || NoEntranceCavity(U,V,W,X)* -> Time(V).
	Given clause: 499[0:Res:176.1,133.0] || NoEntranceCavity(U,V,W,X)* -> History(W).
	Given clause: 500[0:Res:176.1,134.0] || NoEntranceCavity(U,V,W,X)* -> History(X).
	Given clause: 175[0:Inp] || NoExitCavity(U,V,W,X) -> SkP10(X,W,V,U)*.
	Given clause: 501[0:Res:175.1,131.0] || NoExitCavity(U,V,W,X)* -> Time(U).
	Given clause: 502[0:Res:175.1,132.0] || NoExitCavity(U,V,W,X)* -> Time(V).
	Given clause: 503[0:Res:175.1,133.0] || NoExitCavity(U,V,W,X)* -> History(W).
	Given clause: 504[0:Res:175.1,134.0] || NoExitCavity(U,V,W,X)* -> History(X).
	Given clause: 174[0:Inp] || PersistentCavity(U,V,W,X) -> SkP10(X,W,V,U)*.
	Given clause: 505[0:Res:174.1,131.0] || PersistentCavity(U,V,W,X)* -> Time(U).
	Given clause: 506[0:Res:174.1,132.0] || PersistentCavity(U,V,W,X)* -> Time(V).
	Given clause: 507[0:Res:174.1,133.0] || PersistentCavity(U,V,W,X)* -> History(W).
	Given clause: 508[0:Res:174.1,134.0] || PersistentCavity(U,V,W,X)* -> History(X).
	Given clause: 181[0:Inp] Region(U) Region(V) ||  -> DR(V,U)* O(V,U).
	Given clause: 460[0:Res:189.1,178.0] || P(skc3,U) P(skc5,V) -> O(V,U)*.
	Given clause: 480[0:Res:189.1,179.0] || P(skc3,U)*+ P(V,skc5)* -> P(V,U)*.
	Given clause: 180[0:Inp] || Leq(U,V) Leq(V,W) -> Leq3(U,V,W)*.
	Given clause: 464[0:Res:417.1,178.0] || P(skc5,skc5) P(skf1(skc5,U),V)* -> O(V,skc3).
	Given clause: 183[0:Inp] Time(U) Time(V) || equal(V,U) -> Leq(V,U)*.
	Given clause: 522[0:Res:158.1,464.1] || O(U,skc5)* P(skc5,skc5) -> O(U,skc3).
	Given clause: 484[0:Res:417.1,179.0] || P(skc5,skc5) P(U,skf1(skc5,V))* -> P(U,skc3).
	Given clause: 492[0:Res:409.1,483.0] || P(skc5,skf1(skc3,U)) -> P(skf1(skf1(skc3,U),V),skc3)*.
	Given clause: 495[0:Res:409.1,485.0] || P(skc5,skf1(skc4,U)) -> P(skf1(skf1(skc4,U),V),skc4)*.
	Given clause: 461[0:Res:158.1,178.0] || O(U,V) P(skf1(V,U),W)* -> O(W,U).
	Given clause: 554[0:Obv:546.0] || O(skc5,U)* -> O(skc3,skc5).
	Given clause: 556[0:Res:340.0,554.0] ||  -> O(skc3,skc5)*.
	Given clause: 558[0:Res:556.0,159.0] ||  -> P(skf1(skc5,U),skc5)*.
	Given clause: 566[0:Res:558.0,388.0] ||  -> Region(skf1(skc5,U))*.
	Given clause: 481[0:Res:158.1,179.0] || O(U,V) P(W,skf1(V,U))* -> P(W,U).
	Given clause: 562[0:Res:558.0,191.0] ||  -> P(skf1(skc5,U),skc3)*.
	Given clause: 547[0:Res:406.0,461.1] || O(U,skc3)*+ -> O(skc3,U)*.
	Given clause: 550[0:Res:408.0,461.1] || O(U,skc4)*+ -> O(skc4,U)*.
SPASS V 3.5 
SPASS beiseite: Proof found.
Problem: se.dfg 
SPASS derived 254 clauses, backtracked 0 clauses, performed 0 splits and kept 350 clauses.
SPASS allocated 55728 KBytes.
SPASS spent	0:00:00.09 on the problem.
		0:00:00.03 for the input.
		0:00:00.02 for the FLOTTER CNF translation.
		0:00:00.00 for inferences.
		0:00:00.00 for the backtracking.
		0:00:00.01 for the reduction.


Here is a proof with depth 5, length 34 :
15[0:Inp] ||  -> P(skc5,skc3)*.
16[0:Inp] ||  -> DR(skc4,skc3)*.
17[0:Inp] || DR(skc5,skc4)* -> .
45[0:Inp] || SkP4(U,V)* -> Region(V).
46[0:Inp] || SkP4(U,V)* -> Region(U).
91[0:Inp] || DR(U,V) -> SkP4(V,U)*.
94[0:Inp] || P(U,V) -> SkP4(V,U)*.
158[0:Inp] || O(U,V) -> P(skf1(V,U),U)*.
159[0:Inp] || O(U,V)*+ -> P(skf1(V,W),V)*.
178[0:Inp] || P(U,V)*+ P(U,W)* -> O(W,V)*.
179[0:Inp] || P(U,V)*+ P(W,U)* -> P(W,V)*.
181[0:Inp] Region(U) Region(V) ||  -> DR(V,U)* O(V,U).
184[0:Inp] Region(U) Region(V) || O(V,U) DR(V,U)* -> .
186[0:Res:16.0,184.2] Region(skc3) Region(skc4) || O(skc4,skc3)* -> .
187[0:Res:16.0,91.0] ||  -> SkP4(skc3,skc4)*.
190[0:Res:15.0,94.0] ||  -> SkP4(skc3,skc5)*.
191[0:Res:15.0,179.1] || P(U,skc5)* -> P(U,skc3).
193[0:Res:181.3,17.0] Region(skc4) Region(skc5) ||  -> O(skc5,skc4)*.
333[0:Res:187.0,46.0] ||  -> Region(skc3)*.
335[0:MRR:186.0,333.0] Region(skc4) || O(skc4,skc3)* -> .
336[0:Res:187.0,45.0] ||  -> Region(skc4)*.
337[0:Res:190.0,45.0] ||  -> Region(skc5)*.
338[0:MRR:193.0,336.0] Region(skc5) ||  -> O(skc5,skc4)*.
339[0:MRR:335.0,336.0] || O(skc4,skc3)* -> .
340[0:MRR:338.0,337.0] ||  -> O(skc5,skc4)*.
401[0:Res:158.1,191.0] || O(skc5,U) -> P(skf1(U,skc5),skc3)*.
408[0:Res:340.0,159.0] ||  -> P(skf1(skc4,U),skc4)*.
461[0:Res:158.1,178.0] || O(U,V) P(skf1(V,U),W)* -> O(W,U).
465[0:Res:408.0,178.0] || P(skf1(skc4,U),V)* -> O(V,skc4).
472[0:Res:401.1,465.0] || O(skc5,skc4)* -> O(skc3,skc4).
475[0:MRR:472.0,340.0] ||  -> O(skc3,skc4)*.
550[0:Res:408.0,461.1] || O(U,skc4)*+ -> O(skc4,U)*.
585[0:Res:475.0,550.0] ||  -> O(skc4,skc3)*.
588[0:MRR:585.0,339.0] ||  -> .
Formulae used in the proof : LemSE axiom38 SBD2 LemSA SBD3

--------------------------SPASS-STOP------------------------------
